Voltageboard settings: [1.1, 1, 0, 0, 1, 1.1, 0, 0]
Digital: {'interrupt_pushpull': 1, 'en_inj': 0, 'reset': 0, 'extrabits': 0}
Biasblock: {'DisHiDR': 0, 'q01': 0, 'qon0': 0, 'qon1': 1, 'qon2': 0, 'qon3': 1}
DAC: {'blres': 0, 'nu1': 0, 'vn1': 20, 'vnfb': 3, 'vnfoll': 10, 'nu5': 0, 'nu6': 0, 'nu7': 0, 'nu8': 0, 'vn2': 0, 'vnfoll2': 4, 'vnbias': 0, 'vpload': 5, 'nu13': 0, 'vncomp': 2, 'vpfoll': 60, 'nu16': 0, 'vprec': 15, 'vnrec': 2}
Receiver: {'col0': 274877906941, 'col1': 68719476734, 'col2': 68719476734, 'col3': 68719476734, 'col4': 68719476734, 'col5': 68719476734, 'col6': 68719476734, 'col7': 68719476734, 'col8': 68719476734, 'col9': 68719476734, 'col10': 68719476734, 'col11': 68719476734, 'col12': 68719476734, 'col13': 68719476734, 'col14': 68719476734, 'col15': 68719476734, 'col16': 68719476734, 'col17': 68719476734, 'col18': 68719476734, 'col19': 68719476734, 'col20': 68719476734, 'col21': 68719476734, 'col22': 68719476734, 'col23': 68719476734, 'col24': 68719476734, 'col25': 68719476734, 'col26': 68719476734, 'col27': 68719476734, 'col28': 68719476734, 'col29': 68719476734, 'col30': 68719476734, 'col31': 68719476734, 'col32': 68719476734, 'col33': 68719476734, 'col34': 68719476734}
Namespace(name='chip401', outdir='../../kit-adl/cleanAstroPix/amanda_python/logInj/injectionScans_10s_chip602_chip604_chip401', yaml='config_none', showhits=False, plotsave=False, saveascsv=True, inject=[0, 0], vinj=400, analog=0, threshold=None, errormax=100, maxruns=None, maxtime=0.17, timeit=False, loglevel='I')
0	b'fcfcfcfcfcfcfcfcfcfc3000ffc0f03000ff003ffcfcfcfcfcfcfcfcfcfcfcfcfcfcfcfcfcfcfcfcfcfcfcfcfcfcfcfcfcfcfcfcfcfcfcfcfcfcfcfcfcfcfcfc'
1	b'fcfcfcfcfcfcfcfcfcfc3000ffc0cf3000ffc0f3fcfcfcfcfcfcfcfcfcfcfcfcfcfcfcfcfcfcfcfcfcfcfcfcfcfcfcfcfcfcfcfcfcfcfcfcfcfcfcfcfcfcfcfc'
2	b'fcfcfcfcfcfcfcfcfcfc30003fc00c30003fc000fcfcfcfcfcfcfcfcfcfcfcfcfcfcfcfcfcfcfcfcfcfcfcfcfcfcfcfcfcfcfcfcfcfcfcfcfcfcfcfcfcfcfcfc'
3	b'fcfcfcfcfcfcfcfcfcfc30003fc00030003fc0fcfcfcfcfcfcfcfcfcfcfcfcfcfcfcfcfcfcfcfcfcfcfcfcfcfcfcfcfcfcfcfcfcfcfcfcfcfcfcfcfcfcfcfcfc'
4	b'fcfcfcfcfcfcfcfcfcfc3000cfc03f3000cfc033fcfcfcfcfcfcfcfcfcfcfcfcfcfcfcfcfcfcfcfcfcfcfcfcfcfcfcfcfcfcfcfcfcfcfcfcfcfcfcfcfcfcfcfc'
5	b'fcfcfcfcfcfcfcfcfcfc3000cfc0cf3000cfc033fcfcfcfcfcfcfcfcfcfcfcfcfcfcfcfcfcfcfcfcfcfcfcfcfcfcfcfcfcfcfcfcfcfcfcfcfcfcfcfcfcfcfcfc'
6	b'fcfcfcfcfcfcfcfcfcfc30000fc0cc30000fc0fffcfcfcfcfcfcfcfcfcfcfcfcfcfcfcfcfcfcfcfcfcfcfcfcfcfcfcfcfcfcfcfcfcfcfcfcfcfcfcfcfcfcfcfc'
7	b'fcfcfcfcfcfcfcfcfcfc30000fc0cf30000fc03ffcfcfcfcfcfcfcfcfcfcfcfcfcfcfcfcfcfcfcfcfcfcfcfcfcfcfcfcfcfcfcfcfcfcfcfcfcfcfcfcfcfcfcfc'
8	b'fcfcfcfcfcfcfcfcfcfc3000cfc0f33000cfc00cfcfcfcfcfcfcfcfcfcfcfcfcfcfcfcfcfcfcfcfcfcfcfcfcfcfcfcfcfcfcfcfcfcfcfcfcfcfcfcfcfcfcfcfc'
9	b'fcfcfcfcfcfcfcfcfcfc3000cfc0c03000cfc0ccfcfcfcfcfcfcfcfcfcfcfcfcfcfcfcfcfcfcfcfcfcfcfcfcfcfcfcfcfcfcfcfcfcfcfcfcfcfcfcfcfcfcfcfc'
10	b'fcfcfcfcfcfcfcfcfcfc3000cfc0c33000cfc0f0fcfcfcfcfcfcfcfcfcfcfcfcfcfcfcfcfcfcfcfcfcfcfcfcfcfcfcfcfcfcfcfcfcfcfcfcfcfcfcfcfcfcfcfc'
11	b'fcfcfcfcfcfcfcfcfcfc30000fc03f30000fc0c3fcfcfcfcfcfcfcfcfcfcfcfcfcfcfcfcfcfcfcfcfcfcfcfcfcfcfcfcfcfcfcfcfcfcfcfcfcfcfcfcfcfcfcfc'
12	b'fcfcfcfcfcfcfcfcfcfc30000fc0c030000fc0ccfcfcfcfcfcfcfcfcfcfcfcfcfcfcfcfcfcfcfcfcfcfcfcfcfcfcfcfcfcfcfcfcfcfcfcfcfcfcfcfcfcfcfcfc'
13	b'fcfcfcfcfcfcfcfcfcfc3000f3c03c3000f3c0c0fcfcfcfcfcfcfcfcfcfcfcfcfcfcfcfcfcfcfcfcfcfcfcfcfcfcfcfcfcfcfcfcfcfcfcfcfcfcfcfcfcfcfcfc'
14	b'fcfcfcfcfcfcfcfcfcfc3000f3c00f3000f3c003fcfcfcfcfcfcfcfcfcfcfcfcfcfcfcfcfcfcfcfcfcfcfcfcfcfcfcfcfcfcfcfcfcfcfcfcfcfcfcfcfcfcfcfc'
15	b'fcfcfcfcfcfcfcfcfcfc300033c0cf300033c0c3fcfcfcfcfcfcfcfcfcfcfcfcfcfcfcfcfcfcfcfcfcfcfcfcfcfcfcfcfcfcfcfcfcfcfcfcfcfcfcfcfcfcfcfc'
16	b'fcfcfcfcfcfcfcfcfcfc300033300030003330fcfcfcfcfcfcfcfcfcfcfcfcfcfcfcfcfcfcfcfcfcfcfcfcfcfcfcfcfcfcfcfcfcfcfcfcfcfcfcfcfcfcfcfcfc'
17	b'fcfcfcfcfcfcfcfcfcfc3000f300cf3000f30003fcfcfcfcfcfcfcfcfcfcfcfcfcfcfcfcfcfcfcfcfcfcfcfcfcfcfcfcfcfcfcfcfcfcfcfcfcfcfcfcfcfcfcfc'
18	b'fcfcfcfcfcfcfcfcfcfc3000f3c0303000f3c0ccfcfcfcfcfcfcfcfcfcfcfcfcfcfcfcfcfcfcfcfcfcfcfcfcfcfcfcfcfcfcfcfcfcfcfcfcfcfcfcfcfcfcfcfc'
19	b'fcfcfcfcfcfcfcfcfcfc3000f3c0033000f3c03ffcfcfcfcfcfcfcfcfcfcfcfcfcfcfcfcfcfcfcfcfcfcfcfcfcfcfcfcfcfcfcfcfcfcfcfcfcfcfcfcfcfcfcfc'
20	b'fcfcfcfcfcfcfcfcfcfc300033c0cc300033c000fcfcfcfcfcfcfcfcfcfcfcfcfcfcfcfcfcfcfcfcfcfcfcfcfcfcfcfcfcfcfcfcfcfcfcfcfcfcfcfcfcfcfcfc'
21	b'fcfcfcfcfcfcfcfcfcfc300033c030300033c0ccfcfcfcfcfcfcfcfcfcfcfcfcfcfcfcfcfcfcfcfcfcfcfcfcfcfcfcfcfcfcfcfcfcfcfcfcfcfcfcfcfcfcfcfc'
22	b'fcfcfcfcfcfcfcfcfcfc3000c3c00c3000c3c0fffcfcfcfcfcfcfcfcfcfcfcfcfcfcfcfcfcfcfcfcfcfcfcfcfcfcfcfcfcfcfcfcfcfcfcfcfcfcfcfcfcfcfcfc'
23	b'fcfcfcfcfcfcfcfcfcfc3000c3c0c33000c3c0ccfcfcfcfcfcfcfcfcfcfcfcfcfcfcfcfcfcfcfcfcfcfcfcfcfcfcfcfcfcfcfcfcfcfcfcfcfcfcfcfcfcfcfcfc'
24	b'fcfcfcfcfcfcfcfcfcfc300003c0ff300003c003fcfcfcfcfcfcfcfcfcfcfcfcfcfcfcfcfcfcfcfcfcfcfcfcfcfcfcfcfcfcfcfcfcfcfcfcfcfcfcfcfcfcfcfc'
25	b'fcfcfcfcfcfcfcfcfcfc300003c0fc300003c030fcfcfcfcfcfcfcfcfcfcfcfcfcfcfcfcfcfcfcfcfcfcfcfcfcfcfcfcfcfcfcfcfcfcfcfcfcfcfcfcfcfcfcfc'
26	b'fcfcfcfcfcfcfcfcfcfc3000c3c00f3000c3c003fcfcfcfcfcfcfcfcfcfcfcfcfcfcfcfcfcfcfcfcfcfcfcfcfcfcfcfcfcfcfcfcfcfcfcfcfcfcfcfcfcfcfcfc'
27	b'fcfcfcfcfcfcfcfcfcfc3000c3c00f3000c3c0f3fcfcfcfcfcfcfcfcfcfcfcfcfcfcfcfcfcfcfcfcfcfcfcfcfcfcfcfcfcfcfcfcfcfcfcfcfcfcfcfcfcfcfcfc'
28	b'fcfcfcfcfcfcfcfcfcfc3000c3c00f300003c003fcfcfcfcfcfcfcfcfcfcfcfcfcfcfcfcfcfcfcfcfcfcfcfcfcfcfcfcfcfcfcfcfcfcfcfcfcfcfcfcfcfcfcfc'
29	b'fcfcfcfcfcfcfcfcfcfc300003c0c3300003c0f3fcfcfcfcfcfcfcfcfcfcfcfcfcfcfcfcfcfcfcfcfcfcfcfcfcfcfcfcfcfcfcfcfcfcfcfcfcfcfcfcfcfcfcfc'
30	b'fcfcfcfcfcfcfcfcfcfc30000330f0300003300cfcfcfcfcfcfcfcfcfcfcfcfcfcfcfcfcfcfcfcfcfcfcfcfcfcfcfcfcfcfcfcfcfcfcfcfcfcfcfcfcfcfcfcfc'
31	b'fcfcfcfcfcfcfcfcfcfc3000f3c03f3000f3c0c3fcfcfcfcfcfcfcfcfcfcfcfcfcfcfcfcfcfcfcfcfcfcfcfcfcfcfcfcfcfcfcfcfcfcfcfcfcfcfcfcfcfcfcfc'
32	b'fcfcfcfcfcfcfcfcfcfc3000f300cc3000f30000fcfcfcfcfcfcfcfcfcfcfcfcfcfcfcfcfcfcfcfcfcfcfcfcfcfcfcfcfcfcfcfcfcfcfcfcfcfcfcfcfcfcfcfc'
33	b'fcfcfcfcfcfcfcfcfcfc30003330f0300033c0cffcfcfcfcfcfcfcfcfcfcfcfcfcfcfcfcfcfcfcfcfcfcfcfcfcfcfcfcfcfcfcfcfcfcfcfcfcfcfcfcfcfcfcfc'
34	b'fcfcfcfcfcfcfcfcfcfc300033c0c0300033c0fcfcfcfcfcfcfcfcfcfcfcfcfcfcfcfcfcfcfcfcfcfcfcfcfcfcfcfcfcfcfcfcfcfcfcfcfcfcfcfcfcfcfcfcfc'
35	b'fcfcfcfcfcfcfcfcfcfc3000f3c0ff3000f3c0f3fcfcfcfcfcfcfcfcfcfcfcfcfcfcfcfcfcfcfcfcfcfcfcfcfcfcfcfcfcfcfcfcfcfcfcfcfcfcfcfcfcfcfcfc'
36	b'fcfcfcfcfcfcfcfcfcfc3000f3c0fc3000f3c000fcfcfcfcfcfcfcfcfcfcfcfcfcfcfcfcfcfcfcfcfcfcfcfcfcfcfcfcfcfcfcfcfcfcfcfcfcfcfcfcfcfcfcfc'
37	b'fcfcfcfcfcfcfcfcfcfc300033c00f300033c0fffcfcfcfcfcfcfcfcfcfcfcfcfcfcfcfcfcfcfcfcfcfcfcfcfcfcfcfcfcfcfcfcfcfcfcfcfcfcfcfcfcfcfcfc'
38	b'fcfcfcfcfcfcfcfcfcfc300033c0cf300033c003fcfcfcfcfcfcfcfcfcfcfcfcfcfcfcfcfcfcfcfcfcfcfcfcfcfcfcfcfcfcfcfcfcfcfcfcfcfcfcfcfcfcfcfc'
39	b'fcfcfcfcfcfcfcfcfcfc300033c0303000c3c0ccfcfcfcfcfcfcfcfcfcfcfcfcfcfcfcfcfcfcfcfcfcfcfcfcfcfcfcfcfcfcfcfcfcfcfcfcfcfcfcfcfcfcfcfc'
40	b'fcfcfcfcfcfcfcfcfcfc3000c330c03000c3c00ffcfcfcfcfcfcfcfcfcfcfcfcfcfcfcfcfcfcfcfcfcfcfcfcfcfcfcfcfcfcfcfcfcfcfcfcfcfcfcfcfcfcfcfc'
41	b'fcfcfcfcfcfcfcfcfcfc3000c3c0333000c3c03cfcfcfcfcfcfcfcfcfcfcfcfcfcfcfcfcfcfcfcfcfcfcfcfcfcfcfcfcfcfcfcfcfcfcfcfcfcfcfcfcfcfcfcfc'
42	b'fcfcfcfcfcfcfcfcfcfc30000300ff30000300f3fcfcfcfcfcfcfcfcfcfcfcfcfcfcfcfcfcfcfcfcfcfcfcfcfcfcfcfcfcfcfcfcfcfcfcfcfcfcfcfcfcfcfcfc'
43	b'fcfcfcfcfcfcfcfcfcfc300003c003300003c0f3fcfcfcfcfcfcfcfcfcfcfcfcfcfcfcfcfcfcfcfcfcfcfcfcfcfcfcfcfcfcfcfcfcfcfcfcfcfcfcfcfcfcfcfc'
44	b'fcfcfcfcfcfcfcfcfcfc3000c3c00c3000c3c030fcfcfcfcfcfcfcfcfcfcfcfcfcfcfcfcfcfcfcfcfcfcfcfcfcfcfcfcfcfcfcfcfcfcfcfcfcfcfcfcfcfcfcfc'
45	b'fcfcfcfcfcfcfcfcfcfc3000c3c0cf3000c3c003fcfcfcfcfcfcfcfcfcfcfcfcfcfcfcfcfcfcfcfcfcfcfcfcfcfcfcfcfcfcfcfcfcfcfcfcfcfcfcfcfcfcfcfc'
46	b'fcfcfcfcfcfcfcfcfcfc300003c003300003c00ffcfcfcfcfcfcfcfcfcfcfcfcfcfcfcfcfcfcfcfcfcfcfcfcfcfcfcfcfcfcfcfcfcfcfcfcfcfcfcfcfcfcfcfc'
47	b'fcfcfcfcfcfcfcfcfcfc30000300cf30000300fcfcfcfcfcfcfcfcfcfcfcfcfcfcfcfcfcfcfcfcfcfcfcfcfcfcfcfcfcfcfcfcfcfcfcfcfcfcfcfcfcfcfcfcfc'
48	b'fcfcfcfcfcfcfcfcfcfc300003c0c03000ff003ffcfcfcfcfcfcfcfcfcfcfcfcfcfcfcfcfcfcfcfcfcfcfcfcfcfcfcfcfcfcfcfcfcfcfcfcfcfcfcfcfcfcfcfc'
49	b'fcfcfcfcfcfcfcfcfcfc3000ff300c3000ff30f0fcfcfcfcfcfcfcfcfcfcfcfcfcfcfcfcfcfcfcfcfcfcfcfcfcfcfcfcfcfcfcfcfcfcfcfcfcfcfcfcfcfcfcfc'
50	b'fcfcfcfcfcfcfcfcfcfc3000ffc00f3000ffc003fcfcfcfcfcfcfcfcfcfcfcfcfcfcfcfcfcfcfcfcfcfcfcfcfcfcfcfcfcfcfcfcfcfcfcfcfcfcfcfcfcfcfcfc'
51	b'fcfcfcfcfcfcfcfcfcfc30003fc0fc30003fc000fcfcfcfcfcfcfcfcfcfcfcfcfcfcfcfcfcfcfcfcfcfcfcfcfcfcfcfcfcfcfcfcfcfcfcfcfcfcfcfcfcfcfcfc'
52	b'fcfcfcfcfcfcfcfcfcfc30003fc03330003fc0cffcfcfcfcfcfcfcfcfcfcfcfcfcfcfcfcfcfcfcfcfcfcfcfcfcfcfcfcfcfcfcfcfcfcfcfcfcfcfcfcfcfcfcfc'
53	b'fcfcfcfcfcfcfcfcfcfc3000ffc0c03000ffc03ffcfcfcfcfcfcfcfcfcfcfcfcfcfcfcfcfcfcfcfcfcfcfcfcfcfcfcfcfcfcfcfcfcfcfcfcfcfcfcfcfcfcfcfc'
54	b'fcfcfcfcfcfcfcfcfcfc3000ffc0fc3000ffc0f0fcfcfcfcfcfcfcfcfcfcfcfcfcfcfcfcfcfcfcfcfcfcfcfcfcfcfcfcfcfcfcfcfcfcfcfcfcfcfcfcfcfcfcfc'
55	b'fcfcfcfcfcfcfcfcfcfc30003f30f030003fc00ffcfcfcfcfcfcfcfcfcfcfcfcfcfcfcfcfcfcfcfcfcfcfcfcfcfcfcfcfcfcfcfcfcfcfcfcfcfcfcfcfcfcfcfc'
56	b'fcfcfcfcfcfcfcfcfcfc30003fc03330003fc03cfcfcfcfcfcfcfcfcfcfcfcfcfcfcfcfcfcfcfcfcfcfcfcfcfcfcfcfcfcfcfcfcfcfcfcfcfcfcfcfcfcfcfcfc'
57	b'fcfcfcfcfcfcfcfcfcfc3000cf00ff3000cf00f3fcfcfcfcfcfcfcfcfcfcfcfcfcfcfcfcfcfcfcfcfcfcfcfcfcfcfcfcfcfcfcfcfcfcfcfcfcfcfcfcfcfcfcfc'
58	b'fcfcfcfcfcfcfcfcfcfc3000cfc0ff3000cfc0c3fcfcfcfcfcfcfcfcfcfcfcfcfcfcfcfcfcfcfcfcfcfcfcfcfcfcfcfcfcfcfcfcfcfcfcfcfcfcfcfcfcfcfcfc'
59	b'fcfcfcfcfcfcfcfcfcfc3000cf30f33000cf303cfcfcfcfcfcfcfcfcfcfcfcfcfcfcfcfcfcfcfcfcfcfcfcfcfcfcfcfcfcfcfcfcfcfcfcfcfcfcfcfcfcfcfcfc'
60	b'fcfcfcfcfcfcfcfcfcfc30000fc03330000fc03ffcfcfcfcfcfcfcfcfcfcfcfcfcfcfcfcfcfcfcfcfcfcfcfcfcfcfcfcfcfcfcfcfcfcfcfcfcfcfcfcfcfcfcfc'
61	b'fcfcfcfcfcfcfcfcfcfc30000f30ff30000f30f3fcfcfcfcfcfcfcfcfcfcfcfcfcfcfcfcfcfcfcfcfcfcfcfcfcfcfcfcfcfcfcfcfcfcfcfcfcfcfcfcfcfcfcfc'
62	b'fcfcfcfcfcfcfcfcfcfc3000cfc0fc3000cfc000fcfcfcfcfcfcfcfcfcfcfcfcfcfcfcfcfcfcfcfcfcfcfcfcfcfcfcfcfcfcfcfcfcfcfcfcfcfcfcfcfcfcfcfc'
63	b'fcfcfcfcfcfcfcfcfcfc3000cfc0cf3000cfc003fcfcfcfcfcfcfcfcfcfcfcfcfcfcfcfcfcfcfcfcfcfcfcfcfcfcfcfcfcfcfcfcfcfcfcfcfcfcfcfcfcfcfcfc'
64	b'fcfcfcfcfcfcfcfcfcfc30000fc0fc30000fc030fcfcfcfcfcfcfcfcfcfcfcfcfcfcfcfcfcfcfcfcfcfcfcfcfcfcfcfcfcfcfcfcfcfcfcfcfcfcfcfcfcfcfcfc'
65	b'fcfcfcfcfcfcfcfcfcfc30000fc00330000fc0fffcfcfcfcfcfcfcfcfcfcfcfcfcfcfcfcfcfcfcfcfcfcfcfcfcfcfcfcfcfcfcfcfcfcfcfcfcfcfcfcfcfcfcfc'
66	b'fcfcfcfcfcfcfcfcfcfc3000ffc0fc3000ffc0f0fcfcfcfcfcfcfcfcfcfcfcfcfcfcfcfcfcfcfcfcfcfcfcfcfcfcfcfcfcfcfcfcfcfcfcfcfcfcfcfcfcfcfcfc'
67	b'fcfcfcfcfcfcfcfcfcfc3000ffc03f3000ffc003fcfcfcfcfcfcfcfcfcfcfcfcfcfcfcfcfcfcfcfcfcfcfcfcfcfcfcfcfcfcfcfcfcfcfcfcfcfcfcfcfcfcfcfc'
68	b'fcfcfcfcfcfcfcfcfcfc3000ff003f30003f00c3fcfcfcfcfcfcfcfcfcfcfcfcfcfcfcfcfcfcfcfcfcfcfcfcfcfcfcfcfcfcfcfcfcfcfcfcfcfcfcfcfcfcfcfc'
69	b'fcfcfcfcfcfcfcfcfcfc30003fc0f330003fc03ffcfcfcfcfcfcfcfcfcfcfcfcfcfcfcfcfcfcfcfcfcfcfcfcfcfcfcfcfcfcfcfcfcfcfcfcfcfcfcfcfcfcfcfc'
70	b'fcfcfcfcfcfcfcfcfcfc30003fc00f30003fc03ffcfcfcfcfcfcfcfcfcfcfcfcfcfcfcfcfcfcfcfcfcfcfcfcfcfcfcfcfcfcfcfcfcfcfcfcfcfcfcfcfcfcfcfc'
71	b'fcfcfcfcfcfcfcfcfcfc3000ff003f3000ff00c3fcfcfcfcfcfcfcfcfcfcfcfcfcfcfcfcfcfcfcfcfcfcfcfcfcfcfcfcfcfcfcfcfcfcfcfcfcfcfcfcfcfcfcfc'
72	b'fcfcfcfcfcfcfcfcfcfc3000ffc0c03000ffc0f0fcfcfcfcfcfcfcfcfcfcfcfcfcfcfcfcfcfcfcfcfcfcfcfcfcfcfcfcfcfcfcfcfcfcfcfcfcfcfcfcfcfcfcfc'
73	b'fcfcfcfcfcfcfcfcfcfc30003f300030003fc0fffcfcfcfcfcfcfcfcfcfcfcfcfcfcfcfcfcfcfcfcfcfcfcfcfcfcfcfcfcfcfcfcfcfcfcfcfcfcfcfcfcfcfcfc'
74	b'fcfcfcfcfcfcfcfcfcfc30003fc00c30003fc0fcfcfcfcfcfcfcfcfcfcfcfcfcfcfcfcfcfcfcfcfcfcfcfcfcfcfcfcfcfcfcfcfcfcfcfcfcfcfcfcfcfcfcfcfc'
75	b'fcfcfcfcfcfcfcfcfcfc3000cfc0c33000cfc00cfcfcfcfcfcfcfcfcfcfcfcfcfcfcfcfcfcfcfcfcfcfcfcfcfcfcfcfcfcfcfcfcfcfcfcfcfcfcfcfcfcfcfcfc'
76	b'fcfcfcfcfcfcfcfcfcfc3000cf300f3000cf30fcfcfcfcfcfcfcfcfcfcfcfcfcfcfcfcfcfcfcfcfcfcfcfcfcfcfcfcfcfcfcfcfcfcfcfcfcfcfcfcfcfcfcfcfc'
77	b'fcfcfcfcfcfcfcfcfcfc30000fc0c330000fc00cfcfcfcfcfcfcfcfcfcfcfcfcfcfcfcfcfcfcfcfcfcfcfcfcfcfcfcfcfcfcfcfcfcfcfcfcfcfcfcfcfcfcfcfc'
78	b'fcfcfcfcfcfcfcfcfcfc30000f30c030000fc00ffcfcfcfcfcfcfcfcfcfcfcfcfcfcfcfcfcfcfcfcfcfcfcfcfcfcfcfcfcfcfcfcfcfcfcfcfcfcfcfcfcfcfcfc'
79	b'fcfcfcfcfcfcfcfcfcfc30000fc0f030000fc0fcfcfcfcfcfcfcfcfcfcfcfcfcfcfcfcfcfcfcfcfcfcfcfcfcfcfcfcfcfcfcfcfcfcfcfcfcfcfcfcfcfcfcfcfc'
80	b'fcfcfcfcfcfcfcfcfcfc3000cfc0c03000cfc0ccfcfcfcfcfcfcfcfcfcfcfcfcfcfcfcfcfcfcfcfcfcfcfcfcfcfcfcfcfcfcfcfcfcfcfcfcfcfcfcfcfcfcfcfc'
81	b'fcfcfcfcfcfcfcfcfcfc3000cfc0f33000cfc03ffcfcfcfcfcfcfcfcfcfcfcfcfcfcfcfcfcfcfcfcfcfcfcfcfcfcfcfcfcfcfcfcfcfcfcfcfcfcfcfcfcfcfcfc'
82	b'fcfcfcfcfcfcfcfcfcfc30000fc00030000f000ffcfcfcfcfcfcfcfcfcfcfcfcfcfcfcfcfcfcfcfcfcfcfcfcfcfcfcfcfcfcfcfcfcfcfcfcfcfcfcfcfcfcfcfc'
83	b'fcfcfcfcfcfcfcfcfcfc30000fc03030000fc0ccfcfcfcfcfcfcfcfcfcfcfcfcfcfcfcfcfcfcfcfcfcfcfcfcfcfcfcfcfcfcfcfcfcfcfcfcfcfcfcfcfcfcfcfc'
84	b'fcfcfcfcfcfcfcfcfcfc3000f3c0f03000f3c00cfcfcfcfcfcfcfcfcfcfcfcfcfcfcfcfcfcfcfcfcfcfcfcfcfcfcfcfcfcfcfcfcfcfcfcfcfcfcfcfcfcfcfcfc'
85	b'fcfcfcfcfcfcfcfcfcfc3000f3c0333000f3c03ffcfcfcfcfcfcfcfcfcfcfcfcfcfcfcfcfcfcfcfcfcfcfcfcfcfcfcfcfcfcfcfcfcfcfcfcfcfcfcfcfcfcfcfc'
86	b'fcfcfcfcfcfcfcfcfcfc300033c0cc300033c000fcfcfcfcfcfcfcfcfcfcfcfcfcfcfcfcfcfcfcfcfcfcfcfcfcfcfcfcfcfcfcfcfcfcfcfcfcfcfcfcfcfcfcfc'
87	b'fcfcfcfcfcfcfcfcfcfc300033c0cf300033c033fcfcfcfcfcfcfcfcfcfcfcfcfcfcfcfcfcfcfcfcfcfcfcfcfcfcfcfcfcfcfcfcfcfcfcfcfcfcfcfcfcfcfcfc'
88	b'fcfcfcfcfcfcfcfcfcfc300033c00f3000f3c003fcfcfcfcfcfcfcfcfcfcfcfcfcfcfcfcfcfcfcfcfcfcfcfcfcfcfcfcfcfcfcfcfcfcfcfcfcfcfcfcfcfcfcfc'
89	b'fcfcfcfcfcfcfcfcfcfc3000f3c0033000f3c00ffcfcfcfcfcfcfcfcfcfcfcfcfcfcfcfcfcfcfcfcfcfcfcfcfcfcfcfcfcfcfcfcfcfcfcfcfcfcfcfcfcfcfcfc'
90	b'fcfcfcfcfcfcfcfcfcfc3000f3c0ff3000f3c033fcfcfcfcfcfcfcfcfcfcfcfcfcfcfcfcfcfcfcfcfcfcfcfcfcfcfcfcfcfcfcfcfcfcfcfcfcfcfcfcfcfcfcfc'
91	b'fcfcfcfcfcfcfcfcfcfc30003300c33000330033fcfcfcfcfcfcfcfcfcfcfcfcfcfcfcfcfcfcfcfcfcfcfcfcfcfcfcfcfcfcfcfcfcfcfcfcfcfcfcfcfcfcfcfc'
92	b'fcfcfcfcfcfcfcfcfcfc300033c0cc300033c0c0fcfcfcfcfcfcfcfcfcfcfcfcfcfcfcfcfcfcfcfcfcfcfcfcfcfcfcfcfcfcfcfcfcfcfcfcfcfcfcfcfcfcfcfc'
93	b'fcfcfcfcfcfcfcfcfcfc3000c3c0003000c3c0fcfcfcfcfcfcfcfcfcfcfcfcfcfcfcfcfcfcfcfcfcfcfcfcfcfcfcfcfcfcfcfcfcfcfcfcfcfcfcfcfcfcfcfcfc'
94	b'fcfcfcfcfcfcfcfcfcfc3000c3c0fc3000c3c000fcfcfcfcfcfcfcfcfcfcfcfcfcfcfcfcfcfcfcfcfcfcfcfcfcfcfcfcfcfcfcfcfcfcfcfcfcfcfcfcfcfcfcfc'
95	b'fcfcfcfcfcfcfcfcfcfc300003c0cc300003c0f0fcfcfcfcfcfcfcfcfcfcfcfcfcfcfcfcfcfcfcfcfcfcfcfcfcfcfcfcfcfcfcfcfcfcfcfcfcfcfcfcfcfcfcfc'
96	b'fcfcfcfcfcfcfcfcfcfc300003c03f300003c0c3fcfcfcfcfcfcfcfcfcfcfcfcfcfcfcfcfcfcfcfcfcfcfcfcfcfcfcfcfcfcfcfcfcfcfcfcfcfcfcfcfcfcfcfc'
97	b'fcfcfcfcfcfcfcfcfcfc3000c3c0f33000c3c00cfcfcfcfcfcfcfcfcfcfcfcfcfcfcfcfcfcfcfcfcfcfcfcfcfcfcfcfcfcfcfcfcfcfcfcfcfcfcfcfcfcfcfcfc'
98	b'fcfcfcfcfcfcfcfcfcfc3000c3c0fc3000c3c000fcfcfcfcfcfcfcfcfcfcfcfcfcfcfcfcfcfcfcfcfcfcfcfcfcfcfcfcfcfcfcfcfcfcfcfcfcfcfcfcfcfcfcfc'
99	b'fcfcfcfcfcfcfcfcfcfc3000c3c03c300003c000fcfcfcfcfcfcfcfcfcfcfcfcfcfcfcfcfcfcfcfcfcfcfcfcfcfcfcfcfcfcfcfcfcfcfcfcfcfcfcfcfcfcfcfc'
100	b'fcfcfcfcfcfcfcfcfcfc30000330ff30000330c3fcfcfcfcfcfcfcfcfcfcfcfcfcfcfcfcfcfcfcfcfcfcfcfcfcfcfcfcfcfcfcfcfcfcfcfcfcfcfcfcfcfcfcfc'
