Voltageboard settings: [1.1, 1, 0, 0, 1, 1.1, 0, 0]
Digital: {'interrupt_pushpull': 1, 'en_inj': 0, 'reset': 0, 'extrabits': 0}
Biasblock: {'DisHiDR': 0, 'q01': 0, 'qon0': 0, 'qon1': 1, 'qon2': 0, 'qon3': 1}
DAC: {'blres': 0, 'nu1': 0, 'vn1': 20, 'vnfb': 3, 'vnfoll': 10, 'nu5': 0, 'nu6': 0, 'nu7': 0, 'nu8': 0, 'vn2': 0, 'vnfoll2': 4, 'vnbias': 0, 'vpload': 5, 'nu13': 0, 'vncomp': 2, 'vpfoll': 60, 'nu16': 0, 'vprec': 15, 'vnrec': 2}
Receiver: {'col0': 274877906941, 'col1': 68719476734, 'col2': 68719476734, 'col3': 68719476734, 'col4': 68719476734, 'col5': 68719476734, 'col6': 68719476734, 'col7': 68719476734, 'col8': 68719476734, 'col9': 68719476734, 'col10': 68719476734, 'col11': 68719476734, 'col12': 68719476734, 'col13': 68719476734, 'col14': 68719476734, 'col15': 68719476734, 'col16': 68719476734, 'col17': 68719476734, 'col18': 68719476734, 'col19': 68719476734, 'col20': 68719476734, 'col21': 68719476734, 'col22': 68719476734, 'col23': 68719476734, 'col24': 68719476734, 'col25': 68719476734, 'col26': 68719476734, 'col27': 68719476734, 'col28': 68719476734, 'col29': 68719476734, 'col30': 68719476734, 'col31': 68719476734, 'col32': 68719476734, 'col33': 68719476734, 'col34': 68719476734}
Namespace(name='chip401', outdir='../../kit-adl/cleanAstroPix/amanda_python/logInj/injectionScans_10s_chip602_chip604_chip401', yaml='config_none', showhits=False, plotsave=False, saveascsv=True, inject=[0, 0], vinj=900, analog=0, threshold=None, errormax=100, maxruns=None, maxtime=0.17, timeit=False, loglevel='I')
0	b'fcfcfcfcfcfcfcfcfcfc30003c303330003c30ccfcfcfcfcfcfcfcfcfcfcfcfcfcfcfcfcfcfcfcfcfcfcfcfcfcfcfcfcfcfcfcfcfcfcfcfcfcfcfcfcfcfcfcfc'
1	b'fcfcfcfcfcfcfcfcfcfc30003c30ff30003c30f3fcfcfcfcfcfcfcfcfcfcfcfcfcfcfcfcfcfcfcfcfcfcfcfcfcfcfcfcfcfcfcfcfcfcfcfcfcfcfcfcfcfcfcfc'
2	b'fcfcfcfcfcfcfcfcfcfc3000fc303c3000fc30c0fcfcfcfcfcfcfcfcfcfcfcfcfcfcfcfcfcfcfcfcfcfcfcfcfcfcfcfcfcfcfcfcfcfcfcfcfcfcfcfcfcfcfcfc'
3	b'fcfcfcfcfcfcfcfcfcfc3000fc30cf3000fc30f3fcfcfcfcfcfcfcfcfcfcfcfcfcfcfcfcfcfcfcfcfcfcfcfcfcfcfcfcfcfcfcfcfcfcfcfcfcfcfcfcfcfcfcfc'
4	b'fcfcfcfcfcfcfcfcfcfc30003c300f30003c30fcfcfcfcfcfcfcfcfcfcfcfcfcfcfcfcfcfcfcfcfcfcfcfcfcfcfcfcfcfcfcfcfcfcfcfcfcfcfcfcfcfcfcfcfc'
5	b'fcfcfcfcfcfcfcfcfcfc30003cf00f30003cf03cfcfcfcfcfcfcfcfcfcfcfcfcfcfcfcfcfcfcfcfcfcfcfcfcfcfcfcfcfcfcfcfcfcfcfcfcfcfcfcfcfcfcfcfc'
6	b'fcfcfcfcfcfcfcfcfcfc3000cc30cc3000cc3000fcfcfcfcfcfcfcfcfcfcfcfcfcfcfcfcfcfcfcfcfcfcfcfcfcfcfcfcfcfcfcfcfcfcfcfcfcfcfcfcfcfcfcfc'
7	b'fcfcfcfcfcfcfcfcfcfc3000ccf03c3000ccf030fcfcfcfcfcfcfcfcfcfcfcfcfcfcfcfcfcfcfcfcfcfcfcfcfcfcfcfcfcfcfcfcfcfcfcfcfcfcfcfcfcfcfcfc'
8	b'fcfcfcfcfcfcfcfcfcfc30000cf03030000c300ffcfcfcfcfcfcfcfcfcfcfcfcfcfcfcfcfcfcfcfcfcfcfcfcfcfcfcfcfcfcfcfcfcfcfcfcfcfcfcfcfcfcfcfc'
9	b'fcfcfcfcfcfcfcfcfcfc30000c303f30000c30c3fcfcfcfcfcfcfcfcfcfcfcfcfcfcfcfcfcfcfcfcfcfcfcfcfcfcfcfcfcfcfcfcfcfcfcfcfcfcfcfcfcfcfcfc'
10	b'fcfcfcfcfcfcfcfcfcfc30000cf0c330000cf0ccfcfcfcfcfcfcfcfcfcfcfcfcfcfcfcfcfcfcfcfcfcfcfcfcfcfcfcfcfcfcfcfcfcfcfcfcfcfcfcfcfcfcfcfc'
11	b'fcfcfcfcfcfcfcfcfcfc3000ccf0303000ccf03cfcfcfcfcfcfcfcfcfcfcfcfcfcfcfcfcfcfcfcfcfcfcfcfcfcfcfcfcfcfcfcfcfcfcfcfcfcfcfcfcfcfcfcfc'
12	b'fcfcfcfcfcfcfcfcfcfc3000cc30cc3000cc30f0fcfcfcfcfcfcfcfcfcfcfcfcfcfcfcfcfcfcfcfcfcfcfcfcfcfcfcfcfcfcfcfcfcfcfcfcfcfcfcfcfcfcfcfc'
13	b'fcfcfcfcfcfcfcfcfcfc30000cf0c030000c30f3fcfcfcfcfcfcfcfcfcfcfcfcfcfcfcfcfcfcfcfcfcfcfcfcfcfcfcfcfcfcfcfcfcfcfcfcfcfcfcfcfcfcfcfc'
14	b'fcfcfcfcfcfcfcfcfcfc30000c30f330000c303ffcfcfcfcfcfcfcfcfcfcfcfcfcfcfcfcfcfcfcfcfcfcfcfcfcfcfcfcfcfcfcfcfcfcfcfcfcfcfcfcfcfcfcfc'
15	b'fcfcfcfcfcfcfcfcfcfc3000f0f0fc3000f0f000fcfcfcfcfcfcfcfcfcfcfcfcfcfcfcfcfcfcfcfcfcfcfcfcfcfcfcfcfcfcfcfcfcfcfcfcfcfcfcfcfcfcfcfc'
16	b'fcfcfcfcfcfcfcfcfcfc3000f030303000f030ccfcfcfcfcfcfcfcfcfcfcfcfcfcfcfcfcfcfcfcfcfcfcfcfcfcfcfcfcfcfcfcfcfcfcfcfcfcfcfcfcfcfcfcfc'
17	b'fcfcfcfcfcfcfcfcfcfc30003030cc30003030c0fcfcfcfcfcfcfcfcfcfcfcfcfcfcfcfcfcfcfcfcfcfcfcfcfcfcfcfcfcfcfcfcfcfcfcfcfcfcfcfcfcfcfcfc'
18	b'fcfcfcfcfcfcfcfcfcfc30003030f3300030300cfcfcfcfcfcfcfcfcfcfcfcfcfcfcfcfcfcfcfcfcfcfcfcfcfcfcfcfcfcfcfcfcfcfcfcfcfcfcfcfcfcfcfcfc'
19	b'fcfcfcfcfcfcfcfcfcfc30003030033000f030fcfcfcfcfcfcfcfcfcfcfcfcfcfcfcfcfcfcfcfcfcfcfcfcfcfcfcfcfcfcfcfcfcfcfcfcfcfcfcfcfcfcfcfcfc'
20	b'fcfcfcfcfcfcfcfcfcfc3000f0f0cc3000f030fffcfcfcfcfcfcfcfcfcfcfcfcfcfcfcfcfcfcfcfcfcfcfcfcfcfcfcfcfcfcfcfcfcfcfcfcfcfcfcfcfcfcfcfc'
21	b'fcfcfcfcfcfcfcfcfcfc3000f0f0003000f0f0f0fcfcfcfcfcfcfcfcfcfcfcfcfcfcfcfcfcfcfcfcfcfcfcfcfcfcfcfcfcfcfcfcfcfcfcfcfcfcfcfcfcfcfcfc'
22	b'fcfcfcfcfcfcfcfcfcfc300030f030300030f03ffcfcfcfcfcfcfcfcfcfcfcfcfcfcfcfcfcfcfcfcfcfcfcfcfcfcfcfcfcfcfcfcfcfcfcfcfcfcfcfcfcfcfcfc'
23	b'fcfcfcfcfcfcfcfcfcfc300030f00c300030f03cfcfcfcfcfcfcfcfcfcfcfcfcfcfcfcfcfcfcfcfcfcfcfcfcfcfcfcfcfcfcfcfcfcfcfcfcfcfcfcfcfcfcfcfc'
24	b'fcfcfcfcfcfcfcfcfcfc3000c0f0cc3000c0f03cfcfcfcfcfcfcfcfcfcfcfcfcfcfcfcfcfcfcfcfcfcfcfcfcfcfcfcfcfcfcfcfcfcfcfcfcfcfcfcfcfcfcfcfc'
25	b'fcfcfcfcfcfcfcfcfcfc3000c0f0ff3000c0f003fcfcfcfcfcfcfcfcfcfcfcfcfcfcfcfcfcfcfcfcfcfcfcfcfcfcfcfcfcfcfcfcfcfcfcfcfcfcfcfcfcfcfcfc'
26	b'fcfcfcfcfcfcfcfcfcfc300000f03c300000f000fcfcfcfcfcfcfcfcfcfcfcfcfcfcfcfcfcfcfcfcfcfcfcfcfcfcfcfcfcfcfcfcfcfcfcfcfcfcfcfcfcfcfcfc'
27	b'fcfcfcfcfcfcfcfcfcfc30000030ff3000003003fcfcfcfcfcfcfcfcfcfcfcfcfcfcfcfcfcfcfcfcfcfcfcfcfcfcfcfcfcfcfcfcfcfcfcfcfcfcfcfcfcfcfcfc'
28	b'fcfcfcfcfcfcfcfcfcfc3000c030fc3000c03000fcfcfcfcfcfcfcfcfcfcfcfcfcfcfcfcfcfcfcfcfcfcfcfcfcfcfcfcfcfcfcfcfcfcfcfcfcfcfcfcfcfcfcfc'
29	b'fcfcfcfcfcfcfcfcfcfc3000c030003000c030fcfcfcfcfcfcfcfcfcfcfcfcfcfcfcfcfcfcfcfcfcfcfcfcfcfcfcfcfcfcfcfcfcfcfcfcfcfcfcfcfcfcfcfcfc'
30	b'fcfcfcfcfcfcfcfcfcfc3000c0303c3000c03000fcfcfcfcfcfcfcfcfcfcfcfcfcfcfcfcfcfcfcfcfcfcfcfcfcfcfcfcfcfcfcfcfcfcfcfcfcfcfcfcfcfcfcfc'
31	b'fcfcfcfcfcfcfcfcfcfc30000030c330000030fffcfcfcfcfcfcfcfcfcfcfcfcfcfcfcfcfcfcfcfcfcfcfcfcfcfcfcfcfcfcfcfcfcfcfcfcfcfcfcfcfcfcfcfc'
32	b'fcfcfcfcfcfcfcfcfcfc300000300f3000003033fcfcfcfcfcfcfcfcfcfcfcfcfcfcfcfcfcfcfcfcfcfcfcfcfcfcfcfcfcfcfcfcfcfcfcfcfcfcfcfcfcfcfcfc'
33	b'fcfcfcfcfcfcfcfcfcfc3000f030303000f0303ffcfcfcfcfcfcfcfcfcfcfcfcfcfcfcfcfcfcfcfcfcfcfcfcfcfcfcfcfcfcfcfcfcfcfcfcfcfcfcfcfcfcfcfc'
34	b'fcfcfcfcfcfcfcfcfcfc3000f030f33000f030cffcfcfcfcfcfcfcfcfcfcfcfcfcfcfcfcfcfcfcfcfcfcfcfcfcfcfcfcfcfcfcfcfcfcfcfcfcfcfcfcfcfcfcfc'
35	b'fcfcfcfcfcfcfcfcfcfc3000303033300030300cfcfcfcfcfcfcfcfcfcfcfcfcfcfcfcfcfcfcfcfcfcfcfcfcfcfcfcfcfcfcfcfcfcfcfcfcfcfcfcfcfcfcfcfc'
36	b'fcfcfcfcfcfcfcfcfcfc30003030f3300030303cfcfcfcfcfcfcfcfcfcfcfcfcfcfcfcfcfcfcfcfcfcfcfcfcfcfcfcfcfcfcfcfcfcfcfcfcfcfcfcfcfcfcfcfc'
37	b'fcfcfcfcfcfcfcfcfcfc3000f0f0033000f0f03ffcfcfcfcfcfcfcfcfcfcfcfcfcfcfcfcfcfcfcfcfcfcfcfcfcfcfcfcfcfcfcfcfcfcfcfcfcfcfcfcfcfcfcfc'
38	b'fcfcfcfcfcfcfcfcfcfc3000f0f0ff3000f0f003fcfcfcfcfcfcfcfcfcfcfcfcfcfcfcfcfcfcfcfcfcfcfcfcfcfcfcfcfcfcfcfcfcfcfcfcfcfcfcfcfcfcfcfc'
39	b'fcfcfcfcfcfcfcfcfcfc3000f0f030300030f0ccfcfcfcfcfcfcfcfcfcfcfcfcfcfcfcfcfcfcfcfcfcfcfcfcfcfcfcfcfcfcfcfcfcfcfcfcfcfcfcfcfcfcfcfc'
40	b'fcfcfcfcfcfcfcfcfcfc300030f0ff300030f0f3fcfcfcfcfcfcfcfcfcfcfcfcfcfcfcfcfcfcfcfcfcfcfcfcfcfcfcfcfcfcfcfcfcfcfcfcfcfcfcfcfcfcfcfc'
41	b'fcfcfcfcfcfcfcfcfcfc300030f0cf300030f033fcfcfcfcfcfcfcfcfcfcfcfcfcfcfcfcfcfcfcfcfcfcfcfcfcfcfcfcfcfcfcfcfcfcfcfcfcfcfcfcfcfcfcfc'
42	b'fcfcfcfcfcfcfcfcfcfc3000c030c33000c030ccfcfcfcfcfcfcfcfcfcfcfcfcfcfcfcfcfcfcfcfcfcfcfcfcfcfcfcfcfcfcfcfcfcfcfcfcfcfcfcfcfcfcfcfc'
43	b'fcfcfcfcfcfcfcfcfcfc3000c0f0f03000c0f0ccfcfcfcfcfcfcfcfcfcfcfcfcfcfcfcfcfcfcfcfcfcfcfcfcfcfcfcfcfcfcfcfcfcfcfcfcfcfcfcfcfcfcfcfc'
44	b'fcfcfcfcfcfcfcfcfcfc300000f0c3300000f00ffcfcfcfcfcfcfcfcfcfcfcfcfcfcfcfcfcfcfcfcfcfcfcfcfcfcfcfcfcfcfcfcfcfcfcfcfcfcfcfcfcfcfcfc'
45	b'fcfcfcfcfcfcfcfcfcfc30000030c330000030fffcfcfcfcfcfcfcfcfcfcfcfcfcfcfcfcfcfcfcfcfcfcfcfcfcfcfcfcfcfcfcfcfcfcfcfcfcfcfcfcfcfcfcfc'
46	b'fcfcfcfcfcfcfcfcfcfc3000c0f0303000c0f0cffcfcfcfcfcfcfcfcfcfcfcfcfcfcfcfcfcfcfcfcfcfcfcfcfcfcfcfcfcfcfcfcfcfcfcfcfcfcfcfcfcfcfcfc'
47	b'fcfcfcfcfcfcfcfcfcfc3000c030033000c03033fcfcfcfcfcfcfcfcfcfcfcfcfcfcfcfcfcfcfcfcfcfcfcfcfcfcfcfcfcfcfcfcfcfcfcfcfcfcfcfcfcfcfcfc'
48	b'fcfcfcfcfcfcfcfcfcfc300000f0c3300000f0cffcfcfcfcfcfcfcfcfcfcfcfcfcfcfcfcfcfcfcfcfcfcfcfcfcfcfcfcfcfcfcfcfcfcfcfcfcfcfcfcfcfcfcfc'
49	b'fcfcfcfcfcfcfcfcfcfc30000030f3300000303ffcfcfcfcfcfcfcfcfcfcfcfcfcfcfcfcfcfcfcfcfcfcfcfcfcfcfcfcfcfcfcfcfcfcfcfcfcfcfcfcfcfcfcfc'
50	b'fcfcfcfcfcfcfcfcfcfc300000f003300000f0f0fcfcfcfcfcfcfcfcfcfcfcfcfcfcfcfcfcfcfcfcfcfcfcfcfcfcfcfcfcfcfcfcfcfcfcfcfcfcfcfcfcfcfcfc'
51	b'fcfcfcfcfcfcfcfcfcfc3000fcf0003000fcf0f3fcfcfcfcfcfcfcfcfcfcfcfcfcfcfcfcfcfcfcfcfcfcfcfcfcfcfcfcfcfcfcfcfcfcfcfcfcfcfcfcfcfcfcfc'
52	b'fcfcfcfcfcfcfcfcfcfc3000fcf0303000fcf00ffcfcfcfcfcfcfcfcfcfcfcfcfcfcfcfcfcfcfcfcfcfcfcfcfcfcfcfcfcfcfcfcfcfcfcfcfcfcfcfcfcfcfcfc'
53	b'fcfcfcfcfcfcfcfcfcfc30003c30c330003c30f0fcfcfcfcfcfcfcfcfcfcfcfcfcfcfcfcfcfcfcfcfcfcfcfcfcfcfcfcfcfcfcfcfcfcfcfcfcfcfcfcfcfcfcfc'
54	b'fcfcfcfcfcfcfcfcfcfc30003c303c30003c30c0fcfcfcfcfcfcfcfcfcfcfcfcfcfcfcfcfcfcfcfcfcfcfcfcfcfcfcfcfcfcfcfcfcfcfcfcfcfcfcfcfcfcfcfc'
55	b'fcfcfcfcfcfcfcfcfcfc3000fc303f3000fc30c3fcfcfcfcfcfcfcfcfcfcfcfcfcfcfcfcfcfcfcfcfcfcfcfcfcfcfcfcfcfcfcfcfcfcfcfcfcfcfcfcfcfcfcfc'
56	b'fcfcfcfcfcfcfcfcfcfc3000fc30ff3000fc30c3fcfcfcfcfcfcfcfcfcfcfcfcfcfcfcfcfcfcfcfcfcfcfcfcfcfcfcfcfcfcfcfcfcfcfcfcfcfcfcfcfcfcfcfc'
57	b'fcfcfcfcfcfcfcfcfcfc30003c303c30003c30c0fcfcfcfcfcfcfcfcfcfcfcfcfcfcfcfcfcfcfcfcfcfcfcfcfcfcfcfcfcfcfcfcfcfcfcfcfcfcfcfcfcfcfcfc'
58	b'fcfcfcfcfcfcfcfcfcfc30003c303030003c30ccfcfcfcfcfcfcfcfcfcfcfcfcfcfcfcfcfcfcfcfcfcfcfcfcfcfcfcfcfcfcfcfcfcfcfcfcfcfcfcfcfcfcfcfc'
59	b'fcfcfcfcfcfcfcfcfcfc30003cf0f03000cc303ffcfcfcfcfcfcfcfcfcfcfcfcfcfcfcfcfcfcfcfcfcfcfcfcfcfcfcfcfcfcfcfcfcfcfcfcfcfcfcfcfcfcfcfc'
60	b'fcfcfcfcfcfcfcfcfcfc3000cc30ff3000cc30f3fcfcfcfcfcfcfcfcfcfcfcfcfcfcfcfcfcfcfcfcfcfcfcfcfcfcfcfcfcfcfcfcfcfcfcfcfcfcfcfcfcfcfcfc'
61	b'fcfcfcfcfcfcfcfcfcfc3000cc30cf3000cc3003fcfcfcfcfcfcfcfcfcfcfcfcfcfcfcfcfcfcfcfcfcfcfcfcfcfcfcfcfcfcfcfcfcfcfcfcfcfcfcfcfcfcfcfc'
62	b'fcfcfcfcfcfcfcfcfcfc30000c300330000c30fcfcfcfcfcfcfcfcfcfcfcfcfcfcfcfcfcfcfcfcfcfcfcfcfcfcfcfcfcfcfcfcfcfcfcfcfcfcfcfcfcfcfcfcfc'
63	b'fcfcfcfcfcfcfcfcfcfc30000c300330000c30cffcfcfcfcfcfcfcfcfcfcfcfcfcfcfcfcfcfcfcfcfcfcfcfcfcfcfcfcfcfcfcfcfcfcfcfcfcfcfcfcfcfcfcfc'
64	b'fcfcfcfcfcfcfcfcfcfc3000ccf0003000cc30fffcfcfcfcfcfcfcfcfcfcfcfcfcfcfcfcfcfcfcfcfcfcfcfcfcfcfcfcfcfcfcfcfcfcfcfcfcfcfcfcfcfcfcfc'
65	b'fcfcfcfcfcfcfcfcfcfc3000ccf0303000ccf0ccfcfcfcfcfcfcfcfcfcfcfcfcfcfcfcfcfcfcfcfcfcfcfcfcfcfcfcfcfcfcfcfcfcfcfcfcfcfcfcfcfcfcfcfc'
66	b'fcfcfcfcfcfcfcfcfcfc30000c300330000c300ffcfcfcfcfcfcfcfcfcfcfcfcfcfcfcfcfcfcfcfcfcfcfcfcfcfcfcfcfcfcfcfcfcfcfcfcfcfcfcfcfcfcfcfc'
67	b'fcfcfcfcfcfcfcfcfcfc30000c303c30000c3030fcfcfcfcfcfcfcfcfcfcfcfcfcfcfcfcfcfcfcfcfcfcfcfcfcfcfcfcfcfcfcfcfcfcfcfcfcfcfcfcfcfcfcfc'
68	b'fcfcfcfcfcfcfcfcfcfc3000fcf0c33000fcf00cfcfcfcfcfcfcfcfcfcfcfcfcfcfcfcfcfcfcfcfcfcfcfcfcfcfcfcfcfcfcfcfcfcfcfcfcfcfcfcfcfcfcfcfc'
69	b'fcfcfcfcfcfcfcfcfcfc3000fcf00c3000fcf000fcfcfcfcfcfcfcfcfcfcfcfcfcfcfcfcfcfcfcfcfcfcfcfcfcfcfcfcfcfcfcfcfcfcfcfcfcfcfcfcfcfcfcfc'
70	b'fcfcfcfcfcfcfcfcfcfc3000fc300c3000fc30f0fcfcfcfcfcfcfcfcfcfcfcfcfcfcfcfcfcfcfcfcfcfcfcfcfcfcfcfcfcfcfcfcfcfcfcfcfcfcfcfcfcfcfcfc'
71	b'fcfcfcfcfcfcfcfcfcfc30003cf0fc30003cf0f0fcfcfcfcfcfcfcfcfcfcfcfcfcfcfcfcfcfcfcfcfcfcfcfcfcfcfcfcfcfcfcfcfcfcfcfcfcfcfcfcfcfcfcfc'
72	b'fcfcfcfcfcfcfcfcfcfc30003c303f30003c30c3fcfcfcfcfcfcfcfcfcfcfcfcfcfcfcfcfcfcfcfcfcfcfcfcfcfcfcfcfcfcfcfcfcfcfcfcfcfcfcfcfcfcfcfc'
73	b'fcfcfcfcfcfcfcfcfcfc3000fcf0fc3000fcf0f0fcfcfcfcfcfcfcfcfcfcfcfcfcfcfcfcfcfcfcfcfcfcfcfcfcfcfcfcfcfcfcfcfcfcfcfcfcfcfcfcfcfcfcfc'
74	b'fcfcfcfcfcfcfcfcfcfc3000fcf0cf3000fcf033fcfcfcfcfcfcfcfcfcfcfcfcfcfcfcfcfcfcfcfcfcfcfcfcfcfcfcfcfcfcfcfcfcfcfcfcfcfcfcfcfcfcfcfc'
75	b'fcfcfcfcfcfcfcfcfcfc30003c30c330003c303cfcfcfcfcfcfcfcfcfcfcfcfcfcfcfcfcfcfcfcfcfcfcfcfcfcfcfcfcfcfcfcfcfcfcfcfcfcfcfcfcfcfcfcfc'
76	b'fcfcfcfcfcfcfcfcfcfc30003cf0cc30003cf000fcfcfcfcfcfcfcfcfcfcfcfcfcfcfcfcfcfcfcfcfcfcfcfcfcfcfcfcfcfcfcfcfcfcfcfcfcfcfcfcfcfcfcfc'
77	b'fcfcfcfcfcfcfcfcfcfc3000ccf0cc3000ccf0f0fcfcfcfcfcfcfcfcfcfcfcfcfcfcfcfcfcfcfcfcfcfcfcfcfcfcfcfcfcfcfcfcfcfcfcfcfcfcfcfcfcfcfcfc'
78	b'fcfcfcfcfcfcfcfcfcfc3000ccf0333000ccf03ffcfcfcfcfcfcfcfcfcfcfcfcfcfcfcfcfcfcfcfcfcfcfcfcfcfcfcfcfcfcfcfcfcfcfcfcfcfcfcfcfcfcfcfc'
79	b'fcfcfcfcfcfcfcfcfcfc3000ccf0cc30000cf0c0fcfcfcfcfcfcfcfcfcfcfcfcfcfcfcfcfcfcfcfcfcfcfcfcfcfcfcfcfcfcfcfcfcfcfcfcfcfcfcfcfcfcfcfc'
80	b'fcfcfcfcfcfcfcfcfcfc30000c300c30000c3000fcfcfcfcfcfcfcfcfcfcfcfcfcfcfcfcfcfcfcfcfcfcfcfcfcfcfcfcfcfcfcfcfcfcfcfcfcfcfcfcfcfcfcfc'
81	b'fcfcfcfcfcfcfcfcfcfc30000c303330000c303ffcfcfcfcfcfcfcfcfcfcfcfcfcfcfcfcfcfcfcfcfcfcfcfcfcfcfcfcfcfcfcfcfcfcfcfcfcfcfcfcfcfcfcfc'
82	b'fcfcfcfcfcfcfcfcfcfc3000cc30f03000cc30cffcfcfcfcfcfcfcfcfcfcfcfcfcfcfcfcfcfcfcfcfcfcfcfcfcfcfcfcfcfcfcfcfcfcfcfcfcfcfcfcfcfcfcfc'
83	b'fcfcfcfcfcfcfcfcfcfc3000ccf0333000ccf03ffcfcfcfcfcfcfcfcfcfcfcfcfcfcfcfcfcfcfcfcfcfcfcfcfcfcfcfcfcfcfcfcfcfcfcfcfcfcfcfcfcfcfcfc'
84	b'fcfcfcfcfcfcfcfcfcfc30000c30f330000c30ccfcfcfcfcfcfcfcfcfcfcfcfcfcfcfcfcfcfcfcfcfcfcfcfcfcfcfcfcfcfcfcfcfcfcfcfcfcfcfcfcfcfcfcfc'
85	b'fcfcfcfcfcfcfcfcfcfc30000c300c30000c3030fcfcfcfcfcfcfcfcfcfcfcfcfcfcfcfcfcfcfcfcfcfcfcfcfcfcfcfcfcfcfcfcfcfcfcfcfcfcfcfcfcfcfcfc'
86	b'fcfcfcfcfcfcfcfcfcfc3000f0f0fc3000f0f0f0fcfcfcfcfcfcfcfcfcfcfcfcfcfcfcfcfcfcfcfcfcfcfcfcfcfcfcfcfcfcfcfcfcfcfcfcfcfcfcfcfcfcfcfc'
87	b'fcfcfcfcfcfcfcfcfcfc3000f0f0fc3000f0f030fcfcfcfcfcfcfcfcfcfcfcfcfcfcfcfcfcfcfcfcfcfcfcfcfcfcfcfcfcfcfcfcfcfcfcfcfcfcfcfcfcfcfcfc'
88	b'fcfcfcfcfcfcfcfcfcfc300030f003300030f00ffcfcfcfcfcfcfcfcfcfcfcfcfcfcfcfcfcfcfcfcfcfcfcfcfcfcfcfcfcfcfcfcfcfcfcfcfcfcfcfcfcfcfcfc'
89	b'fcfcfcfcfcfcfcfcfcfc30003030f330003030cffcfcfcfcfcfcfcfcfcfcfcfcfcfcfcfcfcfcfcfcfcfcfcfcfcfcfcfcfcfcfcfcfcfcfcfcfcfcfcfcfcfcfcfc'
90	b'fcfcfcfcfcfcfcfcfcfc30003030f0300030c00ffcfcfcfcfcfcfcfcfcfcfcfcfcfcfcfcfcfcfcfcfcfcfcfcfcfcfcfcfcfcfcfcfcfcfcfcfcfcfcfcfcfcfcfc'
91	b'fcfcfcfcfcfcfcfcfcfc3000f030003000f03033fcfcfcfcfcfcfcfcfcfcfcfcfcfcfcfcfcfcfcfcfcfcfcfcfcfcfcfcfcfcfcfcfcfcfcfcfcfcfcfcfcfcfcfc'
92	b'fcfcfcfcfcfcfcfcfcfc3000f030c03000f0300cfcfcfcfcfcfcfcfcfcfcfcfcfcfcfcfcfcfcfcfcfcfcfcfcfcfcfcfcfcfcfcfcfcfcfcfcfcfcfcfcfcfcfcfc'
93	b'fcfcfcfcfcfcfcfcfcfc30003030ff3000303003fcfcfcfcfcfcfcfcfcfcfcfcfcfcfcfcfcfcfcfcfcfcfcfcfcfcfcfcfcfcfcfcfcfcfcfcfcfcfcfcfcfcfcfc'
94	b'fcfcfcfcfcfcfcfcfcfc300030f0f3300030f03ffcfcfcfcfcfcfcfcfcfcfcfcfcfcfcfcfcfcfcfcfcfcfcfcfcfcfcfcfcfcfcfcfcfcfcfcfcfcfcfcfcfcfcfc'
95	b'fcfcfcfcfcfcfcfcfcfc3000c030333000c0300ffcfcfcfcfcfcfcfcfcfcfcfcfcfcfcfcfcfcfcfcfcfcfcfcfcfcfcfcfcfcfcfcfcfcfcfcfcfcfcfcfcfcfcfc'
96	b'fcfcfcfcfcfcfcfcfcfc3000c0f00c3000c030fffcfcfcfcfcfcfcfcfcfcfcfcfcfcfcfcfcfcfcfcfcfcfcfcfcfcfcfcfcfcfcfcfcfcfcfcfcfcfcfcfcfcfcfc'
97	b'fcfcfcfcfcfcfcfcfcfc300000f0fc300000f000fcfcfcfcfcfcfcfcfcfcfcfcfcfcfcfcfcfcfcfcfcfcfcfcfcfcfcfcfcfcfcfcfcfcfcfcfcfcfcfcfcfcfcfc'
98	b'fcfcfcfcfcfcfcfcfcfc300000f0f0300000f00cfcfcfcfcfcfcfcfcfcfcfcfcfcfcfcfcfcfcfcfcfcfcfcfcfcfcfcfcfcfcfcfcfcfcfcfcfcfcfcfcfcfcfcfc'
99	b'fcfcfcfcfcfcfcfcfcfc300000f0cf3000c0f0f3fcfcfcfcfcfcfcfcfcfcfcfcfcfcfcfcfcfcfcfcfcfcfcfcfcfcfcfcfcfcfcfcfcfcfcfcfcfcfcfcfcfcfcfc'
100	b'fcfcfcfcfcfcfcfcfcfc3000c030fc3000c03030fcfcfcfcfcfcfcfcfcfcfcfcfcfcfcfcfcfcfcfcfcfcfcfcfcfcfcfcfcfcfcfcfcfcfcfcfcfcfcfcfcfcfcfc'
