Voltageboard settings: [1.1, 1, 0, 0, 1, 1.1, 0, 0]
Digital: {'interrupt_pushpull': 1, 'en_inj': 0, 'reset': 0, 'extrabits': 0}
Biasblock: {'DisHiDR': 0, 'q01': 0, 'qon0': 0, 'qon1': 1, 'qon2': 0, 'qon3': 1}
DAC: {'blres': 0, 'nu1': 0, 'vn1': 20, 'vnfb': 3, 'vnfoll': 10, 'nu5': 0, 'nu6': 0, 'nu7': 0, 'nu8': 0, 'vn2': 0, 'vnfoll2': 4, 'vnbias': 0, 'vpload': 5, 'nu13': 0, 'vncomp': 2, 'vpfoll': 60, 'nu16': 0, 'vprec': 15, 'vnrec': 2}
Receiver: {'col0': 68719476734, 'col1': 68719476734, 'col2': 68719476734, 'col3': 68719476734, 'col4': 68719476734, 'col5': 68719476734, 'col6': 68719476734, 'col7': 68719476734, 'col8': 68719476734, 'col9': 68719476734, 'col10': 68719476735, 'col11': 68719476734, 'col12': 68719476734, 'col13': 68719476734, 'col14': 68719476734, 'col15': 68719476734, 'col16': 68719476734, 'col17': 68719476734, 'col18': 68719476734, 'col19': 68719476734, 'col20': 68719476734, 'col21': 68719476734, 'col22': 68719476734, 'col23': 68719476734, 'col24': 68719476734, 'col25': 68719476734, 'col26': 68719476734, 'col27': 68719476734, 'col28': 68719476734, 'col29': 68719476734, 'col30': 68719476734, 'col31': 68719476734, 'col32': 68719476734, 'col33': 68719476734, 'col34': 137438951422}
Namespace(name='chip602_130V_15sInj_defaultDACs', outdir='../../kit-adl/cleanAstroPix/amanda_python/logInj/dacScan/pixScan/optimized/', yaml='config_none', saveascsv=True, inject=True, vinj=None, threshold=None, maxruns=None, maxtime=0.25)
0	b'bcbcbcbcbcbcbcbcbc00205037a0b82045d7101fbcbcbcbcbcbcbcbcbcbcbcbcbcbcbcbcbcbcbcbcbcbcbcbcbcbcbcbcbcbcbcbcbcbcbcbcbcbcbcbcbcbcbcbc'
1	b'bcbcbcbcbcbcbcbcbcbc20504c502720454cf032bcbcbcbcbcbcbcbcbcbcbcbcbcbcbcbcbcbcbcbcbcbcbcbcbcbcbcbcbcbcbcbcbcbcbcbcbcbcbcbcbcbcbcbc'
2	b'bcbcbcbcbcbcbcbcbcbc20508f900b20458f80f9bcbcbcbcbcbcbcbcbcbcbcbcbcbcbcbcbcbcbcbcbcbcbcbcbcbcbcbcbcbcbcbcbcbcbcbcbcbcbcbcbcbcbcbc'
3	b'bcbcbcbcbcbcbcbcbcbc205008007a2045088058bcbc205050c037204550c00b20507d402e20457d409abcbcbcbcbcbcbcbcbcbcbcbcbcbcbcbcbcbc2050e780'
4	b'bcbcbcbc2050e780bcc0205062805c20457420d02050740022bcbcbcbcbcbcbcbcbcbcbcbcbcbcbcbcbcbcbcbcbcbcbcbc2050edc0382045edc080bcbcbcbcbc'
5	b'edc080bcbcbcbcbcbcbc2050a8a02f2045a85073bcbcbcbcbcbcbcbcbcbcbcbcbcbcbcbcbcbcbcbcbcbcbcbcbcbcbcbcbc2050ea80cf2045ea801b2050c640d8'
6	b'ea801b2050c640d8bcbc408980402050e0c000bcbcbcbcbcbcbcbcbcbcbcbcbcbcbcbcbcbcbcbcbcbcbcbcbcbcbcbcbcbcbcbcbcbcbcbcbcbcbcbcbcbcbcbcbc'
7	b'bcbcbcbcbcbcbcbcbcbc2050b4d00b2045b48006bcbcbcbcbcbcbcbcbcbcbcbcbcbcbcbcbcbcbcbcbcbcbcbcbcbcbcbcbcbcbcbcbcbcbcbcbcbcbcbcbcbcbcbc'
8	b'bcbcbcbcbcbcbcbcbcbc205004b0622050fb80592045fb4023bcbcbcbcbcbcbcbcbcbcbcbcbcbcbcbcbcbcbcbcbcbcbcbcbcbcbcbcbcbcbcbcbcbcbcbcbcbcbc'
9	b'bcbcbcbcbcbcbcbcbcbc205020e0bd204520900ebcbcbcbcbcbcbcbcbcbcbcbcbcbcbcbcbcbc205053404020455380e7bcbcbcbcbcbcbcbcbcbcbcbcbc205098'
10	b'bcbcbcbcbc205098bc40fe2040da00e02045dae0c4bcbcbcbcbcbc20502040dd2045204005bcbcbcbcbcbcbcbcbcbcbcbcbcbcbcbcbcbcbcbcbcbcbcbcbcbcbc'
11	b'bcbcbcbcbcbcbcbcbcbc205014c097204514108420509fa0b920459fa0e6205006806f204506805bbcbcbcbcbcbcbcbcbcbcbcbc205074c0ce204574c01abcbc'
12	b'ce204574c01abcbcbcbc2050e1d0ec204561f019bcbcbcbcbcbcbcbcbcbcbc2050fe404720457e40e3bcbcbcbcbcbcbcbcbcbcbcbcbcbcbcbcbcbcbcbcbcbcbc'
13	b'bcbcbcbcbcbcbcbcbcbc2050cf80772045cf90acbcbc205014405a2045e440fcbcbcbcbcbcbcbcbcbcbcbcbc20501a80e020451a0037bc205066802320456680'
14	b'5066802320456680bc205056401720508d608220450dd092bcbcbcbcbcbcbcbcbcbcbcbc20500540022045054024bcbcbcbcbcbcbcbcbcbcbcbcbcbcbcbcbcbc'
15	b'bcbcbcbcbcbcbcbcbcbc205037501a204537b07ebcbcbcbcbcbcbcbcbcbcbcbc2050e700b72045e7004b205045c061204545c0f2bcbcbcbcbcbcbcbcbcbcbcbc'
16	b'bcbcbcbcbcbcbcbcbcbc20501b002020451ba081bcbcbcbcbcbcbcbcbcbcbcbcbcbcbcbcbcbcbcbcbcbcbcbcbcbcbcbcbcbcbcbcbcbcbcbcbcbc20505e80ee20'
17	b'bcbc20505e80ee20bcbc2050f890842045f800d9bcbcbc20503240fd20453240252050aa003d2045aa0085bcbcbcbcbcbcbcbcbcbcbcbcbcbcbcbcbcbcbcbcbc'
18	b'bcbcbcbcbcbcbcbcbcbc20502d407620452da02fbcbcbcbcbcbcbcbcbcbcbcbcbcbcbcbcbcbcbcbcbcbcbcbcbcbcbcbcbcbcbcbcbcbcbcbcbcbcbcbcbcbcbcbc'
19	b'bcbcbcbcbcbcbcbcbc2050cbf0332045cba079bcbcbcbcbcbcbcbcbcbcbcbcbcbcbcbcbcbcbc20506f802120456f8096bcbcbcbcbcbcbcbcbcbcbcbcbcbcbcbc'
20	b'bcbcbcbcbcbcbcbcbc205099c0802050da80a82045da90e1bcbcbcbcbcbcbcbcbcbcbcbcbcbcbcbcbcbcbcbcbcbcbcbcbcbcbcbcbcbcbcbcbcbcbcbcbcbcbcbc'
21	b'bcbcbcbcbcbcbcbcbcbc2050b5e0ee204535f0f5bcbcbcbcbcbcbcbc205045405420454540f0bcbcbcbc2050b000b92045b000812045b000f0bcbcbcbcbcbcbc'
22	b'f0bcbcbcbcbcbcbcbcbc2050188003204518a096bcbcbcbcbcbcbcbcbcbcbcbcbcbcbcbcbcbcbcbcbcbcbcbcbc20501f40c320451f4095bcbcbcbcbcbcbcbcbc'
23	b'bcbcbcbcbcbcbcbcbcbc20507c207620457c501fbcbcbcbcbcbcbcbcbcbcbcbcbcbcbcbcbcbcbcbcbcbcbcbcbcbcbcbcbcbcbcbcbcbcbcbcbcbcbcbcbcbc2050'
24	b'bcbcbcbcbcbc2050bc2060492050c0b03d2040d8b0802040d82000bcbcbcbcbcbcbcbcbcbcbcbcbcbcbcbcbcbcbcbcbcbcbcbcbcbcbcbcbcbcbcbcbcbcbcbcbc'
25	b'bcbcbcbcbcbcbcbcbcbc205009f0c6204509403fbcbcbcbcbcbcbcbcbcbcbcbc205063c09c204563c078bcbcbcbcbcbcbcbcbcbcbcbcbcbcbcbcbcbcbcbcbcbc'
26	b'bcbcbcbcbcbcbcbcbcbc20509e008d20459e6089bc2050e6c0c72045e6c013bcbcbcbcbcbcbcbcbcbcbcbcbcbcbcbcbcbcbcbcbcbcbcbcbcbcbcbcbcbcbcbcbc'
27	b'bcbcbcbcbcbcbcbcbcbc2050cca0ee2045ccd034bcbcbcbcbcbcbcbcbcbcbcbcbcbcbcbcbcbcbcbcbcbcbcbcbcbcbcbcbcbcbcbcbcbcbcbcbc2050b480aa2045'
28	b'bc2050b480aa2045bcbc20507fe0ed20457fb026bcbcbcbcbcbcbcbcbcbcbcbcbcbcbcbcbcbcbcbcbcbcbcbcbcbcbcbcbcbcbcbcbcbcbcbcbcbcbcbcbcbcbcbc'
29	b'bcbcbcbcbcbcbcbcbcbc2050675049205067d030204567f0dabcbcbcbcbc2050fd40682045fd805fbcbcbcbcbcbcbcbcbcbcbcbcbcbcbcbcbc20508e40222045'
30	b'bc20508e40222045bcbc2050631016204563d06ebcbcbcbcbcbcbcbcbcbcbcbcbcbcbcbcbcbcbcbcbcbcbcbcbcbcbcbcbcbcbcbcbcbcbcbcbcbcbcbcbc2050c3'
31	b'bcbcbcbcbc2050c3bc402d2040cb00402045c0402ebcbcbcbcbcbcbcbcbcbcbcbcbcbcbcbcbcbc20401c0040204500401c2040118020bcbcbcbcbcbcbcbcbcbc'
32	b'bcbcbcbcbcbcbcbcbcbc20508180ab20458110d720501b801b20451b80bdbcbcbcbcbcbcbcbcbcbcbcbcbcbcbcbcbcbcbcbcbcbcbcbcbcbcbcbcbcbcbcbcbcbc'
33	b'bcbcbcbcbcbcbcbcbcbc2050abb0d12045ab70d4bcbcbcbcbcbcbcbcbcbcbcbcbcbcbcbcbcbcbcbcbcbcbcbcbcbcbcbcbcbcbcbcbcbcbcbcbcbcbcbcbcbcbcbc'
34	b'bcbcbcbcbcbcbcbcbcbc20507180f8204571a045bcbcbcbcbcbcbcbcbcbcbcbcbcbcbcbcbc20505080f6204550802abcbcbcbcbcbcbcbc205007805920450780'
35	b'5007805920450780bcbc2050bf10012045bf5045bcbcbcbcbcbcbcbcbcbcbcbcbcbcbc2050b8c0a22045b8c054bcbcbcbcbcbcbcbcbcbcbcbcbcbcbcbcbcbcbc'
36	b'bcbcbcbcbcbcbcbcbcbc2050928077204592c01520507d808020457d0067bcbcbcbcbcbcbcbcbcbcbcbcbcbcbcbcbcbcbcbcbcbcbcbcbcbcbcbcbcbcbcbcbcbc'
37	b'bcbcbcbcbcbcbcbcbcbc205069601f20456910a7bcbcbcbcbcbcbcbcbcbcbcbcbcbcbcbcbcbcbcbc205073401920457340bebcbcbcbcbcbcbcbcbcbcbcbcbcbc'
38	b'bcbcbcbcbcbcbcbcbcbc20507e60f020457e10f4bcbcbcbcbcbcbcbcbcbcbcbcbcbcbcbcbcbcbcbcbcbcbcbcbcbcbcbcbcbcbcbcbcbcbcbc205095402f204595'
39	b'205095402f204595bcbc20500a100f20450a703abcbcbcbcbcbcbcbcbc20507240a9204572409ebcbcbcbcbcbc2050cf80612045cf80d62050c640752050a700'
40	b'50c640752050a700bc6020501a00dc20401a4020bcbcbcbcbcbcbcbcbcbcbcbcbcbcbcbcbcbcbcbcbcbcbcbcbc205017002020451700e02050ba40932045a040'
41	b'50ba40932045a040bc2050eb30332045eb80dbbcbcbcbcbcbcbcbcbcbcbcbcbcbcbcbcbcbcbcbcbcbcbcbcbcbcbcbcbcbcbcbcbcbcbcbcbcbcbcbcbcbcbcbcbc'
42	b'bcbcbcbcbcbcbcbcbcbc20503f307920453f8093bcbcbcbcbcbcbcbcbcbcbcbcbcbcbcbcbcbcbcbcbcbcbcbcbcbcbcbcbcbcbcbcbcbcbcbcbcbcbcbcbcbcbcbc'
43	b'bcbcbcbcbcbcbcbcbcbc2050ac00532045acc07bbcbcbcbcbcbcbcbcbcbcbcbcbcbcbcbcbcbcbcbcbcbcbcbcbcbcbcbcbcbcbcbcbcbcbcbcbcbcbcbcbcbcbcbc'
44	b'bcbcbcbcbcbcbcbcbcbc2050e640192045e69032bcbcbcbcbcbcbcbcbcbcbcbcbcbcbcbcbcbcbcbcbcbcbc20501a800620451a80e2205077801420457780b0bc'
45	b'801420457780b0bcbcbc20502a805220452ae042bcbcbcbcbcbcbcbcbcbcbcbcbcbcbcbcbcbcbcbcbcbcbcbcbcbcbcbcbcbcbc205091405e20459140fa205056'
46	b'20459140fa205056bc80892050fd70c32045fdc0a6bcbcbcbcbcbcbcbcbcbcbcbcbcbc20509ec09720459ec0f3bcbcbcbcbcbcbcbcbcbcbcbcbcbcbcbcbcbcbc'
47	b'bcbcbcbcbcbcbcbcbcbc20503300de204533c05ebcbcbcbcbcbcbcbcbcbcbcbcbcbcbcbcbcbcbcbcbcbcbcbcbcbcbcbcbcbcbcbcbcbcbcbc20507e807620457e'
48	b'20507e807620457ebcbc20508d30e020450db02abcbcbcbcbcbcbcbcbcbcbcbcbcbcbcbc2050e740e02045e78037bcbcbcbcbcbcbcbcbc20508340fd20458340'
49	b'508340fd20458340bcbc2050425075204542704bbcbcbcbcbcbcbcbcbcbcbcbcbc20504b402320454b4095bcbcbcbcbcbcbcbcbcbcbcbcbcbcbcbcbcbcbcbcbc'
50	b'bcbcbcbcbcbcbcbcbcbc205054901c204554f0d2bcbcbcbcbcbcbcbcbcbcbcbcbcbcbcbcbcbcbcbcbcbcbcbcbcbcbcbc2050e2807b2045e28043bcbcbcbcbcbc'
51	b'8043bcbcbcbcbcbcbcbc205002508320450200eebcbcbcbcbcbcbcbcbcbcbcbcbcbcbcbcbcbcbcbcbcbcbcbcbcbcbcbcbcbcbcbcbcbcbcbcbcbcbcbcbcbcbcbc'
52	b'bcbcbcbcbcbcbcbcbcbc205022109b204522b0fa205058000a2045220062205006001d20450600b9bcbcbcbcbcbcbcbcbcbcbcbcbcbcbcbcbcbcbcbcbcbcbcbc'
53	b'bcbcbcbcbcbcbcbcbcbc2050e2f0d12045e2c0dfbcbcbcbcbcbcbcbcbcbcbcbcbcbcbcbc20504d802120454d8096bcbcbcbcbcbcbcbcbcbcbcbcbcbcbcbcbc20'
54	b'bcbcbcbcbcbcbc20bc2045c6902f2050c6e0f8bcbcbcbcbcbcbcbcbcbcbcbcbcbcbcbcbcbcbcbcbcbcbcbcbcbcbcbcbcbcbcbcbcbcbcbcbcbcbcbcbcbcbcbcbc'
55	b'bcbcbcbcbcbcbcbcbcbc20506370ab204563204fbcbcbcbcbcbcbcbcbcbcbcbcbcbcbcbcbcbcbcbcbcbcbcbcbcbcbcbcbcbcbcbcbcbcbcbcbcbcbcbcbcbcbcbc'
56	b'bcbcbcbcbcbcbcbcbcbc20501c802520451c6041bcbcbcbcbcbcbcbcbcbcbcbcbcbcbcbcbcbcbcbcbcbcbcbcbcbcbcbcbcbcbcbcbcbcbcbcbcbcbcbcbcbcbcbc'
57	b'bcbcbcbcbcbcbcbcbcbc20501b804520451b60b9bcbcbcbcbcbcbcbcbcbcbcbcbcbcbcbcbcbcbcbcbcbcbcbcbcbcbcbcbcbcbcbcbcbcbcbcbcbcbcbcbcbcbcbc'
58	b'bcbcbcbcbcbcbcbcbcbc2050f750dc2045f700ccbcbcbcbcbcbcbcbcbcbcbcbcbcbcbcbcbcbcbcbcbcbcbcbcbcbcbcbcbcbcbcbcbcbcbcbcbcbcbcbcbcbcbcbc'
59	b'bcbcbcbcbcbcbcbcbcbc205065b05c204565b08bbcbcbcbcbcbcbcbcbcbcbcbcbcbcbcbcbcbcbcbcbcbcbcbcbcbcbcbcbcbcbcbcbcbcbcbcbcbcbcbcbcbcbcbc'
60	b'bcbcbcbcbcbcbcbcbcbc2050f350462045f37030bcbcbcbcbcbcbcbcbcbcbcbcbcbcbcbcbcbcbcbcbcbcbcbcbcbcbcbcbcbcbcbcbcbcbcbcbcbcbcbcbcbcbcbc'
61	b'bcbcbcbcbcbcbcbcbcbc2050b090972045b0b06bbcbcbcbcbcbcbcbcbcbcbcbcbcbcbcbc205039400920453940aebcbcbcbcbcbcbcbcbcbcbcbcbcbcbcbc2050'
62	b'bcbcbcbcbcbc2050bc4040c0205052706a204552204bbcbcbcbcbcbcbcbcbcbcbcbcbcbcbcbcbcbc205018006d2045180059bcbcbcbcbcbcbcbcbcbcbcbcbcbc'
63	b'bcbcbcbcbcbcbcbcbcbc2050bbb0312045bb40ddbcbcbcbcbcbcbcbcbcbcbcbcbcbcbcbcbcbcbcbcbcbcbcbcbcbcbcbcbcbcbcbcbcbcbcbcbcbcbcbcbcbcbcbc'
64	b'bcbcbcbcbcbcbcbcbcbc2050f6d0172045f6803dbcbcbcbcbcbcbcbcbcbcbcbcbcbcbcbcbcbcbcbcbcbcbcbc20500540cf204505401bbcbcbcbcbcbcbcbcbcbc'
65	b'bcbcbcbcbcbcbcbcbcbc2050bdf0e62045bd20ddbcbcbc2050a3c0902045a34077bcbcbcbcbcbcbcbcbcbcbcbcbcbcbcbcbcbcbcbcbcbcbcbcbcbc2050368078'
66	b'bcbcbc2050368078bcbc205069c0f62045a95094bcbcbcbcbcbcbcbcbcbcbcbcbcbcbc2050b140662045b140d220504c403820454c4080bcbcbcbcbc2050a840'
67	b'bcbcbcbc2050a840bce020507d107c2045603037bcbcbcbcbcbcbcbcbcbcbcbcbcbcbcbcbcbcbcbcbcbcbcbcbcbcbcbcbcbcbcbcbcbcbcbcbcbcbcbcbcbcbcbc'
68	b'bcbcbcbcbcbcbcbcbcbc20503bb0e220453b80f8bcbcbcbcbcbcbcbcbcbc205014a014204514200fbcbcbcbcbcbcbcbcbcbcbcbcbcbcbcbcbcbcbcbcbcbcbcbc'
69	b'bcbcbcbcbcbcbcbcbcbc20503530a3204535f017bcbcbcbcbcbcbcbcbcbcbcbcbcbcbcbcbcbcbcbcbcbcbcbcbcbcbcbcbcbcbcbcbcbcbcbcbcbcbcbcbcbcbcbc'
70	b'bcbcbcbcbcbcbcbcbcbc20507d101520457db0a5bcbcbcbcbcbcbcbcbcbcbcbcbcbcbcbcbcbcbcbcbcbcbc2050f680a02045f60097bcbcbcbcbcbcbcbcbcbcbc'
71	b'bcbcbcbcbcbcbcbcbcbc205075a0482045b55030bcbc2050944032204594408c20507580e620457580d2bcbcbcbcbcbcbcbcbcbcbcbcbcbcbcbcbcbcbcbcbcbc'
72	b'bcbcbcbcbcbcbcbcbcbc2050a4a0d62045a4502a2050e940cd2045e94019bcbcbcbcbcbcbcbcbcbcbcbcbcbcbcbcbc205015805720451580f3bcbcbcbcbc2050'
73	b'f3bcbcbcbcbc2050bca0800f2050aa40df2040aad0c0bcbcbcbcbcbcbcbcbcbcbcbcbcbcbcbcbcbcbcbcbcbcbcbcbcbcbcbcbcbcbcbcbcbcbcbcbcbcbcbcbcbc'
74	b'bcbcbcbcbcbcbcbcbcbc2050aa50f120452ab047bcbcbcbcbcbcbcbcbcbcbcbcbcbcbc20501140f620451140cabcbcbcbcbcbcbcbcbcbcbcbcbcbcbcbcbcbcbc'
75	b'bcbcbcbcbcbcbcbcbcbc205084e06c204584b0bfbcbcbcbcbcbcbcbcbcbcbcbcbcbcbcbcbcbcbcbcbcbcbcbcbcbcbcbcbcbcbcbcbcbcbcbcbcbcbcbcbcbcbcbc'
76	b'bcbcbcbcbcbcbcbcbcbc205014909320451450cf2050bb40542045bb40f0bcbcbcbcbcbcbcbcbcbcbcbcbcbcbcbcbcbcbcbcbcbcbcbcbcbcbcbcbcbcbcbcbcbc'
77	b'bcbcbcbcbcbcbcbcbcbc20506e90a420456e5033bcbcbcbcbcbcbcbcbcbcbcbcbcbc2050c980be2045c98046bcbcbcbcbcbcbcbcbcbcbcbcbcbcbcbcbcbcbcbc'
78	b'bcbcbcbcbcbcbcbcbcbc2050457085204545f0cdbcbcbcbcbcbcbcbcbcbcbcbcbcbcbcbcbcbcbcbcbcbcbcbcbcbcbcbcbcbcbcbcbcbcbc20501540da20451540'
79	b'501540da20451540bcbc20508240db20458240a2bcbcbcbcbcbcbcbcbcbcbcbcbcbcbcbcbcbcbcbcbcbcbcbcbcbcbcbcbcbcbcbcbcbcbcbcbcbcbcbcbcbcbcbc'
80	b'bcbcbcbcbcbcbcbcbcbc2050e6509f2045e6d0bcbcbcbcbcbcbcbcbcbc20500f40b420450f4088205045805520454580f1bcbcbcbcbcbcbcbcbcbcbcbcbcbcbc'
81	b'bcbcbcbcbcbcbcbcbcbc205057a0b0204557e040bcbcbcbcbcbcbcbcbcbcbcbcbcbcbcbcbcbcbcbcbcbcbcbcbcbcbcbcbcbcbcbcbcbcbcbcbcbc2050c4c0e020'
82	b'bcbc2050c4c0e020bcbc2050f860602045f83090bcbcbc205051808020455100a7bcbcbcbcbc20503080e520453080d1bcbcbcbc20503640f62045e340fa2050'
83	b'f62045e340fa2050bc4000332050ada0ec2045adb048bcbcbcbcbcbcbcbcbcbcbcbcbcbcbcbcbcbcbcbcbcbcbcbcbcbcbcbcbcbcbcbcbcbcbcbcbcbcbcbcbcbc'
84	b'bcbcbcbcbcbcbcbcbcbc2050fe509c2045feb00bbc2050b620a02045b6c0972050d4609520500a805b20450a104cbcbcbcbcbcbcbcbcbcbcbcbcbcbcbcbcbcbc'
85	b'bcbcbcbcbcbcbcbcbcbc2050bf10a12045bf9016bcbcbcbcbcbcbcbcbcbcbcbcbcbcbcbcbcbcbcbcbcbcbcbcbcbcbcbcbcbcbcbcbcbcbcbcbcbcbcbcbcbcbcbc'
86	b'bcbcbcbcbcbcbcbcbcbc20500e801d20500e80c320450e9040bcbcbcbcbcbcbcbcbcbcbcbcbcbcbcbcbcbcbcbcbcbcbcbcbcbcbcbcbcbcbcbcbcbcbcbcbcbcbc'
87	b'bcbcbcbcbcbcbcbcbcbc20503d808520453da0b7bcbcbcbcbcbcbcbcbcbcbcbcbcbcbcbcbcbcbcbcbcbcbcbcbcbcbcbcbcbcbcbcbcbcbcbcbcbcbcbcbcbcbcbc'
88	b'bcbcbcbcbcbcbcbcbcbc20509530b1204595f0d32050b2c09c2045b2c078bcbcbcbcbcbcbcbcbcbcbcbcbcbcbcbcbcbcbcbcbcbcbcbcbcbcbcbcbcbcbcbcbcbc'
89	b'bcbcbcbcbcbcbcbcbc2050cf60d32045cf50a3bc2050b540082045b5802fbcbcbcbcbcbcbcbcbcbcbcbcbcbcbcbcbcbcbcbcbcbcbcbcbc2050c480812045ce20'
90	b'50c480812045ce20bca02050929048204592f0aebcbcbcbcbcbcbcbcbcbcbcbcbcbcbcbcbcbcbcbcbcbcbcbcbcbcbcbcbcbcbcbcbcbcbcbcbcbcbcbcbcbcbcbc'
91	b'bcbcbcbcbcbcbcbcbcbc40c34080204088e080bcbcbcbcbcbcbcbcbcbcbcbcbcbcbcbcbcbcbcbcbcbcbcbcbcbcbcbcbcbcbcbcbcbcbcbcbcbcbcbcbcbcbcbcbc'
92	b'bcbcbcbcbcbcbcbcbcbc2050eab09320456af032bcbcbcbcbcbcbc2050c640d72045c6400bbcbcbcbcbcbcbcbcbcbcbcbcbcbcbcbcbcbcbcbcbcbcbcbcbcbcbc'
93	b'bcbcbcbcbcbcbcbcbc4020508030802040aa40602045aa8049bcbcbcbcbcbcbcbcbcbcbcbcbcbcbcbcbcbcbcbcbcbcbcbcbcbcbcbcbcbcbcbcbcbcbcbcbcbcbc'
94	b'bcbcbcbcbcbcbcbcbcbc2050c470872045c400382050ba202220453a2030bcbcbcbcbcbcbcbcbcbcbcbcbcbcbcbcbcbcbcbcbcbcbcbcbcbcbcbcbcbcbcbcbcbc'
95	b'bcbcbcbcbcbcbcbcbcbc2050e1c0c5204561105120506740e820456780dfbcbcbcbcbcbcbcbcbcbcbcbcbcbcbcbcbcbcbcbcbcbcbcbcbcbcbcbcbcbcbcbcbcbc'
96	b'bcbcbcbcbcbcbcbcbcbc2050a620ed204526105dbcbcbcbcbcbcbcbcbcbcbcbcbcbcbcbcbcbcbcbcbcbcbcbcbc20508c40a220458c4054bcbcbcbcbcbcbcbcbc'
97	b'bcbcbcbcbcbcbcbcbcbc20500620892045061036bcbcbcbcbcbcbcbcbcbcbcbcbcbcbcbcbcbcbcbcbcbcbcbcbcbcbcbcbcbcbcbcbcbcbcbcbcbcbcbcbcbcbcbc'
98	b'bcbcbcbcbcbcbcbcbcbc205047c0c1204587108ebcbcbcbcbcbcbcbcbc205047008820456d008420504920e6204549204cbcbcbcbcbcbcbcbcbcbcbcbcbcbcbc'
99	b'bcbcbcbcbcbcbcbcbcbc20504830e220454880b0bcbcbcbcbcbcbcbcbcbcbcbcbcbcbcbcbcbcbcbcbcbcbcbcbcbcbcbcbcbcbcbcbcbcbcbcbcbcbcbc2050c580'
100	b'bcbcbcbc2050c580bcc020504fa03320454fd0e0bcbcbcbcbcbcbcbcbcbcbcbcbcbcbcbcbcbcbcbcbcbcbcbcbcbcbcbcbcbcbcbcbcbcbcbcbcbcbcbcbcbcbcbc'
101	b'bcbcbcbcbcbcbcbcbcbc20505e308a20455e8002bcbcbcbcbcbcbcbcbcbcbcbcbcbcbcbcbcbcbcbcbcbcbcbcbcbcbcbcbcbcbcbcbcbcbcbcbcbcbcbcbcbcbcbc'
102	b'bcbcbcbcbcbcbcbcbcbc20501c90d720451cf0b020504c80ad20458c8099bcbcbcbcbcbcbcbcbcbc2050b540272045b54093bcbcbcbcbcbcbcbcbcbcbcbcbcbc'
103	b'bcbcbcbcbcbcbcbcbcbc2050c2f0282045c2c0e3bcbcbcbcbc20500dc0c420450dc010bcbcbcbcbcbcbcbcbcbcbcbcbcbcbcbcbcbcbcbcbcbcbcbcbc20503cc0'
104	b'bcbcbcbc20503cc0bc2020502d706020502d703420402dc040bcbcbcbcbcbcbcbcbcbcbcbcbcbcbcbcbcbcbcbcbcbcbcbcbcbcbcbcbcbcbcbcbcbcbc20500080'
105	b'bcbcbcbc20500080bce0205039801c204520c0ee2050804060204593404bbcbcbcbcbcbcbcbcbcbcbcbcbcbcbcbcbcbcbcbcbcbcbcbcbcbcbcbcbcbcbcbcbcbc'
106	b'bcbcbcbcbcbcbcbcbcbc2050a560fe2045a530ecbcbcbcbcbcbcbcbcbcbcbcbcbcbcbcbcbcbcbcbcbcbcbcbcbcbcbcbcbcbcbcbcbcbcbcbcbcbcbcbcbcbcbcbc'
107	b'bcbcbcbcbcbcbcbcbcbc2050af00362045af20b2bcbcbcbcbcbcbcbcbcbcbcbcbcbcbcbcbcbcbcbcbcbcbcbcbcbcbcbcbcbcbcbcbcbcbcbcbcbcbcbcbcbcbcbc'
108	b'bcbcbcbcbcbcbcbcbcbc20500a70242045f2004fbcbcbcbcbcbcbcbcbcbcbcbcbcbcbcbcbcbcbcbcbcbcbcbcbcbcbcbcbcbcbcbcbcbcbcbcbcbcbcbcbcbcbcbc'
109	b'bcbcbcbcbcbcbcbcbcbc2050b0309e2045b040fdbcbcbcbcbcbcbcbcbcbcbcbcbcbcbcbcbcbcbcbcbcbcbcbcbcbcbc20503140b52045a720162050a780cfbcbc'
110	b'162050a780cfbcbcbcbc205002b0ad2045028009bcbcbcbc20507d808220457d80a4bcbcbcbcbcbcbcbcbcbcbcbcbcbcbcbcbcbcbcbcbcbcbcbcbcbcbcbcbcbc'
111	b'bcbcbcbcbcbcbcbcbcbc20507d705620457dc092bcbcbcbcbcbcbcbc20500f409f20450f40adbcbcbcbcbcbcbcbcbcbcbcbcbcbcbcbcbcbcbcbcbcbc20509840'
112	b'bcbcbcbc20509840bc2020509330002045938096bcbcbcbcbcbcbcbcbcbcbcbcbcbcbcbcbcbcbcbcbcbcbcbcbcbcbcbcbcbcbcbcbcbcbcbcbcbcbcbcbcbcbcbc'
113	b'bcbcbcbcbcbcbcbcbcbc2050d5b0022045d540ecbcbcbcbcbcbcbcbcbcbcbcbcbcbcbcbcbcbcbcbcbcbcbcbcbcbcbcbcbcbcbcbcbcbcbcbcbcbcbcbcbcbcbcbc'
114	b'bcbcbcbcbcbcbcbcbcbc40c4400020505140b62050fb80672045fb80d3205038809a20453880bcbcbcbcbcbcbcbcbcbcbcbcbcbcbcbcbcbc205053c0ed204553'
115	b'205053c0ed204553bcbc205054c078204554e078bcbcbcbcbcbcbcbcbcbcbcbcbcbcbcbcbcbcbcbcbcbcbcbcbcbcbcbcbcbc20503b405d2045d4203d2050d440'
116	b'45d4203d2050d440bcbc2050b280862045b2c08cbcbcbcbcbcbcbcbcbcbcbcbcbcbcbcbcbcbcbcbcbcbcbcbcbcbcbcbcbcbcbcbcbcbcbcbcbcbcbcbcbcbcbcbc'
117	b'bcbcbcbcbcbcbcbcbcbc20505ef0b020455e20ae205083409c20458340f82045830038bcbcbcbcbcbcbcbcbcbcbcbcbcbcbcbcbcbcbcbcbcbcbcbcbcbcbc2050'
118	b'bcbcbcbcbcbc2050bce0000a205005f03f20450540f220501940fc204519402420509e008720459e0063bcbcbcbcbcbcbcbcbcbcbcbcbcbcbcbcbcbcbcbcbcbc'
119	b'bcbcbcbcbcbcbcbcbcbc2050f7a03e2045f750aebcbcbcbcbcbcbcbcbcbcbcbcbcbcbcbcbcbcbcbcbcbcbcbcbcbcbcbcbcbcbcbcbcbcbcbcbcbcbcbcbcbcbcbc'
120	b'bcbcbcbcbcbcbcbcbcbc205005005b204505a075bcbcbcbcbcbcbcbcbcbcbcbcbcbcbcbcbcbcbc2050cf40122050f440ee2045f42051bcbcbcbcbcbcbcbcbcbc'
121	b'bcbcbcbcbcbcbcbcbcbc205033d07e20453380a3bcbcbcbcbcbcbcbcbcbcbcbcbcbcbcbcbcbcbcbcbcbcbcbcbcbcbcbcbcbcbcbcbcbcbcbcbcbcbcbcbcbcbcbc'
122	b'bcbcbcbcbcbcbcbcbcbc20501fa08f20451fe024bcbcbcbcbcbcbcbcbcbcbcbcbcbcbcbcbcbcbcbcbcbcbcbcbcbcbcbcbcbcbcbcbcbcbcbcbcbcbcbcbcbcbcbc'
123	b'bcbcbcbcbcbcbcbcbcbc20503eb02520453e008e20507240d6204572400abcbcbcbcbcbcbcbcbcbcbcbcbcbcbcbcbcbcbcbcbcbcbcbcbcbcbcbcbcbcbcbcbcbc'
124	b'bcbcbcbcbcbcbcbcbcbc2050d2f0a82045d2a0112050b380de2045b38006bcbcbcbcbcbcbc2050cf809f2045cf80bbbcbcbcbcbcbcbcbc2050bdc0c02045bd40'
125	b'50bdc0c02045bd40bcbc20505f409420455f40babcbcbcbcbcbcbcbcbcbcbcbcbcbcbcbcbcbcbcbcbcbcbcbcbcbcbcbcbcbcbcbcbcbcbcbc2050c9803c2045c9'
126	b'2050c9803c2045c9bcbc20506d904c20456d3080bcbcbcbcbcbcbcbcbcbcbcbcbcbcbcbcbcbcbcbcbcbcbcbcbcbcbcbcbcbcbcbcbcbcbcbcbcbcbcbcbcbcbcbc'
127	b'bcbcbcbcbcbcbcbcbcbc20505870b8204558c0bdbcbcbcbcbcbcbcbcbcbcbcbcbcbcbcbcbcbcbcbcbcbcbcbcbcbcbcbcbcbcbcbcbc20508180a920458180ee20'
128	b'80a920458180ee20bc40e840c0205056c05720508040e0204521909d2050204031204520d044bcbcbcbcbcbcbcbcbcbcbcbcbcbcbcbcbc205080806020458f80'
129	b'5080806020458f80bcbc205036b0e620453640b1bcbcbcbcbcbcbcbcbcbcbcbcbcbcbcbcbcbcbcbcbcbcbcbcbcbcbcbcbcbcbcbcbcbcbcbcbcbcbcbcbcbcbcbc'
130	b'bcbcbcbcbcbcbcbcbcbc205093e097204593b0d0bcbcbcbcbcbcbcbcbcbcbcbcbcbcbcbcbcbcbcbcbcbcbcbcbcbcbcbcbcbcbcbcbcbcbcbcbcbcbcbcbcbcbcbc'
131	b'bcbcbcbcbcbcbcbcbcbc2050e7e08e2045e7b0a4bcbcbcbcbcbcbcbcbcbcbcbcbcbcbcbcbcbcbcbcbcbcbcbcbcbcbcbcbcbcbcbcbcbcbcbcbcbcbcbcbcbcbcbc'
132	b'bcbcbcbcbcbcbcbcbcbc2050e630a92045e60095bcbcbc2050d6805a2045d6807cbcbcbcbcbcbcbcbcbcbcbcbcbcbcbcbcbcbcbcbcbcbcbcbcbcbcbcbcbcbcbc'
133	b'bcbcbcbcbcbcbcbcbcbc2050752098204575e00abcbcbcbcbcbcbcbcbcbcbcbcbcbcbcbcbcbcbcbcbcbcbcbcbcbcbcbcbcbcbcbcbcbcbc205035c0c9204535c0'
134	b'5035c0c9204535c0bcbc205043f0a720454340d8bcbcbcbcbcbcbcbcbcbcbcbcbcbcbcbc205062403f20456240fbbcbcbcbcbcbcbcbcbcbcbcbcbcbcbcbcbcbc'
135	b'bcbcbcbcbcbcbcbcbcbc20507e10bd204534f06420503440b8205028c007204528c0b32050d7403e2045d74086bcbcbcbcbcbcbcbcbcbcbcbcbcbcbcbcbcbcbc'
136	b'bcbcbcbcbcbcbcbcbcbc2050ea70172045ea20febcbcbcbcbcbcbcbcbcbcbcbcbcbcbcbcbcbcbcbcbcbcbcbcbcbcbcbcbcbc2050fd00892045fd00eebcbcbcbc'
137	b'45fd00eebcbcbcbcbcbc20509f106b20459f308dbcbcbcbcbcbcbcbcbcbcbcbcbcbcbcbcbcbcbcbcbcbcbcbcbcbcbcbcbcbcbcbcbcbcbcbcbcbcbcbcbcbcbcbc'
138	b'bcbcbcbcbcbcbcbcbcbc20506fa0a420456fd0b7bcbcbcbcbcbcbcbcbcbcbcbcbcbcbcbcbcbc20508480c720458480e3bcbcbcbcbcbcbcbcbcbcbcbcbcbcbcbc'
139	b'bcbcbcbcbcbcbcbcbcbc20507580732045d4e0762050d4800bbcbcbcbcbcbcbcbcbcbcbcbcbcbcbcbcbc20504c40a420454c8077bcbcbcbcbcbcbcbcbcbcbcbc'
140	b'bcbcbcbcbcbcbcbcbcbc205068104b204568b030bcbcbcbcbcbcbc205052407620455240ca20500d807020450d00cfbcbcbcbcbcbcbcbcbcbcbcbcbcbcbcbcbc'
141	b'bcbcbcbcbcbcbcbcbcbc20509bd00d20459b30dbbcbcbcbcbcbcbcbcbcbcbcbcbcbcbcbcbcbcbcbcbcbcbcbcbcbcbcbcbcbcbcbcbcbcbcbcbcbcbcbcbcbcbcbc'
142	b'bcbcbcbcbcbcbcbcbcbc2050e9d0be2045694069bcbcbcbcbcbcbc20504b807a2050f0804c2045f0409abcbcbcbcbcbcbcbcbcbcbcbcbcbcbcbcbcbcbcbcbcbc'
143	b'bcbcbcbcbcbcbcbcbcbc205070d057204570f079bcbcbcbcbcbcbcbcbcbc20502f809420452f8070bcbcbc2050e280ec2050a180872045a14087bcbcbcbcbcbc'
144	b'4087bcbcbcbcbcbcbcbc2050878013204507607bbcbcbcbcbcbcbcbcbcbcbcbcbcbcbcbcbcbcbcbcbcbcbcbcbcbcbcbc20506b80ef20456b80dbbcbcbcbc2050'
145	b'80dbbcbcbcbc2050bce040912050f310f42045f3f0e1bcbcbcbcbcbcbcbcbcbcbcbcbcbcbcbcbcbcbcbcbcbcbcbcbcbcbcbcbcbcbcbcbcbcbcbcbcbcbcbcbcbc'
146	b'bcbcbcbcbcbcbcbcbcbc20502ee0a42045ee005dbcbcbcbcbcbcbcbcbcbcbcbcbcbcbcbcbcbcbcbcbcbcbcbcbcbcbcbcbcbcbcbcbcbcbcbcbcbcbcbcbcbc2050'
147	b'bcbcbcbcbcbc2050bce0003a2050c8b0e52045c82004bcbcbcbcbcbcbcbcbc20505d40ee20455d40dabcbcbcbcbcbcbcbc2050be00fb20453e00a32050d64008'
148	b'3e00a32050d64008bcbc20506f30412045afb0adbcbcbcbcbcbcbcbcbcbcbcbcbcbcbcbcbcbcbcbcbcbcbcbcbcbcbcbcbcbcbcbcbc20502f408520452f4061bc'
149	b'408520452f4061bcbcbc2050be40982045bea03dbcbcbcbcbcbcbcbcbcbcbcbcbcbcbcbcbcbcbcbcbcbcbcbcbcbcbcbcbcbcbcbcbcbcbcbcbcbcbcbcbcbcbcbc'
150	b'bcbcbcbcbcbcbcbcbcbc205068500f204568f02bbcbcbcbcbcbcbcbcbcbcbcbcbcbcbcbcbcbcbcbcbcbcbcbcbcbcbcbcbcbcbcbcbcbcbcbcbcbc20505f40cd20'
151	b'bcbc20505f40cd20bcbc20500c706420450c8000bcbcbcbcbcbcbcbcbcbcbcbcbcbcbcbcbcbcbcbcbcbcbcbcbcbcbcbcbcbcbcbc20506100cf20456100ebbcbc'
152	b'cf20456100ebbcbcbcbc2050adf0852045ad2014bcbcbc2050e940622045e940d4205060405e20509180cf204591206cbcbcbcbcbcbcbcbcbcbc2050a0406d20'
153	b'bcbc2050a0406d20bcbc20505d00542045bc60f5bcbcbcbcbcbcbcbcbcbcbcbcbcbcbcbcbcbcbcbcbcbcbcbcbcbcbcbcbcbcbcbcbcbcbcbcbcbcbcbcbcbcbcbc'
154	b'bcbcbcbcbcbcbcbcbcbc205035102e204535d038bcbcbcbcbcbcbcbcbcbcbcbcbcbcbcbcbcbcbcbcbcbcbcbcbcbcbcbcbcbcbcbcbcbcbcbc2050d540a62045d5'
155	b'2050d540a62045d5bc401820400ca0e020450cb0fdbcbcbcbcbcbcbcbcbcbcbcbcbcbcbcbcbcbcbcbcbcbcbcbcbcbcbcbcbcbcbcbcbcbcbcbcbcbcbcbcbcbcbc'
156	b'bcbcbcbcbcbcbcbcbcbc2050f6c0bb2045f6d091bcbcbcbcbcbcbcbcbcbcbcbcbcbcbcbcbcbcbc20501cc02220451cc054bcbcbcbcbcbcbcbcbcbcbcbcbcbcbc'
157	b'bcbcbcbcbcbcbcbcbcbc2050c230992045c270adbcbcbcbcbcbcbcbcbcbcbcbcbcbcbcbcbcbcbcbcbcbcbcbcbcbcbcbcbcbcbcbcbc20506980b3204569804dbc'
158	b'80b3204569804dbcbcbc2050d8c0e22045d8107ebcbcbcbcbcbcbcbcbcbcbcbcbcbcbcbcbcbcbcbcbcbcbcbcbcbcbcbcbcbcbcbcbcbcbcbcbcbcbcbcbcbcbcbc'
159	b'bcbcbcbcbcbcbcbcbcbc205000f0ae20450020832050a780c52045a78091bcbcbcbcbcbcbcbcbcbcbcbcbcbcbcbcbcbcbc2050edc0cb2045edc0edbcbc2050ef'
160	b'edc0edbcbc2050efbc808f2050475085204547f02ebcbcbcbcbcbcbcbcbcbcbcbcbcbcbc20503080f3204530802dbcbcbcbcbcbcbcbcbcbcbcbcbcbcbcbcbcbc'
161	b'bcbcbcbcbcbcbcbcbcbc20506290a02045627042bcbcbcbcbcbcbcbcbcbcbcbcbcbcbcbcbcbcbcbcbcbcbcbcbcbcbcbcbcbcbcbcbcbcbcbcbcbcbcbcbcbcbcbc'
162	b'bcbcbcbcbcbcbcbcbcbc20500a209020450a906fbcbcbcbcbcbcbcbcbcbcbcbcbcbcbcbcbcbcbcbcbcbcbcbcbcbcbcbcbcbcbcbcbcbcbcbcbcbcbcbcbcbcbcbc'
163	b'bcbcbcbcbcbcbcbcbcbc2050e550672045e57007bcbcbcbcbcbcbcbcbc20500480d9204504807ebcbcbcbcbcbcbcbcbcbcbcbcbcbcbcbcbcbcbcbcbcbcbcbcbc'
164	b'bcbcbcbcbcbcbcbcbcbc20500370662045032054bcbcbcbcbcbcbcbcbcbcbcbcbcbcbcbcbcbcbcbcbcbcbcbcbcbcbcbcbc2050db404b2045db40edbcbcbcbcbc'
165	b'db40edbcbcbcbcbcbcbc205055801e204555a052bcbcbcbcbcbcbcbcbcbcbcbcbcbcbcbcbcbcbcbcbcbcbcbcbcbcbcbcbcbcbcbcbcbcbcbcbcbcbcbcbcbcbcbc'
166	b'bcbcbcbcbcbcbcbcbcbc205063e0a1204563b0f5bcbcbcbcbcbcbcbcbcbcbcbcbcbcbcbcbcbcbcbcbcbcbcbcbcbcbcbcbcbcbcbcbcbcbcbcbcbc205059c0a5204559c076bcbcbcbc2050318087204531ffffffffffffffffffffffffffffffffffffffffffffffffffffffffffffffffffffffffffffffffffffffffffffffff'
167	b'2050318087204531bcbc205082d09420458290dbbcbcbcbcbcbcbcbcbcbcbcbcbcbcbcbc20504e400520454e4061bcbcbcbcbcbcbcbcbcbcbcbcbcbcbcbcbcbc'
168	b'bcbcbcbcbcbcbcbcbcbc20502b308920452b00f2bcbcbcbcbcbcbc20507000ab204570005dbcbcbcbcbcbcbcbcbcbcbcbcbcbcbcbcbcbcbcbcbcbcbcbcbcbcbc'
169	b'bcbcbcbcbcbcbcbcbcbc2050e5207e2045e55098bcbcbcbcbcbcbcbcbcbcbcbcbcbcbcbcbc205010406220451040d4bcbcbcbcbcbcbcbcbcbc20507880a92045'
170	b'bc20507880a92045bcbc20500de05320450db02dbcbcbcbc2050a940b52045a9404920504c807b20454c80c3bcbcbcbcbcbcbcbcbcbcbcbcbcbcbcbcbcbcbcbc'
171	b'bcbcbcbcbcbcbcbcbcbc20504d505520454d8080bcbcbcbcbcbcbcbcbcbcbcbcbcbcbcbcbcbcbcbcbcbcbcbcbcbcbcbcbcbcbcbcbcbcbcbcbcbcbcbcbcbcbcbc'
172	b'bcbcbcbcbcbcbcbcbcbc20507ec01b20457ee057bcbcbcbc205072804520457280e1bcbcbcbcbcbcbcbcbcbcbcbcbcbcbcbcbcbcbcbcbcbcbcbcbcbcbcbc2050'
173	b'bcbcbcbcbcbc2050bc80804020500000a02045001016bcbcbcbcbcbcbcbcbcbcbcbcbcbcbcbcbcbcbcbcbcbcbcbcbcbcbcbcbcbcbcbcbcbcbcbcbc2050524027'
174	b'bcbcbc2050524027bcbc205031b07720453140332050f820d22050c540102045c56040bcbcbcbcbcbcbcbcbcbcbcbcbcbcbcbcbc20502740d92045274001bcbc'
175	b'd92045274001bcbcbcbc20500090d7400090c020505840742040580060bcbcbcbcbcbcbcbcbcbcbcbcbcbcbcbcbcbcbcbcbcbcbcbcbcbcbcbcbcbcbcbcbcbcbc'
176	b'bcbcbcbcbcbcbcbcbcbc2050a610772045a6b0a7bcbcbcbcbcbcbcbcbcbcbcbcbcbcbcbcbcbcbcbcbcbcbcbcbcbcbcbcbcbcbcbcbcbcbcbcbcbcbcbcbcbcbcbc'
177	b'bcbcbcbcbcbcbcbcbcbc2050bbb0bb2045bb8052bcbcbc205019c0ac204519c058205068c0e0204568403720503f806d20453f80d9bcbcbcbcbcbcbcbcbcbcbc'
178	b'bcbcbcbcbcbcbcbcbcbc2050eaf0912045ea4003bcbcbcbcbcbc2050be807f2045be80c7bcbcbcbcbcbcbcbcbcbcbcbcbcbcbcbcbcbcbcbcbc205029800d2045'
179	b'bc205029800d2045bc0080932050575033204557409b2050f340ed2045f3403920501b40cf20506c402a20456ca088bcbcbcbcbcbcbcbcbcbcbcbcbcbcbcbcbc'
180	b'bcbcbcbcbcbcbcbcbcbc2050cb30202045cb8039bcbc2050ef402d2045ef4099bcbcbcbcbcbcbcbcbcbcbcbcbcbcbcbcbcbcbcbcbcbcbcbcbcbcbcbcbcbcbcbc'
181	b'bcbcbcbcbcbcbcbcbcbc205025004c20452500debc205055400320455540c5205029406120452940d6bcbcbcbcbcbcbcbcbcbcbcbcbcbcbcbcbcbcbcbcbcbcbc'
182	b'bcbcbcbcbcbcbcbcbcbc2050ea90342050a880bf2045a8306bbcbcbcbcbcbcbcbcbcbcbcbcbcbcbcbcbcbcbcbcbcbcbcbcbcbcbcbcbcbcbcbcbcbcbcbcbcbcbc'
183	b'bcbcbcbcbcbcbcbcbcbc205032302b205032b0c9204532c012205040107620458010cabcbcbcbcbcbcbcbcbcbcbcbcbcbcbcbcbcbcbcbcbcbcbcbcbcbcbcbcbcbcbcbcbcbcbcbcbcbcbcbcbcbcbcbcbcffffffffffffffffffffffffffffffffffffffffffffffffffffffffffffffffffffffffffffffffffffffffffffffff'
184	b'bcbcbcbcbcbcbcbcbcbc2050052044204505204cbcbcbcbcbcbcbcbcbcbcbcbcbcbcbcbcbcbcbcbcbcbcbcbcbc20507b809720457b8073bcbcbcbcbcbcbcbcbc'
185	b'bcbcbcbcbcbcbcbcbcbc20505aa0bb20455a302ebc20502a40f62045ca402abcbcbcbcbcbcbcbcbcbcbcbcbcbcbcbcbcbcbcbcbcbcbcbcbcbcbcbcbcbcbcbcbc'
186	b'bcbcbcbcbcbcbcbcbcbc20508c808c20458ca071bcbcbcbcbcbcbcbcbcbcbcbcbcbcbcbcbcbcbcbcbcbcbcbcbcbcbcbcbcbcbcbcbcbcbcbcbcbcbcbcbcbcbcbc'
187	b'bcbcbcbcbcbcbcbcbcbc20503ae0402045da3041bcbcbcbcbcbcbcbcbcbcbcbcbcbcbcbcbcbcbcbcbcbcbcbcbcbcbcbcbcbcbc2050b480a12045b480562050fc'
188	b'2045b480562050fcbc80032050aef0e42045ae00a2bcbcbcbcbcbcbcbcbcbcbcbcbcbcbcbcbcbcbcbcbcbcbcbcbcbcbcbcbcbcbcbcbcbcbcbcbcbcbcbcbcbcbc'
189	b'bcbcbcbcbcbcbcbcbcbc2050da90cb2045daf0bfbcbcbcbcbcbcbcbcbcbcbcbcbcbcbcbcbcbcbcbcbcbcbc20508d806920458d80debcbcbcbcbcbcbcbcbcbcbc'
190	b'bcbcbcbcbcbcbcbcbcbc2050ce50d12045ceb07f205095c0d9204595c001bcbcbcbcbcbcbcbcbcbcbcbcbcbcbcbcbcbcbcbcbcbcbcbcbcbcbcbcbcbcbcbcbcbc'
191	b'bcbcbcbcbcbcbcbcbcbc20506aa0c020456a5048bcbcbcbcbcbcbcbcbcbc205024c06e204524c06ebcbcbcbcbc20501d402a20451d409cbcbc20507780a12045'
192	b'bc20507780a12045bcbc205087709820458780d0bcbc2050fe60582045fea0c7bcbcbcbcbcbcbcbcbcbcbcbcbcbcbcbcbcbcbcbcbcbcbcbcbcbcbcbcbcbcbcbc'
193	b'bcbcbcbcbcbcbcbcbcbc20503990a520453980c8bcbcbcbcbcbcbcbcbcbcbcbcbcbcbcbcbcbcbc2050f040e32045f04035bcbcbcbcbcbcbcbcbcbcbcbc205032'
194	b'bcbcbcbcbc205032bc40b6204061a0c0204561200abcbcbcbcbc2050b2800b2045b280cdbcbcbcbcbcbcbc205040403e2045404006bcbcbcbcbcbcbcbcbcbcbc'
195	b'bcbcbcbcbcbcbcbcbcbc2050daa0d92045dae0e7bcbcbc20505f400c20455f40a8bcbcbcbcbcbcbcbcbcbcbcbcbcbcbcbcbcbcbcbcbcbcbcbcbcbcbcbcbcbcbc'
196	b'bcbcbcbcbcbcbcbcbcbc205061303a2045614075bcbcbc20508880d6204588800abcbcbcbcbcbcbcbcbcbcbcbcbcbcbcbcbcbcbcbcbcbc20503cc01e20453cc0'
197	b'503cc01e20453cc0bcbc2050b7a0b32045b750a0bcbcbcbcbc2050a140ff20456ba0e120506b407dbcbcbcbcbcbcbcbcbcbcbcbcbcbcbcbcbcbc2050e3808220'
198	b'bcbc2050e3808220bcbc205043e0c520454330bc20503780e52045378031bcbcbcbcbcbcbcbcbcbcbcbcbcbcbcbcbcbcbcbcbcbcbcbcbcbcbcbcbcbcbcbcbcbc'
199	b'bcbcbcbcbcbcbcbcbcbc2050d460db2045d4b0f2bcbcbcbcbcbcbcbcbcbcbcbcbcbcbcbcbcbcbcbcbcbcbcbcbc2050ac40382045ac408020506040c320456040'
200	b'506040c320456040bc00205086207320458610dabcbcbcbcbcbcbcbcbcbcbcbcbcbcbcbcbcbcbcbcbcbcbcbcbcbcbcbcbcbcbcbcbcbcbcbcbcbcbcbcbcbcbcbc'
201	b'bcbcbcbcbcbcbcbcbcbc2050b6b0192045b6407f2050fb40da2045fb407cbcbcbcbcbcbcbcbcbcbcbcbcbcbcbcbcbcbcbcbcbcbcbcbcbcbcbcbcbcbcbcbcbcbc'
202	b'bcbcbcbcbcbcbcbcbcbc20501cf0a520451c80e1bcbcbcbcbcbcbcbcbcbcbcbcbcbcbcbcbcbcbcbcbcbcbcbcbcbcbcbcbcbcbcbcbcbcbcbcbcbcbcbcbcbcbcbc'
203	b'bcbcbcbcbcbcbcbcbcbc2050fd20e12045fd9099bcbcbcbcbcbcbcbcbcbcbcbcbcbcbcbcbcbcbcbcbcbcbcbcbcbcbcbcbcbcbcbcbcbcbc205099c064204599c0'
204	b'5099c064204599c0bcbc2050d100f720450ba08bbcbcbcbcbcbcbcbcbcbcbcbcbcbcbcbcbcbcbcbcbcbcbc2050cf00842045cf0034bc205050c0f0204550402f'
205	b'50c0f0204550402fbcbc205006f0852045062085bcbcbcbc2050a640102045a68077bcbcbcbcbc2050a780d52045a780092050c1408b2045c140adbcbcbcbcbc'
206	b'c140adbcbcbcbcbcbcbc2050ab30db2045ab80b5bcbcbcbcbcbcbcbcbcbcbcbcbcbcbcbcbcbcbcbcbcbcbcbcbcbcbcbcbcbcbcbcbc20501a80a62045ea8092bc'
207	b'80a62045ea8092bcbcbc2050f6e01c2045f67038bcbc20503f007620453f002abcbcbcbcbcbcbcbcbcbcbcbcbcbcbcbcbcbcbcbcbcbcbcbcbcbcbcbcbcbcbcbc'
208	b'bcbcbcbcbcbcbcbcbcbc2050d9b0da2045d9805cbcbcbcbcbcbcbcbc205011406f20453ba08120503b40c3bcbcbcbcbcbcbcbcbcbcbcbcbcbcbcbcbcbcbcbcbc'
209	b'bcbcbcbcbcbcbcbcbcbc205031f070204531c041bcbcbcbcbcbc20508040f42045004048bcbcbcbcbcbcbcbcbcbcbcbcbcbcbcbcbcbcbcbcbcbcbcbcbcbcbcbc'
210	b'bcbcbcbcbcbcbcbcbcbc2050ded00a2045de200cbcbcbcbcbcbcbcbcbcbcbcbcbcbcbcbcbcbcbcbcbcbcbcbcbcbcbc2050dac0682045da407bbcbcbcbcbcbcbc'
211	b'7bbcbcbcbcbcbcbcbc406880a02050a8a03920452830a7bcbcbcbcbcbcbcbcbcbcbcbcbcbcbcbcbcbcbcbcbcbcbcbcbcbcbcbcbcbcbcbcbcbcbcbcbcbcbcbcbc'
212	b'bcbcbcbcbcbcbcbcbcbc20501db09020451d80e3bcbcbcbcbcbcbcbcbcbcbcbcbcbcbcbcbcbcbcbcbcbcbcbcbcbcbcbcbcbcbcbcbcbcbcbcbcbcbcbcbc205024'
213	b'bcbcbcbcbc205024bc40d120404880e0204548a06fbcbcbcbcbcbcbcbcbcbcbcbcbc20508040c02045984019bcbcbcbcbc204009408020400940602050f08059'
214	b'0940602050f08059bcbc20500d20d120450d103fbcbcbcbcbcbcbcbcbcbcbcbcbcbcbcbcbcbcbcbcbcbcbcbcbcbcbcbcbcbcbcbcbcbcbcbcbcbcbcbcbc205006'
215	b'bcbcbcbcbc205006bc8014205031105720453130222045310050205036802e204536809abcbcbcbcbcbcbcbcbcbcbcbc2050fc40722045fc40ccbcbc2050ae40'
216	b'40ccbcbc2050ae40bc40205040e0952045563042bcbcbcbcbcbcbcbcbcbcbcbcbcbcbcbcbcbcbcbcbcbcbcbcbcbcbcbcbcbcbcbcbcbcbcbcbcbcbcbcbcbcbc20'
217	b'bcbcbcbcbcbcbc20bc20455b40a620507a106c20457af029bcbcbcbcbcbcbcbcbcbcbcbcbcbcbcbcbcbcbcbcbcbcbcbcbcbc205081008b20458100ad20500f40'
218	b'458100ad20500f40bca0205046f0442045464041bcbcbcbcbcbcbcbcbcbcbcbcbcbcbcbcbcbcbcbcbcbcbcbcbcbcbcbcbcbcbcbcbcbcbcbcbcbcbcbcbcbcbcbc'
219	b'bcbcbcbcbcbcbcbcbcbc2050da50e42045da7019bcbcbcbcbcbcbcbcbcbcbcbcbcbcbcbcbcbcbcbcbcbcbcbcbcbcbcbcbcbcbcbcbcbcbcbcbcbcbcbcbcbcbcbc'
220	b'bcbcbcbcbcbcbcbcbcbc2050fba0342045fbe0f6bcbcbcbcbcbcbcbcbcbcbcbcbcbcbcbcbc2050a980bc2045a9804420508440c320458440e5bcbcbcbcbcbcbc'
221	b'e5bcbcbcbcbcbcbcbcbc2050c8a0e52045c8d014bcbcbcbcbcbcbcbcbcbcbcbcbcbcbcbcbcbcbcbcbcbcbcbcbcbcbcbcbcbcbcbcbcbcbcbcbcbcbcbcbcbcbcbc'
222	b'bcbcbcbcbcbcbcbcbcbc2050d660fd2045d6b0d4bcbcbcbcbc205039801c20453980b8bcbcbcbcbcbcbcbcbcbcbcbcbcbcbcbcbcbcbc2050be801d2045be8039'
223	b'be801d2045be8039bcbc405a800020502650b8bcbcbcbcbcbcbcbcbcbcbcbcbcbcbc2050d4c07d2045d4c0c5bcbcbcbcbcbcbcbcbcbcbcbcbcbcbcbcbcbcbcbc'
224	b'bcbcbcbcbcbcbcbcbcbc20507610d12045b6700dbcbcbcbcbcbcbcbcbcbcbcbcbcbcbcbcbcbcbcbcbcbcbcbcbcbcbcbc20501f402c20451f4098bc205030202f'
225	b'4098bc205030202fbcbc20503ca09e20453c50abbcbcbcbcbcbcbcbcbcbcbcbcbcbcbcbcbcbcbcbcbcbcbcbcbcbcbcbcbcbcbcbcbcbcbc205076c0de204576c0'
226	b'5076c0de204576c0bcbc205031c028204531a058bcbcbcbcbcbcbcbcbcbcbcbcbcbcbc2050a100d52045a10009bcbcbcbcbcbcbcbcbcbcbcbcbcbcbcbcbcbcbc'
227	b'bcbcbcbcbcbcbcbcbcbc2050d9009e2045d91054bcbcbcbcbcbcbcbcbcbcbcbcbcbcbcbcbcbcbcbcbcbcbcbcbcbcbcbcbcbcbcbcbcbcbcbcbcbcbcbcbcbcbcbc'
228	b'bcbcbcbcbcbcbcbcbc20504e605020454e509fbcbcbcbcbcbcbcbcbcbcbcbcbcbcbcbcbcbcbcbcbcbcbcbcbc205087006120458700d6bcbcbcbcbcbcbcbcbcbc'
229	b'bcbcbcbcbcbcbcbcbcbc205083508920458330f5bc2050ff003c205024404c204524404abcbcbcbcbcbcbcbcbcbcbcbcbcbcbcbcbcbcbcbcbcbcbcbcbc20504f'
230	b'bcbcbcbcbc20504fbc808c20500140b0204526e015205026806e204526e03bbcbcbc205006c0f9204506c021bcbcbcbc20508b808720458b80a320502b800d20'
231	b'80a320502b800d20bc40224080204082f0a0204582a0ffbcbcbcbcbcbcbcbcbcbcbcbcbcbcbcbcbcbcbcbcbcbcbcbcbcbcbcbcbcbcbcbcbcbcbcbcbcbcbcbcbc'
232	b'bcbcbcbcbcbcbcbcbcbc20500000d5204500600e20502400a22045240042205031402a204531401c205053c0e6204553c0d2bcbcbcbcbcbcbcbcbcbcbcbcbcbc'
233	b'bcbcbcbcbcbcbcbcbcbc2050dfc0892045dfe047bcbcbcbcbcbcbcbcbcbcbcbcbcbcbcbcbcbcbcbcbcbcbcbcbcbcbcbcbcbcbcbcbcbcbcbcbcbcbcbcbcbcbcbc'
234	b'bcbcbcbcbcbcbcbcbcbc20504cc05420454c606cbcbcbcbcbcbcbcbcbcbcbcbcbcbcbcbc2050a3406d2045a340d9bcbcbcbcbcbcbcbcbcbcbcbcbcbcbcbcbcbc'
235	b'bcbcbcbcbcbcbcbcbcbc2050c9b0232045c97085bcbcbcbcbcbcbcbcbc20500ac04320450ac0e5bcbcbcbcbcbcbcbcbcbcbcbcbcbcbcbcbcbcbcbcbcbcbcbc20'
236	b'bcbcbcbcbcbcbc20bcbc2050d8f0902045d8c0eebcbcbcbcbcbcbcbcbcbcbcbcbcbcbcbcbcbcbcbcbcbcbcbcbcbcbcbcbcbcbcbcbcbcbcbcbcbcbcbcbcbcbcbc'
237	b'bcbcbcbcbcbcbcbcbcbc2050ed70522045ed209dbcbcbcbcbcbcbcbcbcbcbcbcbcbcbcbcbcbcbcbcbcbcbcbcbcbcbcbcbcbcbcbcbcbcbcbc20509e807d20459e'
238	b'20509e807d20459ebcbc205042f02f204542c00fbcbcbcbcbcbcbcbcbcbcbcbcbcbcbcbcbcbcbcbcbcbcbcbcbcbc2050f140312045f1408ebcbcbcbcbcbcbc20'
239	b'bcbcbcbcbcbcbc20bc2045854006205085d003bcbcbcbcbcbcbcbcbcbcbcbcbcbcbcbcbcbcbcbcbcbcbcbcbcbcbcbcbcbcbcbcbcbcbcbcbc2050760049204576'
240	b'2050760049204576bc20b02050fbe0922045fb60b6bcbcbcbcbcbcbcbcbcbcbcbcbcbcbcbcbcbcbcbcbcbcbcbcbcbcbcbcbcbcbcbcbcbcbcbcbcbcbcbcbcbcbc'
241	b'bcbcbcbcbcbcbcbcbcbc205066a0ce204566d07bbcbcbcbcbcbcbcbcbcbcbcbcbcbcbc2050b700692045b700de20500940eb204522c09320502240ee204522a0'
242	b'502240ee204522a0bcbc2050486001204548105f20500640e82045fa803fbcbcbcbcbc2050eac0502045ea40f7bcbcbcbcbcbcbcbcbcbcbcbcbcbcbcbcbcbcbc'
243	b'bcbcbcbcbcbcbcbcbcbc20502ae02120452a605bbcbcbcbcbcbcbcbcbcbcbcbcbcbcbcbcbcbcbcbcbcbcbcbcbcbcbcbcbcbcbcbcbcbcbcbcbcbcbc20500e20bc'
244	b'bcbcbc20500e20bcbcbc2050a2805a2045a26093bc2050a080cb2045a080edbcbcbcbcbc205076c05b204576c0fdbcbcbcbcbcbcbcbcbcbcbcbcbcbcbcbcbcbc'
245	b'bcbcbcbcbcbcbcbcbcbc2050c410932045c4d0e6bcbcbcbcbcbcbcbcbcbcbcbcbcbcbcbcbcbcbcbcbcbcbcbcbcbcbcbcbcbcbcbcbcbcbcbcbcbcbcbcbc2050ff'
246	b'bcbcbcbcbc2050ffbc40642040f810002045f870ecbcbc2050b440ae2045b4409abcbcbcbcbcbcbcbcbcbcbcbcbcbcbcbcbcbcbcbcbcbcbc20502940d42045c9'
247	b'20502940d42045c9bcbc20507700fe2045774076bcbcbcbcbcbcbcbcbcbcbcbcbcbcbcbcbcbcbcbcbcbcbcbcbcbcbcbcbcbcbcbcbcbcbcbcbcbcbcbcbcbcbcbc'
248	b'bcbcbcbcbcbcbcbcbcbc2050e390932045e3f0f2bcbcbcbcbcbcbcbcbcbcbcbcbcbcbcbcbcbcbcbcbcbcbcbcbcbcbcbcbcbcbcbcbcbcbcbcbcbcbcbcbcbcbcbc'
249	b'bcbcbcbcbcbcbcbcbcbc2050bbb0d62050ce4064205095805120459580f9bcbcbcbcbcbcbcbcbcbcbcbcbcbcbcbcbcbcbcbcbcbcbcbcbc2050ad001d2045ad00'
250	b'50ad001d2045ad00bcbc20502f600e20452f103ebc2050ab40be2045ab4006bcbcbcbcbcbcbcbcbcbcbcbcbcbcbcbcbcbcbcbcbcbcbcbcbcbcbc205039001f20'
251	b'bcbc205039001f20bc20507c40d32050c0f0d42045401039bcbcbcbcbcbcbcbcbcbcbcbcbcbcbcbcbcbcbcbcbcbcbcbcbcbcbc2050f380872045f380a3bcbcbc'
252	b'2045f380a3bcbcbcbc20503c704520453c00cbbcbcbcbcbcbcbcbcbcbcbcbcbcbcbcbcbcbcbcbcbcbcbcbcbcbcbcbcbcbcbcbcbcbcbcbcbc205061401c204561'
253	b'205061401c204561bcbc2050a7d08d2045a700f7205031c011204531c036bcbcbcbcbcbcbcbcbcbcbcbcbcbcbcbcbcbcbc20503d400920453d40aebcbcbcbcbc'
254	b'3d40aebcbcbcbcbcbcbc20509ea0f220459e10d7bcbcbcbcbcbcbcbcbcbcbcbcbcbcbcbcbcbcbcbcbcbcbcbcbcbcbcbcbcbcbcbc2050b7801d2045b780b9bcbc'
255	b'1d2045b780b9bcbcbcbc2050655069204565706d2050f380a72050ff40522045ffc01f205008c08d204508c069bcbcbcbcbcbcbcbcbcbcbcbcbcbcbcbc2050e7'
256	b'bcbcbcbcbc2050e7bc40a3204028b040204520f0f8bcbcbcbcbcbcbcbcbcbcbcbcbcbcbcbcbcbcbcbcbcbcbcbcbcbcbcbcbcbcbcbcbcbcbcbcbcbcbcbc2050c0'
257	b'bcbcbcbcbc2050c0bc00a02050af40312045af107bbcbcbcbcbcbcbcbcbcbcbcbcbcbcbcbcbcbcbcbcbcbcbcbcbcbcbcbcbcbcbc20503c40e420453c4030bcbc'
258	b'e420453c4030bcbcbcbc20503840902045382081bcbcbcbcbcbcbcbcbcbc20508ec07820458ec0c02050a6c0fc2050a620e82045a6c00720505b405e20455b40'
259	b'505b405e20455b40bcbc2050e920fb2045e950bbbcbcbcbcbcbcbcbcbcbcbc2050b900192045b900be20505080b320501d80a520451dc03c2050074054204507'
260	b'2050074054204507bcbc2050ba208d2045ba50e1bcbcbcbcbcbcbcbcbcbcbcbc2050a840d02045a880f7bcbcbcbcbcbcbcbcbcbcbcbcbcbcbcbcbcbcbcbcbcbc'
261	b'bcbcbcbcbcbcbcbcbcbc20506a10ad20456ab089bcbcbcbcbcbcbcbcbcbcbcbcbcbcbcbcbcbcbcbcbcbcbcbcbcbcbcbcbcbcbcbcbcbcbcbcbcbcbcbcbcbcbcbc'
262	b'bcbcbcbcbcbcbcbcbcbc205097e06e205069c048204569b0afbcbcbcbcbcbcbcbcbcbcbcbcbcbcbcbcbcbcbcbcbcbcbcbcbcbcbcbcbcbcbcbcbcbcbcbcbc2050'
263	b'bcbcbcbcbcbc2050bc0080af20509dc04b20507280fe20457230e8bcbcbcbcbcbcbcbcbcbcbcbcbcbcbcbcbc2050de80c62045de8012bcbcbcbcbcbcbcbcbcbc'
264	b'bcbcbcbcbcbcbcbcbcbc20504ab04a20454ac0e0bcbcbcbcbcbcbcbcbcbcbcbcbcbcbcbcbcbcbcbcbcbcbcbcbcbcbcbcbcbcbcbcbcbcbcbcbcbcbcbcbcbcbcbc'
265	b'bcbcbcbcbcbcbcbcbcbc2050a860142045a850b3bcbcbcbcbcbcbcbcbcbcbcbcbcbcbcbcbcbcbcbcbcbcbcbcbcbcbcbcbcbcbcbcbcbcbcbcbc20509840cc2045'
266	b'bc20509840cc2045bcbc20506bb01520456b0020bcbcbcbcbcbcbcbcbcbcbcbcbcbcbcbcbcbcbcbcbcbcbcbcbcbcbcbcbcbcbcbcbcbcbcbcbcbcbcbcbcbcbcbc'
267	b'bcbcbcbcbcbcbcbcbcbc2050365015204536007fbcbcbcbcbcbcbcbcbcbcbcbcbcbcbcbcbcbcbcbcbcbcbcbcbcbc20506780c92045a7801e2050e640502045e6'
268	b'2050e640502045e6bcbc2050f970c22045f920ccbcbcbcbcbcbcbcbcbcbcbcbcbcbcbcbcbcbcbcbcbcbcbcbcbcbcbcbcbcbcbcbcbcbcbcbcbcbcbcbcbcbcbcbc'
269	b'bcbcbcbcbcbcbcbcbcbc205057607620459760cf2050d3805d2045d380f92050d740fa2045d740c2bcbcbcbcbcbcbcbc2050274030204527800fbcbcbcbcbcbc'
270	b'800fbcbcbcbcbcbcbcbc205075e06e20457510b0bcbcbcbcbcbcbcbcbcbcbcbc20506c401220456c40b4bcbcbcbcbcbcbcbcbcbcbcbcbcbcbcbcbcbcbcbcbcbc'
271	b'bcbcbcbcbcbcbcbcbcbc2050e5507b2045e540b8bcbcbcbcbcbcbcbcbcbcbcbcbcbcbcbcbc20503d404820453d80efbcbcbcbcbcbcbcbcbcbcbcbcbcbcbcbcbc'
272	b'bcbcbcbcbcbcbcbcbcbc20505dc07120459de041205078809b204578807d20501ec07c20451ec044bcbcbcbcbcbcbcbcbcbcbcbcbcbcbcbcbcbcbcbcbcbcbcbc'
273	b'bcbcbcbcbcbcbcbcbcbc205041f059204541a0bb205089c07e204589c04620505fc09b20455fc07dbcbcbcbcbcbcbcbcbcbcbcbcbcbcbcbcbc20501580e22045'
274	b'bc20501580e22045bcbc20503e20be2045dee08a2050da40f92045da4021bcbcbcbcbcbcbcbcbcbcbcbcbcbcbcbcbcbcbcbcbcbcbcbcbcbcbcbcbcbcbcbcbcbc'
275	b'bcbcbcbcbcbcbcbcbcbc20501e100920451e70b6bcbcbcbcbcbcbcbcbcbcbcbcbcbcbcbcbcbcbcbcbcbcbcbcbcbcbcbcbcbcbcbcbcbcbcbcbcbcbcbcbcbcbcbc'
276	b'bcbcbcbcbcbcbcbcbcbc2050365018204536f048bcbcbcbcbcbcbcbcbcbcbcbcbcbcbcbcbcbcbcbcbcbcbcbcbcbcbcbcbcbcbcbcbcbcbcbcbcbcbcbcbcbcbcbc'
277	b'bcbcbcbcbcbcbcbcbcbc205080103f204580b0afbc20504840c8204548801f20501f40ad20451f4059bcbcbcbcbcbcbcbcbcbcbcbcbcbcbcbcbcbcbcbcbcbcbc'
278	b'bcbcbcbcbcbcbcbcbcbc20508b604620458bd0c7bcbcbcbcbcbcbcbcbcbcbcbcbcbcbcbcbcbcbcbcbcbcbcbcbcbcbcbcbcbcbcbcbcbcbcbcbcbcbcbcbcbcbcbc'
279	b'bcbcbcbcbcbcbcbcbcbc2050207028204520c009bcbcbcbcbcbcbcbcbcbcbcbcbcbcbcbcbcbc2050eb80a12045eb8096bcbcbcbcbcbcbcbcbcbcbcbcbcbcbcbc'
280	b'bcbcbcbcbcbcbcbcbcbc2050b4900d2045b47013bcbcbcbcbcbcbcbcbcbcbcbcbcbcbcbcbcbcbcbcbcbcbcbcbcbcbcbcbcbcbcbcbcbcbcbcbcbcbcbcbcbcbcbc'
281	b'bcbcbcbcbcbcbcbcbcbc20509a409220451ad0eebcbcbcbcbcbcbcbcbcbcbcbcbcbcbcbcbcbcbcbcbc20503700772050b480732045b44061bcbcbcbcbcbcbcbc'
282	b'bcbcbcbcbcbcbcbcbcbc20507db07020502cb0db20452c80d6bcbcbcbcbcbcbcbcbcbcbcbcbcbcbcbcbcbcbcbcbcbcbcbcbcbcbcbcbcbcbc205039806c2045d9'
283	b'205039806c2045d9bcbc2050cf00802045cf20a12050e540db2045e54003bcbcbcbcbcbcbcbcbcbcbcbcbcbcbc205062409520456240712050b280d72045b280'
284	b'50b280d72045b280bcbc20507080ff204570c0bc2050bb40f72045bb40cbbcbcbcbcbcbcbcbc2050834074204583404820508300e820450c00c4bcbcbcbcbcbc'
285	b'00c4bcbcbcbcbcbcbcbc2050d850172045d8507bbcbcbcbcbcbcbcbcbcbcbcbc205067802f204567801bbcbcbcbcbcbcbcbcbcbcbcbcbcbcbcbcbcbcbcbcbcbc'
286	b'bcbcbcbcbcbcbcbcbcbc2050cc10212045ccd08fbcbcbcbcbcbcbcbcbcbcbcbcbcbcbcbcbcbcbcbcbcbcbcbcbcbcbcbcbcbcbcbcbcbcbcbcbcbcbcbcbcbcbcbc'
287	b'bcbcbcbcbcbcbcbcbcbc2050d690f22045d6f0b7bcbcbcbcbcbcbcbcbcbcbcbcbcbcbcbcbcbcbcbcbcbcbcbcbcbcbcbcbcbcbcbcbcbcbcbcbcbcbcbcbcbcbcbc'
288	b'bcbcbcbcbcbcbcbcbcbc20508080082045806047bcbc205058801120455880b6bcbcbcbcbcbcbcbcbcbcbcbcbcbcbcbcbcbcbcbcbcbcbcbcbcbcbcbcbcbcbcbc'
289	b'bcbcbcbcbcbcbcbcbcbc205005003b2045052059bcbcbcbcbcbcbcbcbcbcbcbcbcbcbcbcbcbcbcbcbcbcbcbcbcbcbcbcbcbcbcbcbcbcbcbcbcbcbcbcbcbc2050'
290	b'bcbcbcbcbcbc2050bcc0406020400c308020400c4000bcbcbcbcbcbcbcbcbcbcbcbcbcbcbcbcbcbcbcbcbcbcbcbcbcbcbcbcbcbcbcbcbcbcbcbcbcbcbcbcbcbc'
291	b'bcbcbcbcbcbcbcbcbcbc2050edc0822045ed1007bcbcbcbc20506180a8204561009fbcbcbcbcbcbcbcbcbcbcbcbcbcbcbcbc20503480df204534807bbcbcbcbc'
292	b'4534807bbcbcbcbcbcbc205081b03220458180ebbcbcbcbcbcbcbcbcbcbcbcbcbcbcbcbcbcbc2050fd80352045fd8089bcbcbcbcbcbcbcbcbcbcbcbcbcbcbcbc'
293	b'bcbcbcbcbcbcbcbcbcbc2050e2a0cf2045e2d027bcbcbcbcbcbcbcbcbcbcbcbcbcbcbc20501840f020451880cfbcbcbcbcbcbcbcbcbcbcbcbcbc20504e404c20'
294	b'bcbc20504e404c20bcbc2050af204d20452f3012205085c0e9204585c086bcbcbcbcbcbcbcbcbcbcbcbcbcbcbcbcbcbcbcbcbcbcbc20508440f42045844028bc'
295	b'40f42045844028bcbcbc2050a7b0ae2045a780c1bcbcbcbcbcbcbcbcbcbcbcbcbcbcbcbcbcbcbcbcbcbcbcbcbcbcbcbcbcbcbcbcbcbcbcbcbcbcbcbc2050a240'
296	b'bcbcbcbc2050a240bc002050cfc0062045cf90a6bcbcbcbcbcbcbcbcbcbcbcbcbcbcbcbcbcbcbcbc2050a680ab204526809dbcbcbcbcbcbcbcbcbcbcbcbcbcbc'
297	b'bcbcbcbcbcbcbcbcbcbc20501510f020451550f5bcbcbcbcbcbc20500220f32045022099bcbcbcbcbcbcbcbcbcbcbcbcbcbcbcbcbcbcbcbcbcbcbcbcbcbcbcbc'
