Voltageboard settings: [1.1, 1, 0, 0, 1, 1.1, 0, 0]
Digital: {'interrupt_pushpull': 1, 'en_inj': 0, 'reset': 0, 'extrabits': 0}
Biasblock: {'DisHiDR': 0, 'q01': 0, 'qon0': 0, 'qon1': 1, 'qon2': 0, 'qon3': 1}
DAC: {'blres': 0, 'nu1': 0, 'vn1': 20, 'vnfb': 3, 'vnfoll': 10, 'nu5': 0, 'nu6': 0, 'nu7': 0, 'nu8': 0, 'vn2': 0, 'vnfoll2': 4, 'vnbias': 0, 'vpload': 5, 'nu13': 0, 'vncomp': 2, 'vpfoll': 60, 'nu16': 0, 'vprec': 15, 'vnrec': 2}
Receiver: {'col0': 68719476734, 'col1': 68719476734, 'col2': 68719476734, 'col3': 68719476734, 'col4': 135291469822, 'col5': 68719476734, 'col6': 68719476734, 'col7': 68719476734, 'col8': 68719476734, 'col9': 68719476734, 'col10': 68719476734, 'col11': 68719476734, 'col12': 68719476734, 'col13': 68719476734, 'col14': 68719476734, 'col15': 68719476734, 'col16': 68719476734, 'col17': 68719476734, 'col18': 68719476734, 'col19': 68719476734, 'col20': 68719476734, 'col21': 68719476734, 'col22': 68719476734, 'col23': 68719476734, 'col24': 68719476734, 'col25': 68719476734, 'col26': 68719476734, 'col27': 68719476734, 'col28': 68719476734, 'col29': 68719476734, 'col30': 68719476735, 'col31': 68719476734, 'col32': 68719476734, 'col33': 68719476734, 'col34': 68719476734}
Namespace(name='chip602_130V_15sInj_optimizedDACs', outdir='../../kit-adl/cleanAstroPix/amanda_python/logInj/dacScan/pixScan/optimized/', yaml='config_none', saveascsv=True, inject=True, vinj=None, threshold=None, maxruns=None, maxtime=0.25)
0	b'9de0532078762049bcbc20783c906420213c9000207811c0f920212e600f207817a07720787e10f12078b7801020789600f2207877102320782ac0d020212a70'
1	b'782ac0d020212a70bc6020780260d2202002008620608f205820789ee0ff20785140f22060ccc0de20783b20c42078016018207840502e20786a709b606a709b'
2	b'786a709b606a709bbcbc20780270fb20216520e5207865206720782a606120218c909e2078f5d0b92078e4b0e32078a22042207837909f2078ea20ff20788820'
3	b'78ea20ff20788820bc00207891d095202191201120784a10f72078f9501a2021f950302078b3b07c2078bcc0412021bc005a20781c202c20786100b42078da60'
4	b'786100b42078da60bce0207853c0352078803080206038208a2078db605b207844a0fb20214fd01e20787c1087207897908320780e80c22078ad90302021ad90'
5	b'78ad90302021ad90bce02078b5a011207820c0ec2078c0908b2060adf0d52021ada074bc20780a904020210000e02078c020fb207800400e20200ef0c020606a'
6	b'20200ef0c020606abce0672078ef80d52020efe00f20605890082078bee04f2078e010b72060e1a040207899a0dc2078c4a02020782ff0e020212f90ff207840'
7	b'20212f90ff207840bc60de2078b0b01f202176a03f207876e02e207810203420786b60ad20786670a2207841c0452078e020212078e360fb20788c107720218c'
8	b'20788c107720218cbcbc2078e7a03e20784260492078f5e0e420781850fb207846600d207842102d207856407020783fc05320784df04c2078e430a420786de0'
9	b'78e430a420786de0bc402078a0d009202134e0a0bcbcbc20783e200720203e20a3206034305f20216300002078e2302a2078b9603b2078e4a002207873a04920'
10	b'a002207873a04920bc6079c055207880e08f20786f20cc20206f50072060d4d06020215dc0ce207800a0b3207829308020604c20392021ed00a02078d7e09520'
11	b'00a02078d7e09520bc206c00f8206051d09020789a60b520783160f8207874406d202133f09620784cd0bc2078bd10312078b7204820784b7054207864c0d920'
12	b'7054207864c0d920bc60c2109d20781b60aa20789a00982078d9a0e0207812609b202112308f2078ac10972021f790b82078da601e207857707f2078bc500f20'
13	b'707f2078bc500f20bc60cc20d620786440222060c950d420786000e0207826c00f207880a0402078a030b52021a980982078a990d520781830762078ca809220'
14	b'30762078ca809220bc2039a0df2060f4c03020215bc07a20786090ac20788be0002078b410022078f7d0282078f2e0fd207883d05120218360bc207833e0d520'
15	b'60bc207833e0d520bc2087c0042060cc00a32021ade0412078ad60b820604620d92078b860f520784aa02c2078f490a6207899606e2078bd20f0207839106e20'
16	b'20f0207839106e20bc60ad209f2078de404c2020de803720608510e82078e760fd2078c5902f20783bc0232078b220cc2078d8703b20787ca06720785c90cf20'
17	b'a06720785c90cf20bc60e4e0ae207844e08120788a00e820608720632078b6e02720788d40c920208d401f20603c105220780ee0c120210ef02620601c706e20'
18	b'f02620601c706e20bc60c820c920789080ea20784b103420784b10972078f350682021f3103a20781590f12078e2906a207811c00d202111a09f20789b20e520'
19	b'a09f20789b20e520bc60357074207833e02e2021339083206027e036202127e09c207800d0c82060d51097207858800220783910b3207857201d207865103620'
20	b'201d207865103620bc2068607420601aa02b2078ed805d2078dc803e207885109020780800d52021080030207880a05020781dd0d9207860c04220781e206320'
21	b'c04220781e206320bc2078b5e03d207827403b20212720022078a8c0b52021a8c04920783f30742078fea0792078dba01e20215b20a520786d2067207858c02a'
22	b'6d2067207858c02abcbc2078c9a0c72021c950f120783420ec2021ab608d20784c90b920786390cc2078ace0f82078a5e09c20788ca02c207819103f20211940'
23	b'7819103f20211940bca020782e20612078f520aa2078e4907f20216390dd2078acb090207871107120782c2067207826208120788b408b2078b5e0db2078d0a0'
24	b'78b5e0db2078d0a0bca0207818b040202118e03c2078bec0a920784fc0602078e3d0072078f210152078c980ac20782c2085207833e08e20781f203020782d20'
25	b'781f203020782d20bc202078bcd000202191e0a420789120bb20784e201b20788d20ed2078a6c07120780fc043207872207c20217220912078a1b04a20780730'
26	b'78a1b04a20780730bca02078b580bd2021b5009620783ec0b3207850c0832078b950f82021b9806220782320e9202123207e20789aa01c2021f4e0da20788e50'
27	b'21f4e0da20788e50bc2020781140c020780d00a0202194a04a2078b990ac207810109d2078e1c0c42021e100d72078ada0162078ad50b82078f5b05a207830e0'
28	b'78f5b05a207830e0bce020781170cb202100407820608e705720780b00c020210b603b20780720a1202171a0782078e060d6207871a0352078abb091207814a0'
29	b'78abb091207814a0bca020784270ca20214200bb2078ac608e20789a600d207882e03020781e708c20784cb01820780500632078b3200660b32006207893e0f7'
30	b'b32006207893e0f7bcbc2078d9a0902021d950402078ba10782078b920002078ec20d72078e3203d20788c60df2078a730bc20784ee08420781bc0f820215610'
31	b'781bc0f820215610bca0207815803920211500b920788460012078c9102120787a104b20783d60a820781fc0d0207807e07920780790a220211bb09f20784c70'
32	b'211bb09f20784c70bcc020784ec046202180c0202078fc20e02021fc2021207800a0532078cb90e020785cc0bb207820600d2078e0b0122078c920192078bce0'
33	b'78c920192078bce0bc0020788200552021e560922078c0e0372021c0d0e2bc2078511070202151e05b2078e4700b207881a0f7202181203c207871500e202171'
34	b'207871500e202171bc00e02078eea0f2207820e0d6207880606020786b10bf20206b105620607920752078e0c0412078e060d52078f790712078c520e12078e0'
35	b'2078c520e12078e0bc00c0207837e037202137e04620601920d02078f240f52060a320d320781600a020786d20512078d0c0dc2078d3201920789820af20785f'
36	b'20789820af20785fbce0a22078c2806a2020c280182060c610a22021c880e72078e1100c2078a7304420784ac0f6207828108e2078f680a72078f5c0eb2078ce'
37	b'2078f5c0eb2078cebc20ac2078fb60fc202179501020782830ff2021c840b02078fb30a620786a10c22021d090ca2078b1c0cc2078ef10e22078a420e52078ef'
38	b'2078a420e52078efbcc0a220786010fc20216cc0a020788f801f2078ba50bd60ba50bd20784a80f12078a320c92078ea201a202107802020785250002078a3c0'
39	b'785250002078a3c0bca02078cb50e52078a420f020214d30a22078f4802e20788d700d2078b49070207886003f2078a0101420785970fc2078abc0b520211d40'
40	b'78abc0b520211d40bc002078cc40c82021a930632078133014202113e003207880606c20781ca0f520788010a120782e407b207893201a2078a950dc2078e0c0'
41	b'78a950dc2078e0c0bc80206005e0fe20785dc08e202140e002bcbcbcbcbcbcbcbc2078c320d32021c3204dbcbc20788020ca608020ca20787940c220609850f4'
42	b'7940c220609850f4bcbc207866204f207866609d2021b8605f2078b8c0ea20780460822078beb05720212890e020781ed03c20789d20b920219d303420781b10'
43	b'219d303420781b10bc6020788f009e2060d810f12078fe004020212010a52078e090002078bf90c22021a920522078fb70c520789190f020211190b02078f1c0'
44	b'211190b02078f1c0bcc02078218098602190982078f7c0ff2078e0208420784ae03220780560ac20787c108620782b30792078eff0db20784dc02f2078c8a0ac'
45	b'4dc02f2078c8a0acbcbc6076c0ed20783ce041207869c0b4202069c0c82060e3a032207896a078207833d0002078a4c07d207885200d20787c50c02078c52050'
46	b'7c50c02078c52050bcbc602f80a220781fa0812078f960e02078bf902d2021a0305a207845200b2078dcc00520782050b72078c080c62020d0e04c20604ee037'
47	b'd0e04c20604ee037bcbc207856606d20787e00572021a8406520783ea0f920786dc0f3207811100c20787b90ba20781960d02078b060d1207891d03f20784710'
48	b'7891d03f20784710bce02078aa207c2021a0e0ed207830206e2078ba20d72078b320d62078942031202194800f20781e107520789b20a52078be10862078db20'
49	b'78be10862078db20bc80206005801c202105c07a207860c051202161c080206092204f2078e3206120785a20dd20788fc0442078e020492078acb0a4207871e0'
50	b'78acb0a4207871e0bcc02078f4401978e050192078f5207d20788a10c92078b050392078c2208720785860282078586049202158b0b720784190a2207878a0e3'
51	b'4190a2207878a0e3bcbc60c6309120787400402078a0503b2021a1e0c720786110db2020acd02c20602110b420784b206b207899c0772078e0506220781510df'
52	b'e0506220781510dfbcbc20787100b020217170e7bcbcbcbc207840606e20218260d7207882206c207837c07420787910752078c060bb2021c03069207887c047'
53	b'c03069207887c047bcbc20784180ae202141c05dbc207825c09f20216f108d20783210bf20787920bc20785460982078bf6050207806b09a2078b350682078f4'
54	b'2078b350682078f4bca00b20788d302020788fa0402078a0f0972078db40532020dbe06c206002600e20219e408520609e20be207812a01a207877c02020788e'
55	b'207877c02020788ebc20212078fb402878e050282078e9006b2078aaa0ef2078d920aa202121b04b207857502720780640cd20788010ab2078aa20b820780f90'
56	b'78aa20b820780f90bce0207831005a207860a07320788250c0202193803820781230902078a3d0b9207814e0312078c3901b2021d290ad2078d50097207834b0'
57	b'78d50097207834b0bcc020783ac01a202100807820781fc0ab20783dc093207882201120218210182078d600d920213f40ca20782ae0c820780f90b22078b0a0'
58	b'780f90b22078b0a0bce0207892a0b120214000a520784f600b2021dee0da2078de202920788620232078f3403a207886b0162078ed20a5207801100c2078f7c0'
59	b'7801100c2078f7c0bc0020781700a1207808602b2078bca01a2021bc304a2078f420d020783820ae207831a02d2078e310742078115069207825c083202125f0'
60	b'7825c083202125f0bc40207800e00c202105b0442060d4205b207869c078202160f0152078ade0402078c0a0a020605d50b32078f8c0e62078e0a0d020783aa0'
61	b'78e0a0d020783aa0bcc0207803c0022021e0f0fd2078f520ad207898c05a6098c05a20789460f920788920a6202189e05d2078dac0752021dac0292078ed2041'
62	b'dac0292078ed2041bcbc20780fd045600fd0452078f1c0b6207800c048207840204220780370f8207849e09b20784bc0a3207816507c2078b420222078b6b070'
63	b'b420222078b6b070bcbc6070e06c2078b0401f2060ca1037207801c03d207840705b20784e00f82078c4207c20781d206d2078a29056202187a0e320780c8000'
64	b'87a0e320780c8000bcbc607dd06920787f803e207868605e2078d3902020219620a62078dd30652078b2201d20784da04920786ae01a2078c390d62021063070'
65	b'c390d62021063070bcbc2078bf20812078f9c0252078f9607820783620d120787060bb207870e07020782f2015207821106a20786520ee2078daa01520781be0'
66	b'78daa01520781be0bca020781a50ab20211ac065207837108b6037108b207847205820786800a020787bb04c2078ec208720789310ee20219360f72078f0a0cf'
67	b'9360f72078f0a0cfbcbc20780e307e600e307e20783a80d020213a10532078ae2089207877c0792078d2b03220780540c120784e10d920784ed08020214e9073'
68	b'4ed08020214e9073bcbc207896c0ed207859c05b207850c0d82021bd20352078ecd0df2078be00a32078e0504e2078c5c00920785020ef202150a00520789840'
69	b'2150a00520789840bc0020785f50fb2021dac0d520787e103520780c9096207803109a2078c03075207893a0f820780bd09c2078f9907a2078d250c02078d230'
70	b'78d250c02078d230bca0207845e0632021455078207815b0f3207838207a20783ac0af2078cb40d12078f650a620786b401720785ea0e2207828a04d20788920'
71	b'7828a04d20788920bc002078a4508c2021a4c0e9207855200760552007207843c01820782060152078e01022207856d062207811c040207856309e2078ab6095'
72	b'56309e2078ab6095bcbc60dc203b2078a020c02078fa20722078bea0e92078bad0202078b180a02021b1703820780b3011207890505d2078b92034207870e0e4'
73	b'b92034207870e0e4bcbc2078d8502f2021d8805c207837207920213720a12078e4e09b207815a01d20781b30bd20211b30a420788b20b3207811d0902078afc0'
74	b'7811d0902078afc0bcc02078c9e0c520219f802120608ec0c820788340542060041011780410002078d2602f2021d240332078602088207847208a2078fc3072'
75	b'47208a2078fc3072bcbc607310df20786be01020216b40f920607a600120217a60e62078d1208420784bc087604bc08720783480132078b5100820781340aa20'
76	b'100820781340aa20bc602bc0ff20781320f3207813a0b22078b5d040207840f0b12078f930362078acc09f2078ac605520782ce0a32078e2b0642078c3a00920'
77	b'b0642078c3a00920bc6014f04e207867a0d720782460802060b7509b2078aae0ce207867e0df2060282060202128a0a4207870a0c02021fb40792060fba0f320'
78	b'40792060fba0f320bc209810292060bac01e2078df804520784ef05e2078c76004207856d0fe202156004bbcbcbcbcbcbc2078f4a09a20780e200e20783be05f'
79	b'0e200e20783be05fbcbc2078f3907f20784ce08c20787dd0c620786880a8207812c0ab20788c10d22078e1b01b207890a027207886c0436086c0432078f820b4'
80	b'86c0432078f820b4bcbc207852f0e7202152109520782ce0162078ea20ce2078e010ce20782d20b12078cf70a02021952085207895c0acbc20782f20b820212f'
81	b'20782f20b820212fbca0ed2078e7f0a02021e7a03d2078bbb04a20780680e2207843e0d0207820200f207863104e2078a2c08560a2c0852078d3203220784f40'
82	b'78d3203220784f40bc802060b920f820788940a62060a340c62078bcc0cf2078401025207814208f20786da09320783420fd20784b503920784ee0692078cfe0'
83	b'784ee0692078cfe0bc602078c5006b2020c50066206001e0002078018017207816d04b20789920912078e6b02c2078b1c09e2078dec0502078dec00320787220'
84	b'78dec00320787220bce02078539047202140d06920784ed0dc2078f3c041207805601f20784700bc207889606920786d8054207839101d207807b0d520782ac0'
85	b'7807b0d520782ac0bc80206061d08c207861208e2078ef20ff207866c0cb2021c0803220608910b420786fa06120789ee06020219e202d2060dae03120780400'
86	b'60dae03120780400bcbc2078ce50732021ce3052207827c0a7207845905b207860904c207841c0032078cc40be20785de09f207830c0262078d9a04620786410'
87	b'78d9a04620786410bce02078984087202180e0402078c020f520601720902078bd80402078ab20e52078f5e02f207840a0be207839309420782c909b2078e380'
88	b'782c909b2078e380bc602078779094202077607c2060cd203d2078bc20282021bc00202078ca70802060d120192078da805e2078492083207878202720785be0'
89	b'7878202720785be0bc6020787820d6206041a07720782740e9206082c02a2078b760f720782610fa2078ab102720783230a020213bb0b720783ba0362078b710'
90	b'783ba0362078b710bc0020785e104520215e300620784ac005207853a067207860c08520785b60b22078ea103420787db04f20781a208820211a307620785aa0'
91	b'211a307620785aa0bc202078744020202174304020782020f02078a090bf207803a035207886b0e02078a5403d2078a0804a20789340502060e8e0a520786920'
92	b'60e8e0a520786920bc00207852a0c4202191a0772078b0208c2078b13069207810105120782e00a320788b500d20788140922078d770d02078e1e06b2078d030'
93	b'78e1e06b2078d030bce02078b7a0532021402028207832601f202132503a20784620f8202146206020784d107f20782810fb207841305c207878307820786110'
94	b'7878307820786110bca02078aa00352021aa508f20781da06420788c5064207836a05820787890672078d6109b2078d4c09420782390942078bcc0c520782380'
95	b'78bcc0c520782380bc20207849d060202123d0e7206074a0ea2078a30060207858608a206031107d2078780080206093a06a2078ec40862060dd10fe207858a0'
96	b'60dd10fe207858a0bc002078fa206b20217a60d72078dca0ec2078ddb05920789c006f2078de206d20781f200220782d101020786cc03820786930a5207814d0'
97	b'786930a5207814d0bce020787c2023207860e0702078db90e02021dbf01920782020432021e020d720784530c920780820bf2078c3b01e207836a01520787700'
98	b'7836a01520787700bca0207844d0d920214410ec207897609220789750b22078d3502c2078d3d0a5202143904b20780a602a2078c5f0ba20786c906120783620'
99	b'786c906120783620bc4020784040b920214c80382078d0c0bf20787cc09720788710a3202187006220784bd0872078d4e0002078ce203120782cc0ea20212c50'
100	b'782cc0ea20212c50bc00207821101e2078a6602f2078a5a0ea2078169078207833e0d82078d6e0252078eb40e520789220b420782520d520211690dd20782bd0'
101	b'211690dd20782bd0bc2020786e0040202160f0f02078e7e0c0207822409720601740fe2078f5006020788700e42060c190df20214160112078e2a04e20787810'
102	b'78e2a04e20787810bca0207895b0ee202195406d20781420ac20787d402520212a90d320780b70e3207842109e20784760a12078a6200e2078e190a12078a0e0'
103	b'78e190a12078a0e0bcc02078e80060202151502020605120e320782c008020202ca05920606540ff2021dfa01920783c3080206057d078207818c04b2078c010'
104	b'7818c04b2078c010bc202078bde0c020215e40e820603db09520788200e020788b101420784010cd207853d0bf2078662064202166b06020780020db2078c510'
105	b'780020db2078c510bc60207870c06b206094d0f3207892c0862078e010de2078d6f0dd2078f7c0f12078e9e04b2021e960192078b920ec20785410c4207889c0'
106	b'785410c4207889c0bc002078014020202101805020784560e5207837a0d1207892a00220219250f42078b290442078bf902520783ac02f603ac02f2078402076'
107	b'3ac02f2078402076bcbc2078c0e0352021b6606a20783300af202133a07b207883902d20780210d62021eb60d22078e690422078e650412078e650c4207895f0'
108	b'78e650c4207895f0bcbc207865d03420216b50422078a2702160a2702120783fe0db207809108c20605270ca207826407e2060d8c0be207889a0c92021fcd040'
109	b'89a0c92021fcd040bcbc2078989021207898b0ff207853a00d2078b83076207839c0b720782ba0c020786be0fe207880903f20785dd0d62078cc501420217340'
110	b'78cc501420217340bc2020781c408020601c206520783b804e20783b50e520784b90fc20781fc0ac20789de09c20219d80a220782b30dc20782bb0ee20788320'
111	b'782bb0ee20788320bc8020603920dc20787fa0bc20788e9000207858605c20785810b5207835a00320784160722078abe0b82078ee30162078ef20d42078e620'
112	b'78ef20d42078e620bca02078e9a00e2021bac09420782d506720216a906520785b606120785b504d20215b800b20781c50632078f920032021f9f0b820785520'
113	b'21f9f0b820785520bc0020780dd030207801e0ce207801904920782220d620786120e82078e8a0802021275098207886d0a720781bf08620211b4013207801a0'
114	b'211b4013207801a0bca02078fbb08a20785c201b2078c9e02520783a506820783af086207850a0ba20781620c820788410fa207833905c20780240762078f520'
115	b'780240762078f520bc2020781020c02078e3603f20785030c7207889d01c2078f320882021f3c089207898e0ba20787e6061207890903020782ac01620780b80'
116	b'782ac01620780b80bca020781c605d20211c00c3207818608a2078b590c6202162208620788be07b20786c40c1207865501b202165d04f2078ed90e62078dc40'
117	b'78ed90e62078dc40bc20207889a06020218900c12060a720a12078f5c0042078c0a0ca2020d7301520603820452078de60142078b840bf20781dc0222078f860'
118	b'781dc0222078f860bcc020785680ae202183a0b42078bc00c420780d505b20788020eb608020eb207824c0b12078a010952078d760b7207841b0b62078bdc05d'
119	b'41b0b62078bdc05dbcbc207812506b20211290d420784f20b02078e1a03c20785230422078fe200220786f200420782360a62021d2104420788dc0f320785030'
120	b'788dc0f320785030bcc020785c40052020cdb09120602d20922078b920092021b9c0702078a020942078172092207889c0fd2021a0002a20788a008020606dc0'
121	b'788a008020606dc0bc402078202096783c20962078860040207820a0362078c0a08b2060ae40212078b280dd2021b2c0d62078b1c0fa2021b1c0a220785f40ab'
122	b'b1c0a220785f40abbcbc20782a50cc2021d100c520784450f920789980c520783d008220782e10a82078c5d095207886d0782021864065207891909e207850d0'
123	b'7891909e207850d0bc8020608d506120218d803620784ec09d2078da70cd20788b80f12078e2607d20780530b720210560842078479095207847d0ab20781510'
124	b'7847d0ab20781510bce02078f390142078e0500e20215600c7207879d0772078d220a72078c770f82078e6500720789bd01d207844209a20784d60aa2078ce70'
125	b'784d60aa2078ce70bc2020787ae00020217a8096207800108420786e605b20210f207920780f60a4207858a0112078ccf008207845c04a2021b1407f2078f7f0'
126	b'21b1407f2078f7f0bc60207865708b20201bc08c206092007f2078a6a04920213240402078a0e0ad20783460482078bd107d202112105e207812c0f320786ca0'
127	b'7812c0f320786ca0bcc020783540522060eae04320783ee0b22021a2908a20603a502c207800a0e320781df0202078f020c020782aa09520212a80c02078bf40'
128	b'212a80c02078bf40bc202078af70202078af80202078666000202170b08a20783960fd2078f030bc207889309120785b10c820786e50322078bb80fd20786950'
129	b'78bb80fd20786950bc2020787a40c020217a0040207880c08020603df09c2078f86032207823b025202123a0922078ddc0af20789a6009207889704320788020'
130	b'7889704320788020bca0207869105b2021697002bc20785ba0ff20215ba0b320789d205c2021b0e0c12078f2109620780890ea2078ae801f2078d8c0162078b1'
131	b'2078d8c0162078b1bc00c020783ba01d20783b50202078b260402078c0a0fd20607ab081207887c0fa2021806040207800e0392021e1509a206047d0ab207806'
132	b'206047d0ab207806bc00c020787380d42078e020cb20780d609a20789f30d92078b550f72078ff005520788e7088202178b0ed207876000a2078db206b207899'
133	b'2078db206b207899bcc0612078a0f0e92078b900002078d210e6207826c0dd2078bc204f2078eda0ab2078a890612021a890fc2078b0208b2078536068207872'
134	b'2078536068207872bc204d207849c05f2021401078207840a050202140200f2078f350962078ceb0122078a05048207886804a20780bb0d920784e103b20782b'
135	b'20784e103b20782bbc002020783950602021d9808720603940f920213940a1206038c077207847407f20205ec0f32060a7706d2078c420b620781d2046207882'
136	b'20781d2046207882bc00402078a0d0ac2021a90080bc206085e0702078f3e0a62021f3703020606bd0c4207882605a2078ab900220789ae0042078e3d0152078'
137	b'042078e3d0152078bc20207b2078c0c036206006c035207813a0c020786220a020789f80e1207839108a207880605f207869007020788060f420780a20982078'
138	b'f420780a20982078bc20200f207840f00c20781420a1202114c0392078cc106b2021cc1045207884a0dd20783160a1202131d0cf2078b720c82078b760852078'
139	b'c82078b760852078bc0000e02078beb0bd20784020fd20788c202920218c907c20782210da207887e032207890308f20781d10552078cae03b2078ca90ed2078'
140	b'3b2078ca90ed2078bcc0a02b20605310a6202198c0e0207880d0c020785520fc20785900a0202159c03d2078b9a05e2078a450be2078fe40ab2078b040112078'
141	b'ab2078b040112078bc00408d2060c490e278c490e02078f750152078a0c00b207859c01a20214030052078f020fd2021f0202520787da04e20783ae08e2078bf'
142	b'20783ae08e2078bfbce09920789b90992020e230502060e2203f2078dcc040207860e03320785c50c020788d000020218da018207853e0012021c290512078d5'
143	b'2021c290512078d5bc608520783f205e20213f90d62078e3e0e72021e3e0d920789220f120789210992021b7900620782210d6207895c0bf20219520812078eb'
144	b'20219520812078ebbc00c02078f1208d2021f14055bcbcbcbcbcbcbcbc2060a3e0862021ffc099207800206120781d40f6206028901a20780b000020783610cd'
145	b'0b000020783610cdbcbc207802f0e5202102205e207873e0872078b8a05120780ba0c820789670b42078cf20e52078e630a9202107f0bb20789050b7202190e0'
146	b'789050b7202190e0bc40207800a06720783660a020787330fa20217310c8207855c041202155c0162078fba0b22078fbe0862078d1102620218ac0a620788a20'
147	b'218ac0a620788a20bc0020789620482021969073bcbcbcbc20785f20fd605f20fd2078e980762078a4d07c2078122030202112409520782910362078b0905120'
148	b'10362078b0905120bc204cf03f20600000362078c6c08b207800c07b20788020e02078e850b6207820c044207800202620211880122078744097207881504f20'
149	b'4097207881504f20bc6011e06020783ce0af207876405c20602870c120780e20022078a0a0b22078ba60002021bac022207893c0cf202193c05b20784510c720'
150	b'c05b20784510c720bc605b800420786ae0bf20216af07d2060cfc09b2021cfc0fd2078e020042021f0206020781220612021ad10b82078b8d0802078d1600d20'
151	b'd0802078d1600d20bc6043102a2078b9004020788010e0202188c02a2078206082207820f016202120a0942078e0600b2078bfc0e82021bf90d92078a7c0cd20'
152	b'90d92078a7c0cd20bc20aad00e206030802120784ae07120214a102c206036501c2078cf000020782e303e20782ef0752078186002202118e0c92078da10d920'
153	b'e0c92078da10d920bc6006301f207864204b20788dc097207820801c202140a0112078f7908c207873b057207886008c207833307b2021b290e12078b220cc20'
154	b'90e12078b220cc20bc20abe08b20602720897827208020608a40212078c8e0e0207863c02120609c707820788d60192078dcf0f020782d109e207890a0592078'
155	b'9e207890a0592078bc801060207886a04420608660ac202136c07820788090402078c0500a206041c0e5202141e0fc2078b6c05c2060732040207845c0d12078'
156	b'40207845c0d12078bc4004206023100f207823203a2078ba40a520605f506d207874e0537874f053207840208320787520ee20780fc07d20218b307020786c00'
157	b'218b307020786c00bce0207826304a202120809e207840206d20787390a92078a8e0bc207851c0d62078b460bb207883205c2078a020dc60a020dc207884c0dd'
158	b'a020dc207884c0ddbcbc2078aff02e2078f8e030207859b078207859b0152078d1a0082078f520d52021f540742078edc041207859f0142078c7207b20780a20'
159	b'78c7207b20780a20bca020784fd00420213a20af20782d60c920780420452078ddc0b120788a60262078b3b0932078c0a09620786be00b20216bd0ca20781fc0'
160	b'216bd0ca20781fc0bc8020609070af20219040bf206075103a2078cea03f2078cee0e02078ee60a320782080f9207840e08920782b703620212b707b2078ef50'
161	b'212b707b2078ef50bce020786f10ef786f00e02078c130ea207880c0e0207841b073202140603120787690ad2078bb90e220784a10aa20783de0b020789c20c8'
162	b'3de0b020789c20c8bcbc20782760cd20781f200d2078ee20262021908000207890a0dd20789860b120783c70f3207820100120788ac01e20781720e02021d9c0'
163	b'781720e02021d9c0bc802060cf80472078cf2013207886406b20602b20b8202131600320781f10ea2078ce60cc20785bc0232078c220502021c2107720785a50'
164	b'21c2107720785a50bce02078076029202100e079207889e01620603540cb2078b6c0042078a0107c207856204e207828e07420212810ac2060e4d01020783620'
165	b'60e4d01020783620bc6020780150c32060fb40ba2078c660c12078ad202e2021adf0532078e7e0ab207814d02e207893a0f820787c30472078b9a036207836e0'
166	b'78b9a036207836e0bca02078ffd08c2021ff70972078b930aa207854107a20215420322078dc20752078deb0c220783cc09e207809608f20788ba09820780560'
167	b'788ba09820780560bc402078c0f0f4206061a0202078eb00602078da7057206040e0b32078fe20b02021fec09b2078c00052206023205a207829804a20789890'
168	b'7829804a20789890bcc020781200002078bae0112021baf0ebbcbcbcbc20785f203620219f208abcbcbc20780690a9202199b07920789920aa20785950a42078'
169	b'aa20785950a42078bc2030db2078e050a320789920f02078bfa0fa20785a20f820782b20dd20216de0ad20784cd06720214c10302078b010cb20210db08e2078'
170	b'cb20210db08e2078bc201050207880d0602078ddc07b206052d071207811607420784630992078b3a01020781210be20783d403f2078bc90072078e7e0f52021'
171	b'072078e7e0f52021bce0e06f2078414047207841407720788c90082078ad90482078a4e00520786da02720216dc0b920787520bf202175205320780b906a2078'
172	b'5320780b906a2078bca0e01820784600a020784fc06e2078c4c08d2021a070132078a0a0aa207890106e2078a2801b2078a770282078e4e0f520783ba04b2021'
173	b'f520783ba04b2021bc0040542060efa0dc78efa0c020783b80e82078cab014207883f0b72078e4604c2078b620af207804206c202104b02920788010db2078eb'
174	b'20788010db2078ebbce05f207865307978603079207818506020786bb085202066606d20609d60a720219d207a20785bc09c2078a0e0d820218780612078ec30'
175	b'218780612078ec30bc402078e0b01a2078e850722078e8505f20789f00da20787ae04920217a304020780820612078bda00f207892a0b3207800909820785e00'
176	b'7800909820785e00bc202078288020202128b0602078192019206072d0042078e56050207812d0532078c5e0852021b240102078b22022207848a008207895e0'
177	b'7848a008207895e0bca02078e370cf2021e3b0d1207849e07420782a70bd2078d5007a2021d560e1207841e0212078dfa05820784d908020210ae0a020780d70'
178	b'210ae0a020780d70bce020789d109520784020e82078ee30602021eef02e2078430067202143003320781c107e2078cd207a2021cd30d920785d2005207805c0'
179	b'785d2005207805c0bc6020783b104b20209cf009206049b04d2078570060207819908a206078e09b20784ca0912021187040207860309620217910002078fac0'
180	b'217910002078fac0bc00207858108c202158604320781cd07f20785de0f320785d90862078ee20d8207868203f2078ae506a2078cf1019207869602020781810'
181	b'7869602020781810bca02078d4d03220781ac0ca20785f20fe20781280d220786920fb20783c207c20786310bb20788e103f20781ff08320781f404420211f30'
182	b'781f404420211f30bc202078a1100020780570be2021a4309820789110f6202168a09b2078be10272078dd40202078f59062207874509420784940fb20214910'
183	b'784940fb20214910bc802060c3005020780f0000207878c0d2207893202b202193d0a920780b70402078d2001120785bd0d92078e0409120214fb08a2078a6b0'
184	b'214fb08a2078a6b0bc802060922088202192602520786d20c620785220c520787b70e32021fe106520785f10cb20784a40cd20213fd0b5207878605720784d20'
185	b'7878605720784d20bc0020787d004b207894a0e9207876b0002078fd10f320786840b72078c9c07e207802109820785f506020215f708c20787be0d52078e180'
186	b'787be0d52078e180bc8020606740af202167407d20608340bb20782fe0bb2078712098206087c0372078092033207847000020784ee0be2078c8e0c82021c850'
187	b'78c8e0c82021c850bca02078b5e04b20787ac00520217ad0d6207824a02e2078f3e06620783f20be2078b620d72078e46072207813906f207866d0c62078ab10'
188	b'7866d0c62078ab10bc0020785d606c20215da0d6207870e0942078cdc08d20788cf0ec608cf0ec2078a4407f2060d1a02f2021d16094207879c0192078704067'
189	b'79c0192078704067bcbc20789cc00220219c70092078a8607820788ec0c52078bbe0532021bb500b2078b020942078cea0d92078eba03f207876904d2078b750'
190	b'7876904d2078b750bc402078a06010202120209520786200c02078b780dc207828601c202128c0ba2078f12056202171208a207851102220785190ef207858c0'
191	b'785190ef207858c0bcc020785420d8207857c0b72078e020362021fa60f2207856905e20789f00da20786460da20787fe0ff207864b0fa20780f00002078de10'
192	b'780f00002078de10bce02078ba60e52021a0501c207825c06b207860104120787e90202078b220202078a9c0c0207838a07f2078adc0002021ad702120782920'
193	b'21ad702120782920bca02078b4e0e92078a220ff2021a2509820780c102c207887e0b72078ca0048207873509b20215aa06f20781e90da2078d210d620786d10'
194	b'78d210d620786d10bc002078a2402420784120e020788f30ae207876307a2078f7100520783230e020780990002078d6e0902078d5a0a660d5a0a620781de0da'
195	b'd5a0a620781de0dabcbc2078f050ba2021f010b2207822e0bb2078214060207878e0ad20786db0ac20783f10b62078edb08d2078c2102a2078f6c08b2021f6f0'
196	b'78f6c08b2021f6f0bc202078aab0202078aa70002021aa10cabc207827a0fc207827907a202127905420788220cc20785ec04320783090be603090be20785b80'
197	b'603090be20785b80bc8020600aa0ef20212b80a420785490c1207863605720787c901020217c20dc207850c0eb2078e5b0282078aa409a20787130642078a740'
198	b'787130642078a740bc002078cec0b92078cea09b207897a0fc20782e909220212e40d02078a300fd2021a020c8207826a0342078c710732078e610692021e640'
199	b'78e610692021e640bc802060795044202133e0e920783c508c20600910572078f820e1207809e0a1207898501e2060a540c7207837c04d202120902d2078e0e0'
200	b'2120902d2078e0e0bc402078e0a0142021e9604320789420072078b620d220787cd0ea207856a01a2078bc10b0207805a035207860d0a9207845c0b9207802f0'
201	b'7845c0b9207802f0bca02078b5709c2021b56027207856a0562078f0209e20789ab08c2021ffa0592078def0652078c5200220781c20932078db20ec20217e40'
202	b'78db20ec20217e40bcc020782ec000207820e056207820b0882078a010d12078ee20b02021eee03720781cc097206077606f207882a07e2078642040207880d0'
203	b'78642040207880d0bc00207885c02a202185d0062078e220092078e2a0e42078fd204820781e004420785360df2078b4107d2078a920022021a930782078a710'
204	b'21a930782078a710bc002078f1e07f2078cd20e420781210e02078c1b0f02078a2908520787ae0e82078947027207801a04e202101103420789350ad20785840'
205	b'789350ad20785840bc202078ae8080202075c0d32060fbf0e720788d6002207898c03620785e20bf20215e403320788150252078d8e06e20787ed04020782c20'
206	b'787ed04020782c20bc802060cd608d78cd608020603c90aa2078f520a6207844204a2021dbc0782078c0a0f62060fb40fa20782a80cc20788520d42078e0a0f9'
207	b'8520d42078e0a0f9bcbc2078d5d09c20214050212078ea30952078b000df207824e02120783f80d72078e1505e2078a500ec207861b0c3202161906920781ae0'
208	b'2161906920781ae0bc0020781ee01e202193b0ef207894e0e0207833504a2078f040b32021f020c32078b0e0422021b0e0e420788a50472078f3a0bd2078f310'
209	b'78f3a0bd2078f310bc20207862902020788e20c0207843c0de202140d0e42078f1206a20780e902f207890208e2078123050207899208d2078c8c05e2078f060'
210	b'78c8c05e2078f060bc4020786050ad2078fd20a02078da90732078a3c0b8207808e0ec2078c6208820786cb0082078d310aa2021d340aa207825d0b42021c550'
211	b'7825d0b42021c550bca02078a5e0672021e290a12078d980ba20218c405520782e90b42078a290a120786ec0b720216ee0092078b5308f20788c20e620218c00'
212	b'788c20e620218c00bce020788e30252021e080102078e6a08520784b60b420784bd0c920214bd07a207898c09b202176101e20781b50992078d8c095207873b0'
213	b'78d8c095207873b0bc00207884405460844054207872c056207820d0a02078205094207800201b207829809e20786cd0f62078c9601620780c803e20789de08a'
214	b'0c803e20789de08abcbc20783070b52078d620c1207847c0be2078e620f6207830602f20783ac0e720213a00d7207871c0b3202171c02d20788150ab207881d0'
215	b'788150ab207881d0bc2020789710602078a1209920603bb0f920786a00a02078dbb06e20786fc01520787760a22078c4704a2021c400842078b620ca207877e0'
216	b'78b620ca207877e0bca0207852001420215240d0207882202a20785b30fe20781690c020783be03920783b10752078e300a32078bc40b72078db1005207816f0'
217	b'78db1005207816f0bc4020788050a0202190202420783ac04f20783cc06b20782d50c22078efe0b520215dd0132078c0900c20789e9043207830909e20213550'
218	b'7830909e20213550bce02078a8803d2021a0b03d20783140a120601fc06120211fa05920785cd0c020785980372078a2100620212b700820788460de2078b3e0'
219	b'788460de2078b3e0bcc020789340e1206093206320212e00202078af7060207846504f20204680672060dc20af20789d20da20787c80c420217c40d020780a20'
220	b'217c40d020780a20bce020786b00292078202072207860a0892078dec0e020786f60cf2078a0f0b52078fd20ce20785ec0332078c0a01320609e305420782bc0'
221	b'609e305420782bc0bc002078dbc05b2021db005720783510fd207854d0e320782d401d20785f202a2078b990ed207808907a20789d70f620219dd08220781d50'
222	b'219dd08220781d50bc2020788b500020219c70542078291036202129c0382078c0d0b62078c0307a2021c03070207847a068207802c0632021f8b0b02078f820'
223	b'21f8b0b02078f820bc20207834c08020607c505020786ec07e2078c010e0206023e0542078b2606d20786da0cd2078f7a0c1207875a01e207844c02f20212b60'
224	b'7844c02f20212b60bc402078207033202140c0a7207846c0462078f4109f20780990142078b4a0a320787de01f20786450532078f1204820789ce0ea2021e3b0'
225	b'789ce0ea2021e3b0bc6020785de055202084d06520604e103520218ec0632078c040c42020c3405020609a90422078fd409620609e40de20219ea00e20788110'
226	b'219ea00e20788110bce02078b4503a202100004020780040d120200e30202060e8e0522078e800a078e810b120602230fc20782d603220212dd0df2078b9a078'
227	b'2dd0df2078b9a078bcbc2078a740c52078fa202020783be04e2078f2408320786fd0502078a610482021a60065207804c09e2078b1400760b14007207856a0c5'
228	b'b14007207856a0c5bcbc20785b801020785b20af2078dca0ca20780360fd20789240db20781390942078e690de2021e6505920786ce0592078dfe04f2021dff0'
229	b'78dfe04f2021dff0bc802060224053202122205d20786aa0f42078539040207840a09b207887e0b720782ab0cc2078dbb0f22021dba0e52078db20fd207896e0'
230	b'78db20fd207896e0bcc020781d401820201dd0822060d9e0122078a0c0512078a0a0ea207887202120784a801e20782f10fd20789ce0932078e9c08920781a90'
231	b'78e9c08920781a90bc602078d690b9206021807e2078f0806820789680ac2078f520582021f540362078cd20222078a2a05d2078e070fd2078e0702f2078b790'
232	b'78e0702f2078b790bc4020782040ec20780080612078b720f82021f9a0b7207887d0be20786e20ca207850c0b620212df0c3207810f0c02078f3a0342078fc50'
233	b'78f3a0342078fc50bc802060e9001c2021e9a0dc2078da1040207820c0fd2078e0c0a320785ba0b72078aae0752021aa30db207866603c2078f3806820786650'
234	b'78f3806820786650bc20207818702020213a208020607360c220787300c020786140f020206120cf2060bdc07f20789c60b320782be07720788c809c207843a0'
235	b'788c809c207843a0bc0020780360b820210330832078e1e0632078c5c09920787a505020788960fc20785a202720215af04b207819c0712078e7e0c520219e70'
236	b'78e7e0c520219e70bca02078ac406d2021ace0b020781fa07220789aa08920219ff090207822e04b207840e0d0207841809d2078c7603120788e10fc2078bb20'
237	b'788e10fc2078bb20bce020789e407520218030c02078aee036207872f07020607280c320788ac0252078a00069207818e0de20780d608e2060df507b2021dfc0'
238	b'60df507b2021dfc0bc8020607390fd202150406f206016906a20787700402078a020a72078fde0e4207888a03e20609f109b20780a00602078e7d0bb20206e90'
239	b'78e7d0bb20206e90bc6020786900d02060a420f52078c100802060f3202578f320202078b920002078eaa01020786d20c72078e4105120782be0762078365089'
240	b'2be0762078365089bcbc207809002d20780940952078cf6003207893a0a52078f8f05520784910df2078bce0d02021bcd0d120786a20fd2078b1a0c820218cb0'
241	b'78b1a0c820218cb0bc802060d540ca2021d5e0da20782e20a420607d40612078eea04b2078fb90c020787620bc207879c055207860205720217890c02078a1a0'
242	b'217890c02078a1a0bcc02078a080582021a0e05f20784550be2078a4b0c7202143102c2078b730d32078cde0612078243089202124e0552078c0e03b2021c0e0'
243	b'78c0e03b2021c0e0bc6020783b70f42060a010a720788680602078c320792021c3f04a20782220992021c2207e2078d840cf202129a08d2078a8f0ef2078e6a0'
244	b'78a8f0ef2078e6a0bc60207807c01420207af08120609bd05220219b603b20789310a3207812d04a207839901f202139b0dabcbcbcbcbcbcbcbcbcbcbcbc2078'
245	b'bcbcbcbcbcbc2078bc0020372078e160bb2021a8009f20780930ba20780430102078e99025207838906b20780910bc20785890b4207841c0a52078e710f62078'
246	b'a52078e710f62078bcc030d72060fd10252021fde0542078f650182060b0b0372078d240b52020d280df20600220db2078c8a0bf20789420802060a050a12078'
247	b'802060a050a12078bca0f0a1207803608c20210380702078c32017207888a0042078f0d0ca20788ee0282078e0d0232078e2805e20783f50e32078c220292021'
248	b'e32078c220292021bc60a05c20782c10a020783140c3202134f0422078dc60fd60dc60fd20789820e4207862200e2021f9e02d20783310b7202033b00820603f'
249	b'202033b00820603fbc00a020787fd00520217f20f62078f350e02078fc60b92078d5e01e20785850e62078c6c0462021c650bb20789a007f207884e0cb20213d'
250	b'207884e0cb20213dbc6047207814403f202114e0002078fca06c2078d2500d207897a07020787ea0f320784f90322078fa205620782bc09b20212bd0b4207878'
251	b'20212bd0b4207878bc00602078730037206047e0fb202171a0bd2078dd50802060fe10ff207863c0287863c028207860a08020216b706020785b20cb20207a10'
252	b'785b20cb20207a10bc802060f510b92021f5e08920783ab0e120203ab05c206076d04e207823a05f20787c10a020212790cb2078a610552078bb90de20786ae0'
253	b'78bb90de20786ae0bc602078b870bd2020b8b054206052e0862078524040784050402078ec20022078e3a09b2078bfc0df207883e0982078c0403520780db0a6'
254	b'c0403520780db0a6bcbc2078f150bf20216490ea207864607b2078df50c52021df90f4207840609d20787e608920788020932078c960852078d7e08e20785ec0'
255	b'78d7e08e20785ec0bce02078e980bc2021e000debcbcbcbcbcbcbc20788c20f52078d1205020780bf080207892508f202192b09fbcbc2078d7e0132078a8c026'
256	b'd7e0132078a8c026bcbc20784270e020780620df2078a79055207811a05b2078f760ce20788150a020218190d32078de10652078b710af2021b780982078f320'
257	b'21b780982078f320bc40207800c02c20210020cd2078d900002021d9103220781040d72021baa05920786de09220789a30122078c9a019207832f01f2021fb10'
258	b'7832f01f2021fb10bc4020780080752078961024207889c081202189304b2078f3206a2078d4e0a320784180cf20214a40702078c3c04a2078f270512021f230'
259	b'78f270512021f230bcbc20787f904720217f20b2207871a0c5207884a0512078bd005320780290462021e3f01820787b60bd2078b9205520784c30162078f1a0'
260	b'784c30162078f1a0bcc020785be060785bf060207840e0572078f0503c2078c66008207838c0f4207879a0d820784420f420781550652078aba0622021abf07b'
261	b'aba0622021abf07bbcbc60da60d9207802803a2078df106c2078ec70402078e360d560e360d52078a580622021a520dd2078a910fe2078d650262078f740e620'
262	b'50262078f740e620bc6093100a207841c0272021808040207840605f2078d5206320781c60bb20780f6060207854d0d9202154b0d620782d90ba20782d904720'
263	b'90ba20782d904720bc60fdf05120787d002020217d40c0bcbcbcbcbcbc20780dc013202100c0b52078c0503e20606bc0f420215680412078bd30a120789650e1'
264	b'bd30a120789650e1bcbc207834f0802078294062202129707f2078092036207808505220783ee0742078c3a0a22021c350d12078b7a0572078361016207858d0'
265	b'78361016207858d0bc602078a650dd2020a610c82060b75095207885a0ad2078988020207886608020605f90142078da208a78da208020605c30122078c0606a'
266	b'5c30122078c0606abcbc2078b390942021b3b05f2078f5907c2021f590502078cbd0232078ace0de20780dc09220783240b720781d20c72078b220b420785d20'
267	b'78b220b420785d20bc002078abc02920780620052078371024207837505e207813a0626013a062207823e023202123405f2060d990be2021d980522078eb5048'
268	b'd980522078eb5048bcbc2078f730032021f7c06e2078ab20b92078e230862078a9e048207894e044207851e00c2078e26086207825a084207840a04520212360'
269	b'7840a04520212360bc202078d590202021d5a000207820e07820787a90d92078afa07020781170ca202111c0b22078ea20812021ea201620785dc09b20215dc0'
270	b'785dc09b20215dc0bc40207880700020218540ea2078f2809c207819e0342078b7205c20784b602c20789c00f320787e409220788cb0dd207821e0b020789fc0'
271	b'7821e0b020789fc0bc802060cfb091202126802920781b60be20219aa0172078eb50932078dac03520786d905a2078a0c05f202147c0422078a460e72078f970'
272	b'78a460e72078f970bc402078804080788040802060a690ff2078e2e09f2078e2f08920600450042078fa401f2060389028207896c01720780020852078c1a0e8'
273	b'0020852078c1a0e8bcbc20785470a2605470a220781ac0c62078606090207883f00020789aa0642078c300572021aa403c2078aa206a2021aa20702078dd906a'
274	b'aa20702078dd906abcbc2078f6c0aa2078f5c09f2021f500e120782de0312078f8c066207803a0a2207803101f202103d04320780f20b620210f20ca20789b20'
275	b'210f20ca20789b20bc40207820f003207880c0c0207836c0482021207075bc2078a060b120780c200a2078d6c0352078a0c083207823c0472078a080da207896'
276	b'2078a080da207896bc00e020789e1075202180c0e0207828c01c2078a0208b78a620802060d520c920216cc036207860c0352078341080206059307720789480'
277	b'6059307720789480bcc020782220602078a580ee2078174007202117d0de20780210a020780250f120784740fc2078c2c09d2078b0d04020788ec0c620782010'
278	b'788ec0c620782010bce02078283071202180f0402078204002207820b0bb202120d0f9207880e040207860705120784c20402078a0006d207869c00f2078c0a0'
279	b'7869c00f2078c0a0bce020780e70d7202100c0612078e090f478ec90f420600200a9207845a0442078d7c020207839c02020788f408020208f907d2060f420b1'
280	b'8f907d2060f420b1bcbc20789b70c420219b30352078410057202141000b20785e20bf20784f102a20782dc01b20785fc0c720215f20d120789c90e62078b940'
281	b'789c90e62078b940bca02078f500b52021f5d0a5207866b0b62078dbd013207868209020786720d72078a160a12078ef30d920781e10a920787f1099207826a0'
282	b'787f1099207826a0bc40207880e0a020788e10a620785f2069202191d07a207877906f2078ea204f207884a02420788410082078d790562078ccc09120789f90'
283	b'78ccc09120789f90bce02078f8e09f20782060b42078a0f0fa2021b1801b2078b120692078c1c0d42078ad20722078e1c0a82078b790962021b740af207857b0'
284	b'21b740af207857b0bc8020603c904a207871201720785760f620783a60df2078c770f660c770f620789500202078bca0802060b5c0952078eae025207869809f'
285	b'eae025207869809fbcbc2078b330b320780cc05020210c80ca2078cf808d20785310dc20784ab09a2078239002207884107b2078a5802120787fe073607fe073'
286	b'787fe073607fe073bcbc207844e06a20214450ff2078acc062207899a08c2078bc501220783970fd20789ac05e207859d0fa20788c300b20218c10fa20789420'
287	b'218c10fa20789420bc202078286020202186500020786e90a62078d4608f20787110ab2078a8c04720785620e12078a7604b207883e0a120218310bf2078fe20'
288	b'218310bf2078fe20bc2020783be0e020216800222078a090422078b0606b207891e0c520789f20e02078ee101b20219840792078f640762021e060042078ce30'
289	b'21e060042078ce30bcc0207816408220601620c120784f60792078b150fa2078a500f920786ec04f2078c820f82078a6d0c92078edc092207846104820214670'
290	b'7846104820214670bc40207840e074207801a0e22078d8f0e3207876e08320780fc0a8207871e0e72078f03031202131f0d320783710a72078ba9033207873d0'
291	b'78ba9033207873d0bce020783ee0aa783ee0aa2078b0d09220607e108a2021a4c0c1207880c0e0202195709d207840204a2078fc603a20780e90e52078e8a071'
292	b'0e90e52078e8a071bcbc2078f6a0412021f6c0fb20780890a02078269040207878a047207813e06920785c40c220215c9094bc207839001320212f80662078ea'
293	b'20212f80662078eabc20b6207833a0bf207833e02020782cc040207860d0e7202167e0a02078ade08e2021ade0bc207887a08b207814c0ff20787790992078d6'
294	b'20787790992078d6bce0d820786cc06b20206cb0a62060a250762078a200002078b410bf207806206020210660f720785db0342078dfc0ef20219da01b20789d'
295	b'20219da01b20789dbce0a52078d9b0a620602c20052078eb407e2060cc00e320780520cd20210560922078d3903b20787c7014207823101c207823107f207885'
296	b'207823107f207885bc20b120784a60de2021dbb034207850b0eb2078c520dc2078d6005a20782120ed2078ca208520213b6018207884e0d82078e1c0842021e1'
297	b'2078e1c0842021e1bce06f20783990e1206080e0c72078b140952060b1b08b2078e1c0562078a000b52078c160c620781de02c2078ead0812021eaf0ae207804'
298	b'2021eaf0ae207804bca0c1207812b08020600e60b8780e60a0207852d0c32021521089bcbcbcbcbcbc2078ec2060202151603e2078514095207875c0da6075c0'
299	b'207875c0da6075c0bc2020789e20e020219ee07a20786020912078f7c02020213ee06020783ec0d72060f650a1207807c0f8202100a0cd2078fd30802020fd30'
300	b'78fd30802020fd30bcc0207882809f202102b09a20783f20ef2078be50d9207835202f207872e0912078ef209820781e1075207883c0d12078e9600820780370'
301	b'78e9600820780370bc40207840c0fd20215f70b92078a250bd20787590ba20780cd0382078c920e920786810d020781120af207833c0772078a1c09b20788f60'
302	b'78a1c09b20788f60bce020783b40d320212090882078e03026207843a08c207871103d2078c3b008207809e0b520783300fe2078a9e095207890709920219030'
303	b'7890709920219030bcbc20788870be2021d9208c207860b00420786e102a20216e60292078f610c320781de02220785ee0ad20783f908e2078592097207859e0'
304	b'78592097207859e0bce02078396038202120f0a8207800204f20210a20eb20786cc0b32078e02052207816b06c20788bc05920787ed0a920787eb09a20217ea0'
305	b'787eb09a20217ea0bc0020780540642078d4603720786e20e120216eb00b20786f201220785c20ba207899b02e20787fc015607fc01520787f00e020784590b4'
306	b'7f00e020784590b4bcbc6083f0c120785fc0ec2078e010ec2078f890c82078f830132078f8205520781ab00a2021f80023207849e0b020783890f620782a80e7'
307	b'3890f620782a80e7bcbc2078ae80732021aec050207891109b2078b76053207802a0b1207823c03120785ee0d62078b7a0c82078b7a0aa207831203c20789a10'
308	b'7831203c20789a10bc202078293000202129201520788490fa207819c0c92078e360512078b6903c20788720bc20785e205e207874209c207866508a20216670'
309	b'7866508a20216670bc8020608b40a9202152a0e7207852a0002078487018207869a03b20783430022078f1903020788810d120786910122078b830a02078c9b0'
310	b'78b830a02078c9b0bc00207815909820211580da2078292027207829e07f202129e05320780b4015207880c02320783750542078d8f0442078db106a2078ccc0'
311	b'78db106a2078ccc0bcc02078a9a0ec2021a950c020782ec04d2021e0e0d4207836100420784d002720214da0242078cf708b20783ad08d2078b5204920781410'
312	b'78b5204920781410bc602078d490762020d4802b20606b10c22078a6004020784070a2207808805320788d607d20782660032078e7700c207872e01420788310'
313	b'7872e01420788310bc6020785210482020b9800920600b9028780b9020207815508020601ea077207837a0a720789e90e020780fe0d12078a030f320784760a2'
314	b'a030f320784760a2bcbc20783f506420213f70e6207890c009202190c01e20784d308120214d302c207899904e207872c0c6207885d08f2078e850a020786b10'
315	b'78e850a020786b10bcc02078b3a0dd207827d0a020784290622078a940132021a970ba207897b06220783e60c720783e905820788ae05f608ae05f2078c80080'
316	b'8ae05f2078c80080bcbc20784450e32078ba40a420783fe0d920783f50942078c310c3207878a00c207823209020783aa0a62078ef10882078d6401a2078ffa0'
317	b'78d6401a2078ffa0bc8020604d302e20214d00a02078b1c0ed2078d450f520783e905720213ee0ad2078b550802078ff908b2078f6403b2021f660b4207809a0'
318	b'21f660b4207809a0bcc0207827c0802078c090b4206087c025202187e0b62078a1209f2020a120fb2060db400b2021db406d20601de0f320211de03920787e60'
319	b'211de03920787e60bcc0207817a08520215450c02078542096202100c0e82078808000207860101d2078c610e52078b0a05d2021b000b720788080d120784930'
320	b'788080d120784930bc00207817c0c02021d800562078c950652078c9d081202169902620786ff0f920788a006220218a60872078a6203960a620392078748079'
321	b'a620392078748079bcbc60c33021207868200f2078e4a0d12021e4b06020788690a4788090a02078f0e0f520781220c3207834103420789930dc20788b60af20'
322	b'30dc20788b60af20bc601c10a72078e520552021e5607e207869607820786890112078b920052078b4f0812078c1c09f2078df50f82078aac0992078f4e05f20'
323	b'c0992078f4e05f20bc207864c0672078c3600a20782be0e320782820b320782e208d20789e603220788bd0ea20787240fc207853d0f120788690442021861003'
324	b'8690442021861003bcbc60c8101b2078866052bcbcbcbc20788da09420218da0f0207807e061207840704620781140b52078a8a00120783cf02820784030db20'
325	b'f02820784030db20bc60d3d02f207862c0932021a080f52078d8a0042078ab10a020786470472078fdf0682078c2e01520780bd0092078e2e0d1207883304120'
326	b'e0d1207883304120bc6033e0f12078b9008020606c400c207806c0c12021008090207843901020214cf00220784c60c120789290bc20789250fb2078a8a04420'
327	b'50fb2078a8a04420bc207830b0d1202130e02220786f20fc20216f20a420786da0952078fc10472021fc707cbcbcbcbc2078e0100f207882c063207896408320'
