Voltageboard settings: [1.1, 1, 0, 0, 1, 1.1, 0, 0]
Digital: {'interrupt_pushpull': 1, 'en_inj': 0, 'reset': 0, 'extrabits': 0}
Biasblock: {'DisHiDR': 0, 'q01': 0, 'qon0': 0, 'qon1': 1, 'qon2': 0, 'qon3': 1}
DAC: {'blres': 0, 'nu1': 0, 'vn1': 20, 'vnfb': 1, 'vnfoll': 10, 'nu5': 0, 'nu6': 0, 'nu7': 0, 'nu8': 0, 'vn2': 0, 'vnfoll2': 1, 'vnbias': 0, 'vpload': 5, 'nu13': 0, 'vncomp': 2, 'vpfoll': 60, 'nu16': 0, 'vprec': 30, 'vnrec': 30}
Receiver: {'col0': 274877906941, 'col1': 68719476734, 'col2': 68719476734, 'col3': 68719476734, 'col4': 68719476734, 'col5': 68719476734, 'col6': 68719476734, 'col7': 68719476734, 'col8': 68719476734, 'col9': 68719476734, 'col10': 68719476734, 'col11': 68719476734, 'col12': 68719476734, 'col13': 68719476734, 'col14': 68719476734, 'col15': 68719476734, 'col16': 68719476734, 'col17': 68719476734, 'col18': 68719476734, 'col19': 68719476734, 'col20': 68719476734, 'col21': 68719476734, 'col22': 68719476734, 'col23': 68719476734, 'col24': 68719476734, 'col25': 68719476734, 'col26': 68719476734, 'col27': 68719476734, 'col28': 68719476734, 'col29': 68719476734, 'col30': 68719476734, 'col31': 68719476734, 'col32': 68719476734, 'col33': 68719476734, 'col34': 68719476734}
Namespace(name='chip601', outdir='../../kit-adl/cleanAstroPix/amanda_python/logInj/lbnl_HIbeam_prepAndPost', yaml='config_c0_r0_tb', showhits=False, plotsave=False, saveascsv=True, inject=[0, 0], vinj=500, analog=0, threshold=None, errormax=100, maxruns=None, maxtime=0.17, timeit=False, loglevel='I')
0	b'bcbcbcbcbcbcbcbcbcbc20003730fd200137306dbcbcbcbcbcbcbcbcbcbcbcbcbcbcbcbcbcbcbcbcbcbcbcbcbcbcbcbcbcbcbcbcbcbcbcbcbcbcbcbcbcbcbcbc'
1	b'bcbcbcbcbcbcbcbcbcbc200036b03c200136b098bcbcbcbcbcbcbcbcbcbcbcbcbcbcbcbcbcbcbcbcbcbcbcbcbcbcbcbcbcbcbcbcbcbcbcbcbcbcbcbcbcbcbcbc'
2	b'bcbcbcbcbcbcbcbcbcbc2000d7303b2001d730fdbcbcbcbcbcbcbcbcbcbcbcbcbcbcbcbcbcbcbcbcbcbcbcbcbcbcbcbcbcbcbcbcbcbcbcbcbcbcbcbcbcbcbcbc'
3	b'bcbcbcbcbcbcbcbcbcbc2000d6f0c12001d6f09abcbcbcbcbcbcbcbcbcbcbcbcbcbcbcbcbcbcbcbcbcbcbcbcbcbcbcbcbcbcbcbcbcbcbcbcbcbcbcbcbcbcbcbc'
4	b'bcbcbcbcbcbcbcbcbcbc2000d7309a2001573072bcbcbcbcbcbcbcbcbcbcbcbcbcbcbcbcbcbcbcbcbcbcbcbcbcbcbcbcbcbcbcbcbcbcbcbcbcbcbcbcbcbcbcbc'
5	b'bcbcbcbcbcbcbcbcbcbc200056f05d200156f055bcbcbcbcbcbcbcbcbcbcbcbcbcbcbcbcbcbcbcbcbcbcbcbcbcbcbcbcbcbcbcbcbcbcbcbcbcbcbcbcbcbcbcbc'
6	b'bcbcbcbcbcbcbcbcbcbc20005730b920015730f1bcbcbcbcbcbcbcbcbcbcbcbcbcbcbcbcbcbcbcbcbcbcbcbcbcbcbcbcbcbcbcbcbcbcbcbcbcbcbcbcbcbcbcbc'
7	b'bcbcbcbcbcbcbcbcbcbc200096f043200196f06dbcbcbcbcbcbcbcbcbcbcbcbcbcbcbcbcbcbcbcbcbcbcbcbcbcbcbcbcbcbcbcbcbcbcbcbcbcbcbcbcbcbcbcbc'
8	b'bcbcbcbcbcbcbcbcbcbc2000973087200197306bbcbcbcbcbcbcbcbcbcbcbcbcbcbcbcbcbcbcbcbcbcbcbcbcbcbcbcbcbcbcbcbcbcbcbcbcbcbcbcbcbcbcbcbc'
9	b'bcbcbcbcbcbcbcbcbcbc200016b0ed200116b0a5bcbcbcbcbcbcbcbcbcbcbcbcbcbcbcbcbcbcbcbcbcbcbcbcbcbcbcbcbcbcbcbcbcbcbcbcbcbcbcbcbcbcbcbc'
10	b'bcbcbcbcbcbcbcbcbcbc200017b009200117b081bcbcbcbcbcbcbcbcbcbcbcbcbcbcbcbcbcbcbcbcbcbcbcbcbcbcbcbcbcbcbcbcbcbcbcbcbcbcbcbcbcbcbcbc'
11	b'bcbcbcbcbcbcbcbcbcbc2000e6b0c52001e6b03ebcbcbcbcbcbcbcbcbcbcbcbcbcbcbcbcbcbcbcbcbcbcbcbcbcbcbcbcbcbcbcbcbcbcbcbcbcbcbcbcbcbcbcbc'
12	b'bcbcbcbcbcbcbcbcbcbc2000e770282001e77040bcbcbcbcbcbcbcbcbcbcbcbcbcbcbcbcbcbcbcbcbcbcbcbcbcbcbcbcbcbcbcbcbcbcbcbcbcbcbcbcbcbcbcbc'
13	b'bcbcbcbcbcbcbcbcbcbc200066b0b0200166b0a0bcbcbcbcbcbcbcbcbcbcbcbcbcbcbcbcbcbcbcbcbcbcbcbcbcbcbcbcbcbcbcbcbcbcbcbcbcbcbcbcbcbcbcbc'
14	b'bcbcbcbcbcbcbcbcbcbc200067b083200167b02dbcbcbcbcbcbcbcbcbcbcbcbcbcbcbcbcbcbcbcbcbcbcbcbcbcbcbcbcbcbcbcbcbcbcbcbcbcbcbcbcbcbcbcbc'
15	b'bcbcbcbcbcbcbcbcbcbc20006670242001667068bcbcbcbcbcbcbcbcbcbcbcbcbcbcbcbcbcbcbcbcbcbcbcbcbcbcbcbcbcbcbcbcbcbcbcbcbcbcbcbcbcbcbcbc'
16	b'bcbcbcbcbcbcbcbcbcbc2000a7b0d12001a7b01ebcbcbcbcbcbcbcbcbcbcbcbcbcbcbcbcbcbcbcbcbcbcbcbcbcbcbcbcbcbcbcbcbcbcbcbcbcbcbcbcbcbcbcbc'
17	b'bcbcbcbcbcbcbcbcbcbc2000a630d42001a630d8bcbcbcbcbcbcbcbcbcbcbcbcbcbcbcbcbcbcbcbcbcbcbcbcbcbcbcbcbcbcbcbcbcbcbcbcbcbcbcbcbcbcbcbc'
18	b'bcbcbcbcbcbcbcbcbcbc200027f006200127f0d2bcbcbcbcbcbcbcbcbcbcbcbcbcbcbcbcbcbcbcbcbcbcbcbcbcbcbcbcbcbcbcbcbcbcbcbcbcbcbcbcbcbcbcbc'
19	b'bcbcbcbcbcbcbcbcbcbc20002670642001267068bcbcbcbcbcbcbcbcbcbcbcbcbcbcbcbcbcbcbcbcbcbcbcbcbcbcbcbcbcbcbcbcbcbcbcbcbcbcbcbcbcbcbcbc'
20	b'bcbcbcbcbcbcbcbcbcbc2000c7b08a2001c7b09cbcbcbcbcbcbcbcbcbcbcbcbcbcbcbcbcbcbcbcbcbcbcbcbcbcbcbcbcbcbcbcbcbcbcbcbcbcbcbcbcbcbcbcbc'
21	b'bcbcbcbcbcbcbcbcbcbc2000c630632001c6306dbcbcbcbcbcbcbcbcbcbcbcbcbcbcbcbcbcbcbcbcbcbcbcbcbcbcbcbcbcbcbcbcbcbcbcbcbcbcbcbcbcbcbcbc'
22	b'bcbcbcbcbcbcbcbcbcbc200047308a2001473042bcbcbcbcbcbcbcbcbcbcbcbcbcbcbcbcbcbcbcbcbcbcbcbcbcbcbcbcbcbcbcbcbcbcbcbcbcbcbcbcbcbcbcbc'
23	b'bcbcbcbcbcbcbcbcbcbc200046b033200146b0edbcbcbcbcbcbcbcbcbcbcbcbcbcbcbcbcbcbcbcbcbcbcbcbcbcbcbcbcbcbcbcbcbcbcbcbcbcbcbcbcbcbcbcbc'
24	b'bcbcbcbcbcbcbcbcbcbc20004730e0200147d0cfbcbcbcbcbcbcbcbcbcbcbcbcbcbcbcbcbcbcbcbcbcbcbcbcbcbcbcbcbcbcbcbcbcbcbcbcbcbcbcbcbcbcbcbc'
25	b'bcbcbcbcbcbcbcbcbcbc200086b0f3200186b06dbcbcbcbcbcbcbcbcbcbcbcbcbcbcbcbcbcbcbcbcbcbcbcbcbcbcbcbcbcbcbcbcbcbcbcbcbcbcbcbcbcbcbcbc'
26	b'bcbcbcbcbcbcbcbcbcbc200087d057200187d0dbbcbcbcbcbcbcbcbcbcbcbcbcbcbcbcbcbcbcbcbcbcbcbcbcbcbcbcbcbcbcbcbcbcbcbcbcbcbcbcbcbcbcbcbc'
27	b'bcbcbcbcbcbcbcbcbcbc200006700820010670c0bcbcbcbcbcbcbcbcbcbcbcbcbcbcbcbcbcbcbcbcbcbcbcbcbcbcbcbcbcbcbcbcbcbcbcbcbcbcbcbcbcbcbcbc'
28	b'bcbcbcbcbcbcbcbcbcbc2000077050200107b0fdbcbcbcbcbcbcbcbcbcbcbcbcbcbcbcbcbcbcbcbcbcbcbcbcbcbcbcbcbcbcbcbcbcbcbcbcbcbcbcbcbcbcbcbc'
29	b'bcbcbcbcbcbcbcbcbcbc2000faf0e12001faf03ebcbcbcbcbcbcbcbcbcbcbcbcbcbcbcbcbcbcbcbcbcbcbcbcbcbcbcbcbcbcbcbcbcbcbcbcbcbcbcbcbcbcbcbc'
30	b'bcbcbcbcbcbcbcbcbcbc2000fbb0412001fbb0a6bcbcbcbcbcbcbcbcbcbcbcbcbcbcbcbcbcbcbcbcbcbcbcbcbcbcbcbcbcbcbcbcbcbcbcbcbcbcbcbcbcbcbcbc'
31	b'bcbcbcbcbcbcbcbcbcbc20007ab00a20017ab0a2bcbcbcbcbcbcbcbcbcbcbcbcbcbcbcbcbcbcbcbcbcbcbcbcbcbcbcbcbcbcbcbcbcbcbcbcbcbcbcbcbcbcbcbc'
32	b'bcbcbcbcbcbcbcbcbcbc20007bb0db20017bb0f3bcbcbcbcbcbcbcbcbcbcbcbcbcbcbcbcbcbcbcbcbcbcbcbcbcbcbcbcbcbcbcbcbcbcbcbcbcbcbcbcbcbcbcbc'
33	b'bcbcbcbcbcbcbcbcbcbc2000bab0422001bab0ccbcbcbcbcbcbcbcbcbcbcbcbcbcbcbcbcbcbcbcbcbcbcbcbcbcbcbcbcbcbcbcbcbcbcbcbcbcbcbcbcbcbcbcbc'
34	b'bcbcbcbcbcbcbcbcbcbc2000bbb0232001bbb065bcbcbcbcbcbcbcbcbcbcbcbcbcbcbcbcbcbcbcbcbcbcbcbcbcbcbcbcbcbcbcbcbcbcbcbcbcbcbcbcbcbcbcbc'
35	b'bcbcbcbcbcbcbcbcbcbc2000ba70252001ba7019bcbcbcbcbcbcbcbcbcbcbcbcbcbcbcbcbcbcbcbcbcbcbcbcbcbcbcbcbcbcbcbcbcbcbcbcbcbcbcbcbcbcbcbc'
36	b'bcbcbcbcbcbcbcbcbcbc20003bf02520013bf0a9bcbcbcbcbcbcbcbcbcbcbcbcbcbcbcbcbcbcbcbcbcbcbcbcbcbcbcbcbcbcbcbcbcbcbcbcbcbcbcbcbcbcbcbc'
37	b'bcbcbcbcbcbcbcbcbcbc20003a308d20013a30a9bcbcbcbcbcbcbcbcbcbcbcbcbcbcbcbcbcbcbcbcbcbcbcbcbcbcbcbcbcbcbcbcbcbcbcbcbcbcbcbcbcbcbcbc'
38	b'bcbcbcbcbcbcbcbcbcbc2000dbb0c02001db30f7bcbcbcbcbcbcbcbcbcbcbcbcbcbcbcbcbcbcbcbcbcbcbcbcbcbcbcbcbcbcbcbcbcbcbcbcbcbcbcbcbcbcbcbc'
39	b'bcbcbcbcbcbcbcbcbcbc2000dab02a2001dab084bcbcbcbcbcbcbcbcbcbcbcbcbcbcbcbcbcbcbcbcbcbcbcbcbcbcbcbcbcbcbcbcbcbcbcbcbcbcbcbcbcbcbcbc'
40	b'bcbcbcbcbcbcbcbcbcbc20005bb0db20015bb0a3bcbcbcbcbcbcbcbcbcbcbcbcbcbcbcbcbcbcbcbcbcbcbcbcbcbcbcbcbcbcbcbcbcbcbcbcbcbcbcbcbcbcbcbc'
41	b'bcbcbcbcbcbcbcbcbcbc20005a308b20015a3063bcbcbcbcbcbcbcbcbcbcbcbcbcbcbcbcbcbcbcbcbcbcbcbcbcbcbcbcbcbcbcbcbcbcbcbcbcbcbcbcbcbcbcbc'
42	b'bcbcbcbcbcbcbcbcbcbc20009b303b20019b30f3bcbcbcbcbcbcbcbcbcbcbcbcbcbcbcbcbcbcbcbcbcbcbcbcbcbcbcbcbcbcbcbcbcbcbcbcbcbcbcbcbcbcbcbc'
43	b'bcbcbcbcbcbcbcbcbcbc20009a303620019a30b2bcbcbcbcbcbcbcbcbcbcbcbcbcbcbcbcbcbcbcbcbcbcbcbcbcbcbcbcbcbcbcbcbcbcbcbcbcbcbcbcbcbcbcbc'
44	b'bcbcbcbcbcbcbcbcbcbc20009bb0e620019bb02abcbcbcbcbcbcbcbcbcbcbcbcbcbcbcbcbcbcbcbcbcbcbcbcbcbcbcbcbcbcbcbcbcbcbcbcbcbcbcbcbcbcbcbc'
45	b'bcbcbcbcbcbcbcbcbcbc20001ab04120011ab02ebcbcbcbcbcbcbcbcbcbcbcbcbcbcbcbcbcbcbcbcbcbcbcbcbcbcbcbcbcbcbcbcbcbcbcbcbcbcbcbcbcbcbcbc'
46	b'bcbcbcbcbcbcbcbcbcbc20001bb01220011bb07cbcbcbcbcbcbcbcbcbcbcbcbcbcbcbcbcbcbcbcbcbcbcbcbcbcbcbcbcbcbcbcbcbcbcbcbcbcbcbcbcbcbcbcbc'
47	b'bcbcbcbcbcbcbcbcbcbc2000ea70cc2001ea7004bcbcbcbcbcbcbcbcbcbcbcbcbcbcbcbcbcbcbcbcbcbcbcbcbcbcbcbcbcbcbcbcbcbcbcbcbcbcbcbcbcbcbcbc'
48	b'bcbcbcbcbcbcbcbcbcbc2000eb704b2001eb702dbcbcbcbcbcbcbcbcbcbcbcbcbcbcbcbcbcbcbcbcbcbcbcbcbcbcbcbcbcbcbcbcbcbcbcbcbcbcbcbcbcbcbcbc'
49	b'bcbcbcbcbcbcbcbcbcbc20006a309420016a3068bcbcbcbcbcbcbcbcbcbcbcbcbcbcbcbcbcbcbcbcbcbcbcbcbcbcbcbcbcbcbcbcbcbcbcbcbcbcbcbcbcbcbcbc'
50	b'bcbcbcbcbcbcbcbcbcbc20006b709020016bb0bfbcbcbcbcbcbcbcbcbcbcbcbcbcbcbcbcbcbcbcbcbcbcbcbcbcbcbcbcbcbcbcbcbcbcbcbcbcbcbcbcbcbcbcbc'
51	b'bcbcbcbcbcbcbcbcbcbc2000aa704a2001aa7062bcbcbcbcbcbcbcbcbcbcbcbcbcbcbcbcbcbcbcbcbcbcbcbcbcbcbcbcbcbcbcbcbcbcbcbcbcbcbcbcbcbcbcbc'
52	b'bcbcbcbcbcbcbcbcbcbc2000ab30712001ab301ebcbcbcbcbcbcbcbcbcbcbcbcbcbcbcbcbcbcbcbcbcbcbcbcbcbcbcbcbcbcbcbcbcbcbcbcbcbcbcbcbcbcbcbc'
53	b'bcbcbcbcbcbcbcbcbcbc20002ab0af20012ab067bcbcbcbcbcbcbcbcbcbcbcbcbcbcbcbcbcbcbcbcbcbcbcbcbcbcbcbcbcbcbcbcbcbcbcbcbcbcbcbcbcbcbcbc'
54	b'bcbcbcbcbcbcbcbcbcbc20002b70a820012b7060bcbcbcbcbcbcbcbcbcbcbcbcbcbcbcbcbcbcbcbcbcbcbcbcbcbcbcbcbcbcbcbcbcbcbcbcbcbcbcbcbcbcbcbc'
55	b'bcbcbcbcbcbcbcbcbcbc20002a701720012a70f3bcbcbcbcbcbcbcbcbcbcbcbcbcbcbcbcbcbcbcbcbcbcbcbcbcbcbcbcbcbcbcbcbcbcbcbcbcbcbcbcbcbcbcbc'
56	b'bcbcbcbcbcbcbcbcbcbc2000cb70d62001cb70babcbcbcbcbcbcbcbcbcbcbcbcbcbcbcbcbcbcbcbcbcbcbcbcbcbcbcbcbcbcbcbcbcbcbcbcbcbcbcbcbcbcbcbc'
57	b'bcbcbcbcbcbcbcbcbcbc2000ca701b2001ca7013bcbcbcbcbcbcbcbcbcbcbcbcbcbcbcbcbcbcbcbcbcbcbcbcbcbcbcbcbcbcbcbcbcbcbcbcbcbcbcbcbcbcbcbc'
58	b'bcbcbcbcbcbcbcbcbcbc20004b302220014b30dcbcbcbcbcbcbcbcbcbcbcbcbcbcbcbcbcbcbcbcbcbcbcbcbcbcbcbcbcbcbcbcbcbcbcbcbcbcbcbcbcbcbcbcbc'
59	b'bcbcbcbcbcbcbcbcbcbc20004a708f20014a7007bcbcbcbcbcbcbcbcbcbcbcbcbcbcbcbcbcbcbcbcbcbcbcbcbcbcbcbcbcbcbcbcbcbcbcbcbcbcbcbcbcbcbcbc'
60	b'bcbcbcbcbcbcbcbcbcbc20008bb0f920018bb0b1bcbcbcbcbcbcbcbcbcbcbcbcbcbcbcbcbcbcbcbcbcbcbcbcbcbcbcbcbcbcbcbcbcbcbcbcbcbcbcbcbcbcbcbc'
61	b'bcbcbcbcbcbcbcbcbcbc20008ab0f020018ab0a0bcbcbcbcbcbcbcbcbcbcbcbcbcbcbcbcbcbcbcbcbcbcbcbcbcbcbcbcbcbcbcbcbcbcbcbcbcbcbcbcbcbcbcbc'
62	b'bcbcbcbcbcbcbcbcbcbc20000bb0da20010bb052bcbcbcbcbcbcbcbcbcbcbcbcbcbcbcbcbcbcbcbcbcbcbcbcbcbcbcbcbcbcbcbcbcbcbcbcbcbcbcbcbcbcbcbc'
63	b'bcbcbcbcbcbcbcbcbcbc20000a30a820010a3000bcbcbcbcbcbcbcbcbcbcbcbcbcbcbcbcbcbcbcbcbcbcbcbcbcbcbcbcbcbcbcbcbcbcbcbcbcbcbcbcbcbcbcbc'
64	b'bcbcbcbcbcbcbcbcbcbc20000b700a20010a70c2bcbcbcbcbcbcbcbcbcbcbcbcbcbcbcbcbcbcbcbcbcbcbcbcbcbcbcbcbcbcbcbcbcbcbcbcbcbcbcbcbcbcbcbc'
65	b'bcbcbcbcbcbcbcbcbcbc2000f2f0d52001f2f0f9bcbcbcbcbcbcbcbcbcbcbcbcbcbcbcbcbcbcbcbcbcbcbcbcbcbcbcbcbcbcbcbcbcbcbcbcbcbcbcbcbcbcbcbc'
66	b'bcbcbcbcbcbcbcbcbcbc2000f330242001f330e0bcbcbcbcbcbcbcbcbcbcbcbcbcbcbcbcbcbcbcbcbcbcbcbcbcbcbcbcbcbcbcbcbcbcbcbcbcbcbcbcbcbcbcbc'
67	b'bcbcbcbcbcbcbcbcbcbc200072b0f5200172b045bcbcbcbcbcbcbcbcbcbcbcbcbcbcbcbcbcbcbcbcbcbcbcbcbcbcbcbcbcbcbcbcbcbcbcbcbcbcbcbcbcbcbcbc'
68	b'bcbcbcbcbcbcbcbcbcbc20007370ae20017370a6bcbcbcbcbcbcbcbcbcbcbcbcbcbcbcbcbcbcbcbcbcbcbcbcbcbcbcbcbcbcbcbcbcbcbcbcbcbcbcbcbcbcbcbc'
69	b'bcbcbcbcbcbcbcbcbcbc2000b2707a2001b270cabcbcbcbcbcbcbcbcbcbcbcbcbcbcbcbcbcbcbcbcbcbcbcbcbcbcbcbcbcbcbcbcbcbcbcbcbcbcbcbcbcbcbcbc'
70	b'bcbcbcbcbcbcbcbcbcbc2000b3700d2001b37025bcbcbcbcbcbcbcbcbcbcbcbcbcbcbcbcbcbcbcbcbcbcbcbcbcbcbcbcbcbcbcbcbcbcbcbcbcbcbcbcbcbcbcbc'
71	b'bcbcbcbcbcbcbcbcbcbc200032d033200132d07dbcbcbcbcbcbcbcbcbcbcbcbcbcbcbcbcbcbcbcbcbcbcbcbcbcbcbcbcbcbcbcbcbcbcbcbcbcbcbcbcbcbcbcbc'
72	b'bcbcbcbcbcbcbcbcbcbc200033f03c200133f0d4bcbcbcbcbcbcbcbcbcbcbcbcbcbcbcbcbcbcbcbcbcbcbcbcbcbcbcbcbcbcbcbcbcbcbcbcbcbcbcbcbcbcbcbc'
73	b'bcbcbcbcbcbcbcbcbcbc2000d2b0152001d2b069bcbcbcbcbcbcbcbcbcbcbcbcbcbcbcbcbcbcbcbcbcbcbcbcbcbcbcbcbcbcbcbcbcbcbcbcbcbcbcbcbcbcbcbc'
74	b'bcbcbcbcbcbcbcbcbcbc2000d370062001d3706abcbcbcbcbcbcbcbcbcbcbcbcbcbcbcbcbcbcbcbcbcbcbcbcbcbcbcbcbcbcbcbcbcbcbcbcbcbcbcbcbcbcbcbc'
75	b'bcbcbcbcbcbcbcbcbcbc2000d2d0472001d2d0abbcbcbcbcbcbcbcbcbcbcbcbcbcbcbcbcbcbcbcbcbcbcbcbcbcbcbcbcbcbcbcbcbcbcbcbcbcbcbcbcbcbcbcbc'
76	b'bcbcbcbcbcbcbcbcbcbc200053706d2001537025bcbcbcbcbcbcbcbcbcbcbcbcbcbcbcbcbcbcbcbcbcbcbcbcbcbcbcbcbcbcbcbcbcbcbcbcbcbcbcbcbcbcbcbc'
77	b'bcbcbcbcbcbcbcbcbcbc20005270c72001527083bcbcbcbcbcbcbcbcbcbcbcbcbcbcbcbcbcbcbcbcbcbcbcbcbcbcbcbcbcbcbcbcbcbcbcbcbcbcbcbcbcbcbcbc'
78	b'bcbcbcbcbcbcbcbcbcbc200093b0c6200193b09abcbcbcbcbcbcbcbcbcbcbcbcbcbcbcbcbcbcbcbcbcbcbcbcbcbcbcbcbcbcbcbcbcbcbcbcbcbcbcbcbcbcbcbc'
79	b'bcbcbcbcbcbcbcbcbcbc20009270ab2001927003bcbcbcbcbcbcbcbcbcbcbcbcbcbcbcbcbcbcbcbcbcbcbcbcbcbcbcbcbcbcbcbcbcbcbcbcbcbcbcbcbcbcbcbc'
80	b'bcbcbcbcbcbcbcbcbcbc200013f068200113f030bcbcbcbcbcbcbcbcbcbcbcbcbcbcbcbcbcbcbcbcbcbcbcbcbcbcbcbcbcbcbcbcbcbcbcbcbcbcbcbcbcbcbcbc'
81	b'bcbcbcbcbcbcbcbcbcbc20001270482001127060bcbcbcbcbcbcbcbcbcbcbcbcbcbcbcbcbcbcbcbcbcbcbcbcbcbcbcbcbcbcbcbcbcbcbcbcbcbcbcbcbcbcbcbc'
82	b'bcbcbcbcbcbcbcbcbcbc2000e330862001e3308cbcbcbcbcbcbcbcbcbcbcbcbcbcbcbcbcbcbcbcbcbcbcbcbcbcbcbcbcbcbcbcbcbcbcbcbcbcbcbcbcbcbcbcbc'
83	b'bcbcbcbcbcbcbcbcbcbc2000e2705e2001e2707abcbcbcbcbcbcbcbcbcbcbcbcbcbcbcbcbcbcbcbcbcbcbcbcbcbcbcbcbcbcbcbcbcbcbcbcbcbcbcbcbcbcbcbc'
84	b'bcbcbcbcbcbcbcbcbcbc20006370f5200163707ebcbcbcbcbcbcbcbcbcbcbcbcbcbcbcbcbcbcbcbcbcbcbcbcbcbcbcbcbcbcbcbcbcbcbcbcbcbcbcbcbcbcbcbc'
85	b'bcbcbcbcbcbcbcbcbcbc200062b059200162b089bcbcbcbcbcbcbcbcbcbcbcbcbcbcbcbcbcbcbcbcbcbcbcbcbcbcbcbcbcbcbcbcbcbcbcbcbcbcbcbcbcbcbcbc'
86	b'bcbcbcbcbcbcbcbcbcbc200063b0c2200163b0e0bcbcbcbcbcbcbcbcbcbcbcbcbcbcbcbcbcbcbcbcbcbcbcbcbcbcbcbcbcbcbcbcbcbcbcbcbcbcbcbcbcbcbcbc'
87	b'bcbcbcbcbcbcbcbcbcbc2000a230192001a230f1bcbcbcbcbcbcbcbcbcbcbcbcbcbcbcbcbcbcbcbcbcbcbcbcbcbcbcbcbcbcbcbcbcbcbcbcbcbcbcbcbcbcbcbc'
88	b'bcbcbcbcbcbcbcbcbcbc2000a3d08d2001a3d065bcbcbcbcbcbcbcbcbcbcbcbcbcbcbcbcbcbcbcbcbcbcbcbcbcbcbcbcbcbcbcbcbcbcbcbcbcbcbcbcbcbcbcbc'
89	b'bcbcbcbcbcbcbcbcbcbc200022b0ac200122b0c4bcbcbcbcbcbcbcbcbcbcbcbcbcbcbcbcbcbcbcbcbcbcbcbcbcbcbcbcbcbcbcbcbcbcbcbcbcbcbcbcbcbcbcbc'
90	b'bcbcbcbcbcbcbcbcbcbc200023b0ce200123b0cabcbcbcbcbcbcbcbcbcbcbcbcbcbcbcbcbcbcbcbcbcbcbcbcbcbcbcbcbcbcbcbcbcbcbcbcbcbcbcbcbcbcbcbc'
91	b'bcbcbcbcbcbcbcbcbcbc2000c270d02001c2b0e7bcbcbcbcbcbcbcbcbcbcbcbcbcbcbcbcbcbcbcbcbcbcbcbcbcbcbcbcbcbcbcbcbcbcbcbcbcbcbcbcbcbcbcbc'
92	b'bcbcbcbcbcbcbcbcbcbc2000c3f0c42001c3f060bcbcbcbcbcbcbcbcbcbcbcbcbcbcbcbcbcbcbcbcbcbcbcbcbcbcbcbcbcbcbcbcbcbcbcbcbcbcbcbcbcbcbcbc'
93	b'bcbcbcbcbcbcbcbcbcbc20004270eb2001427033bcbcbcbcbcbcbcbcbcbcbcbcbcbcbcbcbcbcbcbcbcbcbcbcbcbcbcbcbcbcbcbcbcbcbcbcbcbcbcbcbcbcbcbc'
94	b'bcbcbcbcbcbcbcbcbcbc2000433032200143309cbcbcbcbcbcbcbcbcbcbcbcbcbcbcbcbcbcbcbcbcbcbcbcbcbcbcbcbcbcbcbcbcbcbcbcbcbcbcbcbcbcbcbcbc'
95	b'bcbcbcbcbcbcbcbcbcbc200042d0f6200142d06abcbcbcbcbcbcbcbcbcbcbcbcbcbcbcbcbcbcbcbcbcbcbcbcbcbcbcbcbcbcbcbcbcbcbcbcbcbcbcbcbcbcbcbc'
96	b'bcbcbcbcbcbcbcbcbcbc200083f057200183f05bbcbcbcbcbcbcbcbcbcbcbcbcbcbcbcbcbcbcbcbcbcbcbcbcbcbcbcbcbcbcbcbcbcbcbcbcbcbcbcbcbcbcbcbc'
97	b'bcbcbcbcbcbcbcbcbcbc20008230c920018230c1bcbcbcbcbcbcbcbcbcbcbcbcbcbcbcbcbcbcbcbcbcbcbcbcbcbcbcbcbcbcbcbcbcbcbcbcbcbcbcbcbcbcbcbc'
98	b'bcbcbcbcbcbcbcbcbcbc20000390bf20010390bbbcbcbcbcbcbcbcbcbcbcbcbcbcbcbcbcbcbcbcbcbcbcbcbcbcbcbcbcbcbcbcbcbcbcbcbcbcbcbcbcbcbcbcbc'
99	b'bcbcbcbcbcbcbcbcbcbc20000270f92001027089bcbcbcbcbcbcbcbcbcbcbcbcbcbcbcbcbcbcbcbcbcbcbcbcbcbcbcbcbcbcbcbcbcbcbcbcbcbcbcbcbcbcbcbc'
100	b'bcbcbcbcbcbcbcbcbcbc2000fdf0492001fdf0febcbcbcbcbcbcbcbcbcbcbcbcbcbcbcbcbcbcbcbcbcbcbcbcbcbcbcbcbcbcbcbcbcbcbcbcbcbcbcbcbcbcbcbc'
101	b'bcbcbcbcbcbcbcbcbcbc2000fcb0da2001fcb0a2bcbcbcbcbcbcbcbcbcbcbcbcbcbcbcbcbcbcbcbcbcbcbcbcbcbcbcbcbcbcbcbcbcbcbcbcbcbcbcbcbcbcbcbc'
102	b'bcbcbcbcbcbcbcbcbcbc20007db04820017db010bcbcbcbcbcbcbcbcbcbcbcbcbcbcbcbcbcbcbcbcbcbcbcbcbcbcbcbcbcbcbcbcbcbcbcbcbcbcbcbcbcbcbcbc'
103	b'bcbcbcbcbcbcbcbcbcbc20007cb0f220017cb04cbcbcbcbcbcbcbcbcbcbcbcbcbcbcbcbcbcbcbcbcbcbcbcbcbcbcbcbcbcbcbcbcbcbcbcbcbcbcbcbcbcbcbcbc'
104	b'bcbcbcbcbcbcbcbcbcbc20007d30192001bd3031bcbcbcbcbcbcbcbcbcbcbcbcbcbcbcbcbcbcbcbcbcbcbcbcbcbcbcbcbcbcbcbcbcbcbcbcbcbcbcbcbcbcbcbc'
105	b'bcbcbcbcbcbcbcbcbcbc2000bc707c2001bc7074bcbcbcbcbcbcbcbcbcbcbcbcbcbcbcbcbcbcbcbcbcbcbcbcbcbcbcbcbcbcbcbcbcbcbcbcbcbcbcbcbcbcbcbc'
106	b'bcbcbcbcbcbcbcbcbcbc2000bd70852001bd7061bcbcbcbcbcbcbcbcbcbcbcbcbcbcbcbcbcbcbcbcbcbcbcbcbcbcbcbcbcbcbcbcbcbcbcbcbcbcbcbcbcbcbcbc'
107	b'bcbcbcbcbcbcbcbcbcbc20003c30bd20013c308dbcbcbcbcbcbcbcbcbcbcbcbcbcbcbcbcbcbcbcbcbcbcbcbcbcbcbcbcbcbcbcbcbcbcbcbcbcbcbcbcbcbcbcbc'
108	b'bcbcbcbcbcbcbcbcbcbc20003df06020013d701fbcbcbcbcbcbcbcbcbcbcbcbcbcbcbcbcbcbcbcbcbcbcbcbcbcbcbcbcbcbcbcbcbcbcbcbcbcbcbcbcbcbcbcbc'
109	b'bcbcbcbcbcbcbcbcbcbc2000dcb0d42001dcb0b8bcbcbcbcbcbcbcbcbcbcbcbcbcbcbcbcbcbcbcbcbcbcbcbcbcbcbcbcbcbcbcbcbcbcbcbcbcbcbcbcbcbcbcbc'
110	b'bcbcbcbcbcbcbcbcbcbc2000dd70522001dd701cbcbcbcbcbcbcbcbcbcbcbcbcbcbcbcbcbcbcbcbcbcbcbcbcbcbcbcbcbcbcbcbcbcbcbcbcbcbcbcbcbcbcbcbc'
111	b'bcbcbcbcbcbcbcbcbcbc20005cf01c20015cf0d4bcbcbcbcbcbcbcbcbcbcbcbcbcbcbcbcbcbcbcbcbcbcbcbcbcbcbcbcbcbcbcbcbcbcbcbcbcbcbcbcbcbcbcbc'
112	b'bcbcbcbcbcbcbcbcbcbc20005db0d520015db0a1bcbcbcbcbcbcbcbcbcbcbcbcbcbcbcbcbcbcbcbcbcbcbcbcbcbcbcbcbcbcbcbcbcbcbcbcbcbcbcbcbcbcbcbc'
113	b'bcbcbcbcbcbcbcbcbcbc20009c30dc20019c3094bcbcbcbcbcbcbcbcbcbcbcbcbcbcbcbcbcbcbcbcbcbcbcbcbcbcbcbcbcbcbcbcbcbcbcbcbcbcbcbcbcbcbcbc'
114	b'bcbcbcbcbcbcbcbcbcbc20009df08820019df0a0bcbcbcbcbcbcbcbcbcbcbcbcbcbcbcbcbcbcbcbcbcbcbcbcbcbcbcbcbcbcbcbcbcbcbcbcbcbcbcbcbcbcbcbc'
115	b'bcbcbcbcbcbcbcbcbcbc20009cb07e20019cb04ebcbcbcbcbcbcbcbcbcbcbcbcbcbcbcbcbcbcbcbcbcbcbcbcbcbcbcbcbcbcbcbcbcbcbcbcbcbcbcbcbcbcbcbc'
116	b'bcbcbcbcbcbcbcbcbcbc20001db0ef20011db067bcbcbcbcbcbcbcbcbcbcbcbcbcbcbcbcbcbcbcbcbcbcbcbcbcbcbcbcbcbcbcbcbcbcbcbcbcbcbcbcbcbcbcbc'
117	b'bcbcbcbcbcbcbcbcbcbc20001cb0f620011cb07abcbcbcbcbcbcbcbcbcbcbcbcbcbcbcbcbcbcbcbcbcbcbcbcbcbcbcbcbcbcbcbcbcbcbcbcbcbcbcbcbcbcbcbc'
118	b'bcbcbcbcbcbcbcbcbcbc2000ed30692001ed3021bcbcbcbcbcbcbcbcbcbcbcbcbcbcbcbcbcbcbcbcbcbcbcbcbcbcbcbcbcbcbcbcbcbcbcbcbcbcbcbcbcbcbcbc'
119	b'bcbcbcbcbcbcbcbcbcbc2000ec30b42001ec30b8bcbcbcbcbcbcbcbcbcbcbcbcbcbcbcbcbcbcbcbcbcbcbcbcbcbcbcbcbcbcbcbcbcbcbcbcbcbcbcbcbcbcbcbc'
120	b'bcbcbcbcbcbcbcbcbcbc20006d30ce20016d30e6bcbcbcbcbcbcbcbcbcbcbcbcbcbcbcbcbcbcbcbcbcbcbcbcbcbcbcbcbcbcbcbcbcbcbcbcbcbcbcbcbcbcbcbc'
121	b'bcbcbcbcbcbcbcbcbcbc20006c70dd20016c70b5bcbcbcbcbcbcbcbcbcbcbcbcbcbcbcbcbcbcbcbcbcbcbcbcbcbcbcbcbcbcbcbcbcbcbcbcbcbcbcbcbcbcbcbc'
122	b'bcbcbcbcbcbcbcbcbcbc2000adb0db2001adb08bbcbcbcbcbcbcbcbcbcbcbcbcbcbcbcbcbcbcbcbcbcbcbcbcbcbcbcbcbcbcbcbcbcbcbcbcbcbcbcbcbcbcbcbc'
123	b'bcbcbcbcbcbcbcbcbcbc2000ac30142001ac3038bcbcbcbcbcbcbcbcbcbcbcbcbcbcbcbcbcbcbcbcbcbcbcbcbcbcbcbcbcbcbcbcbcbcbcbcbcbcbcbcbcbcbcbc'
124	b'bcbcbcbcbcbcbcbcbcbc2000adb0a42001acb050bcbcbcbcbcbcbcbcbcbcbcbcbcbcbcbcbcbcbcbcbcbcbcbcbcbcbcbcbcbcbcbcbcbcbcbcbcbcbcbcbcbcbcbc'
125	b'bcbcbcbcbcbcbcbcbcbc20002c30bb20012c30cbbcbcbcbcbcbcbcbcbcbcbcbcbcbcbcbcbcbcbcbcbcbcbcbcbcbcbcbcbcbcbcbcbcbcbcbcbcbcbcbcbcbcbcbc'
126	b'bcbcbcbcbcbcbcbcbcbc20002db0b520012db049bcbcbcbcbcbcbcbcbcbcbcbcbcbcbcbcbcbcbcbcbcbcbcbcbcbcbcbcbcbcbcbcbcbcbcbcbcbcbcbcbcbcbcbc'
127	b'bcbcbcbcbcbcbcbcbcbc2000ccb0442001ccb050bcbcbcbcbcbcbcbcbcbcbcbcbcbcbcbcbcbcbcbcbcbcbcbcbcbcbcbcbcbcbcbcbcbcbcbcbcbcbcbcbcbcbcbc'
128	b'bcbcbcbcbcbcbcbcbcbc2000cd70a52001cd7059bcbcbcbcbcbcbcbcbcbcbcbcbcbcbcbcbcbcbcbcbcbcbcbcbcbcbcbcbcbcbcbcbcbcbcbcbcbcbcbcbcbcbcbc'
129	b'bcbcbcbcbcbcbcbcbcbc20004c302120014c305ebcbcbcbcbcbcbcbcbcbcbcbcbcbcbcbcbcbcbcbcbcbcbcbcbcbcbcbcbcbcbcbcbcbcbcbcbcbcbcbcbcbcbcbc'
130	b'bcbcbcbcbcbcbcbcbcbc20004d708620014d70b2bcbcbcbcbcbcbcbcbcbcbcbcbcbcbcbcbcbcbcbcbcbcbcbcbcbcbcbcbcbcbcbcbcbcbcbcbcbcbcbcbcbcbcbc'
131	b'bcbcbcbcbcbcbcbcbcbc20008cb02320018cb0d5bcbcbcbcbcbcbcbcbcbcbcbcbcbcbcbcbcbcbcbcbcbcbcbcbcbcbcbcbcbcbcbcbcbcbcbcbcbcbcbcbcbcbcbc'
