Voltageboard settings: [1.1, 1, 0, 0, 1, 1.1, 0, 0]
Digital: {'interrupt_pushpull': 1, 'en_inj': 0, 'reset': 0, 'extrabits': 0}
Biasblock: {'DisHiDR': 0, 'q01': 0, 'qon0': 0, 'qon1': 1, 'qon2': 0, 'qon3': 1}
DAC: {'blres': 0, 'nu1': 0, 'vn1': 20, 'vnfb': 3, 'vnfoll': 10, 'nu5': 0, 'nu6': 0, 'nu7': 0, 'nu8': 0, 'vn2': 0, 'vnfoll2': 4, 'vnbias': 0, 'vpload': 5, 'nu13': 0, 'vncomp': 2, 'vpfoll': 60, 'nu16': 0, 'vprec': 60, 'vnrec': 30}
Receiver: {'col0': 68719476734, 'col1': 68719476734, 'col2': 68719476734, 'col3': 68719476734, 'col4': 68719476734, 'col5': 68719476734, 'col6': 68719476734, 'col7': 68719476734, 'col8': 68719476734, 'col9': 68719476734, 'col10': 68719476734, 'col11': 68719476734, 'col12': 68719476734, 'col13': 68719476734, 'col14': 68719476734, 'col15': 68719476734, 'col16': 68719476734, 'col17': 68719476734, 'col18': 68719476734, 'col19': 68719476734, 'col20': 68719476734, 'col21': 68719476734, 'col22': 68719476734, 'col23': 68719476734, 'col24': 68719476734, 'col25': 68719476734, 'col26': 136902082558, 'col27': 68719476734, 'col28': 68719476735, 'col29': 68719476734, 'col30': 68719476734, 'col31': 68719476734, 'col32': 68719476734, 'col33': 68719476734, 'col34': 68719476734}
Namespace(name='chip602_130V_15sInj_defaultDACs', outdir='../../kit-adl/cleanAstroPix/amanda_python/logInj/dacScan/pixScan/default/', yaml='config_none', saveascsv=True, inject=True, vinj=None, threshold=None, maxruns=None, maxtime=0.25)
0	b'bcbcbcbcbcbcbcbcbcbc20380440142059048066bcbcbcbcbcbcbcbcbcbcbcbcbcbcbcbcbcbcbcbcbcbcbcbcbcbcbcbcbcbcbcbcbcbcbcbcbcbcbcbcbcbcbcbc'
1	b'bcbcbcbcbcbcbcbcbcbc2038a250322059a25074bcbcbcbcbcbcbcbcbcbcbcbcbcbcbcbcbcbcbcbcbcbcbcbcbcbcbcbcbcbcbcbcbcbcbcbcbcbcbcbcbcbcbcbc'
2	b'bcbcbcbcbcbcbcbcbcbc20389530f1205995308abcbcbcbcbcbcbcbcbcbcbcbcbcbcbcbcbcbcbcbcbcbcbcbcbcbcbcbcbcbcbcbcbcbcbcbcbcbcbcbcbcbcbcbc'
3	b'bcbcbcbcbcbcbcbcbcbc20387e20ad20597e2072bcbcbcbcbcbcbcbcbcbcbcbcbcbcbcbcbcbcbcbcbcbcbcbcbcbcbcbcbcbcbcbcbcbcbcbcbcbcbcbcbcbcbcbc'
4	b'bcbcbcbcbcbcbcbcbcbc2038a940422059a98017bcbcbcbcbcbcbcbcbcbcbcbcbcbcbcbcbcbcbcbcbcbcbcbcbcbcbcbcbcbcbcbcbcbcbcbcbcbcbcbcbcbcbcbc'
5	b'bcbcbcbcbcbcbcbcbcbc2038668063205966808cbcbcbcbcbcbcbcbcbcbcbcbcbcbcbcbcbcbcbcbcbcbcbcbcbcbcbcbcbcbcbcbcbcbcbcbcbcbcbcbcbcbcbcbc'
6	b'bcbcbcbcbcbcbcbcbcbc20388de08820598d60c3bcbcbcbcbcbcbcbcbcbcbcbcbcbcbcbcbcbcbcbcbcbcbcbcbcbcbcbcbcbcbcbcbcbcbcbcbcbcbcbcbcbcbcbc'
7	b'bcbcbcbcbcbcbcbcbcbc2038ecb0572059ecb0cdbcbcbcbcbcbcbcbcbcbcbcbcbcbcbcbcbcbcbcbcbcbcbcbcbcbcbcbcbcbcbcbcbcbcbcbcbcbcbcbcbcbcbcbc'
8	b'bcbcbcbcbcbcbcbcbcbc203860c04a20596040fdbcbcbcbcbcbcbcbcbcbcbcbcbcbcbcbcbcbcbcbcbcbcbcbcbcbcbcbcbcbcbcbcbcbcbcbcbcbcbcbcbcbcbcbc'
9	b'bcbcbcbcbcbcbcbcbcbc20384e600f20594e60a3bcbcbcbcbcbcbcbcbcbcbcbcbcbcbcbcbcbcbcbcbcbcbcbcbcbcbcbcbcbcbcbcbcbcbcbcbcbcbcbcbcbcbcbc'
10	b'bcbcbcbcbcbcbcbcbcbc20388e201120598ec009bcbcbcbcbcbcbcbcbcbcbcbcbcbcbcbcbcbcbcbcbcbcbcbcbcbcbcbcbcbcbcbcbcbcbcbcbcbcbcbcbcbcbcbc'
11	b'bcbcbcbcbcbcbcbcbcbc20383200112059320080bcbcbcbcbcbcbcbcbcbcbcbcbcbcbcbcbcbcbcbcbcbcbcbcbcbcbc203894804020591400dfbcbcbcbcbcbcbc'
12	b'dfbcbcbcbcbcbcbcbcbc2038f490de2059f490cabcbcbcbcbcbcbcbcbcbcbcbcbcbcbcbcbcbcbcbcbcbcbcbcbcbcbcbcbcbcbcbcbcbcbcbcbcbcbcbcbcbcbcbc'
13	b'bcbcbcbcbcbcbcbcbcbc20389e309b20599e30a5bcbcbcbcbcbcbcbcbcbcbcbcbcbcbcbcbcbcbcbcbcbcbcbcbcbcbcbcbcbcbcbcbcbcbcbcbcbcbcbcbcbcbcbc'
14	b'bcbcbcbcbcbcbcbcbcbc2038e960402059e9a0c3bcbcbcbcbcbcbcbcbcbcbcbcbcbcbcbcbcbcbcbcbcbcbcbcbcbcbcbcbcbcbcbcbcbcbcbcbcbcbcbcbcbcbcbc'
15	b'bcbcbcbcbcbcbcbcbcbc20388d008820598df052bcbcbcbcbcbcbcbcbcbcbcbcbcbcbcbcbcbcbcbcbcbcbcbcbcbcbcbcbcbcbcbcbcbcbcbcbcbcbcbcbc203845'
16	b'bcbcbcbcbc203845bc00a02038b2d0482059b250e3bcbcbcbcbcbcbcbcbcbcbcbcbcbcbcbcbcbcbcbcbcbcbcbcbcbcbcbcbcbcbcbcbcbcbcbcbcbcbcbcbcbcbc'
17	b'bcbcbcbcbcbcbcbcbcbc2038f750c92059f75090bcbcbcbcbcbcbcbcbcbcbcbcbcbcbcbcbcbcbcbcbcbcbcbcbcbcbcbcbcbcbcbcbcbcbcbcbcbcbcbcbcbcbcbc'
18	b'bcbcbcbcbcbcbcbcbcbc2038fbc0d22059fb40a5bcbcbcbcbcbcbcbcbcbcbcbcbcbcbcbcbcbcbcbcbcbcbcbcbcbcbcbcbcbcbcbcbcbcbcbcbcbcbcbcbcbcbcbc'
19	b'bcbcbcbcbcbcbcbcbcbc20387fe0b020597f604abcbcbc2038e7809a2059e7802abcbcbcbcbcbcbcbcbcbcbcbcbcbcbcbcbcbcbcbcbcbcbcbcbcbcbcbcbcbcbc'
20	b'bcbcbcbcbcbcbcbcbcbc2038ae50d32059ae5091bcbcbcbcbcbcbcbcbcbcbcbcbcbcbcbcbcbcbcbcbcbcbcbcbcbcbcbcbcbcbcbcbcbcbcbcbcbcbcbcbcbcbcbc'
21	b'bcbcbcbcbcbcbcbcbcbc203811506c20591150c4bcbcbcbcbcbcbcbcbcbcbcbcbcbcbcbcbcbcbcbcbcbcbcbcbcbcbcbcbcbcbcbcbcbcbcbcbcbcbcbcbcbcbcbc'
22	b'bcbcbcbcbcbcbcbcbcbc2038c9a0ac2059c92023bcbcbcbcbcbcbcbcbcbcbcbcbcbcbcbcbcbcbcbcbcbcbcbcbcbcbcbcbcbcbcbcbcbcbcbcbcbcbcbcbcbcbcbc'
23	b'bcbcbcbcbcbcbcbcbcbc20385180a62059518030bcbcbcbcbcbcbcbcbcbcbcbcbcbcbcbcbcbcbc2038f180332059f18023bcbcbcbcbcbcbcbcbcbcbcbcbcbcbc'
24	b'bcbcbcbcbcbcbcbcbcbc20381200bc205912f087bcbcbcbcbcbcbcbcbcbcbcbcbcbcbcbcbcbcbcbcbcbcbcbcbcbcbcbcbcbcbcbcbcbcbcbcbcbcbcbcbcbcbcbc'
25	b'bcbcbcbcbcbcbcbcbcbc20381cb04020591c30fdbcbcbcbcbcbcbcbcbcbcbcbcbcbcbcbcbcbcbcbcbcbcbcbcbcbcbcbcbcbcbcbcbcbcbcbcbcbcbcbcbcbcbcbc'
26	b'bcbcbcbcbcbcbcbcbcbc20380cb0ca20590cb004bcbcbcbcbcbcbcbcbcbcbcbcbcbcbcbcbcbcbcbcbcbcbcbcbcbcbcbcbcbcbcbcbcbcbcbcbcbcbcbcbcbcbcbc'
27	b'bcbcbcbcbcbcbcbcbcbc2038eb10332059eb1054bcbcbcbcbcbcbcbcbcbcbcbcbcbcbcbcbcbcbcbcbcbcbcbcbcbcbcbcbcbcbcbcbcbcbcbcbcbcbcbcbcbcbcbc'
28	b'bcbcbcbcbcbcbcbcbcbc2038c7e0c12059c760ffbcbcbcbcbcbcbcbcbcbcbcbcbcbcbcbcbcbcbcbcbcbcbcbcbcbcbcbcbcbcbcbcbcbcbcbcbcbcbcbcbcbcbcbc'
29	b'bcbcbcbcbcbcbcbcbcbc2038c7709f2059c77036bcbcbcbcbcbcbcbcbcbcbcbcbcbcbcbcbcbcbcbcbcbcbcbcbcbcbcbcbcbcbcbcbc203819c087205919c00bbc'
30	b'c087205919c00bbcbcbc2038d3d0822059d3d028bcbcbcbcbcbcbcbcbcbcbcbcbcbcbcbcbcbcbcbcbcbcbcbcbcbcbcbcbcbcbcbcbcbcbcbcbcbcbcbcbcbcbcbc'
31	b'bcbcbcbcbcbcbcbcbcbc2038af20702059afc0f7bcbcbcbcbcbcbcbcbcbcbcbcbcbcbcbcbcbcbcbcbcbcbcbcbcbcbcbcbcbcbcbcbcbcbcbcbcbcbcbcbcbcbcbc'
32	b'bcbcbcbcbcbcbcbcbcbc203804b0e020590430a9bcbcbcbcbcbcbcbcbcbcbcbcbcbcbcbcbcbcbcbcbcbcbcbcbcbcbcbcbcbcbcbcbcbcbcbcbcbcbcbcbcbcbcbc'
33	b'bcbcbcbcbcbcbcbcbcbc2038c0b0602059c0300abcbcbcbcbcbcbcbcbcbcbcbcbcbcbcbcbcbcbcbcbcbcbcbcbcbcbcbcbcbcbcbcbcbcbcbcbcbcbcbcbcbcbcbc'
34	b'bcbcbcbcbcbcbcbcbcbc20382c501120592c503abcbcbcbcbcbcbcbcbcbcbcbcbcbcbcbcbcbcbcbcbcbcbcbcbcbcbcbcbcbcbcbcbcbcbcbcbcbcbcbcbcbcbcbc'
35	b'bcbcbcbcbcbcbcbcbcbc20385280e220595200ffbcbcbcbcbcbcbcbcbcbcbcbcbcbcbcbcbcbcbcbcbcbcbcbcbcbcbcbcbcbcbcbcbcbcbcbcbcbcbcbcbcbcbcbc'
36	b'bcbcbcbcbcbcbcbcbcbc20380db06c20590d30dbbcbcbcbcbcbcbcbcbcbcbcbcbcbcbcbcbcbcbcbcbcbcbcbcbcbcbcbcbcbcbcbcbcbcbcbcbcbcbcbcbcbcbcbc'
37	b'bcbcbcbcbcbcbcbcbcbc203828f021205928f022bcbcbcbcbcbcbcbcbcbcbcbcbcbcbcbcbcbcbcbcbcbcbcbcbcbcbcbcbcbcbcbcbcbcbcbcbcbcbcbcbcbcbcbc'
38	b'bcbcbcbcbcbcbcbcbcbc2038eac0fa2059ea406bbcbcbcbcbcbcbcbcbcbcbcbcbcbcbcbcbcbcbcbcbcbcbcbcbcbcbcbcbcbcbcbcbcbcbcbcbcbcbcbcbcbcbcbc'
39	b'bcbcbcbcbcbcbcbcbcbc2038e070f52059e07072bcbcbcbcbcbcbcbcbcbcbcbcbcbcbcbcbcbcbcbcbcbcbcbcbcbcbcbcbcbcbcbcbcbcbcbcbcbcbcbcbc2038e5'
40	b'bcbcbcbcbc2038e5bc804120382be09920592be018bcbcbcbcbcbcbcbcbcbcbcbcbcbcbcbcbcbcbcbcbcbcbcbcbcbcbcbcbcbcbcbcbcbcbcbcbcbcbcbcbcbcbc'
41	b'bcbcbcbcbcbcbcbcbcbc203838f0222059387037bcbcbcbcbcbcbcbcbcbcbcbcbcbcbcbcbcbcbcbcbcbcbcbcbcbcbcbcbcbcbcbcbcbcbcbcbcbcbcbcbcbcbcbc'
42	b'bcbcbcbcbcbcbcbcbcbc2038e3c0e42059e340fbbcbcbcbcbcbcbcbcbcbcbcbcbcbcbcbcbcbcbcbcbcbcbcbcbcbcbcbcbcbcbcbcbcbcbcbcbcbcbcbcbcbcbcbc'
43	b'bcbcbcbcbcbcbcbcbcbc20384a607920594a6096bcbcbcbcbcbcbcbcbcbcbcbcbcbcbcbcbcbcbc2038c580dc2059c580b4bcbcbcbcbcbcbcbcbcbcbcbcbcbcbc'
44	b'bcbcbcbcbcbcbcbcbcbc2038dfe08920592de0a8bcbcbcbcbcbcbcbcbcbcbcbcbcbcbcbcbcbcbcbcbcbcbcbcbcbcbcbcbcbcbcbcbcbcbcbcbcbcbcbcbcbcbcbc'
45	b'bcbcbcbcbcbcbcbcbcbc2038e3802520596380d4bcbcbcbcbcbcbcbcbcbcbcbcbcbcbcbcbcbcbcbcbcbcbcbcbcbcbcbcbcbcbcbcbcbcbcbcbcbcbcbcbcbcbcbc'
46	b'bcbcbcbcbcbcbcbcbcbc2038fb10ec2059fb1000bcbcbcbcbcbcbcbcbcbcbcbcbcbcbcbcbcbcbcbcbcbcbcbcbcbcbcbcbcbcbcbcbcbcbcbcbcbc203863805620'
47	b'bcbc203863805620bcbc2038e000762059e0f0a7bcbcbcbcbcbcbcbcbcbcbcbcbcbcbcbcbcbcbcbcbcbcbcbcbcbcbcbcbcbcbcbcbcbcbcbcbcbcbcbcbcbcbcbc'
48	b'bcbcbcbcbcbcbcbcbcbc2038b900cd2059b9004abcbcbcbcbcbcbcbcbcbcbcbcbcbcbcbcbcbcbcbcbcbcbcbcbcbcbcbcbcbcbcbcbcbcbcbcbcbcbcbcbcbcbcbc'
49	b'bcbcbcbcbcbcbcbcbcbc2038cb604a2059cb60e0bcbcbcbcbcbcbcbcbcbcbcbcbcbcbcbcbcbcbcbcbcbcbcbcbcbcbcbcbcbcbcbcbcbcbcbcbcbcbcbcbcbcbcbc'
50	b'bcbcbcbcbcbcbcbcbcbc20389400432059940049bcbcbcbcbcbcbcbcbcbcbcbcbcbcbcbcbcbcbcbcbcbcbcbcbcbcbcbcbcbcbcbcbcbcbcbcbcbcbcbcbcbcbcbc'
51	b'bcbcbcbcbcbcbcbcbcbc20387600432059760040bcbcbcbcbcbcbcbcbcbcbcbcbcbcbcbcbcbcbcbcbcbcbcbcbcbcbcbcbcbcbcbcbcbcbcbcbcbcbcbcbcbcbcbc'
52	b'bcbcbcbcbcbcbcbcbcbc2038ff308c205900d021bcbcbcbcbcbcbcbcbcbcbcbcbcbcbcbcbcbcbcbcbcbcbcbcbcbcbcbcbcbcbcbcbcbcbcbcbcbcbcbcbcbcbcbc'
53	b'bcbcbcbcbcbcbcbcbcbc20380a401e20590a40e8bcbcbcbcbcbcbcbcbcbcbcbcbcbcbcbcbcbcbcbcbcbcbcbcbcbcbcbcbcbcbcbcbcbcbcbcbcbcbcbcbcbcbcbc'
54	b'bcbcbcbcbcbcbcbcbcbc203897b0c6205997b090bcbcbcbcbcbcbcbcbcbcbcbcbcbcbcbcbcbcbcbcbcbcbcbcbcbcbcbcbcbcbcbcbcbcbcbcbcbcbcbcbcbcbcbc'
55	b'bcbcbcbcbcbcbcbcbcbc203866004e205966f0cfbcbcbcbcbcbcbcbcbcbcbcbcbcbcbcbcbcbcbcbcbcbcbcbcbcbcbcbcbcbcbcbcbcbcbcbcbcbcbcbcbcbcbcbc'
56	b'bcbcbcbcbcbcbcbcbcbc203887b0ef205987b06dbcbcbcbcbcbcbcbcbcbcbcbcbcbcbcbcbcbcbcbcbcbcbcbcbcbcbcbcbcbcbcbcbcbcbcbcbcbcbcbcbcbcbcbc'
57	b'bcbcbcbcbcbcbcbcbcbc2038c3d0c92059c350e5bcbcbcbcbcbcbcbcbcbcbcbcbcbcbcbcbcbcbcbcbcbcbcbcbcbcbcbcbcbcbcbcbcbcbcbcbcbcbcbcbcbcbcbc'
58	b'bcbcbcbcbcbcbcbcbcbc2038af301f2059af3036bcbcbcbcbcbcbcbcbcbcbcbcbcbcbcbcbcbcbcbcbcbcbcbcbcbcbcbcbcbcbcbcbcbcbcbcbcbcbcbcbcbcbcbc'
59	b'bcbcbcbcbcbcbcbcbcbc2038b3707e20599e7040bcbcbcbcbcbcbcbcbcbcbcbcbcbcbcbcbcbcbcbcbcbcbcbcbcbcbcbcbcbcbcbcbcbcbcbcbcbcbcbcbcbcbcbc'
60	b'bcbcbcbcbcbcbcbcbcbc2038fd508f2059fd5099bcbcbcbcbcbcbcbcbcbcbcbcbcbcbcbcbcbcbcbcbcbcbcbcbcbcbcbcbcbcbcbcbcbcbcbcbcbcbcbcbcbcbcbc'
61	b'bcbcbcbcbcbcbcbcbcbc203804200520590420febcbcbcbcbcbcbcbcbcbcbcbcbcbcbcbcbcbcbcbcbcbcbcbcbcbcbcbcbcbcbcbcbcbcbcbcbcbcbcbcbcbcbcbc'
62	b'bcbcbcbcbcbcbcbcbcbc2038dc702e2059dc7084bcbcbcbcbcbcbcbcbcbcbcbcbcbcbcbcbcbcbcbcbcbcbcbcbcbcbcbcbcbcbcbcbcbcbcbcbcbcbcbcbcbcbcbc'
63	b'bcbcbcbcbcbcbcbcbcbc20389240752059924019bcbcbcbcbcbcbcbcbcbcbcbcbcbcbcbcbcbcbcbcbcbcbcbcbcbcbcbcbcbcbcbcbcbcbcbcbcbcbcbcbcbcbcbc'
64	b'bcbcbcbcbcbcbcbcbcbc20384420e6205944c0bbbcbcbcbcbcbcbcbcbcbcbcbcbcbcbcbcbcbcbcbcbcbcbcbcbcbcbcbcbcbcbcbcbcbcbcbcbcbcbcbcbcbcbcbc'
65	b'bcbcbcbcbcbcbcbcbcbc2038b2f0ae20597270bfbcbcbcbcbcbcbcbcbcbcbcbcbcbcbcbcbcbcbcbcbcbcbcbcbcbcbcbcbcbcbcbcbcbcbcbcbcbcbcbcbcbcbcbc'
66	b'bcbcbcbcbcbcbcbcbcbc2038f5b0732059f5b01ebcbcbcbcbcbcbcbcbcbcbcbcbcbcbcbcbcbcbcbcbcbcbcbcbcbcbcbcbcbcbcbcbcbcbcbcbcbcbcbcbcbcbcbc'
67	b'bcbcbcbcbcbcbcbcbcbc2038f3b0a52059f3b032bcbcbcbcbcbcbcbcbcbcbcbcbcbcbcbcbcbcbcbcbcbcbcbcbcbcbcbcbcbcbcbcbcbcbcbcbcbcbcbcbcbcbcbc'
68	b'bcbcbcbcbcbcbcbcbcbc20388eb09420598e3091bcbcbcbcbcbcbcbcbcbcbcbcbcbcbcbcbcbcbcbcbcbcbcbcbcbcbcbcbcbcbcbcbcbcbcbcbcbcbcbcbcbcbcbc'
69	b'bcbcbcbcbcbcbcbcbcbc20383fb04e20593f30cfbcbcbcbcbcbcbcbcbcbcbcbcbcbcbcbcbcbcbcbcbcbcbcbcbcbcbcbcbcbcbcbcbcbcbcbcbcbcbcbcbcbcbcbc'
70	b'bcbcbcbcbcbcbcbcbcbc20386de0b420596d60febcbcbcbcbcbcbcbcbcbcbcbcbcbcbcbcbcbcbcbcbcbcbcbcbcbcbcbcbcbcbcbcbcbcbcbcbcbcbcbcbcbcbcbc'
71	b'bcbcbcbcbcbcbcbcbcbc20387cd03720597cd0f5bcbcbcbcbcbcbcbcbcbcbcbcbcbcbcbcbcbcbcbcbcbcbcbcbcbcbcbcbcbcbcbcbcbcbcbcbcbcbcbcbcbcbcbc'
72	b'bcbcbcbcbcbcbcbcbcbc2038d890432059d8902cbcbcbcbcbcbcbcbcbcbcbcbcbcbcbcbcbcbcbcbcbcbcbcbcbcbcbcbcbcbcbcbcbcbcbcbcbcbcbcbcbcbcbcbc'
73	b'bcbcbcbcbcbcbcbcbcbc20386630842059a6d0a3bcbcbcbcbcbcbcbcbcbcbcbcbcbcbcbcbcbcbcbcbcbcbcbcbcbcbcbcbcbcbcbcbcbcbcbcbcbcbcbcbcbcbcbc'
74	b'bcbcbcbcbcbcbcbcbcbc2038de903e2059de1065bcbcbcbcbcbcbcbcbcbcbcbcbcbcbcbcbcbcbcbcbcbcbcbcbcbcbcbcbcbcbcbcbcbcbcbcbcbcbcbcbcbcbcbc'
75	b'bcbcbcbcbcbcbcbcbcbc2038f980692059f980bcbcbcbcbcbcbcbcbcbcbcbcbcbcbcbcbcbcbcbcbcbcbcbcbcbcbcbcbcbcbcbcbcbcbcbcbcbcbcbcbcbcbcbcbc'
76	b'bcbcbcbcbcbcbcbcbcbc203805a01d205905a0debcbcbcbcbcbcbcbcbcbcbcbcbcbcbcbcbcbcbcbcbcbcbcbcbcbcbcbcbcbcbcbcbcbcbcbcbcbcbcbcbcbcbcbc'
77	b'bcbcbcbcbcbcbcbcbcbc2038f1501b2059f150f6bcbcbcbcbcbcbcbcbcbcbcbcbcbcbcbcbcbcbcbcbcbcbcbcbcbcbcbcbcbcbcbcbcbcbcbcbcbcbcbcbcbcbcbc'
78	b'bcbcbcbcbcbcbcbcbcbc203886301a2059863048bcbcbcbcbcbcbcbcbcbcbcbcbcbcbcbcbcbcbcbcbcbcbcbcbcbcbcbcbcbcbcbcbcbcbcbcbcbcbcbcbcbcbcbc'
79	b'bcbcbcbcbcbcbcbcbcbc203878d013205978d0aabcbcbcbcbcbcbcbcbcbcbcbcbcbcbcbcbcbcbcbcbcbcbcbcbcbcbcbcbcbcbcbcbcbcbcbcbcbcbcbcbcbcbcbc'
80	b'bcbcbcbcbcbcbcbcbcbc2038c4f07e2059c4f05cbcbcbcbcbcbcbcbcbcbcbcbcbcbcbcbcbcbcbcbcbcbcbcbcbcbcbcbcbcbcbcbcbcbcbcbcbcbcbcbcbcbcbcbc'
81	b'bcbcbcbcbcbcbcbcbcbc20388ae03a20598ae004bcbcbcbcbcbcbcbcbcbcbcbcbcbcbcbcbcbcbcbcbcbcbcbcbcbcbcbcbcbcbcbcbcbcbcbcbcbcbcbcbcbcbcbc'
82	b'bcbcbcbcbcbcbcbcbcbc203840f09f2059aef069bcbcbcbcbcbcbcbcbcbcbcbcbcbcbcbcbcbcbcbcbcbcbcbcbcbcbcbcbcbcbcbcbcbcbcbcbcbcbcbcbcbcbcbc'
83	b'bcbcbcbcbcbcbcbcbcbc203888e0a42059886077bcbcbcbcbcbcbcbcbcbcbcbcbcbcbcbcbcbcbcbcbcbcbcbcbcbcbcbcbcbcbcbcbcbcbcbcbcbcbcbcbcbcbcbc'
84	b'bcbcbcbcbcbcbcbcbcbc203809f0c42059097020bcbcbcbcbcbcbcbcbcbcbcbcbcbcbcbcbcbcbcbcbcbcbcbcbcbcbcbcbcbcbcbcbcbcbcbcbcbcbcbcbcbcbcbc'
85	b'bcbcbcbcbcbcbcbcbcbc2038af70c920592fb03fbcbcbcbcbcbcbcbcbcbcbcbcbcbcbcbcbcbcbcbcbcbcbcbcbcbcbcbcbcbcbcbcbcbcbcbcbcbcbcbcbcbcbcbc'
86	b'bcbcbcbcbcbcbcbcbcbc2038ffa0142059ffa068bcbcbcbcbcbcbcbcbcbcbcbcbcbcbcbcbcbcbcbcbcbcbcbcbcbcbcbcbcbcbcbcbcbcbcbcbcbcbcbcbcbcbcbc'
87	b'bcbcbcbcbcbcbcbcbcbc2038f670052059f67024bcbcbcbcbcbcbcbcbcbcbcbcbcbcbcbcbcbcbcbcbcbcbcbcbcbcbcbcbcbcbcbcbcbcbcbcbcbcbcbcbcbcbcbc'
88	b'bcbcbcbcbcbcbcbcbcbc20383c70ae20593cb00fbcbcbcbcbcbcbcbcbcbcbcbcbcbcbcbcbcbcbcbcbcbcbcbcbcbcbcbcbcbcbcbcbcbcbcbcbcbcbcbcbcbcbcbc'
89	b'bcbcbcbcbcbcbcbcbcbc203888f0532059887005bcbcbcbcbcbcbcbcbcbcbcbcbcbcbcbcbcbcbcbcbcbcbcbcbcbcbcbcbcbcbcbcbcbcbcbcbcbcbcbcbcbcbcbc'
90	b'bcbcbcbcbcbcbcbcbcbc20384f70bc20594fb0e7bcbcbcbcbcbcbcbcbcbcbcbcbcbcbcbcbcbcbcbcbcbcbcbcbcbcbcbcbcbcbcbcbcbcbcbcbcbcbcbcbcbcbcbc'
91	b'bcbcbcbcbcbcbcbcbcbc20388d901e20598d90a4bcbcbcbcbcbcbcbcbcbcbcbcbcbcbcbcbcbcbcbcbcbcbcbcbcbcbcbcbcbcbcbcbcbcbcbcbcbcbcbcbcbcbcbc'
92	b'bcbcbcbcbcbcbcbcbcbc2038bdd0692059bdd0aebcbcbcbcbcbcbcbcbcbcbcbcbcbcbcbcbcbcbcbcbcbcbcbcbcbcbcbcbcbcbcbcbcbcbcbcbcbcbcbcbcbcbcbc'
93	b'bcbcbcbcbcbcbcbcbcbc2038a130112059a13042bcbcbcbcbcbcbcbcbcbcbcbcbcbcbcbcbcbcbcbcbcbcbcbcbcbcbcbcbcbcbcbcbcbcbcbcbcbcbcbcbcbcbcbc'
94	b'bcbcbcbcbcbcbcbcbcbc203831e08c2059316055bcbcbcbcbcbcbcbcbcbcbcbcbcbcbcbcbcbcbcbcbcbcbcbcbcbcbcbcbcbcbcbcbcbcbcbcbcbcbcbcbcbcbcbc'
95	b'bcbcbcbcbcbcbcbcbcbc20383c203d20593cc0e7bcbcbcbcbcbcbcbcbcbcbcbcbcbcbcbcbcbcbcbcbcbcbcbcbcbcbcbcbcbcbcbcbcbcbcbcbcbcbcbcbcbcbcbc'
96	b'bcbcbcbcbcbcbcbcbcbc20386fa0952059ef2069bcbcbcbcbcbcbcbcbcbcbcbcbcbcbcbcbcbcbcbcbcbcbcbcbcbcbcbcbcbcbcbcbcbcbcbcbcbcbcbcbcbcbcbc'
97	b'bcbcbcbcbcbcbcbcbcbc20385cc05520595cc051bcbcbcbcbcbcbcbcbcbcbcbcbcbcbcbcbcbcbcbcbcbcbcbcbcbcbcbcbcbcbcbcbcbcbcbcbcbcbcbcbcbcbcbc'
98	b'bcbcbcbcbcbcbcbcbcbc20389d709520599d70f2bcbcbcbcbcbcbcbcbcbcbcbcbcbcbcbcbcbcbcbcbcbcbcbcbcbcbcbcbcbcbcbcbcbcbcbcbcbcbcbcbcbcbcbc'
99	b'bcbcbcbcbcbcbcbcbcbc203837c0c82059374056bcbcbcbcbcbcbcbcbcbcbcbcbcbcbcbcbcbcbcbcbcbcbcbcbcbcbcbcbcbcbcbcbcbcbcbcbcbcbcbcbcbcbcbc'
100	b'bcbcbcbcbcbcbcbcbcbc20386fd01620596f501fbcbcbcbcbcbcbcbcbcbcbcbcbcbcbcbcbcbcbcbcbcbcbcbcbcbcbcbcbcbcbcbcbcbcbcbcbcbcbcbcbcbcbcbc'
101	b'bcbcbcbcbcbcbcbcbcbc2038b5707d2059b570eebcbcbcbcbcbcbcbcbcbcbcbcbcbcbcbcbcbcbcbcbcbcbcbcbcbcbcbcbcbcbcbcbcbcbcbcbcbcbcbcbcbcbcbc'
102	b'bcbcbcbcbcbcbcbcbcbc2038cdc0812059cdc0d0bcbcbcbcbcbcbcbcbcbcbcbcbcbcbcbcbcbcbcbcbcbcbcbcbcbcbcbcbcbcbcbcbcbcbcbcbcbcbcbcbcbcbcbc'
103	b'bcbcbcbcbcbcbcbcbcbc20383390792059249032bcbcbcbcbcbcbcbcbcbcbcbcbcbcbcbcbcbcbcbcbcbcbcbcbcbcbcbcbcbcbcbcbcbcbcbcbcbcbcbcbcbcbcbc'
104	b'bcbcbcbcbcbcbcbcbcbc20381d70a120591d7044bcbcbcbcbcbcbcbcbcbcbcbcbcbcbcbcbcbcbcbcbcbcbcbcbcbcbcbcbcbcbcbcbcbcbcbcbcbcbcbcbcbcbcbc'
105	b'bcbcbcbcbcbcbcbcbcbc203805d0e9205905d01abcbcbcbcbcbcbcbcbcbcbcbcbcbcbcbcbcbcbcbcbcbcbcbcbcbcbcbcbcbcbcbcbcbcbcbcbcbcbcbcbcbcbcbc'
106	b'bcbcbcbcbcbcbcbcbcbc2038b3c0dd2059b3c022bcbcbcbcbcbcbcbcbcbcbcbcbcbcbcbcbcbcbcbcbcbcbcbcbcbcbcbcbcbcbcbcbcbcbcbcbcbcbcbcbcbcbcbc'
107	b'bcbcbcbcbcbcbcbcbcbc203873808b2059738002bcbcbcbcbcbcbcbcbcbcbcbcbcbcbcbcbcbcbcbcbcbcbcbcbcbcbcbcbcbcbcbcbcbcbcbcbcbcbcbcbcbcbcbc'
108	b'bcbcbcbcbcbcbcbcbcbc20381c70e220591cb093bcbcbcbcbcbcbcbcbcbcbcbcbcbcbcbcbcbcbcbcbcbcbcbcbcbcbcbcbcbcbcbcbcbcbcbcbcbcbcbcbcbcbcbc'
109	b'bcbcbcbcbcbcbcbcbcbc20385ff0b920595f70abbcbcbcbcbcbcbcbcbcbcbcbcbcbcbcbcbcbcbcbcbcbcbcbcbcbcbcbcbcbcbcbcbcbcbcbcbcbcbcbcbcbcbcbc'
110	b'bcbcbcbcbcbcbcbcbcbc2038d9d0c62059d9d0f8bcbcbcbcbcbcbcbcbcbcbcbcbcbcbcbcbcbcbcbcbcbcbcbcbcbcbcbcbcbcbcbcbcbcbcbcbcbcbcbcbcbcbcbc'
111	b'bcbcbcbcbcbcbcbcbcbc20382d308c20592dd07fbcbcbcbcbcbcbcbcbcbcbcbcbcbcbcbcbcbc2038b900772059b900c7bcbcbcbcbcbcbcbcbcbcbcbcbcbcbcbc'
112	b'bcbcbcbcbcbcbcbcbcbc203820209c20592020a8bcbcbcbcbcbcbcbcbcbcbcbcbcbcbcbcbcbcbcbcbcbcbcbcbcbcbcbcbcbcbcbcbcbcbcbcbcbcbcbcbcbcbcbc'
113	b'bcbcbcbcbcbcbcbcbcbc203803b0b02059a43005bcbcbcbcbcbcbcbcbcbcbcbcbcbcbcbcbcbcbcbcbcbcbcbcbcbcbcbcbcbcbcbcbcbcbcbcbcbcbcbcbcbcbcbc'
114	b'bcbcbcbcbcbcbcbcbcbc2038001061205900e0b5bcbcbcbcbcbcbcbcbcbcbcbcbcbcbcbcbcbcbcbcbcbcbcbcbcbcbcbcbcbcbcbcbcbcbcbcbcbcbcbcbcbcbcbc'
115	b'bcbcbcbcbcbcbcbcbcbc2038b3d0852059b3d0eebcbcbcbcbc2038e080c22059e08074bcbcbcbcbcbcbcbcbcbcbcbcbcbcbcbcbcbcbcbcbcbcbcbcbcbcbcbcbc'
116	b'bcbcbcbcbcbcbcbcbcbc2038ef90eb2059ef902abcbcbcbcbcbcbcbcbcbcbcbcbcbcbcbcbcbcbcbcbcbcbcbcbcbcbcbcbcbcbcbcbcbcbcbcbcbcbcbcbcbcbcbc'
117	b'bcbcbcbcbcbcbcbcbcbc20388ad0d720598ad0febcbcbcbcbcbcbcbcbcbcbcbcbcbcbcbcbcbcbcbcbcbcbcbcbcbcbcbcbcbcbcbcbcbcbcbcbcbcbcbcbcbcbcbc'
118	b'bcbcbcbcbcbcbcbcbcbc20384db01220594d30ffbcbcbcbcbcbcbcbcbcbcbcbcbcbcbcbcbcbcbcbcbcbcbcbcbcbcbcbcbcbcbcbcbcbcbcbcbcbcbcbcbcbcbcbc'
119	b'bcbcbcbcbcbcbcbcbcbc203805a0fe205905a0dabcbcbcbcbcbcbcbcbcbcbcbcbcbcbcbcbcbcbcbcbcbcbcbcbcbcbcbcbcbcbcbcbcbcbcbcbcbcbcbcbcbcbcbc'
120	b'bcbcbcbcbcbcbcbcbcbc20388cf01420598c7077bcbcbcbcbcbcbcbcbcbcbcbcbcbcbcbcbcbcbcbcbcbcbcbcbcbcbcbcbcbcbcbcbcbcbcbcbcbcbcbcbcbcbcbc'
121	b'bcbcbcbcbcbcbcbcbcbc203864f0ae205964f0f0bcbcbcbcbcbcbcbcbcbcbcbcbcbcbcbcbcbcbcbcbcbcbcbcbcbcbcbcbcbcbcbcbcbcbcbcbcbcbcbcbcbcbcbc'
122	b'bcbcbcbcbcbcbcbcbcbc203811008d2059110096bcbcbcbcbcbcbcbcbcbcbcbcbcbcbcbcbcbcbcbcbcbcbcbcbcbcbcbcbcbcbcbcbcbcbcbcbcbcbcbcbcbcbcbc'
123	b'bcbcbcbcbcbcbcbcbcbc20388c400620590c807ebcbcbcbcbcbcbcbcbcbcbcbcbcbcbcbcbcbcbcbcbcbcbcbcbcbcbcbcbcbcbcbcbcbcbcbcbcbcbcbcbcbcbcbc'
124	b'bcbcbcbcbcbcbcbcbcbc20380520e6205905c0f7bcbcbcbcbcbcbcbcbcbcbcbcbcbcbcbcbcbcbcbcbcbcbcbcbcbcbcbcbcbcbcbcbcbcbcbcbcbcbcbcbcbcbcbc'
125	b'bcbcbcbcbcbcbcbcbcbc20380d708020590db06ebcbcbcbcbcbcbcbcbcbcbcbcbcbcbcbcbcbcbcbcbcbcbcbcbcbcbcbcbcbcbcbcbcbcbcbcbcbcbcbcbcbcbcbc'
126	b'bcbcbcbcbcbcbcbcbcbc2038d1709d2059d170c6bcbcbcbcbcbcbcbcbcbcbcbcbcbcbcbcbcbcbcbcbcbcbcbcbcbcbcbcbcbcbcbcbcbcbcbcbcbcbcbcbcbcbcbc'
127	b'bcbcbcbcbcbcbcbcbcbc20383740b12059374090bcbcbcbcbcbcbcbcbcbcbcbcbcbcbcbcbcbcbcbcbcbcbcbcbcbcbcbcbcbcbcbcbcbcbcbcbcbcbcbcbcbcbcbc'
128	b'bcbcbcbcbcbcbcbcbcbc2038f530272059f5303ebcbcbcbcbcbcbcbcbcbcbcbcbcbcbcbcbcbcbcbcbcbcbcbcbcbcbcbcbcbcbcbcbcbcbcbcbcbcbcbcbcbcbcbc'
129	b'bcbcbcbcbcbcbcbcbcbc2038b150042059b1900bbcbcbcbcbcbcbcbcbcbcbcbcbcbcbcbcbcbcbcbcbcbcbcbcbcbcbcbcbcbcbcbcbcbcbcbcbcbcbcbcbcbcbcbc'
130	b'bcbcbcbcbcbcbcbcbcbc20389bd07d20599b50cfbcbcbcbcbcbcbcbcbcbcbcbcbcbcbcbcbcbcbcbcbcbcbcbcbcbcbcbcbcbcbcbcbcbcbcbcbcbcbcbcbcbcbcbc'
131	b'bcbcbcbcbcbcbcbcbcbc203875a0e4205975207dbcbcbcbcbcbcbcbcbcbcbcbcbcbcbcbcbcbcbcbcbcbcbcbcbcbcbcbcbcbcbcbcbcbcbcbcbcbcbcbcbcbcbcbc'
132	b'bcbcbcbcbcbcbcbcbcbc20380550192059055030bcbcbcbcbcbcbcbcbcbcbcbcbcbcbcbcbcbcbcbcbcbcbcbcbcbcbcbcbcbcbcbcbcbcbcbcbcbcbcbcbcbcbcbc'
133	b'bcbcbcbcbcbcbcbcbcbc20385800f22059d8f01dbcbcbcbcbcbcbcbcbcbcbcbcbcbcbcbcbcbcbcbcbcbcbcbcbcbcbcbcbcbcbcbcbcbcbcbcbcbcbcbcbcbcbcbc'
134	b'bcbcbcbcbcbcbcbcbcbc2038ae308a205962d0c9bcbcbcbcbcbcbcbcbcbcbcbcbcbcbcbcbcbcbcbcbcbcbcbcbcbcbcbcbcbcbcbcbcbcbcbcbcbcbcbcbcbcbcbc'
135	b'bcbcbcbcbcbcbcbcbcbc203835b0a7205935b0aabcbcbcbcbcbcbcbcbcbcbcbcbcbcbcbcbcbcbcbcbcbcbcbcbcbcbcbcbcbcbcbcbcbcbcbcbcbcbcbcbcbcbcbc'
136	b'bcbcbcbcbcbcbcbcbcbc20384c405420594c8095bcbcbcbcbcbcbcbcbcbcbcbcbcbcbcbcbcbcbcbcbcbcbcbcbcbcbcbcbcbcbcbcbcbcbcbcbcbcbcbcbcbcbcbc'
137	b'bcbcbcbcbcbcbcbcbcbc20384a905720590390babcbcbcbcbcbcbcbcbcbcbcbcbcbcbcbcbcbcbcbcbcbcbcbcbcbcbcbcbcbcbcbcbcbcbcbcbcbcbcbcbcbcbcbc'
138	b'bcbcbcbcbcbcbcbcbcbc203873b06c2059f3308ebcbcbcbcbcbcbcbcbcbcbcbcbcbcbcbcbcbcbcbcbcbcbcbcbcbcbcbcbcbcbcbcbcbcbcbcbcbcbcbcbcbcbcbc'
139	b'bcbcbcbcbcbcbcbcbcbc20383570f9205935705cbcbcbcbcbcbcbcbcbcbcbcbcbcbcbcbcbcbcbcbcbcbcbcbcbcbcbcbcbcbcbcbcbcbcbcbcbcbcbcbcbcbcbcbc'
140	b'bcbcbcbcbcbcbcbcbcbc2038d4706e2059d47028bcbcbcbcbcbcbcbcbcbcbcbcbcbcbcbcbcbcbcbcbcbcbcbcbcbcbcbcbcbcbcbcbcbcbcbcbcbcbcbcbcbcbcbc'
141	b'bcbcbcbcbcbcbcbcbcbc2038cba09d2059cba074bcbcbcbcbcbcbcbcbcbcbcbcbcbcbcbcbcbcbcbcbcbcbcbcbcbcbcbcbcbcbcbcbcbcbcbcbcbcbcbcbcbcbcbc'
142	b'bcbcbcbcbcbcbcbcbcbc20380a005b20590a0049bcbcbcbcbcbcbcbcbcbcbcbcbcbcbcbcbcbcbcbcbcbcbcbcbcbcbcbcbcbcbcbcbcbcbcbcbcbcbcbcbcbcbcbc'
143	b'bcbcbcbcbcbcbcbcbcbc203884d08d205984d00ebcbcbcbcbcbcbcbcbcbcbcbcbcbcbcbcbcbcbcbcbcbcbcbcbcbcbcbcbcbcbcbcbcbcbcbcbcbcbcbcbcbcbcbc'
144	b'bcbcbcbcbcbcbcbcbcbc2038e850792059e85046bcbcbcbcbcbcbcbcbcbcbcbcbcbcbcbcbcbcbcbcbcbcbcbcbcbcbcbcbcbcbcbcbcbcbcbcbcbcbcbcbcbcbcbc'
145	b'bcbcbcbcbcbcbcbcbcbc20386f50fe20596f904dbcbcbcbcbcbcbcbcbcbcbcbcbcbcbcbcbcbcbcbcbcbcbcbcbcbcbcbcbcbcbcbcbcbcbcbcbcbcbcbcbcbcbcbc'
146	b'bcbcbcbcbcbcbcbcbcbc20383b80f72059db80c5bcbcbcbcbcbcbcbcbcbcbcbcbcbcbcbcbcbcbcbcbcbcbcbcbcbcbcbcbcbcbcbcbcbcbcbcbcbcbcbcbcbcbcbc'
147	b'bcbcbcbcbcbcbcbcbcbc20387b108c20597be0f3bcbcbcbcbcbcbcbcbcbc20385880a920595880b1bcbcbcbcbcbcbcbcbcbcbcbcbcbcbcbcbcbcbcbcbcbcbcbc'
148	b'bcbcbcbcbcbcbcbcbcbc2038d540aa2059d540b0bcbcbcbcbcbcbcbcbcbcbcbcbcbcbcbcbcbcbcbcbcbcbcbcbcbcbcbcbcbcbcbcbcbcbcbcbcbcbcbcbcbcbcbc'
149	b'bcbcbcbcbcbcbcbcbcbc2038ac70122059ac7050bcbcbcbcbcbcbcbcbcbcbcbcbcbcbcbcbcbcbcbcbcbcbcbcbcbcbcbcbcbcbcbcbcbcbcbcbcbcbcbcbcbcbcbc'
150	b'bcbcbcbcbcbcbcbcbcbc2038c730f92059c73088bcbcbcbcbcbcbcbcbcbcbcbcbcbcbcbcbcbcbcbcbcbcbcbcbcbcbcbcbcbcbcbcbcbcbcbcbcbcbcbcbcbcbcbc'
151	b'bcbcbcbcbcbcbcbcbcbc2038f770692059f770cabcbcbcbcbcbcbcbcbcbcbcbcbcbcbcbcbcbcbcbcbcbcbcbcbcbcbcbcbcbcbcbcbcbcbcbcbcbcbcbcbcbcbcbc'
152	b'bcbcbcbcbcbcbcbcbcbc20380730a7205907307dbcbcbcbcbcbcbcbcbcbcbcbcbcbcbcbcbcbcbcbcbcbcbcbcbcbcbcbcbcbcbcbcbcbcbcbcbcbcbcbcbcbcbcbc'
153	b'bcbcbcbcbcbcbcbcbcbc20385f308320595f3062bcbcbcbcbcbcbcbcbcbcbcbcbcbcbcbcbcbcbcbcbcbcbcbcbcbcbcbcbcbcbcbcbcbcbcbcbcbcbcbcbcbcbcbc'
154	b'bcbcbcbcbcbcbcbcbcbc20382a800720592a8021bcbcbcbcbcbcbcbcbcbcbcbcbcbcbcbcbcbcbcbcbcbcbcbcbcbcbcbcbcbcbcbcbcbcbcbcbcbcbcbcbcbcbcbc'
155	b'bcbcbcbcbcbcbcbcbcbc20386dc06c20596d4093bcbcbcbcbcbcbcbcbcbcbcbcbcbcbcbcbcbcbcbcbcbcbcbcbcbcbcbcbcbcbcbcbcbcbcbcbcbcbcbcbcbcbcbc'
156	b'bcbcbcbcbcbcbcbcbcbc20383110da20593110e8bcbcbcbcbcbcbcbcbcbcbcbcbcbcbcbcbcbcbcbcbcbcbcbcbcbcbcbcbcbcbcbcbcbcbcbcbcbcbcbcbcbcbcbc'
157	b'bcbcbcbcbcbcbcbcbcbc20380930a92059093052bcbcbcbcbcbcbcbcbcbcbcbcbcbcbcbcbcbcbcbcbcbcbcbcbcbcbcbcbcbcbcbcbcbcbcbcbcbcbcbcbcbcbcbc'
158	b'bcbcbcbcbcbcbcbcbcbc2038fc50792059fc90b1bcbcbcbcbcbcbcbcbcbcbcbcbcbcbcbcbcbcbcbcbcbcbcbcbcbcbcbcbcbcbcbcbcbcbcbcbcbcbcbcbcbcbcbc'
159	b'bcbcbcbcbcbcbcbcbcbc2038ac70d420592c7040bcbcbcbcbcbcbcbcbcbcbcbcbcbcbcbcbcbcbcbcbcbcbcbcbcbcbcbcbcbcbcbcbcbcbcbcbcbcbcbcbcbcbcbcbcbcbcbcbcbcbcbcbcbcbcbcbcbcbcbcffffffffffffffffffffffffffffffffffffffffffffffffffffffffffffffffffffffffffffffffffffffffffffffff'
160	b'bcbcbcbcbcbcbcbcbcbc203876b010205976303ebcbcbcbcbcbcbcbcbcbcbcbcbcbcbcbcbcbcbcbcbcbcbcbcbcbcbcbcbcbcbcbcbcbcbcbcbcbcbcbcbcbcbcbc'
161	b'bcbcbcbcbcbcbcbcbcbc2038e0f07d2059e0f092bcbcbcbcbcbcbcbcbcbcbcbcbcbcbcbcbcbcbcbcbcbcbcbcbcbcbcbcbcbcbcbcbcbcbcbcbcbcbcbcbcbcbcbc'
162	b'bcbcbcbcbcbcbcbcbcbc20381f90b320591f90a6bcbcbcbcbcbcbcbcbcbcbcbcbcbcbcbcbcbcbcbcbcbcbcbcbcbcbcbcbcbcbcbcbcbcbcbcbcbcbcbcbcbcbcbc'
163	b'bcbcbcbcbcbcbcbcbcbc203868308e20596830d2bcbcbcbcbcbcbcbcbcbcbcbcbcbcbcbcbcbcbcbcbcbcbcbcbcbcbcbcbcbcbcbcbcbcbcbcbcbcbcbcbcbcbcbc'
164	b'bcbcbcbcbcbcbcbcbcbc2038adf0922059a7700cbcbcbcbcbcbcbcbcbcbcbcbcbcbcbcbcbcbcbcbcbcbcbcbcbcbcbcbcbcbcbcbcbcbcbcbcbcbcbcbcbcbcbcbc'
165	b'bcbcbcbcbcbcbcbcbcbc2038d270a22059d27090bcbcbcbcbcbcbcbcbcbcbcbcbcbcbcbcbcbcbcbcbcbcbcbcbcbcbcbcbcbcbcbcbcbcbcbcbcbcbcbcbcbcbcbc'
166	b'bcbcbcbcbcbcbcbcbcbc2038a0803d2059a080a6bcbcbcbcbcbcbcbcbcbcbcbcbcbcbcbcbcbcbcbcbcbcbcbcbcbcbcbcbcbcbcbcbcbcbcbcbcbcbcbcbcbcbcbc'
167	b'bcbcbcbcbcbcbcbcbcbc2038aa90d32059aa90c2bcbcbcbcbcbcbcbcbcbcbcbcbcbcbcbcbcbcbcbcbcbcbcbcbcbcbcbcbcbcbcbcbcbcbcbcbcbcbcbcbcbcbcbc'
168	b'bcbcbcbcbcbcbcbcbcbc2038e180442059e10023bcbcbcbcbcbcbcbcbcbcbcbcbcbcbcbcbcbcbcbcbcbcbcbcbcbcbcbcbcbcbcbcbcbcbcbcbcbcbcbcbcbcbcbc'
169	b'bcbcbcbcbcbcbcbcbcbc2038dde03220598b603fbcbcbcbcbcbcbcbcbcbcbcbcbcbcbcbcbcbcbcbcbcbcbcbcbcbcbcbcbcbcbcbcbcbcbcbcbcbcbcbcbcbcbcbc'
170	b'bcbcbcbcbcbcbcbcbcbc20385af0a820595a70c5bcbcbcbcbcbcbcbcbcbcbcbcbcbcbcbcbcbcbcbcbcbcbcbcbcbcbcbcbcbcbcbcbcbcbcbcbcbcbcbcbcbcbcbc'
171	b'bcbcbcbcbcbcbcbcbcbc20384940c2205949800bbcbcbcbcbcbcbcbcbcbcbcbcbcbcbcbcbcbcbcbcbcbcbcbcbcbcbcbcbcbcbcbcbcbcbcbcbcbcbcbcbcbcbcbc'
172	b'bcbcbcbcbcbcbcbcbcbc2038d3e0462059d3e0c0bcbcbcbcbcbcbcbcbcbcbcbcbcbcbcbcbcbcbcbcbcbcbcbcbcbcbcbcbcbcbcbcbc20386e803420596e80e8bc'
173	b'803420596e80e8bcbcbc203876201c205976c031bcbcbcbcbcbcbcbcbcbcbcbcbcbcbcbcbcbcbcbcbcbcbcbcbcbcbcbcbcbcbcbcbcbcbcbcbcbcbcbcbcbcbcbc'
174	b'bcbcbcbcbcbcbcbcbcbc203845007620594500c0bcbcbcbcbcbcbcbcbcbcbcbcbcbcbcbcbcbcbcbcbcbcbcbcbcbcbcbcbcbcbcbcbcbcbcbcbcbcbcbcbcbcbcbc'
175	b'bcbcbcbcbcbcbcbcbcbc20387050df20597050b0bcbcbcbcbcbcbcbcbcbcbcbcbcbcbcbcbcbcbcbcbcbcbcbcbcbcbcbcbcbcbcbcbcbcbcbcbcbcbcbcbcbcbcbc'
176	b'bcbcbcbcbcbcbcbcbcbc203860408f2059604019bcbcbcbcbcbcbcbcbcbcbcbcbcbcbcbcbcbcbcbcbcbcbcbcbcbcbcbcbcbcbcbcbcbcbcbcbcbcbcbcbcbcbcbc'
177	b'bcbcbcbcbcbcbcbcbcbc20380710c0205907e0e5bcbcbcbcbcbcbcbcbcbcbcbcbcbcbcbcbcbcbcbcbcbcbcbcbcbcbcbcbcbcbcbcbcbcbcbcbcbcbcbcbcbcbcbc'
178	b'bcbcbcbcbcbcbcbcbcbc20380af01620590af0a0bcbcbcbcbcbcbcbcbcbcbcbcbcbcbcbcbcbc2038f800962059f8005abcbcbcbcbcbcbcbcbcbcbcbcbcbcbcbc'
179	b'bcbcbcbcbcbcbcbcbcbc20380f204120590fc093bcbcbcbcbcbcbcbcbcbcbcbcbcbcbcbcbcbcbcbcbcbcbcbcbcbcbcbcbcbcbcbcbcbcbcbcbcbcbcbcbcbcbcbc'
180	b'bcbcbcbcbcbcbcbcbcbc203889f07b205989f099bcbcbcbcbcbcbcbcbcbcbcbcbcbcbcbcbcbcbcbcbcbcbcbcbcbcbcbcbcbcbcbcbcbcbcbcbcbcbcbcbcbcbcbc'
181	b'bcbcbcbcbcbcbcbcbcbc20386860b120596860dcbcbcbcbcbcbcbcbcbcbcbcbcbcbcbcbcbcbcbcbcbcbcbcbcbcbcbcbcbcbcbcbcbcbcbcbcbcbcbcbcbcbcbcbc'
182	b'bcbcbcbcbcbcbcbcbcbc2038ce301e2059ce30a2bcbcbcbcbcbcbcbcbcbcbcbcbcbcbcbcbcbcbcbcbcbcbcbcbcbcbcbcbcbcbcbcbcbcbcbcbcbcbcbcbcbcbcbc'
183	b'bcbcbcbcbcbcbcbcbcbc203876e032205976e050bcbcbcbcbcbcbcbcbcbcbcbcbcbcbcbcbcbcbcbcbcbcbcbcbcbcbcbcbcbcbcbcbcbcbcbcbcbcbcbcbcbcbcbc'
184	b'bcbcbcbcbcbcbcbcbcbc203827f01f205927f094bcbcbcbcbcbcbcbcbcbcbcbcbcbcbcbcbcbcbcbcbcbcbcbcbcbcbcbcbcbcbcbcbcbcbcbcbcbcbcbcbcbcbcbc'
185	b'bcbcbcbcbcbcbcbcbcbc2038c2808d2059c280eabcbcbcbcbcbcbcbcbcbcbcbcbcbcbcbcbcbcbcbcbcbcbcbcbcbcbcbcbcbcbcbcbcbcbcbcbc20382d80172059'
186	b'bc20382d80172059bcbc203862e0d9205962e011bcbcbcbcbcbcbcbcbcbcbcbcbcbcbcbcbcbcbcbcbcbcbcbcbcbcbcbcbcbcbcbcbcbcbcbcbcbcbcbcbcbcbcbc'
187	b'bcbcbcbcbcbcbcbcbcbc2038b8400f2059b840d1bcbcbcbcbcbcbcbcbcbcbcbcbcbcbcbcbcbcbcbcbcbcbcbcbcbcbcbcbcbcbcbcbcbcbcbcbcbcbcbcbcbcbcbc'
188	b'bcbcbcbcbcbcbcbcbcbc203881f042205981f018bcbcbcbcbcbcbcbcbcbcbcbcbcbcbcbcbcbcbcbcbcbcbcbcbcbcbcbcbcbcbcbcbcbcbcbcbcbcbcbcbcbcbcbc'
189	b'bcbcbcbcbcbcbcbcbcbc20382bb02f20592bb08ebcbcbcbcbcbcbcbcbcbcbcbcbcbcbcbcbcbcbcbcbcbcbcbcbcbcbcbcbcbcbcbcbcbcbcbcbcbcbcbcbcbcbcbc'
190	b'bcbcbcbcbcbcbcbcbcbc20387a709220597ab08bbcbcbcbcbcbcbcbcbcbcbcbcbcbcbcbcbcbcbcbcbcbcbcbcbcbcbcbcbcbcbcbcbcbcbcbcbcbcbcbcbcbcbcbc'
191	b'bcbcbcbcbcbcbcbcbcbc2038f000a92059f0002abcbcbcbcbcbcbcbcbcbcbcbcbcbcbcbcbcbcbcbcbcbcbcbcbcbcbcbcbcbcbcbcbcbcbcbcbcbcbcbcbcbcbcbc'
192	b'bcbcbcbcbcbcbcbcbcbc20385790d82059571057bcbcbcbcbcbcbcbcbcbcbcbcbcbcbcbcbcbcbcbcbcbcbcbcbcbcbcbcbcbcbcbcbcbcbcbcbcbcbcbcbcbcbcbc'
193	b'bcbcbcbcbcbcbcbcbcbc203866f047205966f0a9bcbcbcbcbcbcbcbcbcbcbcbcbcbcbcbcbcbcbcbcbcbcbcbcbcbcbcbcbcbcbcbcbcbcbcbcbcbcbcbcbcbcbcbc'
194	b'bcbcbcbcbcbcbcbcbcbc20384bc0ed20594bc024bcbcbcbcbcbcbcbcbcbcbcbcbcbcbcbcbcbcbcbcbcbcbcbcbcbcbcbcbcbcbcbcbcbcbcbcbcbcbcbcbcbcbcbc'
195	b'bcbcbcbcbcbcbcbcbcbc20382590b4205925105cbcbcbcbcbcbcbcbcbcbcbcbcbcbcbcbcbcbcbcbcbcbcbcbcbcbcbcbcbcbcbcbcbcbcbcbcbcbcbcbcbcbcbcbc'
196	b'bcbcbcbcbcbcbcbcbcbc20381d205420591dc0fdbcbcbcbcbcbcbcbcbcbcbcbcbcbcbcbcbcbcbcbcbcbcbcbcbcbcbcbcbcbcbcbcbcbcbcbcbcbcbcbcbcbcbcbc'
197	b'bcbcbcbcbcbcbcbcbcbc2038dda0d22059dd204ebcbcbcbcbcbcbcbcbcbcbcbcbcbcbcbcbcbcbcbcbcbcbcbcbcbcbcbcbcbcbcbcbcbcbcbcbcbcbcbcbcbcbcbc'
198	b'bcbcbcbcbcbcbcbcbcbc20380190802059fe10d5bcbcbcbcbcbcbcbcbcbcbcbcbcbcbcbcbcbcbcbcbcbcbcbcbcbcbcbcbcbcbcbcbcbcbcbcbcbcbcbcbcbcbcbc'
199	b'bcbcbcbcbcbcbcbcbcbc203863f00c205963706dbcbcbcbcbcbcbcbcbcbcbcbcbcbcbcbcbcbcbcbcbcbcbcbcbcbcbcbcbcbcbcbcbcbcbcbcbcbcbcbcbcbcbcbc'
200	b'bcbcbcbcbcbcbcbcbcbc20381ab09420591a3055bcbcbcbcbcbcbcbcbcbcbcbcbcbcbcbcbcbcbcbcbcbcbcbcbcbcbcbcbcbcbcbcbcbcbcbcbcbcbcbcbcbcbcbc'
201	b'bcbcbcbcbcbcbcbcbcbc20380860b720590860b9bcbcbcbcbcbcbcbcbcbcbcbcbcbcbcbcbcbcbcbcbcbcbcbcbcbcbcbcbcbcbcbcbcbcbcbcbcbcbcbcbcbcbcbc'
202	b'bcbcbcbcbcbcbcbcbcbc203870a0f0205970209dbcbcbcbcbcbcbcbcbcbcbcbcbcbcbcbcbcbcbcbcbcbcbcbcbcbcbcbcbcbcbcbcbcbcbcbcbcbcbcbcbcbcbcbc'
203	b'bcbcbcbcbcbcbcbcbcbc203898303720599830edbcbcbcbcbcbcbcbcbcbcbcbcbcbcbcbcbcbcbcbcbcbcbcbcbcbcbcbcbcbcbcbcbcbcbcbcbcbcbcbcbcbcbcbc'
204	b'bcbcbcbcbcbcbcbcbcbc2038f960332059f96065bcbcbcbcbcbcbcbcbcbcbcbcbcbcbcbcbcbcbcbcbcbcbcbcbcbcbcbcbcbcbcbcbcbcbcbcbcbcbcbcbcbcbcbc'
205	b'bcbcbcbcbcbcbcbcbcbc2038a850262059a890b5bcbcbcbcbcbcbcbcbcbcbcbcbcbcbcbcbcbcbcbcbcbcbcbcbcbcbcbcbcbcbcbcbcbcbcbcbcbcbcbcbcbcbcbc'
206	b'bcbcbcbcbcbcbcbcbcbc2038c820c82059c8c017bcbcbcbcbcbcbcbcbcbcbcbcbcbcbcbcbcbcbcbcbcbcbcbcbcbcbcbcbcbcbcbcbcbcbcbcbcbcbcbcbcbcbcbc'
207	b'bcbcbcbcbcbcbcbcbcbc20389530fe20599530b4bcbcbcbcbcbcbcbcbcbcbcbcbcbcbcbcbcbcbcbcbcbcbcbcbcbcbcbcbcbcbcbcbcbcbcbcbcbcbcbcbcbcbcbc'
208	b'bcbcbcbcbcbcbcbcbcbc2038a200fd2059a200d2bcbcbcbcbcbcbcbcbcbcbcbcbcbcbcbcbcbcbcbcbcbcbcbcbcbcbcbcbcbcbcbcbcbcbcbcbcbcbcbcbcbcbcbc'
209	b'bcbcbcbcbcbcbcbcbc203861e002205961e0f0bcbcbcbcbcbcbcbcbcbcbcbcbcbcbcbcbcbcbcbcbcbcbcbcbcbcbcbcbcbcbcbcbcbcbcbcbcbcbcbcbcbcbcbcbc'
210	b'bcbcbcbcbcbcbcbcbcbc2038d700db2059d7008ebcbcbcbcbcbcbcbcbcbcbcbcbcbcbcbcbcbcbcbcbcbcbcbcbcbcbcbcbcbcbcbcbcbcbcbcbcbcbcbcbcbcbcbc'
211	b'bcbcbcbcbcbcbcbcbcbc203817607f2059176025bcbcbcbcbcbcbcbcbcbcbcbcbcbcbcbcbcbcbcbcbcbcbcbcbcbcbcbcbcbcbcbcbcbcbcbcbcbcbcbcbcbcbcbc'
212	b'bcbcbcbcbcbcbcbcbcbc20380c20fa20590cc0c3bcbcbcbcbcbcbcbcbcbcbcbc2038bc00be2059bc004ebcbcbcbcbcbcbcbcbcbcbcbcbcbcbcbcbcbcbcbcbcbc'
213	b'bcbcbcbcbcbcbcbcbcbc20388bb0f420598b30d3bcbcbcbcbcbcbcbcbcbcbcbcbcbcbcbcbcbcbcbcbcbcbcbcbcbcbcbcbcbcbcbcbcbcbcbcbcbcbcbcbcbcbcbc'
214	b'bcbcbcbcbcbcbcbcbcbc203824609e20592460d4bcbcbcbcbcbcbcbcbcbcbcbcbcbcbcbcbcbcbcbcbcbcbcbcbcbcbcbcbcbcbcbcbcbcbcbcbcbcbcbcbcbcbcbc'
215	b'bcbcbcbcbcbcbcbcbcbc2038cba0292059cba030bcbcbcbcbcbcbcbcbcbcbcbcbcbcbcbcbcbcbcbcbcbcbcbcbcbcbcbcbcbcbcbcbcbcbcbcbcbcbcbcbcbcbcbc'
216	b'bcbcbcbcbcbcbcbcbcbc20385870ba205958b0b7bcbcbcbcbcbcbcbcbcbcbcbcbcbcbcbcbcbcbcbcbcbcbcbcbcbcbcbcbcbcbcbcbcbcbcbcbcbcbcbcbcbcbcbc'
217	b'bcbcbcbcbcbcbcbcbcbc2038c240902059c240c0bcbcbcbcbcbcbcbcbcbcbcbcbcbcbcbcbcbcbcbcbcbcbcbcbcbcbcbcbcbcbcbcbcbcbcbcbcbcbcbcbcbcbcbc'
218	b'bcbcbcbcbcbcbcbcbcbc20382e103320592e10edbcbcbcbcbcbcbcbcbcbcbcbcbcbcbcbcbcbcbcbcbcbcbcbcbcbcbcbcbcbcbcbcbcbcbcbcbcbcbcbcbcbcbcbc'
219	b'bcbcbcbcbcbcbcbcbcbc203833d01020593350d1bcbcbcbcbcbcbcbcbcbcbcbcbcbcbcbcbcbcbcbcbcbcbcbcbcbcbcbcbcbcbcbcbcbcbcbcbcbcbcbcbcbcbcbc'
220	b'bcbcbcbcbcbcbcbcbcbc2038bb90ef2059bb90e3bcbcbcbcbcbcbcbcbcbcbcbcbcbcbcbcbcbcbcbcbcbcbcbcbcbcbcbcbcbcbcbcbcbcbcbcbcbcbcbcbcbcbcbc'
221	b'bcbcbcbcbcbcbcbcbcbc20380bf02820590b702bbcbcbcbcbcbcbcbcbcbcbcbcbcbcbcbcbcbcbcbcbcbcbcbcbcbcbcbcbcbcbcbcbcbcbcbcbcbcbcbcbcbcbcbc'
222	b'bcbcbcbcbcbcbcbcbcbc2038f560872059f560b4bcbcbcbcbcbcbcbcbcbcbcbcbcbcbcbcbcbcbcbcbcbcbcbcbcbcbcbcbcbcbcbcbcbcbcbcbcbcbcbcbcbcbcbc'
223	b'bcbcbcbcbcbcbcbcbcbc2038eea0e82059ee20d1bcbcbcbcbcbcbcbcbcbcbcbcbcbcbcbcbcbcbcbcbcbcbcbcbcbcbcbcbcbcbcbcbcbcbcbcbcbcbcbcbcbcbcbc'
224	b'bcbcbcbcbcbcbcbcbcbc20386500032059650001bcbcbcbcbcbcbcbcbcbcbcbcbcbcbcbcbcbcbcbcbcbcbcbcbcbcbcbcbcbcbcbcbcbcbcbcbcbcbcbcbcbcbcbc'
225	b'bcbcbcbcbcbcbcbcbcbc2038a2a0a920383a80f22059da6079bcbcbcbcbcbcbcbcbcbcbcbcbcbcbcbcbcbcbcbcbcbcbcbcbcbcbcbcbcbcbcbcbcbcbcbcbcbcbc'
226	b'bcbcbcbcbcbcbcbcbcbc20386b105e20596b10b6bcbcbcbcbcbcbcbcbcbcbcbcbcbcbcbcbcbcbcbcbcbcbcbcbcbcbcbcbcbcbcbcbcbcbcbcbcbcbcbcbcbcbcbc'
227	b'bcbcbcbcbcbcbcbcbcbc2038aa50b42059aa1097bcbcbcbcbcbcbcbcbcbcbcbcbcbcbcbcbcbcbcbcbcbcbcbcbcbcbcbcbcbcbcbcbcbcbcbcbcbcbcbcbcbcbcbc'
228	b'bcbcbcbcbcbcbcbcbcbc2038eda0cc2059ed201bbcbcbcbcbcbcbcbcbcbcbcbcbcbcbcbcbcbcbcbcbcbcbcbcbcbcbcbcbcbcbcbcbcbcbcbcbcbcbcbcbcbcbcbc'
229	b'bcbcbcbcbcbcbcbcbcbc203825c0122059254067bcbcbcbcbcbcbcbcbcbcbcbcbcbcbcbcbcbcbcbcbcbcbcbcbcbcbcbcbcbcbcbcbcbcbcbcbcbcbcbcbcbcbcbc'
230	b'bcbcbcbcbcbcbcbcbcbc20382a205e20592a20e4bcbcbcbcbcbcbcbcbcbcbcbcbcbcbcbcbcbcbcbcbcbcbcbcbcbcbcbcbcbcbcbcbcbcbcbcbcbcbcbcbcbcbcbc'
231	b'bcbcbcbcbcbcbcbcbcbc20383d204720593d2019bcbcbcbcbcbcbcbcbcbcbcbcbcbcbcbcbcbcbcbcbcbcbcbcbcbcbcbcbcbcbcbcbcbcbcbcbcbcbcbcbcbcbcbc'
232	b'bcbcbcbcbcbcbcbcbcbc2038ec00d62059ec0020bcbcbcbcbcbcbcbcbcbcbcbcbcbcbcbcbcbcbcbcbcbcbcbcbcbcbcbcbcbcbcbcbcbcbcbcbcbcbcbcbcbcbcbc'
233	b'bcbcbcbcbcbcbcbcbcbc2038890008205909f0c9bcbcbcbcbcbcbcbcbcbcbcbcbcbcbcbcbcbcbcbcbcbcbcbcbcbcbcbcbcbcbcbcbcbcbcbcbcbcbcbcbcbcbcbc'
234	b'bcbcbcbcbcbcbcbcbcbc203846206f205946209dbcbcbcbcbcbcbcbcbcbcbcbcbcbcbcbcbcbcbcbcbcbcbcbcbcbcbcbcbcbcbcbcbcbcbcbcbcbcbcbcbcbcbcbc'
235	b'bcbcbcbcbcbcbcbcbcbc20387660c8205976a0d7bcbcbcbcbcbcbcbcbcbcbcbcbcbcbcbcbcbcbc203808e086205908e09abcbcbcbcbcbcbcbcbcbcbcbcbcbcbc'
236	b'bcbcbcbcbcbcbcbcbcbc2038daa0a22059daa020bcbcbcbcbcbcbcbcbcbcbcbcbcbcbcbcbcbcbcbcbcbcbcbcbcbcbcbcbcbcbcbcbcbcbcbcbcbcbcbcbcbcbcbc'
237	b'bcbcbcbcbcbcbcbcbcbc203889106520598910debcbcbcbcbcbcbcbcbcbcbcbcbcbcbcbcbcbcbcbcbcbcbcbcbcbcbcbcbcbcbcbcbcbcbcbcbcbcbcbcbcbcbcbc'
238	b'bcbcbcbcbcbcbcbcbcbc20382d606920592d60dcbcbcbcbcbcbcbcbcbcbcbcbcbcbcbcbcbcbcbcbcbcbcbcbcbcbcbcbcbcbcbcbcbcbcbcbcbcbcbcbcbcbcbcbc'
239	b'bcbcbcbcbcbcbcbcbcbc20387dc07e20597dc048bcbcbcbcbcbcbcbcbcbcbcbcbcbcbcbcbcbcbcbcbcbcbcbcbcbcbcbcbcbcbcbcbcbcbcbcbcbcbcbcbcbcbcbc'
240	b'bcbcbcbcbcbcbcbcbcbc20381c808420591c0061bcbcbcbcbcbcbcbcbcbcbcbcbcbcbcbcbcbcbcbcbcbcbcbcbcbcbcbcbcbcbcbcbcbcbcbcbcbcbcbcbcbcbcbc'
241	b'bcbcbcbcbcbcbcbcbcbc203854b073205954b081bcbcbcbcbcbcbcbcbcbcbcbcbcbcbcbcbcbcbcbcbcbcbcbcbcbcbcbcbcbcbcbcbcbcbcbcbcbcbcbcbcbcbcbc'
242	b'bcbcbcbcbcbcbcbcbcbc2038a920822059a9c025bcbcbcbcbcbcbcbcbcbcbcbcbcbcbcbcbcbcbcbcbcbcbcbcbcbcbcbcbcbcbcbcbcbcbcbcbcbcbcbcbcbcbcbc'
243	b'bcbcbcbcbcbcbcbcbcbc2038afb05b2059afb0b2bcbcbcbcbcbcbcbcbcbcbcbcbcbcbcbcbcbcbcbcbcbcbcbcbcbcbcbcbcbcbcbcbcbcbcbcbcbcbcbcbcbcbcbc'
244	b'bcbcbcbcbcbcbcbcbcbc20388bb0c420590b307dbcbcbcbcbcbcbcbcbcbcbcbcbcbcbcbcbcbcbcbcbcbcbcbcbcbcbcbcbcbcbcbcbcbcbcbcbcbcbcbcbcbcbcbc'
245	b'bcbcbcbcbcbcbcbcbcbc20389340292059934098bcbcbcbcbcbcbcbcbcbcbcbcbcbcbcbcbcbcbcbcbcbcbcbcbcbcbcbcbcbcbcbcbcbcbcbcbcbcbcbcbcbcbcbc'
246	b'bcbcbcbcbcbcbcbcbcbc2038b140972059b140f6bcbcbcbcbcbcbcbcbcbcbcbcbcbcbcbcbcbcbcbcbcbcbcbcbcbcbcbcbcbcbcbcbcbcbcbcbcbcbcbcbcbcbcbc'
247	b'bcbcbcbcbcbcbcbcbcbc2038ea903b2059ea90aebcbcbcbcbcbcbcbcbcbcbcbcbcbcbcbcbcbcbcbcbcbcbcbcbcbcbcbcbcbcbcbcbcbcbcbcbcbcbcbcbcbcbcbc'
248	b'bcbcbcbcbcbcbcbcbcbc2038d040732059d04072bcbcbcbcbcbcbcbcbcbcbcbcbcbcbcbcbcbcbcbcbcbcbcbcbcbcbcbcbcbcbcbcbcbcbcbcbcbcbcbcbcbcbcbc'
249	b'bcbcbcbcbcbcbcbcbcbc203831a0ae2059312035bcbcbcbcbcbcbcbcbcbcbcbcbcbcbcbcbcbcbcbcbcbcbcbcbcbcbcbcbcbcbcbcbcbcbcbcbcbcbcbcbcbcbcbc'
250	b'bcbcbcbcbcbcbcbcbcbc203878607220591aa0a7bcbcbcbcbcbcbcbcbcbcbcbcbcbcbcbcbcbcbcbcbcbcbcbcbcbcbcbcbcbcbcbcbcbcbcbcbcbcbcbcbcbcbcbc'
251	b'bcbcbcbcbcbcbcbcbcbc20387cd0b520597cd0eebcbcbcbcbcbcbcbcbcbcbcbcbcbcbcbcbcbcbcbcbcbcbcbcbcbcbcbcbcbcbcbcbcbcbcbcbcbcbcbcbcbcbcbc'
252	b'bcbcbcbcbcbcbcbcbcbc203852101f2059921021bcbcbcbcbcbcbcbcbcbcbcbcbcbcbcbcbcbcbcbcbcbcbcbcbcbcbcbcbcbcbcbcbcbcbcbcbcbcbcbcbcbcbcbc'
253	b'bcbcbcbcbcbcbcbcbcbc203893b01b205993b039bcbcbcbcbcbcbcbcbcbcbcbcbcbcbcbcbcbcbcbcbcbcbcbcbcbcbcbcbcbcbcbcbcbcbcbcbcbcbcbcbcbcbcbc'
254	b'bcbcbcbcbcbcbcbcbcbc2038d0b0af2059d0b04bbcbcbcbcbcbcbcbcbcbcbcbcbcbcbcbcbcbcbcbcbcbcbcbcbcbcbcbcbcbcbcbcbcbcbcbcbcbcbcbcbcbcbcbc'
255	b'bcbcbcbcbcbcbcbcbcbc20382e806020592e004dbcbcbcbcbcbcbcbcbcbcbcbcbcbcbcbcbcbcbcbcbcbcbcbcbcbcbcbcbcbcbcbcbcbcbcbcbcbcbcbcbcbcbcbc'
256	b'bcbcbcbcbcbcbcbcbcbc2038730094205973f019bcbcbcbcbcbcbcbcbcbcbcbcbcbcbcbcbcbcbcbcbcbcbcbcbcbcbcbcbcbcbcbcbcbcbcbcbcbcbcbcbcbcbcbc'
257	b'bcbcbcbcbcbcbcbcbcbc203882901e205982100fbcbcbcbcbcbcbcbcbcbcbcbcbcbcbcbcbcbcbcbcbcbcbcbcbcbcbcbcbcbcbcbcbcbcbcbcbcbcbcbcbcbcbcbc'
258	b'bcbcbcbcbcbcbcbcbcbc2038d0a0ad20595720d7bcbcbcbcbcbcbcbcbcbcbcbcbcbcbcbcbcbcbcbcbcbcbcbcbcbcbcbcbcbcbcbcbcbcbcbcbcbcbcbcbcbcbcbc'
259	b'bcbcbcbcbcbcbcbcbcbc203870104e205970e081bcbcbcbcbcbcbcbcbcbcbcbcbcbcbcbcbcbcbcbcbcbcbcbcbcbcbcbcbcbcbcbcbcbcbcbcbcbcbcbcbcbcbcbc'
260	b'bcbcbcbcbcbcbcbcbcbc20385940012059594038bcbcbcbcbcbcbcbcbcbcbcbcbcbcbcbcbcbcbcbcbcbcbcbcbcbcbcbcbcbcbcbcbcbcbcbcbcbcbcbcbcbcbcbc'
261	b'bcbcbcbcbcbcbcbcbcbc20385b607e20595ba08bbcbcbcbcbcbcbcbcbcbcbcbcbcbcbcbcbcbcbcbcbcbcbcbcbcbcbcbcbcbcbcbcbcbcbcbcbcbcbcbcbcbcbcbc'
262	b'bcbcbcbcbcbcbcbcbcbc20383db01320593db071bcbcbcbcbcbcbcbcbcbcbcbcbcbcbcbcbcbcbcbcbcbcbcbcbcbcbcbcbcbcbcbcbcbcbcbcbcbcbcbcbcbcbcbc'
263	b'bcbcbcbcbcbcbcbcbcbc203810d0fd205910d0a4bcbcbcbcbcbcbcbcbcbcbcbcbcbcbcbcbcbcbcbcbcbcbcbcbcbcbcbcbcbcbcbcbcbcbcbcbcbcbcbcbcbcbcbc'
264	b'bcbcbcbcbcbcbcbcbcbc2038fbe06520597be0f6bcbcbcbcbcbcbcbcbcbcbcbcbcbcbcbcbcbcbcbcbcbcbcbcbcbcbcbcbcbcbcbcbcbcbcbcbcbcbcbcbcbcbcbc'
265	b'bcbcbcbcbcbcbcbcbcbc203805f0b6205905f010bcbcbcbcbcbcbcbcbcbcbcbcbcbcbcbcbcbcbcbcbcbcbcbcbcbcbcbcbcbcbcbcbcbcbcbcbcbcbcbcbcbcbcbc'
266	b'bcbcbcbcbcbcbcbcbcbc203872c02f205972c05bbcbcbcbcbcbcbcbcbcbcbcbcbcbcbcbcbcbcbcbcbcbcbcbcbcbcbcbcbcbcbcbcbcbcbcbcbcbcbcbcbcbcbcbc'
267	b'bcbcbcbcbcbcbcbcbcbc203876f085205976f050bcbcbcbcbcbcbcbcbcbcbcbcbcbcbcbcbcbcbcbcbcbcbcbcbcbcbcbcbcbcbcbcbcbcbcbcbcbcbcbcbcbcbcbc'
268	b'bcbcbcbcbcbcbcbcbcbc2038ec70a92059ecb08dbcbcbcbcbcbcbcbcbcbcbcbcbcbcbcbcbcbcbcbcbcbcbcbcbcbcbcbcbcbcbcbcbcbcbcbcbcbcbcbcbcbcbcbc'
269	b'bcbcbcbcbcbcbcbcbcbc20387a40d120597a4042bcbcbcbcbcbcbcbcbcbcbcbcbcbcbcbcbcbcbcbcbcbcbcbcbcbcbcbcbcbcbcbcbcbcbcbcbcbcbcbcbcbcbcbc'
270	b'bcbcbcbcbcbcbcbcbcbc20388ed0a120598e507fbcbcbcbcbcbcbcbcbcbcbcbcbcbcbcbcbcbcbcbcbcbcbcbcbcbcbcbcbcbcbcbcbcbcbcbcbcbcbcbcbcbcbcbc'
271	b'bcbcbcbcbcbcbcbcbcbc20387a306820597ad0cfbcbcbcbcbcbcbcbcbcbcbcbcbcbcbcbcbcbcbcbcbcbcbcbcbcbcbcbcbcbcbcbcbcbcbcbcbcbcbcbcbcbcbcbc'
272	b'bcbcbcbcbcbcbcbcbcbc2038f430e22059f4d0fbbcbcbcbcbcbcbcbcbcbcbcbcbcbcbcbcbcbcbcbcbcbcbcbcbcbcbcbcbcbcbcbcbcbcbcbcbcbcbcbcbcbcbcbc'
273	b'bcbcbcbcbcbcbcbcbcbc2038fe70b62059feb04dbcbcbcbcbcbcbcbcbcbcbcbcbcbcbcbcbcbcbcbcbcbcbcbcbcbcbcbcbcbcbcbcbcbcbcbcbcbcbcbcbcbcbcbc'
274	b'bcbcbcbcbcbcbcbcbcbc2038d4e064205954606dbcbcbcbcbcbcbcbcbcbcbcbcbcbcbcbcbcbcbcbcbcbcbcbcbcbcbcbcbcbcbcbcbcbcbcbcbcbcbcbcbcbcbcbc'
275	b'bcbcbcbcbcbcbcbcbcbc20381a60b220591a60d8bc203806800820590600dfbcbcbcbcbcbcbcbcbcbcbcbcbcbcbcbcbcbcbcbcbcbcbcbcbcbcbcbcbcbcbcbcbc'
276	b'bcbcbcbcbcbcbcbcbcbc2038bb207e2059bb20c4bcbcbcbcbcbcbcbcbcbcbcbcbcbcbcbcbcbcbcbcbcbcbcbcbcbcbcbcbcbcbcbcbcbcbcbcbcbcbcbcbcbcbcbc'
277	b'bcbcbcbcbcbcbcbcbcbc2038173065205917302abcbcbcbcbcbcbcbcbcbcbcbcbcbcbcbcbcbcbcbcbcbcbcbcbcbcbcbcbcbcbcbcbcbcbcbcbcbcbcbcbcbcbcbc'
278	b'bcbcbcbcbcbcbcbcbcbc20384170bc205941b053bcbcbcbcbcbcbcbcbcbcbcbcbcbcbcbcbcbcbcbcbcbcbcbcbcbcbcbcbcbcbcbcbcbcbcbcbcbcbcbcbcbcbcbc'
279	b'bcbcbcbcbcbcbcbcbcbc2038147014205914b02abcbcbcbcbcbcbcbcbcbcbcbcbcbcbcbcbcbcbcbcbcbcbcbcbcbcbcbcbcbcbcbcbcbcbcbcbcbcbcbcbcbcbcbc'
280	b'bcbcbcbcbcbcbcbcbcbc2038c1309c2059c13080bcbcbcbcbcbcbcbcbcbcbcbcbcbcbcbcbcbcbcbcbcbcbcbcbcbcbcbcbcbcbcbcbcbcbcbcbcbcbcbcbcbcbcbc'
281	b'bcbcbcbcbcbcbcbcbcbc20385f20512059df207cbcbcbcbcbcbcbcbcbcbcbcbcbcbcbcbcbcbcbcbcbcbcbcbcbcbcbcbcbcbcbcbcbcbcbcbcbcbcbcbcbcbcbcbc'
282	b'bcbcbcbcbcbcbcbcbcbc2038a7904a2059c01027bcbcbcbcbcbcbcbcbcbcbcbcbcbcbcbcbcbcbcbcbcbcbcbcbcbcbcbcbcbcbcbcbcbcbcbcbcbcbcbcbcbcbcbc'
283	b'bcbcbcbcbcbcbcbcbcbc20382790b02059271073bcbcbcbcbcbcbcbcbcbcbcbcbcbcbcbcbcbcbcbcbcbcbcbcbcbcbcbcbcbcbcbcbcbcbcbcbcbcbcbcbcbcbcbc'
284	b'bcbcbcbcbcbcbcbcbcbc203815800c20591500ebbcbcbcbcbcbcbcbcbcbcbcbcbcbcbcbcbcbcbcbcbcbcbcbcbcbcbcbcbcbcbcbcbcbcbcbcbcbcbcbcbcbcbcbc'
285	b'bcbcbcbcbcbcbcbcbcbc20380770bc205907b0bbbcbcbcbcbcbcbcbcbcbcbcbcbcbcbcbcbcbcbcbcbcbcbcbcbcbcbcbcbcbcbcbcbcbcbcbcbcbcbcbcbcbcbcbc'
286	b'bcbcbcbcbcbcbcbcbcbc20383cb0f620593cb0d8bcbcbcbcbcbcbcbcbcbcbcbcbcbcbcbcbcbcbcbcbcbcbcbcbcbcbcbcbcbcbcbcbcbcbcbcbcbcbcbcbcbcbcbc'
287	b'bcbcbcbcbcbcbcbcbcbc203840f05f205940f0b6bcbcbcbcbc20384a80db20594a800bbcbcbcbcbcbcbcbcbcbcbcbcbcbcbcbcbcbcbcbcbcbcbcbcbcbcbcbcbc'
288	b'bcbcbcbcbcbcbcbcbcbc20382590802059251013bcbcbcbcbcbcbcbcbcbcbcbcbcbcbcbcbcbcbcbcbcbcbcbcbcbcbcbcbcbcbcbcbcbcbcbcbcbc2038ed808a20'
289	b'bcbc2038ed808a20bcbc2038e6302e2059e6300abcbcbcbcbcbcbcbcbcbcbcbcbcbcbcbcbcbcbcbcbcbcbcbcbcbcbcbcbcbcbcbcbcbcbcbcbcbcbcbcbcbcbcbc'
290	b'bcbcbcbcbcbcbcbcbcbc20382e300f20592e3048bcbcbcbcbcbcbcbcbcbcbcbcbcbcbcbcbcbcbcbcbcbcbcbcbcbcbcbcbcbcbcbcbcbcbcbcbcbcbcbcbcbcbcbc'
291	b'bcbcbcbcbcbcbcbcbcbc20383b30922059bbd003bcbcbcbcbcbcbcbcbcbcbcbcbcbcbcbcbcbcbcbcbcbcbcbcbcbcbcbcbcbcbcbcbcbcbcbcbcbcbcbcbcbcbcbc'
292	b'bcbcbcbcbcbcbcbcbcbc20382c805020592c00f6bcbcbcbcbcbcbcbcbcbcbcbcbcbcbcbcbcbcbcbcbcbcbcbcbcbcbcbcbcbcbcbcbcbcbcbcbcbcbcbcbcbcbcbc'
293	b'bcbcbcbcbcbcbcbcbcbc20382dc01a20592dc0f0bcbcbcbcbcbcbcbcbcbcbcbcbcbcbcbcbcbcbcbcbcbcbcbcbcbcbcbcbcbcbcbcbcbcbcbcbcbcbcbcbcbcbcbc'
294	b'bcbcbcbcbcbcbcbcbcbc20389b402c20599b8000bcbcbcbcbcbcbcbcbcbcbcbcbcbcbcbcbcbcbcbcbcbcbcbcbcbcbcbcbcbcbcbcbcbcbcbcbcbcbcbcbcbcbcbc'
295	b'bcbcbcbcbcbcbcbcbcbc2038ff404f2059ff40e9bcbcbcbcbcbcbcbcbcbcbcbcbcbcbcbcbcbcbcbcbcbcbcbcbcbcbcbcbcbcbcbcbcbcbcbcbcbcbcbcbcbcbcbc'
296	b'bcbcbcbcbcbcbcbcbcbc20387d10ed20597d1068bcbcbcbcbcbcbcbcbcbcbcbcbcbcbcbcbcbcbcbcbcbcbcbcbcbcbcbcbcbcbcbcbcbcbcbcbcbcbcbc20381400'
297	b'bcbcbcbc20381400bc202038fdc0402059e040ebbcbcbcbcbcbcbcbcbcbcbcbcbcbcbcbcbcbcbcbcbcbcbcbcbcbcbcbcbcbcbcbcbcbcbcbcbcbcbcbcbcbcbcbc'
298	b'bcbcbcbcbcbcbcbcbcbc20387f706f20597f705dbcbcbcbcbcbcbcbcbcbcbcbcbcbcbcbcbcbcbcbcbcbcbcbcbcbcbcbcbcbcbcbcbcbcbcbcbcbcbcbcbcbcbcbc'
299	b'bcbcbcbcbcbcbcbcbcbc2038de90e32059de900ebcbcbcbcbcbcbcbcbcbcbcbcbcbcbcbcbcbcbcbcbcbcbcbcbcbcbcbcbcbcbcbcbcbcbcbcbcbcbcbcbcbcbcbc'
300	b'bcbcbcbcbcbcbcbcbcbc203835a02820593520cdbcbcbcbcbcbcbcbcbcbcbcbcbcbcbcbcbcbcbcbcbcbcbcbcbcbcbcbcbcbcbcbcbcbcbcbcbcbcbcbcbcbcbcbc'
301	b'bcbcbcbcbcbcbcbcbcbc2038390030205939f07dbcbcbcbcbcbcbcbcbcbcbcbcbcbcbcbcbcbcbcbcbcbcbcbcbcbcbcbcbcbcbcbcbcbcbcbcbcbcbcbcbcbcbcbc'
302	b'bcbcbcbcbcbcbcbcbcbc20388d10d120598d10fcbcbcbcbcbcbcbcbcbcbcbcbcbcbcbcbcbcbcbcbcbcbcbcbcbcbcbcbcbcbcbcbcbcbcbcbcbcbcbcbcbcbcbcbc'
303	b'bcbcbcbcbcbcbcbcbcbc203805000f205905005abcbcbcbcbcbcbcbcbcbcbcbcbcbcbcbcbcbcbcbcbcbcbcbcbcbcbcbcbcbcbcbcbcbcbcbcbcbcbcbcbcbcbcbc'
304	b'bcbcbcbcbcbcbcbcbcbc2038e140232059e140ecbcbcbcbcbcbcbcbcbcbcbcbcbcbcbcbcbcbcbcbcbcbcbcbcbcbcbcbcbcbcbcbcbcbcbcbcbcbcbcbcbcbcbcbc'
