Voltageboard settings: [1.1, 1, 0, 0, 1, 1.1, 0, 0]
Digital: {'interrupt_pushpull': 1, 'en_inj': 0, 'reset': 0, 'extrabits': 0}
Biasblock: {'DisHiDR': 0, 'q01': 0, 'qon0': 0, 'qon1': 1, 'qon2': 0, 'qon3': 1}
DAC: {'blres': 0, 'nu1': 0, 'vn1': 20, 'vnfb': 3, 'vnfoll': 10, 'nu5': 0, 'nu6': 0, 'nu7': 0, 'nu8': 0, 'vn2': 0, 'vnfoll2': 4, 'vnbias': 0, 'vpload': 5, 'nu13': 0, 'vncomp': 2, 'vpfoll': 60, 'nu16': 0, 'vprec': 60, 'vnrec': 30}
Receiver: {'col0': 68719476734, 'col1': 68719476734, 'col2': 68719476734, 'col3': 68719476734, 'col4': 68719476734, 'col5': 68719476734, 'col6': 68719476734, 'col7': 68719476734, 'col8': 68719476734, 'col9': 68719476734, 'col10': 68719476734, 'col11': 68719476734, 'col12': 68719476734, 'col13': 68719476734, 'col14': 68719476734, 'col15': 68719476734, 'col16': 68719476734, 'col17': 68719476734, 'col18': 68719476734, 'col19': 68719476734, 'col20': 68719476734, 'col21': 68719476734, 'col22': 68719476734, 'col23': 68719476734, 'col24': 68719476734, 'col25': 68719476734, 'col26': 68719476734, 'col27': 68719476734, 'col28': 68719476734, 'col29': 68719476734, 'col30': 68719476735, 'col31': 68719476734, 'col32': 2147483646, 'col33': 68719476734, 'col34': 68719476734}
Namespace(name='chip602_130V_15sInj_defaultDACs', outdir='../../kit-adl/cleanAstroPix/amanda_python/logInj/dacScan/pixScan/default/', yaml='config_none', saveascsv=True, inject=True, vinj=None, threshold=None, maxruns=None, maxtime=0.25)
0	b'c500b420f87a00babcbc20f8c650d72005c610db20f8e800bd20f872002e20f89f001620059f8012bc20f8ba00752005ba00c920f81a80d620051a8072bcbcbc'
1	b'20051a8072bcbcbcbcbc20f8f7407920f80500ff2005a1f04720f80500d420f8cf00ab20f8ec003a20f80d002720f876809d20f8078032200507c0ed20f8d500'
2	b'0507c0ed20f8d500bcc020f835a08f200581c0a020f87d003720f8b100fe2005b1801c20f8a2001c20f8ff006420f8ff0088bcbcbcbcbcbcbcbcbcbcbcbcbcbc'
3	b'bcbcbcbcbcbcbcbcbcbc20f8a740be2005a7700d20f8ab007320056b006120f8ab002cbcbcbcbcbcbcbcbcbcbcbcbc20f8ab00fc20f8d8000a20054e004f20f8'
4	b'0a20054e004f20f8bca000ba20f833209a20f8b100a02005b3d03320f82700fa200527009cbcbcbcbcbcbcbc20f819001cbcbcbcbcbc20f8c1009b2005c10003'
5	b'c1009b2005c10003bcbc20f84950ab208474806020054960e2bc20f83240b220053240b020f845001420f8c600672005f400b120f89e80e420059e8070bcbcbc'
6	b'20059e8070bcbcbcbcbc20f89460a42005f1004c20f826008a20f8638034200563808cbcbcbcbcbcbcbcbcbcbcbcbcbc20f81d00c720051d005120f8d500a8bc'
7	b'005120f8d500a8bcbcbc20f8e1f0272084de00ec2005e1f09720f87c809520f8f200252005f28075bcbcbc20f81800bd2005180085bcbcbcbcbcbcbcbcbcbcbc'
8	b'bcbcbcbcbcbcbcbcbcbc20f8c540f22005c5f06b20f8ae00ecbcbcbcbcbcbcbcbcbcbcbc20f86480d420056480f020f883004520f83040c920f89f807020059f'
9	b'20f89f807020059fbc000020f86190c820056120c520f8de0071bc20f8f2005a2005f200f420f8b300df20f8b3006c20f8b3002420f8a600072005a680d9bcbc'
10	b'072005a680d9bcbcbcbc20f880d0f8200580a0f420f894003e200594005a20f8a440ab2005a440e1bcbcbcbcbcbcbc20f83a00f620053a00f220f87f003e2005'
11	b'f220f87f003e2005bce0802c20f846802620f87400cb2005a4003420f8ee806020055600edbcbcbcbcbcbcbcbcbcbcbcbcbcbcbcbc20f84800ca200556004420'
12	b'00ca200556004420bce090005820f83e0080200020604c20f82080f420052080a8bcbcbc20f8c000fe2000c000ec20e09f80ca20f81a806020f85f80de200040'
13	b'20f85f80de200040bce0fc00a220f802f0602005024051bcbcbc20e035807a200535808020e02e004ebcbcbc20f8e100c02005e100a0bcbcbc20f8130014bcbc'
14	b'bc20f8130014bcbcbcbc20f8d1e076200520007a20f85500de200555008620f822003e20052200f120f8e40086bcbcbcbcbcbcbc20f864008cbcbcbcbcbcbcbc'
15	b'8cbcbcbcbcbcbcbcbcbc20f8814028200581201620f809001e200509003220f86a005e20056a0086bcbcbcbcbcbcbcbcbcbcbcbcbcbcbcbcbcbc20f86a0084bc'
16	b'bcbc20f86a0084bcbca000b720f87b80c320054e90bc20f8c300562005c3000220f85300fe20f8bf006b2005bf804420f879004f2005f9002920f86200cee062'
17	b'2920f86200cee062bc008020e03cc05420053ca0c020f867000020056700fbbcbc20f8be003b2005be0083bcbcbcbcbcbcbcbc20f8920079200592007e20f872'
18	b'200592007e20f872bc00a020782f005520f808b04d200508708c20f8080070bc20f8c680162005c2801420f81d40fc20f8da006f20f8df000220f82600f92005'
19	b'0220f82600f92005bca080e820f81940a02000407044bcbcbcbcbcbcbcbcbcbcbcbcbcbcbcbcbcbcbcbcbcbcbcbcbcbc20f819005cbcbcbc20f8958098200595'
20	b'20f8958098200595bc000020f84bd00c20f8c000ee2005ad201920f8ad0083bcbcbcbc20f89a80bc200566009720f87700bde07700bd20f837808020006000c5'
21	b'37808020006000c5bcbc20f8d5201b20f8f200cf20f849001e20f892807a20f89200e420f82800812005283070bcbcbcbcbcbcbcbcbcbcbcbcbcbcbcbcbcbcbc'
22	b'bcbcbcbcbcbcbcbcbcbc20f87e10c420055e40cabcbcbc20f82800f92005b600ef20f8c5005d2005b680a0bcbc20f8d2004b2005d2008dbcbcbcbcbcbcbcbcbc'
23	b'bcbcbcbcbcbcbcbcbcbc20f858200920f83d00f220847d802320f84d40de20054d004820f853007f20f82700ee2005a7006bbcbcbcbcbcbcbcbcbcbcbcbcbcbc'
24	b'bcbcbcbcbcbcbcbcbc806820f85540a6200560606fbc20f846001e2005c6007220f802809c20f88900bc20050280b8bcbcbcbcbcbcbc20f8f9005ae0f9005a20'
25	b'f9005ae0f9005a20bc00e080d420f8cf00b920f8d680b820f8c00033200595702820f86d407c20056d80c0bcbc20f869006220f8db00e920053b007e20f87700'
26	b'053b007e20f87700bca020f874f07c200574708820f87e00bc20f8f2801420f8d900ea2005d980fcbcbcbcbcbcbcbcbcbcbcbcbcbcbc20f8d900b8bcbcbcbcbc'
27	b'd900b8bcbcbcbcbcbcbc20f8af504220f8c4003a2005c4c09920f857001f20f82100b3200521806020f8da0082bc20f84e805c20054e0087bcbcbcbcbcbcbc20'
28	b'bcbcbcbcbcbcbc20bc2005f880e820782f00d820f8ad00e62005ad6006bcbcbcbcbcbcbcbcbcbcbc20f88480622005848080bc20f894402520f8fa00072005fa'
29	b'20f8fa00072005fabc80e620f8f9b0ec2005f9b097bcbcbcbcbcbcbcbcbcbc20f88800eb200588007d20f887009a20f88480c420f861002720056180fcbcbcbc'
30	b'20056180fcbcbcbcbcbc20f86bb0fc20f8b900f220f8ff80b120f8360047200536d00820f885007f20058500abbcbcbcbcbcbcbcbcbcbcbcbcbcbc20f8850084'
31	b'bcbcbc20f8850084bc2000ed20f8a0d060208457404420e08a80b120058aa00020f80c00d920050c005ebcbcbcbcbcbc20f8c280d620f86a005c200522005f20'
32	b'005c200522005f20bce0a5001320f87e80c020057ea05e20f8870020bc20f8870040bcbcbc20f880006020058d0023bcbcbcbcbcbcbcbcbcbcbcbc20e08d0044'
33	b'bcbcbc20e08d0044bcbc20f84950d720f802009120845c80b820f81c808d20051c60d720f8ba009620f8b900e220f81c800120051c808e20f84a807120f8ed80'
34	b'f84a807120f8ed80bc2020f871e0e0200571205b20f8a0001e2005ad0020bc20f81700c02005ad00c020f8a5000020f8a480c720f88a00d120f85d00c620f82a'
35	b'20f85d00c620f82abcc08420f800000020051eb02720f85800b220051e008420f85c00b920055c00c1bcbcbcbcbcbcbcbcbcbcbcbcbcbcbcbcbcbcbcbcbcbcbc'
36	b'bcbcbcbcbcbcbcbcbcbc20f87f20cb20846c00b420057fc07b20f871007120f8ef00bc20057100cebcbcbcbcbcbcbcbcbcbcbcbcbcbcbcbcbc20f89a80982005'
37	b'bc20f89a80982005bc6000a320f81b60c02005226022bcbcbcbcbcbc20f81b0082bcbcbcbcbcbcbcbc20f8f600412005f600a6bcbcbcbcbcbcbcbcbcbcbcbcbc'
38	b'bcbcbcbcbcbcbcbcbcbc20f8f5b09e20f845801420054540d620f8c5809c2005c5801820f88a005320054a00c220f826009620054a00e8bcbcbc20f844008a20'
39	b'bcbc20f844008a20bcbc20f8f630c6208430004920052d8002bcbcbcbcbcbc20f8f600bcbcbcbc20f8f600fcbcbcbcbcbcbcbcbcbc20f813002a20052d00c420'
40	b'002a20052d00c420bc00a0806120f87b807520057bb03420f88200ef200582003b20f80300a320050300d5bc20f8b7804020f8b780a92005b7804220f81f00f9'
41	b'b7804220f81f00f9bcbc20f85d909220055d20bb20f83f0042bcbcbcbcbcbcbcbcbc20f83f007020f8b000d920f82900942005b000e1bcbcbcbcbcbcbcbcbcbc'
42	b'bcbcbcbcbcbcbcbcbcbc20f87e60b920057e101ebcbcbcbcbcbcbcbcbc20f842005220054200e820f85b000220f86480d420f8e700da20f8e200322005648068'
43	b'e200322005648068bc20f888b0e720058800ecbcbcbcbcbcbcbcbcbc20f83d00fa20053d00ec20f83500e920053d008220f826001120052600ca20f8a200a620'
44	b'00ca20f8a200a620bcbc20f86300c020f85880e42005586085bcbcbcbcbcbcbcbcbcbcbcbcbcbcbcbcbcbcbcbcbcbcbcbcbcbcbcbc20f8580058bcbcbcbcbc20'
45	b'0058bcbcbcbcbc20bc200586008f20f8fef0c720f8fe00e420f8ca40ce2005ca509f20f88a00d120f833805620f86a80a820056a40bdbcbcbcbcbcbcbcbcbcbc'
46	b'bcbcbcbcbcbcbcbcbcbc20f889b0f32005897006bcbcbc20f8c7008cbcbcbcbcbcbcbcbcbcbcbcbcbc20f81d003d20051d00b920f86400a4bc20f88a00262005'
47	b'bc20f88a00262005bcbc20f8bfa0e32005bf90d9bcbcbcbcbcbcbcbcbc20f8c300952005c30009bc20f80b002f20050b00db20f82900eebcbcbcbcbcbcbcbcbc'
48	b'bcbcbcbcbcbcbcbcbcbc20f8e3903620f8ba000d2005ba603020f8ff00c4bcbc20f83c004cbcbcbcbcbcbcbcbcbcbcbcbcbcbcbcbcbcbcbcbcbcbcbcbcbcbcbc'
49	b'bcbcbcbcbcbcbcbcbc20001720f840001020056db04720f8ce00992005ce008620f85180d12005518046bcbcbc20f80a002b20f8be008520f89300fc20f81600'
50	b'f89300fc20f81600bc6020f86110d8200060b0e1bcbcbcbcbcbcbc20f87500e0200575003c20f8000080bc20e00a00c420f8250060200525008a20e0fc006520'
51	b'008a20e0fc006520bce0a300d720f80f70e020050fb061bcbcbc20f820006a20f88080c020f8a4802c20f825001d20052540d3bcbcbcbcbcbcbcbcbc20f8e700'
52	b'bcbcbcbc20f8e700bc4020f800201320f85b00c020f88c006020055b909620e07c80d620057c80a020f88a40ece08a40ec20f8a28000200573807320f88480eb'
53	b'73807320f88480ebbcbce09380f220f83160a0bcbcbcbcbcbc20f800807420f80000842005008050bcbcbcbcbcbcbcbcbcbcbc20f815009e2005150086bcbcbc'
54	b'2005150086bcbcbcbcbc207886001620f8be50432005be7009bcbc20f8ec000920051c00c6bcbcbcbcbcbcbc20f87f00ce20057f0062bcbcbc20f8bc00a72005'
55	b'bc20f8bc00a72005bcbc20f82f903020052f5084bcbcbcbcbcbcbcbcbcbcbcbcbcbcbcbcbcbcbcbcbc20f82f009c20f88200d520058200b120f8570052200557'
56	b'20f8570052200557bc008020e013002f200513e000bcbc20f83f4096e03f409620f81a0040200580802020f85c408020e05d00f320055d80c0bc20f85e00e0bc'
57	b'c0bc20f85e00e0bcbcc000cd20e03b602820f8968040200580f02020f8ce80e020f80f80822005004066bcbcbcbc20e0e940152005e94040bc20f8000060bcbc'
58	b'bc20f8000060bcbcbcbc20f801e0062005e2107abcbcbcbcbcbcbcbcbcbcbcbcbcbc20f8fd002a20f87700e9200577008520f88300d220f84900e9200549009e'
59	b'4900e9200549009ebcbc20f851f074200551501220f8db800a2005db80acbcbc20f88c009920058c008120f8b7002d20f8580017200558803a20f84800ba20f8'
60	b'3a20f84800ba20f8bc40803e20f89cd06820f89cd00c20059c508920f89c00a8bcbcbcbcbcbcbcbcbcbcbc20f86280ce20f89e006220056280cebcbcbcbcbcbc'
61	b'80cebcbcbcbcbcbcbcbc20f80ee07b20f853000620f8f480672005ff7044bc20f84d0018bcbcbcbcbcbcbcbcbcbcbcbcbcbcbcbcbcbcbc20f8c000da2005c000'
62	b'f8c000da2005c000bce020008e20f8c6c0602005f970e520e003809220058300a020f89b00f220f8e4000e2005e4000e20f8da00752005da000920f87200fa20'
63	b'000920f87200fa20bc0080002020f808c0a02005eab0bb20f88500c32005850041bcbcbcbcbcbcbcbcbcbcbcbcbcbcbcbcbcbcbc20f898801d200598800520f8'
64	b'1d200598800520f8bcbc20f81610ee200516e04f20f83f008120053f001620f8ab808220f87000fb2005708009bcbcbcbcbcbcbcbcbcbcbcbcbcbcbcbc20f87c'
65	b'bcbcbcbcbc20f87cbc008020e078a00e2084a580402005c0903abcbcbcbc20e086002cbcbcbcbcbcbcbcbcbcbcbcbcbcbc20f8420060bc20f87b00b620006000'
66	b'f87b00b620006000bce020f891303920848000c020f8a00040200560804020f82280a020f89e00fb20f82c001520f8e1405b20f8e1006420f8e100342005e1a0'
67	b'f8e100342005e1a0bcbc20f8e0b0ee2005e0701520f803009e20f8cf003c200503001a20f84500a920f89e006520059e802020f8bd809e2005bd80ecbcbcbcbc'
68	b'05bd80ecbcbcbcbcbc20f8e2000c20f869c0a420f80580cb20f8e600232005e610f220f854000720055400e3bcbc20f8c780f22005c780b420f865407d200534'
69	b'20f865407d200534bc806c20f8eb803be0eb803b20f8040080bcbcbcbcbcbcbc20e050007e2005d000c0bcbcbcbcbcbcbcbcbcbcbcbcbcbcbcbcbc20f8358034'
70	b'bcbcbc20f8358034bcbce04f004920f801406020f8eb808020e0eb001420840100a020f8f240ec2005f2c0d4bcbcbc20f8ff00c72005ff009ebcbcbcbcbcbcbc'
71	b'9ebcbcbcbcbcbcbcbc20f89f704620056660b620f87900d920057900fe20f87b005320057b00f520f83e007220f82e00c9e02e00c920f86300c020f86300a020'
72	b'00c020f86300a020bcbc20f8eda0992005ed20f0bcbcbcbcbcbcbcbcbcbcbcbcbc20f8c880812005c880dabcbcbcbcbcbcbcbcbcbc20f8c8003020f89a00e720'
73	b'003020f89a00e720bce06c005220f866400020f8a4809c2005a450bb20f84d00bcbcbc20f8d000712005d0002e20f8d100d620f8b480c52005b4808b20f8e600'
74	b'05b4808b20f8e600bcbc20f83d4090208403008e20053d903b20f86c804f20f84340a520f8df00db2005df203dbcbcbcbcbcbc20f88800dc20f831007f200531'
75	b'20f831007f200531bc00e020f898b02a2005801060bcbcbcbcbc20f82800f120002000ce20f860800520057b80e020f891004f20058000a0bcbcbc20f84600bd'
76	b'bcbcbc20f84600bdbcbc20f87ca07e20057cd01f20f828006abcbcbcbcbcbcbcbcbcbcbcbcbcbcbcbcbcbcbcbcbc20f8a780a22005a780b4bcbcbcbcbcbcbc20'
77	b'bcbcbcbcbcbcbc20bc20055900af20f8915047200591a07920f8b800a62005b8006cbcbcbcbc20f87100d22005b80084bcbcbc20f85b80cc20055b809820f81b'
78	b'20055b809820f81bbc80e920f8db10b72005dbf0ac20f8ca40622005ca40b420f86440c520f8ba00ae2005ba404520f88e404e20f8d0806a20f84e000b20054e'
79	b'20f84e000b20054ebc802020f880a0bf2005802022bcbcbc20f80200b2200580008cbcbc20f8be00fd2005be00febcbcbcbcbcbcbcbcbcbc20f89e008720059e'
80	b'20f89e008720059ebc004020f8204005200520d073bcbcbcbcbcbcbcbcbcbcbcbcbcbcbcbcbcbcbcbcbcbc20f880800020059180c8bcbcbcbcbcbcbcbcbc20f8'
81	b'bcbcbcbcbcbc20f8bc8000c020f8af205d20f8af000020f8da00232005da608c20f8da0098bcbcbcbc20f8d58074e0d5807420f81b008020e0d980a42005d900'
82	b'e0d980a42005d900bc4020f8c000c72000c0e0ca20e0d040be200570806020f85b00c4bcbcbcbc20e0bc00662005f1008020e0f100a3bcbcbc20f85080a02005'
83	b'bc20f85080a02005bc80804020f800a0912005b00040bcbc20f8e0005a2005f5007cbcbcbcbcbcbcbcbcbcbcbcbc20f8f500a4bcbcbcbcbcbcbcbcbc20f81c00'
84	b'bcbcbcbc20f81c00bc4020f880c0402005a0e00420f82540f820e04f005920f84f00a020f8d300fce0d300fc20f825000020f886800e20f83780ed2005374023'
85	b'3780ed2005374023bcbc20f8f2406b2005f2c04120f8b2800820f8b280ac20f838003920f869805020844700b3200569400520f81f00e920051f007ebcbcbcbc'
86	b'051f007ebcbcbcbcbcbc20f8209067200520105020f83300fd2005b3006220f8e4000520f836401420053640a820f836001d20f83600fc20053600b920f83600'
87	b'053600b920f83600bcc020f83f204220057fe0fdbc20f86f009220e0d600772005d600a020f84240f920f895802e200595c00cbcbcbcbcbcbcbcbcbcbcbcbcbc'
88	b'bcbcbcbcbcbcbcbcbcbc20f84bc05b20054bd0ec20f85f001220f801001e20050100ae20f883009c20f805006520f805000d20050100da20f80500c820f89a80'
89	b'f80500c820f89a80bcc020f8a9c0d52005a0803820f8ca000020f83b008c2005ca0079bcbcbcbcbcbcbcbcbcbc20f83b006c20f8eb40e4e0eb40e420f8580020'
90	b'eb40e420f8580020bcbc20f81f300620844a008720051fc07b20f823003b20f844004920f82e003220052e804820f82e006820f887009120058700f6bcbcbcbc'
91	b'058700f6bcbcbcbcbcbc20f83290be2005f0809520f8a6403a2005d840ee20f8d8001a20f8fd803220f81e80a820051e804720f86c002920056c00de20f88b00'
92	b'056c00de20f88b00bca020f82b309c20054b00c720f8fd007620f80f002920f8be80582005be804a20f83d80c1e03d80c120f86a80a020056a0007bcbcbcbcbc'
93	b'6a0007bcbcbcbcbcbcbc20f83400d6200534101420f8790058bcbcbcbcbc20f87900c8bc20f87500f320057500ad20f84680d620f80b000d20050b808fbcbcbc'
94	b'20050b808fbcbcbcbcbc20f8f4709120848f001b20f8e400932005e420d6bc20f8fd000220f8af00922005af001420f8af007820f8af0078bcbcbcbcbcbcbcbc'
95	b'bcbcbcbcbcbcbcbcbcbc20f858309a20f8f8005220843d002a200558504620f80900fd20f84c809620f8d640dd2005d6407b20f8a9800d200519809620f8ee00'
96	b'0519809620f8ee00bca020f8c7602020843000a92005c7504bbcbcbcbcbcbcbcbcbcbcbcbcbcbcbcbcbc20f82e0082bcbc20f84c00c620054c008cbcbcbcbc20'
97	b'4c008cbcbcbcbc20bcbc20f88b90ae20058ba0c7bcbcbcbcbcbcbcbcbcbcbcbcbcbcbcbcbcbcbcbcbcbcbc20f83e00ce20053e001abcbcbcbcbcbcbcbc20f8bc'
98	b'bcbcbcbcbc20f8bcbc004020f8c000cd2000e0606620f89d002620f888007320058800e320f89c00922005880018bcbcbcbcbcbcbcbcbcbcbcbcbcbc20f89c00'
99	b'bcbcbcbc20f89c00bcbc2078ac00b720f80d603620f81ec01c20051e901920f846002a20051e0038bcbc20f8a440282005a48021bcbcbcbcbcbcbcbcbcbcbcbc'
100	b'bcbcbcbcbcbcbcbcbcbc20f8c610dd2005c640e9bcbcbcbcbcbcbc20f8e700d62005e7008abcbcbcbcbcbc20f811004120051100c6bcbcbcbc20f89f80922005'
101	b'bc20f89f80922005bc6000fc20f86240e0200562f07420f8c0004620e0b400772005b400c0bcbcbc20f83580c2200535809420f8350004bcbcbcbc20f8c90091'
102	b'bcbcbc20f8c90091bcbc20f871503620057170b720f82e802320052e807a20f821802620059e8028bcbc20f8b8008a2005b80014bcbcbcbcbcbcbc20f87b0087'
103	b'bcbcbc20f87b0087bcbc20f834807f20f83700b120f88a005b20058a607cbc20f8dd00c52005dd00aabcbcbcbcbcbcbcbcbcbcbcbcbcbcbcbcbcbc20f871005a'
104	b'bcbcbc20f871005abce02b001520f899a000200599d097bcbcbcbcbcbcbcbc20f891009e20059100fabcbcbcbcbcbcbcbcbcbc20f8918090200591006f20f8d7'
105	b'200591006f20f8d7bc004020f8a000892005c460cf20f86c0002bcbcbcbc20f803009d200503000ebcbcbcbcbc20f803006420f8030004bc20f8b2006d2005b2'
106	b'20f8b2006d2005b2bcbc20f82b507720052be01320f8d0007120f88300612005830047bcbcbc20f8fe001320054e0052bcbcbcbcbcbcbcbcbcbcbcbc20f88900'
107	b'bcbcbcbc20f88900bc8020e07590672005756020bcbcbc20f8170040200500006020f8d6806b20002080edbcbcbcbcbcbcbcbcbcbcbcbcbcbcbc20f8c0009820'
108	b'bcbc20f8c0009820bc200562000a20f862d0332084b280a3bcbcbcbcbcbcbcbcbcbcbcbcbcbcbcbc20f89a4050e09a405020f859000020f88280b0200582001f'
109	b'8280b0200582001fbcbce05c803a20782d006020f847a01320e07a80f220f854008020e04100412005d440e020f88100232005800060bcbc20f84c8040200040'
110	b'20f84c8040200040bcbc20f8c420f820f8b500a32005b59003bcbcbcbcbcbc20f8be00472005be0013bcbcbcbcbcbcbcbcbcbcbcbcbcbcbcbc20f8b800662005'
111	b'bc20f8b800662005bcbc20f8bd80212005bd0054bc20f8bd0070bcbcbcbcbcbcbcbcbc20f8a600812005a6009620f81080da20f8de00312005de803220f80700'
112	b'05de803220f80700bc4020f840c040e045c04020f84700e020f8510012200540a06a20f80f003e20050f00c6bcbcbcbcbcbc20f8a580bb2005a5807abcbcbcbc'
113	b'05a5807abcbcbcbcbc20f8e8d0fb2005fac03dbcbcbc20f80980a82005be00a520f864007920f8f2000e2005f2003bbcbcbcbcbcbcbcbcbcbcbcbcbcbcbcbcbc'
114	b'bcbcbcbcbcbcbcbcbca000bb20f81bc08620050040df20e0bf80192005bf808020e0bcc0282005bc40c020f8fa00e02005fa00e120f840001c20f83900ab2005'
115	b'1c20f83900ab2005bcbc20f8db9009e0db900920f8d0002020f80300002005d000d020f803008420f8688035200568805ebcbcbcbcbcbcbcbcbcbcbcbc20f868'
116	b'bcbcbcbcbc20f868bcbc20f8a7809720f8650006200565a00abcbcbcbcbcbcbcbcbcbcbc20f8c000462005c000c2bc20f8b800112005b8004ebc20f8cc007720'
117	b'4ebc20f8cc007720bce049803820f8b690a020055870d420f8ad000220f87700b720f851806420f8b780dd2005c9206420f8c9007b20f8da00892005da00ee20'
118	b'00892005da00ee20bcbc20f8fa20482005fac0f120f85e40d020f85ec09420f89c00d720f8b3801e2005b3207420f867806f20f86880c3200578c0d220f82e40'
119	b'0578c0d220f82e40bc2020f836a00020053660bf20f8f300be20f8fe00f320f87000bd20f8c100c32005c1407020f897000b20f8c800f22005b5804220f8f400'
120	b'05b5804220f8f400bcbc20f86c200a20f8d7000b20f846007720054690f2bcbcbcbcbcbcbcbcbcbcbc20f8ad00f2bcbc20f82e804820f82e004820052e00edbc'
121	b'004820052e00edbcbcbc20f81e90d920051ef0fd20f8cd00c620f84e00b520054e0053bcbcbcbcbcbcbcbcbcbcbcbcbc20f874801120054e80e020f8b680b420'
122	b'80e020f8b680b420bc004080c520f80980b8200509404220f80d00a220f8c100bcbcbcbcbcbc20f83300e720f8ff80c82005ff8043bcbcbcbcbcbcbcbcbcbcbc'
123	b'bcbcbcbcbcbcbcbcbcbc20f8922014200592b09520f886002cbcbcbcbcbc20f80900fe20050900e620f80a00ed20050a0026bc20f8f500d920f847005220f85a'
124	b'20f847005220f85abc809920f813d0b1200513e003bcbcbcbcbcbcbcbcbc20f8af805d2005af8005bcbcbcbcbcbcbc20f85500432005550055bcbcbc20f84000'
125	b'55bcbcbc20f84000bc4020f840b0f720054920a620f828004d20050d807020f8478076200547006320f8770005e077000520f8e7402020f82a804020f8c0c03e'
126	b'2a804020f8c0c03ebcbc20f8b3a0c82005b3d04920f8b30038bcbcbcbcbcbcbcbcbcbcbcbcbcbcbcbcbcbcbcbcbcbcbcbcbcbcbcbcbcbcbc20f8e3007c20f850'
127	b'20f8e3007c20f850bc008020e059a0122005594080bcbcbcbcbcbcbcbcbcbcbcbcbcbcbcbcbcbcbcbcbc20e01000e6200510000020f851004cbcbcbc20f81b00'
128	b'4cbcbcbc20f81b00bc0020f84fa09ee04fa09e20f87100c020f8b880d42005b800f720f899004520f8b3006b2005b3805220f81980d1200519800a20f8bd408d'
129	b'19800a20f8bd408dbcbc20f811c08820840b00d6200511d03020f8e000892005e0001c20f8c0003920f8a2000b2005a2009f20f8f2803820f8c0003d2005c080'
130	b'f8c0003d2005c080bcbc20f89ee05d20059ea02ebc20f88d0071e08d007120f8e000602005e0000120e085003e2005850000bcbcbcbcbcbcbcbc20f829006920'
131	b'bcbc20f829006920bc20f87890ca208459405720f8c7001220f854000420f8830036200583c097bcbcbcbcbcbcbc20f89f00a920f812004f2005128078bcbcbc'
132	b'2005128078bcbcbcbc807320f87df07c2005fdd0aebcbcbcbcbcbcbcbcbcbcbcbcbcbcbcbcbcbcbcbcbcbcbcbcbcbcbcbcbcbcbcbcbcbc20f85f40d820055f80'
133	b'f85f40d820055f80bc20f80700c620f869b0e6200569c0b620f84bc01220f87800d220f8ff009e20f8f280112005f2206bbcbc20f8f200a2bcbcbcbcbcbcbcbc'
134	b'bcbcbcbcbcbcbcbcbc60009220f8539040200520600220f84040262005dd40a420f8fa00852005fa0041bcbcbcbcbcbcbcbcbc20f81b008720051b0013bcbcbc'
135	b'20051b0013bcbcbcbcbc20f8b4d04a2005157037bcbcbcbcbcbcbcbcbcbcbcbcbcbcbcbcbcbcbcbcbcbcbcbcbcbcbcbc20f82a00c2200515004820f82a0038bc'
136	b'004820f82a0038bcbcbc20f874003f200574e07ebcbcbcbcbcbcbcbcbcbcbcbcbcbcbcbcbcbcbcbcbcbcbcbcbcbc20f80f000620057400ec20f819404e200519'
137	b'20f819404e200519bc803e20f86ce0882084fe809820056c1088bcbcbcbcbcbcbcbcbcbcbcbcbcbcbc20f8214091200521802f20f8548018200554009b20f8f2'
138	b'200554009b20f8f2bc004020f840408520f81d008320051d80e820f8bd00cd2005bd007920f8bd000cbc20f8bd00f52005bd00da20f834000620052f80b420f8'
139	b'0620052f80b420f8bcbc20f829c0b0200529906020f872004a200555801120f85580d620f8e900172005fc0095bcbcbcbcbcbcbcbcbcbcbcbcbcbcbc20f87a00'
140	b'bcbcbcbc20f87a00bc2020f8a230002005a2b0b1bcbcbcbcbcbc20f8b800ab20f88280a420f8c3003d2005c380ee20f8978029200597808620f867005a200567'
141	b'20f867005a200567bc002020f8ab30202005abc0a0bcbcbcbcbcbcbcbcbcbcbcbcbcbcbc20f8a280342005a2009f20f8040089200504008ebcbcbcbcbcbcbcbc'
142	b'bcbcbcbcbcbcbcbcbc00c020f83d807f20053d20da20f83d00e220f83d009020f8650045200565003520f81b00be20051b0006bcbcbc20f82a000b20052a005d'
143	b'2a000b20052a005dbcbce0c8008b20f8dfa06020f878805b2000608039bcbcbcbcbc20f8a300602005a30054bcbcbcbcbcbcbcbcbcbcbcbcbcbcbcbcbcbcbcbc'
144	b'bcbcbcbcbcbcbcbcbcbc20f8f900842084c500e72005f9a06320f88b800220058b8078bc20f8dc007120058b0058bc20f8a10051200561008abcbcbcbcbcbcbc'
145	b'8abcbcbcbcbcbcbcbcbc20f8ac70662005ac601d20f8b700132005b70015bc20f86c005320f8ae00ea20056c0067bcbcbcbcbcbcbcbcbcbcbcbcbcbcbcbcbcbc'
146	b'bcbcbcbcbcbcbcbcbcbce00e80bb20f8cd4060bc20f88680da20e0c5003a20f85f00c020055f80cf20f804805020050400f720f804008820f88e805d20058e80'
147	b'f88e805d20058e80bce020f874c0ff200560d02620f8b1804020f860003d20057780a0bcbcbcbcbcbcbcbcbcbcbcbcbcbcbcbcbcbcbcbcbcbcbcbcbcbcbcbcbc'
148	b'bcbcbcbcbcbcbcbcbcbc20f8ac60fa2005ac304c20f8f1003b2005f100a1bc20f86c00c520056c006120f86c000cbcbcbcbcbcbcbcbcbcbcbcbc20f833001520'
149	b'bcbc20f833001520bcbc20f84e609f20054e10e4bcbcbcbcbc20f8fc804d2005fc80d1bcbcbcbcbcbcbcbcbc20f8c440e22005c44054bcbcbcbcbcbcbcbcbcbc'
150	b'bcbcbcbcbcbcbcbcbcbc20f8525019200566f055bcbcbcbcbc20f8520054bcbcbc20f885005220f81700ee200517003abcbcbcbc20f8fe00ed2005fe004520f8'
151	b'ed2005fe004520f8bc0080a820f85b30192005e990a520f8bb807920f8bf00282005bb80e2bcbcbc20f897007b20059700c320f8fb00012005fb0036bcbc20f8'
152	b'05fb0036bcbc20f8bc00002020f87230602005d1b06720e070000620f80800c020050800c020f859803220057e003b20f86d009320f8ec00e32005ec803abcbc'
153	b'e32005ec803abcbcbc20f8b3000120f8bae0db20f881004920f89d007a20059d108520f898002120f8f2003c200598003620f85e004e20f835005620f83500f2'
154	b'35005620f83500f2bcbce057003620f8fe00a020f89700de200597004620f82dc0ce2005ed40dfbcbcbcbcbcbcbcbcbcbcbcbc20f87400522005ed00b820f8bd'
155	b'2005ed00b820f8bdbc004020f8c080bc20e0570039200501c02020f80100a0bcbcbc20f801005820f87a003a20057a00bc20f81f00da20057300e520f8730021'
156	b'7300e520f8730021bcbc20f89b00442005ba207a20f87600ccbcbcbcbcbcbcbcbcbc20f876008820f8e18084200527803c20f8270006bcbcbc20f8ba001b2005'
157	b'bc20f8ba001b2005bcbc20f81980f420f86b00ea20f8d000aa2005d0805520f8d000ecbcbc20f8d0008820f8bd0095200535002620f8fe00e72005fe000520f8'
158	b'e72005fe000520f8bce0005120f85410b620055480ce20f8d000f92005d000febcbc20f8e500bb2005e50063bcbcbcbcbcbcbcbcbcbcbc20f8ad00512005ad00'
159	b'f8ad00512005ad00bcbc20f886409c2005869076bc20f8ee80712005ee80aebc20f8b100672005b10065bcbcbc20f8e7003e2005e7008620f82e003720056a00'
160	b'f82e003720056a00bcbc20f85770dd200557706ebcbcbcbcbcbcbcbcbcbcbcbcbcbcbcbcbcbcbc20f8570074bcbc20f856807f2005568095bc20f839809c2005'
161	b'bc20f839809c2005bce04200ec20f885e0c0200585400c20e092008420f81d000020051d00babcbcbcbcbcbcbcbcbcbcbcbcbcbcbcbc20f8c100f4bcbc20f86c'
162	b'c100f4bcbc20f86cbc000020f8b6a03e20f8c780e820f8a600522005c790bbbcbcbcbcbc20f8ec005220f8ec007820f8ab801020f816c048200516c00920f8e4'
163	b'200516c00920f8e4bc80c020f8016003200501509fbc20f81280a920051280de20f88880e12005888076bcbcbcbcbcbcbc20f8cf00932005cf0025bcbcbcbcbc'
164	b'cf0025bcbcbcbcbcbcbc20f8d5d0a72005d5e0e520f85c80d020f801009920f8c4000b20f84600fa20f838007520f81b803620050bc08520f8c300732005c300'
165	b'f8c300732005c300bce070806e20f8d60000200545504920f823400220f8c480192005c4c08e20f88000bb20f88000ac20058000e9bc20f824000120052400da'
166	b'24000120052400dabcbc20f8bd40d7200543f03e20f8b08072200502406c20f80280fc20f8170041200517006620f81400b520f80920a6200509202920f80c00'
167	b'0509202920f80c00bc6020f864f0552000a0a0e520f808000020f87a001620f88f00df20058f8074bcbcbc20f829805520f8290064200529800920f84e00a220'
168	b'800920f84e00a220bcbc20f852c06620056ba03ebcbcbcbcbc20f867000e200567002abcbcbcbcbcbcbcbcbcbcbcbcbcbcbc20f846005120f849004320f82b80'
169	b'f849004320f82b80bca020f877108120057780b420f8d50066bcbcbcbcbcbcbcbcbcbcbcbcbcbcbc20f8ce007d20057200e6bcbcbcbcbcbcbcbcbcbcbcbcbcbc'
170	b'bcbcbcbcbcbcbcbcbcbc20f8d73060208444002720f8078068200507e01920f838007520f895006220059500ad20f8a7007a20f804802220050480d620f8af00'
171	b'050480d620f8af00bcc020f869c063200560a0a3bcbcbcbcbcbcbcbcbcbcbcbcbcbcbcbc20f8c30020200523000020f8298066200529800abc20f81b80ba2005'
172	b'bc20f81b80ba2005bc0080c720f89fd0a820059fc0c020f81c007cbcbcbcbc20f80e803620050e801a20f82c005d20052c004520f808005a20f821008c20f81c'
173	b'20f821008c20f81cbc805a20f805606b20050530bebcbcbcbcbcbcbcbcbcbcbcbcbcbcbcbcbcbcbcbc20f805006cbcbcbc20f88d00e220f8c8800820f83240c4'
174	b'c8800820f83240c4bcbce05b80e92078ce000020f839908920f885008a2005390044bc20f8a600732005a6001dbcbcbcbcbcbcbcbcbcbcbcbcbcbc20f8a60048'
175	b'bcbcbc20f8a60048bcbc20f818802420f8430077200543d06320f8ef801c2005ef807820f8ef0064bc20f83500a52005350011bcbcbcbcbcbcbcbcbcbc20f80b'
176	b'bcbcbcbcbc20f80bbc407e20e0b9f0062005b920e020f8de00e12005c0008e20e04c00d4bcbcbcbc20f8a6004020f8c000e62000c0008620e0a900892005d100'
177	b'e0a900892005d100bcbc20f8c160362005c1f0d920f8ca800520f8d780dc20f88200ca20f8cd80fa20f8cd003420f877000a200577c0f5bcbcbcbcbcbcbcbcbc'
178	b'bcbcbcbcbcbcbcbcbcbc20f839c0e5200539c03e20f86f005cbcbcbcbc20f87680752005768069bcbcbcbcbcbcbcbcbcbcbcbc20f859006a200576007820f859'
179	b'200576007820f859bc004020f860103c20057690c0bc20f8ad006020f89800e2200060004820f82400a020f85200ce20f86b00fa20056b808cbc20f84a00ce20'
180	b'8cbc20f84a00ce20bcbc20f8b6d03d2005b6209c20f8df800a2005df806020f8b900fa20f8540016200554004ebcbcbcbcbcbcbcbcbcbcbcbcbcbcbcbcbcbcbc'
181	b'bcbcbcbcbcbcbcbcbcbc20f89c40bf208497406020059c106cbcbcbcbcbcbcbcbcbcbcbc20f8db000a2005db00e420f87680c42005768080bcbcbc20f80400de'
182	b'bcbcbc20f80400debcbc20f86e904020f8d6504ce0d6504c20f8b700c020f8b70000bcbcbcbcbcbcbcbc20f8b600932005b600b5bcbcbcbcbcbcbc20f8708091'
183	b'bcbcbc20f8708091bcbc2078c8005c20f8bef07d20f8030073200503401820f8830069200503005420f860003cbcbcbcbcbcbcbcbcbcbc20f8600004bcbcbcbc'
184	b'f8600004bcbcbcbcbcbc20f8ef60c52005ef909e20f8b900dd2005190086bcbcbcbcbcbcbcbcbcbcbcbcbcbcbcbcbcbcbcbc20f8b90044bcbcbcbc20f8fd00f9'
185	b'bcbcbc20f8fd00f9bcbce02f005a20f823d080bcbcbcbc20e02c80ca20052c80c0bcbcbcbcbcbcbcbcbcbcbcbc20f8fa806c20f859008920f814008320052780'
186	b'f814008320052780bcbc20f8fd20692005fd40d820f8ca809920f83f809b20053f405320f8ed006320f81880ac20f89540ec20f87e00d420f87e00f820f85e00'
187	b'f87e00f820f85e00bc2020f8a6d0202005a650c0bcbcbcbcbcbcbcbcbcbcbcbcbcbcbcbcbc20f8a700002005a70089bcbcbcbcbcbcbcbcbcbcbcbcbcbcbc20f8'
188	b'bcbcbcbcbcbc20f8bce0006720f899201f200599506820f802003e200502001a20f8ba00032005ba00f9bcbc20f8ff00912005ff00a620f8df006a20f8bc00ec'
189	b'df006a20f8bc00ecbcbce001807820f86cb0e020f8c3001a20f8c000582000c0003420e08600632005860020bcbcbcbcbcbcbcbcbcbcbcbcbcbcbcbcbcbcbcbc'
190	b'bcbcbcbcbcbcbcbcbcbc20f8e900332005196033bcbcbcbcbcbcbcbcbcbcbcbcbc20f83c00ae20f836009c20053c003220f8c5005e20053c0002bcbcbcbcbcbc'
191	b'0002bcbcbcbcbcbcbcbc20f8c410bb20050890fe20f81a002920f86500f520f86500b820056500cf20f82100662005210042bcbc20f80b00c520050b00d120f8'
192	b'c520050b00d120f8bc40002220f8a590112005653073bcbcbcbcbc20f86a00a120056a009620f87000e120f81e004920051e001720f84e009a20f87780612005'
193	b'9a20f87780612005bcc0408420e0a6a0452005a630a020f89d001d20f803007220054a00bebcbc20f80500c2bcbcbcbcbcbc20f805003c20f848005a20054800'
194	b'f848005a20054800bce020f8f190812005e05006bcbcbcbcbcbcbcbc20f889801c20f8d5000d20053580f620f8d500e820f8a600d62005a6000abcbcbcbcbcbc'
195	b'000abcbcbcbcbcbcbcbc20f8cd406b2005cd209bbc20f8cd00d820f81e00cd20051e0059bcbcbcbc20f8df00ee2005df003a20f8df000cbcbcbcbcbcbcbc20f8'
196	b'bcbcbcbcbcbc20f8bc20f8be00f120f8841038200584406420f842807c20f8fd00eb20f82e809a20056240fd20f83400ad20053400f9bc20f86700ad20056700'
197	b'f86700ad20056700bcbc20f8b7a0d62005b730e6bcbcbcbcbcbcbcbcbcbcbcbcbcbcbcbcbcbcbcbc20f83f002d20053f0019bcbcbcbcbcbcbc20f81580e92005'
198	b'bc20f81580e92005bca0000320f8ce809e208497005820f8f7804f20f8ee8013200544d0ab20f809801320f883806520f8894061200589200720f8de00e52005'
199	b'0720f8de00e52005bcc000c120e01440d520f820808020e0d1009d20f8a800a020059fe07a20f83a00d4bcbcbcbcbcbcbc20f89e006e20055e003a20f8470087'
200	b'5e003a20f8470087bcbc20f83160b0200531b09620f818005cbcbc20f8ba00262005ba004220f8ba005420f85e801b20055e803920f806003820f88b009f2005'
201	b'3820f88b009f2005bcbc20f8561088200556c0ae20f80000f220f891000620f87440a020f88e8080e08e808020f852004020f8e000ab2005f600ddbcbcbcbcbc'
202	b'f600ddbcbcbcbcbcbcbc20f86d609c20056dc0c120f84a00a920054a00ee20f8ff007220f888006c20f81c002120051c003620f81980102005b1004d20f8f800'
203	b'05b1004d20f8f800bc6020f8b290d72000a030c620f88700402005800040bcbcbcbcbcbcbcbcbcbcbcbcbcbcbcbcbc20f80000e020050480f620f80080d4bcbc'
204	b'f620f80080d4bcbcbcbc20f8cce0b1e0cce0b120f8ab802020f89ac0c020059a80c520f82b009e20052b00c620f89d001d20059d005920f801004abc20f82100'
205	b'01004abc20f82100bcc020f86640e620e0d300dc2005664000bcbcbcbcbcbcbcbcbcbcbcbcbcbcbcbcbcbcbcbcbcbcbcbcbcbcbcbcbcbcbcbcbcbc20f89100ee'
206	b'bcbcbc20f89100eebcbc20f852705b20059770d520f8e700c620f85180b120f8f70076200551800dbcbcbcbcbcbcbcbcbcbcbcbcbcbcbcbcbcbcbcbcbcbc20f8'
207	b'bcbcbcbcbcbc20f8bc00002020f89aa0402005a010bdbcbcbc20f86300202005a30000bcbcbcbc20f8d480c020f85600e420f82f806c20052f800520f8b38099'
208	b'2f800520f8b38099bcbc20f8bbd0bf2005bb808e20f85f801520f8b900a12005b980d7bcbcbcbcbcbcbcbc20f8b900c4bcbcbcbcbcbcbcbcbcbcbcbcbcbcbcbc'
209	b'bcbcbcbcbcbcbcbcbcbc20f8bd405020057d702dbcbcbcbcbcbcbcbcbcbc20f82900fe200529007a20f8ea40f52005ea401c20f8b4000320f8d3407c2005d340'
210	b'f8d3407c2005d340bcbc20f89e00e420058ef096bcbcbcbcbcbcbcbcbcbcbcbcbcbcbcbcbcbc20f842008e200542006a20f87f401420057f807b20f8db00e220'
211	b'807b20f8db00e220bce04780f820f85f90e020f8940027200580a020bcbcbcbcbcbcbcbcbcbcbcbcbcbcbcbcbcbcbcbcbcbcbcbcbcbcbc20f8f200e020f8a300'
212	b'f8f200e020f8a300bce020f843c020200540601620f8090065200509007120f85700a120055700b6bc20f848006e200548006abcbcbcbcbc20f8214064200521'
213	b'20f8214064200521bc802020f8f620da2005f6e00620f8fd80b72005fd80f320f835009b20053500fd20f835008c20f835005820f83500e420f8cf00c9200535'
214	b'20f8cf00c9200535bc00e020f8f7409d2005e0b080bcbcbcbcbcbcbcbcbcbcbcbcbcbcbcbcbcbcbcbcbcbcbcbcbcbcbc20f8dc00ea2005f7000820f805005520'
215	b'000820f805005520bcbc20f864e0e420840c00dd20f8f0001220f8e500762005e5707920f8df80382005df808020f8b900d32005b9005520f88d006a20f89200'
216	b'f88d006a20f89200bcc020f8a6201f2005a62013bcbcbcbcbcbc20f84f002020054f0020bcbcbcbcbcbcbcbcbcbcbcbcbcbcbc20f86e00e0bcbcbcbcbc20f816'
217	b'bcbcbcbcbc20f816bc002020f887b0e0200587e00320f8c080422000c0802820e097007220f8b200802000c00004bcbcbcbcbcbc20e07a002f2005fa008020e0'
218	b'2f2005fa008020e0bcbc20f8d460a42005d41086bcbc20f80700a62005d4004cbcbcbcbcbcbcbcbcbc20f86300ea20056300ccbcbcbcbcbcbcbcbcbcbcbcbcbc'
219	b'bcbcbcbcbcbcbcbcbcbc20f8e0b03be0e0b03b20f89b0060bcbcbcbcbc20f89b006e20008000a020f8eb001e20059b002420f8f8007d2005f800e520f8e800e9'
220	b'f800e520f8e800e9bcbc20f8a300b02005a310c020f8ff80542005ff005fbcbcbcbcbcbcbcbcbcbcbcbcbcbcbcbcbcbc20f8a400fa2005ff006c20f847803320'
221	b'006c20f847803320bcbc20f83e503f20053ee0a0bcbcbc20f8f880252005f8802620f851805d200551805e20f8f900f2200551002420f8eb006e20f842000520'
222	b'006e20f842000520bc00a0806820f82680a820f863008920f802409c20f8fd004420f81180c7200510102320f81000eabcbcbcbcbcbcbcbcbc20f89400b2e094'
223	b'bc20f89400b2e094bc00c020f8a680c0200566e03820f88a003920058a000120f8de005b20f81300ee20f802000720f8c000c520f8ec00512005ec402620f8d6'
224	b'2005ec402620f8d6bc801820f8c9f0b92005c93036bcbcbcbcbcbcbcbcbcbcbc20f84900a5200549006220f8490028bcbcbcbcbcbcbcbcbcbcbcbcbcbcbcbc20'
225	b'bcbcbcbcbcbcbc20bcbc20f874a0a020f80400d4200574f08cbcbcbcbcbcbcbcbcbc20f8ac001f2005ac008720f82080d020f8cc009b2005cc80a520f8220015'
226	b'cc80a520f8220015bcbc20f8afb0e02084b9c0672005af6089bcbcbcbcbcbcbcbcbcbcbcbcbcbcbcbcbcbcbcbc20f86000d720f82c003a20052c800020f8b400'
227	b'052c800020f8b400bcbc20f8cc80d72005e6e08b20f8db00a420f868006a2005e6002cbcbcbcbcbc20f8700096200570008a20f8e7001e2005e7008620f8e700'
228	b'05e7008620f8e700bc8020e044004e20f85c000020055ca0b820f88700c220f8ae00862005ae00a2bcbcbcbcbcbcbcbc20f8b300babcbcbcbcbcbcbcbcbcbcbc'
229	b'bcbcbcbcbcbcbcbcbcbc20f81760fa200585609b20f885001520f841001720054100b3bcbcbcbc20f864006620056400ecbcbcbcbcbcbcbcbcbcbcbc20f86400'
230	b'bcbcbcbc20f86400bc20f8c3001720f88e30e820f84b00eb20f8f4006c20f84b007920054bb06abcbcbcbcbcbcbcbcbcbcbcbc20f821007620052100cabcbcbc'
231	b'20052100cabcbcbcbcbc20f88330e320f88d80d020f86700ec20f8fd40042005fd305e20f83c00de20053c00a220f88e006e20f82f000520052f0037bcbcbcbc'
232	b'052f0037bcbcbcbcbc00a020f8ddf0bd2005dd20ab20f81600672005c6003ebcbcbc20f86b00b620056b00ca20f88b80b020f8e000712005e0809620f8480085'
233	b'e0809620f8480085bcbc20f806304320050620cebcbcbcbcbcbcbcbcbcbcbcbcbcbc20f8200056200520000a20f86d003420f84c004d20054c0036bcbcbc20f8'
234	b'4c0036bcbcbc20f8bc80000020f891901120059190d320f8d400ee20f85180f2200551807620f89f809420f84c00ee20059f803020f89680b820f8d580e02005'
235	b'b820f8d580e02005bc80000020f8791089200579f06120f8a400e320f86080a720f8aa00f2200560c05220f86080d0bcbcbc20f891008220059100e820f82800'
236	b'059100e820f82800bc8020e011c0922005114000bc20f8c700be2005c700ba20f8c700b4bcbcbcbcbcbcbcbc20f8d400a9e0d400a920f8b600e0bcbcbcbcbcbc'
237	b'00e0bcbcbcbcbcbcbcbc20f8fa30172005fa10d720f81a008920051a008e20f81e008cbcbcbcbcbcbc20f84bc0d120054bc06a20f8a540e22005a5406820f885'
238	b'2005a5406820f885bc00c020f8fde0ae2005fd903c20e029005c20f80a800020f87a009a20057a8090bcbcbcbcbcbcbcbcbcbcbc20f8648084200564806020f8'
239	b'84200564806020f8bcc000ea20604500f220f8ee004020f8c08001200020900020f82000fb200520002920f8e000412005fc008620f884003120f847008f20f8'
240	b'3120f847008f20f8bc00801920f80090c020f854800c20f855803c20f8e400662005e4a03420f8cc009cbcbcbcbcbcbc20f843803c200543006320f8ba409020'
241	b'006320f8ba409020bce07680a020f8b0f0a020f8db80fd2005db1073bcbcbcbcbcbcbcbcbcbcbcbcbcbcbc20f8ad00632005ad00e9bc20f82300392005a30022'
242	b'2300392005a30022bcbc20f83760cd20f812001620f80e808620f898004d20f801000ae001000a20f8e58040f8e5805f20f8420027bc20f8a580d52005a5809a'
243	b'a580d52005a5809abcbce05c004620f8b4c04020f8e0000e2005f5008abcbcbc20f8da40842005cd40af20f848806120f89900a32005998088bcbcbcbcbcbcbc'
244	b'88bcbcbcbcbcbcbcbc20f8a1a0422005a100c020f89000c720f83600ab2005368001bcbcbcbcbcbcbc20f8168080200516001720f87f006520f8110039200511'
245	b'20f8110039200511bcbc20f8f1704920f80f00ad20050f508020f8e7009b20057e804c20f87e001120f8410011200541002e20f845007a20054100fc20f84500'
246	b'054100fc20f84500bc00a020f86740e0200567700920f8de00ec20f8bc80802005bc00d3bcbcbcbcbcbc20f83c006b2005d8000920f87800f320057800adbc20'
247	b'f320057800adbc20bc20051650e920f88a20eabcbc20f8bb80182005bb00bf20f815006620f8508030200550803020f8f800e22005f800c820f8b000112005b0'
248	b'20f8b000112005b0bc008020e09d707f20842e00a020f89c806220f81d003b20051d8083bcbcbcbcbcbcbcbcbcbcbcbcbcbcbcbcbcbcbcbcbcbcbcbcbcbcbcbc'
249	b'bcbcbcbcbcbcbcbcbc0020f89a90bb20f80b80f020050bf013bcbcbcbcbcbcbcbcbcbcbc20f874004720057400e320f8d880282005d800dfbcbcbcbcbcbc20f8'
250	b'bcbcbcbcbcbc20f8bc40000a20f81f207920051fe05a20f8a400f52005a4009620f81e00c320051e009520f8dc00ecbcbcbcbcbcbcbcbcbcbcbcbcbcbcbcbcbc'
251	b'bcbcbcbcbcbcbcbcbcbc20f80df0a52084e300e720058dc0bf20f8e800c620058d003820f84300ca20054300e4bcbcbcbcbcbcbcbcbcbcbcbc20f80e00c620f8'
252	b'bc20f80e00c620f8bc60005620f865406020056520af20e071001a20f8d500e020f8a00072200560001820f88d80c020f84a80fa20f80380a9200503c07720f8'
253	b'a9200503c07720f8bc60004c20f89cd0e020055c30b2bcbcbcbcbcbcbcbcbcbcbcbc20f880006020059d004e20e09d00a420f8fc0000bcbcbcbcbcbcbc20f896'
254	b'bcbcbcbcbc20f896bc802620f8b430c420f82a00bd20f8e9003b2084bf002f20f84d000d20f8fc00da2005fc3003bcbcbc20f81f006d20f81f00f820051f0079'
255	b'1f00f820051f0079bcbc20f8ceb07f20f85900a42005ce80bd20f8ee008320f800400020f8ac00fc20f8d0004d20f806802420f8730062200506c08520f80800'
256	b'0506c08520f80800bc2020f85d20c02005194046bcbcbcbcbcbcbcbcbcbc20e0ce00ea200519004020f8c0002d20e0b10004200519002020f8a300a020f88280'
257	b'f8a300a020f88280bca020f876b052200576f05b20f876001cbcbcbcbcbc20f89a802820059a808c20f8f5001abcbcbcbcbcbcbcbcbcbc20f80f002320050f00'
258	b'f80f002320050f00bce020f8bbf09a2005a0d0c520f895800320f895003820f8f680162005f640b3bcbcbcbcbcbcbcbcbcbcbcbcbcbcbcbcbcbc20f8b3004520'
259	b'bcbc20f8b3004520bce03ac0cc20f86f602020f8ad000020f86e407220f89300d320847e002d20f81600f920051600e8bcbcbcbcbcbcbcbcbcbcbcbcbcbcbcbc'
260	b'bcbcbcbcbcbcbcbcbc20f89b000220f85b106d20f8e2000220055b306120f85480ac20055800bb20f869803c20056980c420f86900fcbcbc20f8a100b020f89f'
261	b'20f8a100b020f89fbc800620f8b630d42005b6e0a720f8014088200581806920f8fa000a20f883003e20058300e120f8fd40d02005fd80cf20f8fd0024bcbcbc'
262	b'20f8fd0024bcbcbcbcbc20f8f0d0fb20842800a520f80400e22005f0009920f84d402a200508c0e020f80a80a32005140086bcbcbc20f8f800a1bc20f82d00ce'
263	b'00a1bc20f82d00cebcbc20f89ac07d2005427056bcbcbcbcbcbcbcbcbcbcbcbcbcbcbcbcbcbcbcbcbcbcbcbcbcbcbcbcbcbcbcbcbcbcbcbcbcbcbcbc20f8eb00'
264	b'bcbcbcbc20f8eb00bc4020f860b0c32005621060bcbcbcbcbcbc20f8a20052bcbcbcbcbcbcbcbcbcbc20e0a3002d2005a300c020f86d801a20056d804220f8d1'
265	b'20056d804220f8d1bc008020e0a020a1200566e000bcbcbcbcbcbcbcbcbcbcbcbcbcbcbcbcbcbcbcbcbc20f8850072200585000c20f88a001d20058a0016bcbc'
266	b'1d20058a0016bcbcbcbc20f82af00220052a606b20f8a080702005a000abbcbcbcbcbcbcbc20f8d200b32005d2000dbcbcbcbc20f86300e920056300e620f889'
267	b'20056300e620f889bcbc20f815e0342005154049bcbcbc20f80c008120050c001620f8fb000f2005fb00ebbcbcbcbcbcbcbcbc20f8fb006820f862000b2005fb'
268	b'20f862000b2005fbbcbc20f87e409220057ee02ebcbcbcbcbcbcbcbcbcbc20f80700262005070012bcbcbcbcbcbcbc20f8d900d52005810012bcbcbcbcbcbcbc'
269	b'12bcbcbcbcbcbcbcbc20f802c0412005024057bc20f8b800322005b80044bcbcbcbcbcbcbc20f86b00d2bcbcbcbcbcbcbcbcbcbcbcbcbcbcbcbcbc20f818008b'
270	b'bcbcbc20f818008bbcbc20f8e390732005e3c0be20f8a5800720f82f808920052fc074bcbcbcbcbc20f81b004120051b00a620f8dd00392005f8001b20f81180'
271	b'05f8001b20f81180bcbc20f893c0db20059320c0bcbcbcbcbcbcbc20f8020071200502004ebcbcbcbcbcbcbcbcbc20f838005e20053800aa20f88b00d72005dd'
272	b'20f88b00d72005ddbc80d420f83be0ee20053bb07b20f84300eabcbcbcbcbcbcbcbc20f8d1007a20053b00dc20f8f4002e2005f400eabcbcbcbcbcbcbc20f8ac'
273	b'bcbcbcbcbc20f8acbcbc20f8161033200516d099bcbcbcbcbcbcbcbcbcbcbcbcbc20f89300da20059300f4bcbc20f86f00bf2005ef00fb20f8c900c620f8bb80'
274	b'f8c900c620f8bb80bc6020f86cc07a20006080fe20f88d80a020f8d8001c20f87b004620057b800420f8230033200523000dbcbcbcbcbcbcbc20f8db00e32005'
275	b'bc20f8db00e32005bc20f852e06f2005529004bcbcbcbcbcbcbcbcbcbc20f8f500d720f8f50094e0f5009420f8d2008020e06000db20056000e020f878402ef8'
276	b'00e020f878402ef8bc2080ef20f880b080200080e08020e04a006720054a000020f8aa8036200578801b20f878000520f8ac00e220f8950027200595001320f8'
277	b'27200595001320f8bc40004a2078dc80e220f87990fb200579f0f6bcbcbcbcbcbcbcbcbcbc20f8b4000b2005b400f520f8bb000620f85c00d720f8fb80e12005'
278	b'd720f8fb80e12005bce000a320f83f302c20f8bc006c20053fa08e20f86a001e20053f00b420f8f2007620053f002220f8e700fa20f8fe00332005fe007bbcbc'
279	b'332005fe007bbcbcbcbc20f8d220fc2005d2200f20f8288084200528000fbcbcbcbcbcbcbcbcbcbcbcbcbcbcbcbcbcbcbcbcbcbcbcbcbcbcbcbcbcbcbcbc20f8'
280	b'bcbcbcbcbcbc20f8bcbc20f80ed0f220052890de20f8ab00112005ab002620f8ab00f8bcbcbcbcbcbcbcbcbcbcbcbcbcbcbcbcbcbcbcbcbcbcbc20f863002b20'
281	b'bcbc20f863002b20bcbc20f86e407f20f8fac01d20f8c1402a2005c1b06920f848006520054800c120f869805120f82b80b320052b808620f8f700f8bcbc20f8'
282	b'f8f700f8bcbc20f8bce0000920f8cd70212005cd90f0bcbcbcbcbc20f874001620f816804f20f8c700f5200516405cbcbcbcbcbcbcbcbcbcbc20f8520041bcbc'
283	b'bc20f8520041bcbcbcbc20f805b031200505e0eb20f885005f20f885002c20f859003d20f830805420f83000f820050780cf20f88d00ea200507005c20f81700'
284	b'0507005c20f81700bc4020f880c0e0200508d05fbcbcbcbc20f88000a0bcbcbcbcbcbcbcbcbcbcbcbcbc20f80700dcbcbcbcbcbcbcbcbcbcbcbcbc20f86100f1'
285	b'bcbcbc20f86100f1bcbc2078be805e20f8b8b0842005e080dfbcbcbcbcbc20f8e2000e2005e200d2bcbcbcbc20f81d005f20f8bb805f2005bb40bd20f82d00fd'
286	b'bb40bd20f82d00fdbcbce0c0002220f8a6e0a0bcbc20f8a200d92005a2004120f82780ad20f862006b20f8a900152005a9405320f81700bc20f88e008520058e'
287	b'20f88e008520058ebcbc20f83e703320f8d0008f2005d03065bcbcbcbcbcbcbcbcbcbcbc20f8a600e220f8db005a200534009d20f834006dbcbcbcbcbcbcbcbc'
288	b'bcbcbcbcbcbcbcbcbcbc20f8fa704b200558a0d520f88e00da20f87900fd200579003920f84100db20054100d920f84e002d20054100c9bcbcbcbcbcbcbcbcbc'
289	b'bcbcbcbcbcbcbcbcbcbc20f8c6a0212005c6d03320f824403020f82a008320f81c80e420051cc066bcbcbcbcbcbcbcbcbcbcbc20f81c00c420f8a7006f2005a7'
290	b'20f8a7006f2005a7bc00a020f80e604b2005e8306b20f833003e200533004620f81480a2200514001fbcbcbcbcbcbcbcbcbcbcbcbc20f845005a200545001cbc'
291	b'005a200545001cbcbcbc20f8ed504320051d703b20f8ae00662005ae005220f8b500fcbcbcbcbcbcbc20f8b500f4bcbc20f8d580682005d50027bcbcbcbcbcbc'
292	b'0027bcbcbcbcbcbcbcbc20f8f9b0be2005f9507820f82a800d20f836000220052a8086bcbcbcbcbcbc20f8060096200506008abcbcbcbcbcbcbcbcbcbcbcbcbc'
293	b'bcbcbcbcbcbcbcbcbcbc20f8c3e0b32005c370f7bcbcbcbc20f8f1007f2005f1000720f83c809020f82d000520f84400aa200500007dbcbcbcbcbcbcbcbcbc20'
294	b'bcbcbcbcbcbcbc20bc200507106520f807c08d20f8b1801620f8d0004c20f8d0000420842800152005b180e420f8ab80682005ab003720f87c003320057c002d'
295	b'7c003320057c002dbcbc20f8dc70c1200512502c20f80f00d720050f00d5bcbcbcbcbcbc20f8c440bc2005c44064bcbcbcbcbcbcbcbcbcbcbcbcbcbcbcbcbcbc'
296	b'bcbcbcbcbcbcbcbcbcbc20f805a02820f8bf00ae2005bfd05120f80c006720050c00b320f81300a2bcbcbcbcbcbcbcbcbcbcbcbcbc20f878c04c20057840f9bc'
297	b'c04c20057840f9bcbc20f8d440b820059e005320f8320023200532005520f88c00d120f84600b720054680c820f841007a20054100c2bcbcbcbc20f836004620'
298	b'bcbc20f836004620bce0c8002e20f82ee080200020b0e720f880000020058c0085bcbcbc20f857003920055700c1bcbcbcbcbcbc20f8b1001c20f80300832005'
299	b'1c20f80300832005bc20f8fa400220f87d800820f8df00752005df402f20f8ff40082005ff8027bcbcbcbcbcbcbc20f8ac006e2005ac005abcbcbc20f8ac003c'
300	b'bcbcbc20f8ac003cbcbc20f845c0fa20f8140015200514200b20f8ed00d32005f5009ebcbcbcbcbcbcbcbcbcbcbcbcbcbcbcbcbcbcbcbcbcbcbcbcbcbcbcbcbc'
301	b'bcbcbcbcbcbcbcbcbcbc20f83f102120053f00ab20f83a00ad20053a0039bcbcbcbcbc20f8ec007220053a0004bcbcbcbcbcbcbcbcbcbcbcbcbcbcbcbcbcbc20'
302	b'bcbcbcbcbcbcbc20bcbc20f8c480d52005c4e0b820f843002e20054300eabcbcbcbc20f8dc006e2005dc005a20f82f005e2005af00f220f895000320f87e00dd'
303	b'95000320f87e00ddbcbc20f881c097208441003b20f8ed00ab20050d20b920f8b440b62005b400f320f8a880002005a800e720f8d000fa2005a800cc20f8d800'
304	b'05a800cc20f8d800bcbc20f8d9609520f8f380f62005f300ea20f8110031200511004620f8110090bcbcbcbcbcbcbcbcbcbcbcbcbcbcbcbcbcbc20f87a000b20'
