Voltageboard settings: [1.1, 1, 0, 0, 1, 1.1, 0, 0]
Digital: {'interrupt_pushpull': 1, 'en_inj': 0, 'reset': 0, 'extrabits': 0}
Biasblock: {'DisHiDR': 0, 'q01': 0, 'qon0': 0, 'qon1': 1, 'qon2': 0, 'qon3': 1}
DAC: {'blres': 0, 'nu1': 0, 'vn1': 20, 'vnfb': 3, 'vnfoll': 10, 'nu5': 0, 'nu6': 0, 'nu7': 0, 'nu8': 0, 'vn2': 0, 'vnfoll2': 4, 'vnbias': 0, 'vpload': 5, 'nu13': 0, 'vncomp': 2, 'vpfoll': 60, 'nu16': 0, 'vprec': 60, 'vnrec': 30}
Receiver: {'col0': 137438429182, 'col1': 68719476734, 'col2': 68719476734, 'col3': 68719476734, 'col4': 68719476734, 'col5': 68719476734, 'col6': 68719476734, 'col7': 68719476734, 'col8': 68719476734, 'col9': 68719476734, 'col10': 68719476734, 'col11': 68719476734, 'col12': 68719476734, 'col13': 68719476734, 'col14': 68719476734, 'col15': 68719476734, 'col16': 68719476734, 'col17': 68719476734, 'col18': 68719476735, 'col19': 68719476734, 'col20': 68719476734, 'col21': 68719476734, 'col22': 68719476734, 'col23': 68719476734, 'col24': 68719476734, 'col25': 68719476734, 'col26': 68719476734, 'col27': 68719476734, 'col28': 68719476734, 'col29': 68719476734, 'col30': 68719476734, 'col31': 68719476734, 'col32': 68719476734, 'col33': 68719476734, 'col34': 68719476734}
Namespace(name='chip602_130V_15sInj_defaultDACs', outdir='../../kit-adl/cleanAstroPix/amanda_python/logInj/dacScan/pixScan/default/', yaml='config_none', saveascsv=True, inject=True, vinj=None, threshold=None, maxruns=None, maxtime=0.25)
0	b'bcbcbcbcbcbcbcbcbcbc2048376092200137c0c0bcbcbcbcbcbcbcbcbcbcbcbcbcbcbcbcbcbcbcbcbc2048d8803e2001d8804ebcbcbcbcbcbcbcbcbcbcbcbcbc'
1	b'bcbcbcbcbcbcbcbcbcbc2048814076200181d07420488100bc20018100d4bcbcbcbcbcbcbcbcbcbcbcbcbcbcbcbcbcbcbcbcbcbcbcbcbcbcbcbcbcbcbcbcbcbc'
2	b'bcbcbcbcbcbcbcbcbcbc20483f40b720013fd0e0bcbcbcbcbcbcbcbcbcbcbcbcbcbcbcbcbcbcbcbcbcbcbcbcbcbcbcbcbcbcbcbcbcbcbcbcbcbcbcbcbcbcbcbc'
3	b'bcbcbcbcbcbcbcbcbcbc204802108720010270ccbcbcbcbcbcbcbcbcbcbcbcbcbcbcbcbcbcbcbcbcbcbcbcbcbcbcbcbcbcbcbcbcbcbcbcbcbcbcbcbcbcbcbcbc'
4	b'bcbcbcbcbcbcbcbcbcbc2048a8805a2001a890e8bcbcbcbcbcbcbcbcbcbcbcbcbcbcbcbcbcbcbcbcbcbcbcbcbcbcbcbcbc20481b105920011b100920482f4058'
5	b'1b100920482f4058bcbc20481590bd200115801ebcbcbcbcbcbcbcbc2048ff40862001ff40d2bcbcbcbcbcbcbcbcbcbcbcbcbcbc20489a808b20019a80a3bcbc'
6	b'8b20019a80a3bcbcbcbc2048faa0162001fab065bcbcbcbcbcbcbcbcbcbcbcbcbcbcbcbcbcbcbcbcbcbcbcbcbcbcbcbcbcbcbcbcbcbcbcbcbcbcbc204876806b'
7	b'bcbcbc204876806bbcbc204844e02020014470aabcbcbcbcbcbcbcbcbcbcbcbcbcbcbc20488e804620018e8012bcbcbcbcbcbcbcbcbcbcbc2048114050200111'
8	b'2048114050200111bcbc20487040372001703084bcbcbcbcbcbcbcbcbcbcbcbcbcbcbcbcbcbcbcbcbcbcbcbcbcbcbcbc20480bc0f220010bc00cbcbcbcbcbcbc'
9	b'c00cbcbcbcbcbcbcbcbc20487b8093200187108dbcbcbcbcbcbcbcbcbcbcbcbcbcbcbcbcbcbcbcbcbcbcbcbcbcbcbcbcbcbcbcbcbcbcbcbcbcbcbcbcbcbcbcbc'
10	b'bcbcbcbcbcbcbcbcbcbc2048de90432001de00c0bcbcbcbcbcbcbcbcbcbcbcbcbcbcbcbcbcbcbcbcbcbc20489f00f8bcbcbcbcbcbcbcbcbcbcbcbcbcbcbcbcbc'
11	b'bcbcbcbcbcbcbcbcbcbc2048ddc0592001ddd06e20489f40fc20019f4094bcbcbcbcbcbcbcbcbcbcbcbcbcbcbcbcbcbcbcbcbcbcbcbcbcbcbcbcbcbcbcbcbcbc'
12	b'bcbcbcbcbcbcbcbcbcbc2048dbe0742001dbb08620481b00bf20011b00cfbcbcbcbcbcbcbcbcbcbcbcbcbcbcbcbcbcbcbcbcbcbcbcbcbcbcbcbcbcbcbcbcbcbc'
13	b'bcbcbcbcbcbcbcbcbcbc204819c07a200119d030bcbcbcbcbcbcbcbcbcbcbcbcbcbc2048a2805e2001a2805abcbcbcbcbcbcbcbcbcbcbcbcbcbcbcbcbcbcbcbc'
14	b'bcbcbcbcbcbcbcbcbcbc20487df0f120017da0bebcbcbcbcbcbcbcbcbcbcbcbcbcbcbcbcbcbcbcbcbcbc20489fc0fe20019fc066bcbcbcbcbcbcbcbcbcbcbcbc'
15	b'bcbcbcbcbcbcbcbcbcbc20480bb0d220010b404c2048ba80da2001ba8072bcbc204889806320018980f5bc2048ad803a2001ad80222048fc80bf2001fc8077bc'
16	b'80bf2001fc8077bcbc800d204885803a200185d0ce20487c806620012440e720482480a5bcbcbcbcbcbcbcbcbcbcbcbcbcbcbcbcbc2048704073200170409dbc'
17	b'4073200170409dbcbcbc2048dbb0392001dba05bbcbcbcbc2048d640b82001d64030bcbcbcbcbcbcbcbcbcbcbcbcbcbcbcbcbcbcbcbcbcbcbcbcbcbcbcbcbcbc'
18	b'bcbcbcbcbcbcbcbcbcbc2048eef06d2001ee2062bcbcbcbcbcbcbcbcbcbcbcbcbc20484180fa2001c180bc204812c0ca200112c0acbcbcbcbc2048b7800e2001'
19	b'bc2048b7800e2001bcbc20484d303920014dc0f4bcbcbcbcbcbcbcbcbcbcbcbcbcbcbcbcbcbcbcbcbcbc2048de802d2001de8095bcbcbcbcbcbc204818000d20'
20	b'bcbc204818000d20bcbc2048b8a0042001b8b0edbcbcbcbcbcbcbcbcbcbcbcbcbcbcbcbcbcbcbcbcbcbcbcbcbcbcbcbcbcbcbcbcbcbcbcbcbcbcbcbcbcbcbcbc'
21	b'bcbcbcbcbcbcbcbcbc20483540f8200135d09320480380d320010380fdbcbcbcbcbcbcbcbcbcbcbcbcbcbcbcbcbcbcbcbcbcbcbcbcbcbcbcbcbcbcbcbcbcbcbc'
22	b'bcbcbcbcbcbcbcbcbcbc2048283036200128c0222048f3800f2001f380dbbcbcbcbcbcbcbcbcbcbcbcbcbcbcbcbcbcbcbcbcbcbcbcbcbcbcbcbcbcbcbcbcbcbc'
23	b'bcbcbcbcbcbcbcbcbcbc20489ec07720019e50bdbcbcbcbcbcbcbcbcbcbc2048f880e72001f8803bbcbcbcbcbcbcbcbcbcbcbcbcbcbcbcbcbcbcbcbcbcbcbcbc'
24	b'bcbcbcbcbcbcbcbcbcbc20482e406c402e4060204843c0cf2000408001bcbcbcbcbcbcbcbcbcbc2048e0009f2001e00067bcbcbcbcbcbcbc2048f580ee2001f5'
25	b'2048f580ee2001f5bcbc204896f0cc20019660afbcbcbcbcbcbcbcbcbcbcbcbc2048d580192001d58051bcbcbcbcbcbcbcbcbcbcbcbcbcbcbcbcbcbcbcbcbcbc'
26	b'bcbcbcbcbcbcbcbcbcbc2048e0e0eb2001e07080bcbcbcbcbcbcbcbcbcbcbcbcbcbcbcbcbcbcbcbcbcbcbcbcbcbcbcbcbcbcbcbcbcbcbcbcbcbcbcbcbcbcbcbc'
27	b'bcbcbcbcbcbcbcbcbcbc20480ee02c20010ef079bcbcbcbcbcbcbcbcbcbcbcbcbcbcbcbcbc2048f080e72001f080dbbcbcbc2048ea402820011a805ebcbcbcbc'
28	b'011a805ebcbcbcbcbcbc20480cb08a20010ca013bcbcbcbcbcbcbc2048c8008f2001c8009bbcbcbcbcbcbcbcbcbcbcbcbcbcbcbcbcbcbcbcbcbc2048c80038bc'
29	b'bcbc2048c80038bcbcbc20480be0cb20010b005f20486d00c8bcbcbcbcbcbcbcbcbcbcbcbcbcbcbcbcbcbcbcbcbcbcbcbcbcbcbcbcbcbcbcbcbcbcbcbcbc2048'
30	b'bcbcbcbcbcbc2048bce0804b20485350b6200156f02f2048d600f72001d600ebbcbcbcbcbcbcbcbcbcbcbcbcbcbcbcbcbcbcbcbcbcbcbcbcbcbcbcbcbcbcbcbc'
31	b'bcbcbcbcbcbcbcbcbcbc204882d0e3200182c0ecbcbcbcbcbcbcbcbcbcbcbcbcbcbcbcbcbcbcbcbcbcbcbcbcbcbcbcbcbcbcbcbc2048d4002d2001d40095bcbc'
32	b'2d2001d40095bcbcbcbc204815e0442001150082bcbcbcbcbcbcbcbcbcbcbcbcbcbcbcbcbcbcbcbcbcbcbcbcbcbcbcbcbcbcbcbcbcbcbcbcbcbcbcbcbcbcbcbc'
33	b'bcbcbcbcbcbcbcbcbcbc204818809d200118900abcbcbcbcbcbcbcbcbcbcbcbcbcbcbcbcbcbcbcbcbcbcbcbcbcbcbcbcbc2048bd00fe2001180044bcbcbcbcbc'
34	b'180044bcbcbcbcbcbcbc20486b407720016bd03abcbcbcbcbcbcbcbcbcbcbcbcbcbcbcbcbcbcbcbc2048ca402820012a801dbcbcbc2048e9002d2001190079bc'
35	b'002d2001190079bcbcbc2048769013200176400820481280c5200192803ebcbcbcbcbcbcbcbcbcbcbcbcbcbcbcbcbcbcbcbcbcbcbcbcbcbcbcbcbcbcbcbcbcbc'
36	b'bcbcbcbcbcbcbcbcbcbc2048951024200195f0062048d300f72001d30007bcbcbcbcbcbcbcbcbcbcbcbc20480680c420010680e8bcbcbcbcbcbcbcbcbcbcbcbc'
37	b'bcbcbcbcbcbcbcbcbcbc2048c700892001c7a07420484400d32001c4005abcbcbcbcbcbc204824807a2001248068bcbcbcbcbcbcbcbcbcbcbcbcbcbcbcbcbcbc'
38	b'bcbcbcbcbcbcbcbcbcbc2048f380002001f3e0eb2048cf80bc2001cf8054bcbcbcbcbcbcbcbcbcbcbcbcbcbcbcbcbcbcbcbcbcbcbcbcbcbcbcbcbcbcbcbcbcbc'
39	b'bcbcbcbcbcbcbcbcbcbc20480d20c520010d3005bcbcbcbcbcbcbcbcbcbcbcbcbcbcbcbcbcbcbcbcbcbcbcbcbcbcbcbcbcbcbcbcbcbcbcbc204894804f200194'
40	b'204894804f200194bcbc204831904d2001b100dbbcbcbcbcbcbcbcbcbcbcbcbcbcbcbc204822401a20012240b2bcbcbcbcbcbcbcbcbcbcbcbcbcbcbcbcbcbcbc'
41	b'bcbcbcbcbcbcbcbcbcbc20488920c4200189900e2048ec80492001ec8091bcbcbcbcbcbcbcbcbcbcbcbcbcbcbcbcbcbcbcbcbcbc20488b004920018b00da2048'
42	b'4920018b00da2048bc20009f204840f018200148e045bcbcbcbcbcbcbcbcbcbcbcbcbcbcbcbcbcbcbcbcbcbcbcbcbcbcbcbcbc20489c408d20019c4085bcbcbc'
43	b'20019c4085bcbcbcbcbc204865303c2001654012bcbcbcbcbcbcbcbcbcbcbcbcbcbcbcbcbcbc2048be003d20017e0041bcbcbcbcbcbcbcbcbcbcbcbcbcbcbcbc'
44	b'bcbcbcbcbcbcbcbcbcbc20483ed09620013e40ddbcbcbcbcbcbcbcbcbcbcbcbcbcbcbcbcbcbcbcbcbcbcbcbcbcbcbcbcbcbcbcbcbcbcbcbcbcbcbcbcbcbcbcbc'
45	b'bcbcbcbcbcbcbcbcbcbc204878c0a620017850f9bcbcbcbcbcbcbcbcbcbcbcbcbcbcbcbcbcbcbcbcbcbcbcbcbcbcbcbcbcbcbcbcbcbcbcbcbcbcbcbcbcbcbcbc'
46	b'bcbcbcbcbcbcbcbcbcbc20486760e22001677062bcbcbcbcbc2048d7401a2001d740b2bcbcbcbcbcbcbcbcbcbcbcbcbcbcbcbcbcbcbcbcbcbcbcbc20482a80be'
47	b'bcbcbc20482a80bebcbc2048148033200114e02fbcbcbcbcbcbcbcbcbcbcbcbcbcbcbcbcbcbcbcbcbcbcbcbcbcbcbcbcbcbcbcbcbc20481f804e20011f80fabc'
48	b'804e20011f80fabcbcbc2048c8c0b920014dd010bcbcbcbcbcbcbcbcbcbcbcbcbcbcbcbcbcbcbcbcbcbcbcbcbcbcbcbcbc2048d180d32048dd400f2001dd20c5'
49	b'dd400f2001dd20c5bcbc20482f006a20012f60e7bcbcbcbcbcbcbc20488c40ec20018c40b4bcbcbcbcbcbcbcbcbcbcbcbcbcbcbcbcbcbcbc2048b8802c2001b8'
50	b'2048b8802c2001b8bcbc2048bc40982001bc90dfbcbcbcbcbcbcbcbcbcbc2048d100c52001d10006bcbcbcbc2048af807e2001af80a6bcbcbcbcbcbcbcbcbcbc'
51	b'bcbcbcbcbcbcbcbcbcbc20485d80612001dd9005bcbcbcbcbcbcbcbcbcbcbcbcbcbcbcbcbc2048d780e02001d700f7bcbcbcbc2048b280e12001b2803e2048ec'
52	b'2001b2803e2048ecbc40a320405140c0200151e02bbcbc2048c540d62040c520c02001c520bb2048fe80592001fe80512048408050200140009fbcbcbcbcbcbc'
53	b'009fbcbcbcbcbcbcbcbc2048b0a0ce2001b0704ebcbcbcbcbcbcbcbcbcbcbc20488c40cc20018c40a4bcbcbcbcbcbcbcbcbcbcbcbcbcbcbcbcbcbcbcbcbcbcbc'
54	b'bcbcbcbcbcbcbcbcbcbc2048cd601a2001cdb033204808405220010840dc2048094081200109400ebcbcbcbcbcbcbcbc2048fac09c2001fac00c204863808d20'
55	b'c00c204863808d20bcbc20485390192001538058bcbc2048ed805a20011d801cbcbcbcbcbcbcbcbcbc204831804e2001318046bcbcbcbcbcbcbcbcbcbcbcbcbc'
56	b'bcbcbcbcbcbcbcbcbcbc20485e20bc20485e204d20015ed03f2048b480a62001b4801abcbcbcbcbcbcbcbcbcbcbcbcbcbcbcbcbcbcbcbcbcbcbc2048ff80b62001ff80c62048ca80f42001ca8070bcbcffffffffffffffffffffffffffffffffffffffffffffffffffffffffffffffffffffffffffffffffffffffffffffffff'
57	b'f42001ca8070bcbcbcbc204818a0f3200118d00ebcbcbcbcbcbcbcbcbcbcbcbcbcbcbcbcbcbcbcbcbcbcbcbcbcbcbcbcbcbcbcbcbcbcbcbcbcbcbcbcbcbcbcbc'
58	b'bcbcbcbcbcbcbcbcbcbc20482f50082048a80095204892409a200192e0bfbcbcbcbcbcbcbcbcbcbcbcbcbcbcbcbcbcbcbcbcbcbcbcbcbcbcbcbcbcbcbcbcbcbc'
59	b'bcbcbcbcbcbcbcbcbcbc20489040c7200190109cbcbcbcbcbcbcbcbcbcbcbcbcbcbcbcbcbcbcbcbcbcbcbcbcbcbcbcbcbcbcbcbcbcbcbcbcbcbcbcbcbcbcbcbc'
60	b'bcbcbcbcbcbcbcbcbcbc2048fb407b2001fbd0aabcbc2048a480982001a48090bcbcbcbcbcbcbcbcbcbcbcbcbcbcbcbcbcbcbcbcbcbcbcbcbcbcbcbcbcbcbcbc'
61	b'bcbcbcbcbcbcbcbcbcbc2048fbd04a2001fbc03b204801001720010100c3bc204847800e2001c78062bcbcbcbcbcbcbcbcbcbcbcbcbcbcbcbcbcbcbcbcbcbcbc'
62	b'bcbcbcbcbcbcbcbcbcbc2048aac0d02001aa50c8bc20487f803220017f803cbcbcbcbcbcbcbcbcbcbcbcbc20489440e520019440f1bcbcbcbcbcbcbcbcbcbcbc'
63	b'bcbcbcbcbcbcbcbcbc2048c950ee2001c9c030bcbcbcbcbcbcbcbcbcbcbcbcbc2048ac80592001ac8061bcbcbcbcbc2048cd40252001cd4056bcbcbcbcbcbcbc'
64	b'56bcbcbcbcbcbcbcbcbc20489e408d20019e30e8bcbcbcbcbcbcbcbcbcbcbcbcbcbcbcbcbcbcbcbcbc2048cc80db2001cc8073bcbcbcbcbcbcbcbcbcbcbcbcbc'
65	b'bcbcbcbcbcbcbcbcbcbc20489f30ed20019f2039bcbcbcbcbcbcbcbcbcbcbcbcbcbcbcbcbcbcbcbc204806c0c1200106c066bcbcbcbcbcbcbcbcbcbcbcbcbcbc'
66	b'bcbcbcbcbcbcbcbcbcbc20483360f3200133f082bcbcbcbcbcbcbcbcbcbcbcbcbc2048ba80492001ba8021bcbcbcbcbcbcbcbcbcbcbcbcbcbcbcbcbcbcbcbcbc'
67	b'bcbcbcbcbcbcbcbcbcbc20481560ce20011500c520486540aa2001654052bcbcbcbcbcbcbcbcbcbcbcbcbcbcbcbcbcbcbcbcbcbcbcbcbcbcbcbcbcbc2048c780'
68	b'bcbcbcbc2048c780bcc020484440c02000409050bcbcbcbcbcbcbcbcbcbcbcbcbcbcbcbcbcbcbcbcbcbcbcbcbcbcbcbcbcbcbcbcbcbcbcbcbcbcbcbcbcbcbcbc'
69	b'bcbcbcbcbcbcbcbcbcbc204835a0742001355075bcbcbcbcbcbcbcbcbcbcbc20489d800820019d8000bcbcbcbcbcbcbcbcbcbcbcbcbcbcbcbcbcbcbcbcbcbcbc'
70	b'bcbcbcbcbcbcbcbcbcbc2048c4d099200124c0adbcbcbcbcbcbcbcbcbcbcbcbcbcbcbcbcbcbcbcbcbcbcbcbcbcbcbcbcbcbcbcbcbcbcbcbcbcbcbc20480440b2'
71	b'bcbcbc20480440b2bcbc204817b0982001172025bcbcbcbcbcbcbcbcbcbcbcbcbcbcbcbcbcbcbcbcbcbcbcbcbcbcbcbcbcbcbcbcbcbcbcbcbcbcbcbcbcbcbcbc'
72	b'bcbcbcbcbcbcbcbcbcbc20481e009c20011ee003bcbcbcbcbcbcbcbcbcbcbcbcbcbcbcbcbcbcbcbcbcbcbcbcbcbcbcbcbcbcbcbcbcbcbcbcbcbcbcbcbcbcbcbc'
73	b'bcbcbcbcbcbcbcbcbcbc20486a501820016a4039bcbcbcbcbcbcbcbcbcbcbc20486080032001608055bcbcbcbcbcbcbcbcbcbcbcbcbcbcbcbcbcbcbcbcbcbcbc'
74	b'bcbcbcbcbcbcbcbcbcbc20483d609820013d700abcbcbcbcbcbcbcbcbcbcbcbcbcbcbcbcbcbcbcbcbcbcbcbcbcbc2048e2803b2001e280d3bcbcbcbcbcbcbcbc'
75	b'bcbcbcbcbcbcbcbcbcbc204895a0b7200195304b204861802d20016180a5bcbcbcbcbcbcbcbcbcbcbcbcbcbcbcbcbcbcbcbcbcbcbcbcbcbcbcbcbcbcbcbcbcbc'
76	b'bcbcbcbcbcbcbcbcbcbc204870801a2001705030bcbcbcbcbcbcbcbc204875801c20017580b82048e280732001e28023bcbcbcbcbcbcbcbcbcbcbcbcbcbcbcbc'
77	b'bcbcbcbcbcbcbcbcbcbc20489c209520019cd09bbcbcbcbcbcbcbcbcbc2048c7404a2001c74022bcbcbcbcbcbcbcbcbcbcbcbcbcbcbcbcbcbcbcbcbcbcbcbcbc'
78	b'bcbcbcbcbcbcbcbcbcbc204897b0d920019720bfbcbcbcbcbcbcbcbcbcbcbcbcbcbcbcbcbcbcbcbcbcbcbcbcbcbcbcbcbcbcbcbcbcbcbcbcbcbcbcbcbcbcbcbc'
79	b'bcbcbcbcbcbcbcbcbcbc2048154076200115505abcbcbcbcbcbcbcbcbcbcbcbcbcbcbcbcbcbcbcbcbcbcbcbcbcbcbcbcbcbcbcbcbcbcbcbcbcbcbcbcbcbcbcbc'
80	b'bcbcbcbcbcbcbcbcbcbc20483780b620013750cebcbcbcbcbcbcbcbcbcbcbcbcbcbcbcbcbcbcbcbcbcbcbcbcbcbcbcbcbcbcbcbcbcbcbcbcbcbcbcbcbcbcbcbc'
81	b'bcbcbcbcbcbcbcbcbcbc20481280c92001121047bcbcbcbc204824403020012480bfbcbcbcbcbcbcbcbcbcbcbcbcbcbcbcbcbcbcbcbcbcbcbcbcbcbcbcbcbcbc'
82	b'bcbcbcbcbcbcbcbcbcbc204857803f200157a0f9bcbcbcbcbcbcbcbcbcbcbcbcbcbcbcbcbcbcbcbcbcbcbcbcbcbcbc2048f780c92001f7804120489640782001'
83	b'4120489640782001bcbc2048a9d0102001a9809bbcbcbcbcbcbcbcbcbcbcbcbcbc2048ca80752001ca80c5bcbcbcbcbcbcbcbcbcbcbcbcbcbcbcbcbcbcbcbcbc'
84	b'bcbcbcbcbcbcbcbcbcbc20487e209720017ef0012048f680532001f680cd2048b880792001b88051bcbcbcbcbcbcbcbcbcbcbcbcbcbcbcbcbcbcbcbcbcbcbc20'
85	b'bcbcbcbcbcbcbc20bc2001d3404f20485e10af2048bec0622001bec0b4bcbcbcbcbcbcbcbcbcbcbcbcbcbcbcbcbcbcbcbcbcbcbcbcbcbcbcbcbcbcbcbcbcbcbc'
86	b'bcbcbcbcbcbcbcbcbcbc2048c0103f2001c0f00c20488b805420018b80182048aa80c920488c40ae20018cc08fbcbcbcbcbcbcbcbcbcbcbcbcbcbcbcbcbcbcbc'
87	b'bcbcbcbcbcbcbcbcbcbc204811c08e20011190b420484040e82001c0803fbcbcbcbcbcbcbcbcbcbcbcbcbcbcbcbcbcbcbcbcbcbcbcbcbcbcbcbcbcbc2048c240'
88	b'bcbcbcbc2048c240bc202048adb0e02001ada045bcbcbcbcbcbcbcbcbcbcbcbcbcbcbcbcbcbcbcbcbcbcbcbcbcbcbcbcbcbcbcbcbcbcbcbcbcbcbcbcbcbcbcbc'
89	b'bcbcbcbcbcbcbcbcbcbc204839503420013900f5bcbcbcbcbcbcbcbcbcbcbcbcbcbcbcbcbcbcbcbcbcbcbcbcbcbcbcbcbcbcbcbcbcbcbcbcbcbcbcbcbcbcbcbc'
90	b'bcbcbcbcbcbcbcbcbcbc20485910222001597056bcbcbcbcbcbcbcbcbcbcbcbcbcbcbcbc2048dc80752001dc8049bcbc2048f6805d200113805f204850c05520'
91	b'805f204850c05520bcbc20489fe04620489fe09720019f0013bcbcbcbcbcbcbcbcbcbcbcbcbcbcbcbcbcbcbcbcbcbcbcbcbcbcbcbcbcbcbcbcbcbcbcbcbcbcbc'
92	b'bcbcbcbcbcbcbcbcbcbc204800a079200180b031bcbcbcbcbcbcbcbcbcbcbcbcbcbcbcbcbcbcbcbcbcbcbcbcbcbcbcbcbcbcbcbcbcbcbcbcbcbcbcbcbcbcbcbc'
93	b'bcbcbcbcbcbcbcbcbc803b2048dae0182001da80a4bcbcbcbcbcbcbcbcbcbcbcbcbcbcbcbcbcbcbcbcbcbcbcbcbcbcbcbcbcbcbcbcbcbcbcbcbcbcbcbcbcbcbc'
94	b'bcbcbcbcbcbcbcbcbcbc2048e350f3200113c0ebbcbcbcbcbcbcbcbcbcbcbcbcbcbcbcbcbcbcbcbcbcbcbcbcbcbcbcbcbc2048e940d42001e940b8bcbcbcbcbc'
95	b'e940b8bcbcbcbcbcbcbc2048d7005c2001d7e035bcbcbcbcbcbcbcbcbcbcbcbcbcbcbcbcbcbcbcbcbcbcbcbcbcbcbcbcbcbcbcbcbcbcbcbc20487b80a820017b'
96	b'20487b80a820017bbcbc2048fc40bb2001fcd0a2bcbcbcbcbcbcbcbcbcbcbcbcbcbcbcbcbcbcbcbcbcbcbcbcbcbcbcbcbcbcbcbcbcbcbcbcbcbcbcbcbcbcbcbc'
97	b'bcbcbcbcbcbcbcbcbcbc2048b2104b2001b230ccbcbcbcbcbcbc204847802c2001c70077bcbcbcbcbcbcbcbcbcbcbcbcbcbcbcbcbcbcbcbcbcbcbcbcbcbcbcbc'
98	b'bcbcbcbcbcbcbcbcbcbc204858f01720015820d6bcbcbcbcbcbcbcbcbcbcbcbcbcbcbcbcbcbcbcbcbcbcbcbcbcbcbcbcbcbcbcbcbcbcbcbcbcbcbcbcbcbcbcbc'
99	b'bcbcbcbcbcbcbcbcbcbc2048c030d32001c06062bcbcbcbcbcbcbcbcbcbcbcbcbcbcbcbcbcbcbcbcbcbcbcbcbcbcbcbcbcbcbcbcbcbcbcbcbcbcbcbcbcbcbcbc'
100	b'bcbcbcbcbcbcbcbcbcbc204879b0a1200179c069bcbcbcbcbcbc20482f805820012f80a0bcbcbcbcbcbcbcbcbcbcbcbc2048b4404820017480ffbc20483a0044'
101	b'80ffbc20483a0044bcbc204887907e2001d440ae20485480e6bcbcbcbcbcbcbcbcbcbcbcbcbcbcbcbcbcbcbcbcbcbcbcbcbcbcbcbcbcbcbcbcbcbcbcbcbcbc20'
102	b'bcbcbcbcbcbcbc20bc200156a04e204856302ebcbcbcbcbcbcbcbcbcbcbcbcbcbcbcbcbcbcbcbcbcbcbcbcbcbcbcbcbcbcbcbcbcbcbcbcbcbcbcbcbcbcbcbcbc'
103	b'bcbcbcbcbcbcbcbcbcbc2048c730332001c7801bbcbcbcbcbcbcbcbcbcbcbcbcbcbcbcbcbcbcbcbc2048f9803b2001f9803d2048f180e12001f1802ebcbcbcbc'
104	b'01f1802ebcbcbcbcbcbc2048e410732001e4f05bbcbcbcbcbcbcbcbcbcbcbcbcbcbcbcbcbcbcbcbcbcbcbcbcbc2048ae80842001ae8048bcbcbcbcbcbcbcbcbc'
105	b'bcbcbcbcbcbcbcbcbcbc2048921046200192708fbcbcbcbcbcbcbcbcbcbcbcbcbcbcbcbcbc20480080252001008099bcbcbcbcbcbcbcbcbcbcbcbcbcbcbcbcbc'
106	b'bcbcbcbcbcbcbcbcbcbc2048c750072048ac40412001acc08920487640fc2001764094bcbcbcbcbcbcbcbcbcbcbcbcbcbcbcbcbcbcbc204876403d20489580d5'
107	b'76403d20489580d5bcbc20487b50de20017bf035bcbcbcbcbcbcbcbcbcbcbcbcbcbcbcbcbcbcbcbcbcbcbcbc2048a880df2001a8800fbcbcbcbcbcbc2048a800'
108	b'bcbcbcbc2048a800bcbc20485de08320015d3017bcbcbcbcbcbcbcbcbcbcbcbcbcbc2048dce0c12001dce0eebcbcbcbcbcbcbcbcbcbcbcbcbcbcbcbcbcbcbcbc'
109	b'bcbcbcbcbcbcbcbcbcbc204856b01c2001568012bcbcbcbcbcbcbcbcbcbcbcbcbcbcbcbcbcbcbcbcbcbcbcbcbcbcbcbcbcbcbcbcbcbcbcbcbcbcbcbcbcbcbcbc'
110	b'bcbcbcbcbcbcbcbcbcbc2048bd60aa2001bd4068bcbcbcbcbcbcbcbc204843809120014380de2048ad00e72001ad001b204862402d2001624055bcbcbcbcbcbc'
111	b'4055bcbcbcbcbcbcbcbc20489340c620019350febcbcbcbcbcbcbcbcbcbc204811408220011140ecbcbcbcbcbcbcbcbcbcbcbcbcbcbcbcbcbcbcbcbcbcbcbcbc'
112	b'bcbcbcbcbcbcbcbcbcbc20483ea0e920013e005abcbcbcbcbcbcbcbcbcbcbcbcbcbcbcbcbcbcbcbcbcbcbcbcbcbcbcbcbcbcbcbcbcbcbcbcbcbcbcbcbcbcbcbc'
113	b'bcbcbcbcbcbcbcbcbcbc20487460452001f470cb2048ff808b2001ff80a32048ef40892001ef40c1bcbcbcbcbcbcbcbcbcbcbcbc20480c80a920010c80e1bcbc'
114	b'a920010c80e1bcbcbcbc2048e5f0c9200115e028bcbcbc204890400a20019040fcbcbcbcbcbcbcbcbcbcbcbcbcbcbcbcbcbcbcbcbcbcbcbcbcbcbcbcbcbcbcbc'
115	b'bcbcbcbcbcbcbcbcbcbc20485fb07420015f6004bcbcbcbcbcbcbcbcbcbcbcbcbcbcbcbcbcbcbcbcbcbcbcbcbcbcbcbcbcbcbcbcbcbcbcbcbcbcbcbcbcbcbcbc'
116	b'bcbcbcbcbcbcbcbcbcbc2048d990a0200139001cbcbcbcbcbcbcbcbcbcbcbcbcbcbcbcbcbcbcbcbcbcbcbcbcbcbcbcbcbcbcbcbcbcbcbcbcbcbcbcbcbcbcbcbc'
117	b'bcbcbcbcbcbcbcbcbcbc2048ff80822001ff5092bcbcbcbcbcbcbcbcbcbcbcbc2048c680582001c600e72048220071bcbcbcbcbcbcbcbcbcbcbcbcbcbcbcbcbc'
118	b'bcbcbcbcbcbcbcbcbcbc20486920b620016910a7bcbcbcbcbcbcbcbcbcbcbcbcbcbcbcbcbcbcbcbcbcbcbcbcbcbcbcbcbcbcbcbcbcbcbcbcbcbcbcbcbcbcbcbc'
119	b'bcbcbcbcbcbcbcbcbcbc20487900f920017990debcbcbcbcbcbcbcbcbcbcbcbcbcbcbcbcbcbcbcbcbcbcbcbcbcbcbcbcbcbcbcbcbcbcbcbcbcbcbcbcbcbcbcbc'
120	b'bcbcbcbcbcbcbcbcbcbc204855404b2001555023bcbcbcbcbcbcbcbcbcbcbcbcbcbcbcbcbcbcbcbcbcbcbcbcbcbcbcbcbcbcbcbcbcbcbcbcbcbcbcbcbcbcbcbc'
121	b'bcbcbcbcbcbcbcbcbcbc20488b502520018b400520481ce05620011ce006bcbcbcbc20484b802820014b8080bcbcbcbcbc2048628096200162805abcbcbcbcbc'
122	b'62805abcbcbcbcbcbcbc2048c3f0e22001c3c0adbcbcbcbcbcbcbcbcbcbcbcbcbcbcbcbcbcbcbcbcbcbcbcbcbcbcbcbcbcbcbcbcbcbcbcbcbcbcbcbcbcbcbcbc'
123	b'bcbcbcbcbcbcbcbcbcbc2048c2e0432001c2f0fc2048e3802e2001e38086bcbcbcbcbcbcbcbcbcbcbcbcbcbcbcbcbcbcbcbcbcbc2048c620302001c6c033bcbc'
124	b'302001c6c033bcbcbcbc2048b4e05d2001b44070bcbcbcbcbcbcbcbcbcbcbcbcbcbcbcbcbcbcbcbcbcbcbcbcbcbcbcbcbcbcbcbcbcbcbcbcbcbcbcbcbcbcbcbc'
125	b'bcbcbcbcbcbcbcbcbcbc2048129068200112000cbcbcbcbcbcbcbcbcbc2048a4408c2001a44098bcbcbcbcbcbcbcbcbcbcbcbcbcbcbcbcbcbcbcbcbcbcbcbcbc'
126	b'bcbcbcbcbcbcbcbcbcbc2048cc90ab2001cc0056bcbcbcbcbcbcbcbcbcbcbcbc20486180044061800020486de0ddbcbcbcbcbcbcbcbcbcbcbcbcbcbcbcbcbcbc'
127	b'bcbcbcbcbcbcbcbcbcbc20485c109620015c000cbcbcbcbcbcbcbcbcbcbcbcbcbcbcbcbcbcbcbcbcbcbcbcbcbcbcbcbcbcbcbcbcbcbcbcbcbcbcbcbcbcbcbcbc'
128	b'bcbcbcbcbcbcbcbcbcbc2048339036200133c050bcbcbcbcbcbcbcbcbcbcbcbcbcbcbcbc204888405420018840d8bcbcbcbcbcbcbcbcbcbcbcbcbcbcbcbcbc20'
129	b'bcbcbcbcbcbcbc20bc0020002f2048c020182000c03081bcbcbc20405d80402001408047bcbcbcbcbcbcbcbcbcbcbcbcbcbcbcbcbcbcbcbcbcbcbcbcbcbcbcbc'
130	b'bcbcbcbcbcbcbcbcbcbc20486530cc200165c03abcbcbcbcbc20489000a32001e00016bcbcbcbcbcbcbcbcbcbcbcbcbcbcbcbcbcbcbcbcbcbc20480240242001'
131	b'bc20480240242001bc6040d52048a4d0e02001a4a084bcbcbcbcbcbcbcbcbcbcbcbcbcbcbcbcbcbcbcbcbcbcbcbc204880402020018d40602048c100f7204017'
132	b'2048c100f7204017bc40dc204020306020012020e3bcbcbcbcbcbcbcbcbcbcbcbcbcbcbcbcbcbcbcbcbcbcbcbcbcbcbcbcbcbcbcbcbcbcbcbcbcbcbcbcbcbcbc'
133	b'bcbcbcbcbcbcbcbcbcbc2048c340bb2001c390f3bcbcbcbcbcbcbcbcbcbcbcbcbcbcbcbcbcbcbcbcbcbcbcbcbcbcbcbcbcbcbcbcbcbcbcbcbcbcbcbcbcbcbcbc'
134	b'bcbcbcbcbcbcbcbcbc406380a0204891d0da200191407ebcbcbc20482b401c20012b4054bcbcbcbcbcbcbcbcbcbcbcbcbcbcbcbcbcbcbcbcbcbcbcbcbcbcbc20'
135	b'bcbcbcbcbcbcbc20bc2001e6c0632048bb50272001bb00c9bcbcbcbcbcbcbcbcbcbcbcbc20483240f220013240c2bcbcbcbcbcbcbcbcbcbcbcbcbcbcbcbcbcbc'
136	b'bcbcbcbcbcbcbcbcbcbc204877a04a200177b0bbbcbcbcbcbcbcbcbcbcbcbcbcbcbcbcbcbcbcbc2048c940122001c940ecbcbcbcbcbcbcbcbcbcbcbcbcbcbcbc'
137	b'bcbcbcbcbcbcbcbcbcbc204809709a20010960bebcbcbcbcbcbcbcbcbcbcbcbcbcbcbcbcbcbcbcbcbcbcbcbcbcbcbcbcbcbcbcbcbcbcbcbcbcbcbcbcbcbcbcbc'
138	b'bcbcbcbcbcbcbcbcbcbc2048c3a09b2001c370cabcbcbcbcbcbc20488f802a20014f800cbcbcbcbcbcbcbcbcbcbcbcbcbcbcbcbcbcbcbcbcbcbcbcbcbcbcbcbc'
139	b'bcbcbcbcbcbcbcbcbcbc2048a5808c2001a5d006bcbcbcbcbcbcbcbcbc2048f60074bcbcbc2048d200bb2001d200932048bf800a2001bf80acbcbcbcbcbcbc20'
140	b'acbcbcbcbcbcbc20bc00a080592048b9a05c2001b9b080bcbcbcbcbc2040368060200136804b2040b280202001b28080bcbcbcbcbcbcbcbcbcbcbcbcbcbcbcbc'
141	b'bcbcbcbcbcbcbcbcbcbc2048ffb0772001ffc0a82048b1809b2001718023bcbcbcbcbcbc20480c403a20010c408abcbcbcbcbcbcbcbcbcbcbcbcbcbcbcbcbcbc'
142	b'bcbcbcbcbcbcbcbcbcbc2048910010200191a028bcbcbcbcbcbcbcbcbcbcbcbcbcbcbcbcbcbcbcbcbcbcbcbcbcbcbcbcbcbcbcbcbc2048d320882001d3c06fbc'
143	b'20882001d3c06fbcbcbc2048f510bc2001f500d12048fd80cb2001fd8023bcbcbcbcbcbcbcbcbcbcbcbcbcbcbcbcbcbcbcbcbcbcbcbcbcbcbcbcbcbcbcbcbcbc'
144	b'bcbcbcbcbcbcbcbcbcbc20480c009a20018ca0f7bcbcbcbcbcbcbcbcbcbcbcbcbcbcbcbcbcbcbcbcbcbcbcbcbcbcbcbcbcbcbcbcbcbcbcbcbcbcbcbcbcbcbcbc'
145	b'bcbcbcbcbcbcbcbcbcbc2048b370f62001b3202abcbcbcbcbcbcbcbcbcbcbcbcbcbcbcbcbcbcbcbcbcbcbcbcbcbcbcbcbcbc20483e806020013e009fbcbcbcbc'
146	b'013e009fbcbcbcbcbcbc20480f307a20010fa0e2bcbcbcbcbcbcbcbcbcbcbcbcbcbcbcbcbcbcbcbcbcbcbcbcbcbcbcbcbcbcbcbcbcbcbcbcbcbcbcbcbcbcbcbc'
147	b'bcbcbcbcbcbcbcbcbcbc20487d500520017d8045bcbcbcbcbcbcbcbcbcbcbcbcbcbcbcbcbcbcbcbcbcbcbcbcbc204828803c2001288014bcbcbcbcbcbcbcbcbc'
148	b'bcbcbcbcbcbcbcbcbcbc2048e7c09e2001e75044bcbcbcbcbcbcbcbcbcbcbcbcbcbcbcbcbcbcbcbcbcbcbcbcbcbcbcbcbcbcbcbcbcbcbcbcbcbcbcbcbcbcbcbc'
149	b'bcbcbcbcbcbcbcbcbcbc20483bb0f720013ba009bcbcbcbcbcbcbcbcbcbcbcbcbcbcbcbcbcbcbcbcbcbcbcbcbcbcbcbcbcbcbcbcbcbcbcbcbcbcbcbcbcbc2048'
150	b'bcbcbcbcbcbc2048bc2080702048e0407d2001ea50edbcbcbcbcbcbcbc204850807320485c80e72048f9c0e5200105e064bcbcbcbc20487680092001768021bc'
151	b'80092001768021bcbcbc20486d404020016d90fbbcbcbcbcbcbcbcbcbcbcbcbcbcbcbcbcbcbcbcbcbcbcbcbcbcbcbcbcbcbcbcbcbcbcbcbcbcbcbcbcbcbcbcbc'
152	b'bcbcbcbcbcbcbcbcbcbc2048b170582001b1a028bcbcbcbcbcbcbcbcbcbcbcbcbcbcbcbcbcbcbcbcbcbcbcbcbcbcbcbcbcbcbcbcbcbcbcbcbcbcbcbc20483880'
153	b'bcbcbcbc20483880bc602048cac0222000c0d009bcbcbcbcbcbcbcbcbcbcbcbcbcbcbcbcbcbcbcbcbcbcbcbcbcbcbcbcbcbcbcbcbcbcbcbcbcbcbcbcbcbcbcbc'
154	b'bcbcbcbcbcbcbcbcbcbc20488ef0ac20018e60e22048a140da2001a140922048e5805a2001e580b2bcbcbcbcbcbcbcbc20483680ce200136801abcbcbcbcbcbc'
155	b'801abcbcbcbcbcbcbcbc20487ef02a20017e60cfbcbcbcbcbcbcbcbcbcbcbcbcbcbcbcbcbcbcbcbcbcbcbcbcbcbcbcbcbcbcbcbcbcbcbcbcbcbcbcbcbcbcbcbc'
156	b'bcbcbcbcbcbcbcbcbcbc2048f6706c2001f6a023bcbcbcbcbcbcbcbcbcbcbcbcbcbcbcbcbcbcbcbcbcbcbcbcbcbcbcbcbcbcbcbcbcbcbcbcbcbcbcbcbcbcbcbc'
157	b'bcbcbcbcbcbcbcbcbcbc2048a820f22001683038bcbcbcbcbcbcbcbcbcbcbcbcbcbcbcbcbcbcbcbcbcbcbcbcbcbcbcbcbcbcbcbcbc20481440b82001144030bc'
158	b'40b82001144030bcbcbc2048c130212001c1a00cbcbcbcbcbcbcbcbcbcbcbcbcbcbcbcbcbcbcbcbcbcbcbcbcbcbc2048c240e22001c2402cbcbcbcbcbcbcbcbc'
159	b'bcbcbcbcbcbcbcbcbcbc204892b078200152a060bcbcbcbcbcbcbcbcbcbcbcbcbcbcbcbcbcbcbcbcbcbcbcbcbcbcbcbcbcbcbcbcbcbcbcbcbcbcbcbcbcbcbcbc'
160	b'bcbcbcbcbcbcbcbcbcbc2048aa70d82001aa2059bcbcbcbcbcbcbcbcbcbcbcbcbcbcbcbcbcbcbcbcbcbcbcbcbcbcbcbcbcbcbcbc20482980b1200129805ebcbc'
161	b'b1200129805ebcbcbcbc2048b6c06c2001b610c9bcbcbcbcbcbcbcbcbcbcbcbcbcbcbcbcbcbcbcbcbcbcbcbcbcbcbcbcbcbcbcbcbcbcbcbcbcbcbcbcbcbcbcbc'
162	b'bcbcbcbcbcbcbcbcbcbc2048a0706a2001a0c0febcbcbcbcbcbcbcbcbcbcbcbcbcbcbcbcbcbcbcbcbcbcbcbcbcbcbcbcbcbcbcbcbcbcbcbc20482d806920012d'
163	b'20482d806920012dbcbc2048a050612001baf08ebcbcbcbcbcbcbcbcbcbcbcbcbcbcbcbc2048eb40fe2001eb40aebcbcbcbcbcbcbcbcbcbcbcbcbcbcbcbc2048'
164	b'bcbcbcbcbcbc2048bc80408020406c80202001ec3040bc2048e0807a2001044087204804802bbcbcbcbcbcbcbcbcbcbcbcbcbcbcbcbcbcbcbcbc20483c804420'
165	b'bcbc20483c804420bcbc20482b403420012b90babcbcbcbcbcbcbcbcbcbcbcbcbcbcbcbcbcbcbcbcbcbcbcbcbcbcbcbcbcbcbcbcbcbcbcbcbcbcbcbcbcbcbcbc'
166	b'bcbcbcbcbcbcbcbcbcbc20480940f2200109907ebcbcbcbcbcbcbcbcbcbcbcbcbcbcbcbcbcbcbcbcbcbcbcbcbcbcbcbcbcbcbcbcbcbcbcbcbcbcbc2048698018'
167	b'bcbcbc2048698018bcbc20489900a9200199e087bcbcbcbcbcbcbcbcbcbcbcbcbcbcbcbcbcbcbcbcbcbc2048f080492001f080c1bcbcbcbcbcbcbcbcbcbcbcbc'
168	b'bcbcbcbcbcbcbcbcbcbc2048c210802001c2d038bcbcbcbcbcbcbcbcbcbcbcbcbcbcbcbcbcbcbcbcbcbcbcbcbcbcbcbcbcbcbcbcbcbcbcbcbcbcbcbcbcbcbcbc'
169	b'bcbcbcbcbcbcbcbcbc204823c03120480dc03620010db0a6bcbc2048cdc0702001cdc000bcbcbcbcbcbcbcbcbcbcbcbcbcbcbcbcbcbcbcbc20487d807f407d80'
170	b'20487d807f407d80bc40204860708820017f60002048b0802d2001b080a5bcbcbcbcbcbcbcbcbcbcbcbcbcbcbcbcbcbcbcbcbcbcbcbcbcbcbcbcbcbcbcbcbcbc'
171	b'bcbcbcbcbcbcbcbcbcbc2048a3801d2001a39034bcbcbc204826806320486500f72048bf805b2001bf208a20487c802120017c800ebcbcbcbcbcbcbcbcbcbcbc'
172	b'bcbcbcbcbcbcbcbcbcbc20480a802820018a9065bcbcbcbcbcbcbcbcbcbcbcbcbcbcbcbcbcbcbcbcbcbcbcbcbcbcbcbcbcbcbcbcbcbcbcbcbcbcbcbcbc20484e'
173	b'bcbcbcbcbc20484ebc800920480e20f920010eb0a62048258073200125802dbcbcbcbcbcbcbcbcbcbcbcbcbcbcbcbcbcbcbcbcbcbcbcbcbcbcbcbcbcbcbcbcbc'
174	b'bcbcbcbcbcbcbcbcbcbc20487b905f20017b00ae20486340a120016340eebcbcbcbcbcbcbcbcbcbcbcbcbcbcbcbcbcbcbcbcbcbcbcbcbcbcbcbcbcbcbcbcbcbc'
175	b'bcbcbcbcbcbcbcbcbcbc2048a820d12001a87016bcbcbcbcbcbcbcbcbcbcbcbcbc2048e880932001e8801dbcbcbcbcbcbcbcbcbcbcbcbcbcbcbcbcbcbcbcbcbc'
176	b'bcbcbcbcbcbcbcbcbcbc2048ac60882001acb03bbcbcbcbcbcbcbcbcbcbcbcbcbcbcbcbcbcbcbcbcbcbcbcbcbcbcbcbcbcbcbcbcbcbcbcbcbcbcbcbcbcbcbcbc'
177	b'bcbcbcbcbcbcbcbcbcbc2048a500ce2001a55008bcbcbcbcbc2048c680502001c6009f2048b440a82001b44050bcbcbcbcbcbcbcbcbcbcbcbcbcbcbcbcbcbcbc'
178	b'bcbcbcbcbcbcbcbcbcbc20483e803120013e10dabcbcbcbcbcbcbcbcbcbcbcbcbcbcbcbcbcbcbcbcbcbcbcbcbcbcbcbcbcbcbcbcbcbcbcbcbcbcbcbcbcbcbcbc'
179	b'bcbcbcbcbcbcbcbcbcbc2048d2a0802001d23013bcbcbcbcbcbcbcbcbcbcbcbcbcbcbcbcbcbcbcbcbcbcbcbcbcbcbcbcbcbcbcbcbcbcbcbcbcbcbcbcbcbcbcbc'
180	b'bcbcbcbcbcbcbcbcbcbc20480ac0a320010a30902048fc80bb2048de803f2001dec0cdbcbcbcbcbcbcbcbcbcbcbcbcbcbcbcbcbcbcbcbcbcbcbcbcbcbcbcbcbc'
181	b'bcbcbcbcbcbcbcbcbcbc2048d8e03c200138b053bcbcbcbcbcbc20487f807f20017f80eb20485f40ae20018040fcbcbcbcbcbcbcbcbcbcbcbcbcbcbcbcbcbcbc'
182	b'bcbcbcbcbcbcbcbcbcbc20485d00df20015d10f0bcbcbcbcbcbcbcbcbcbcbcbcbcbcbcbcbcbcbcbcbcbcbcbcbcbcbcbcbcbcbcbcbcbcbcbcbcbcbcbcbcbcbcbc'
183	b'bcbcbcbcbcbcbcbcbcbc2048575034200157c0e7bcbcbcbcbcbcbcbcbcbcbcbcbcbcbcbcbcbcbcbcbcbcbcbcbc2048cc00eb2001cc00d3bcbcbcbcbcbcbcbcbc'
184	b'bcbcbcbcbcbcbcbcbcbc20488620a820018630ffbcbcbcbcbcbcbcbcbcbcbcbcbcbcbcbcbcbcbcbcbcbcbcbcbcbcbcbcbcbcbcbcbcbcbcbcbcbcbcbcbcbcbcbc'
185	b'bcbcbcbcbcbcbcbcbcbc2048797029200179a0e3204827806820480c40e520010cc01cbcbcbcbcbcbcbcbcbcbcbcbcbcbcbcbcbcbcbcbcbcbcbcbcbcbcbcbcbc'
186	b'bcbcbcbcbcbcbcbcbcbc204828e09e2001287079bcbcbcbcbcbcbcbcbcbcbcbcbcbcbcbcbcbcbcbcbcbcbcbcbcbcbcbcbcbc20487f80fd20017f808dbcbcbcbc'
187	b'017f808dbcbcbcbcbcbc2048021053200102f023bcbcbcbcbcbcbcbcbcbcbcbcbcbcbcbcbcbcbcbcbcbcbcbcbcbcbcbcbcbcbcbcbcbcbcbcbcbcbcbcbc204815'
188	b'bcbcbcbcbc204815bc0040204880000020018010afbcbcbcbcbcbcbcbcbcbcbcbcbcbcbcbcbcbcbc2048e880ce2001e880e6bcbcbcbcbcbcbcbcbcbcbcbcbcbc'
189	b'bcbcbcbcbcbcbcbcbcbc204861701020016140f5bcbcbcbcbcbcbcbcbcbcbc2048228018200122007fbcbcbcbcbcbcbcbcbcbcbcbcbcbcbcbcbcbcbcbcbcbcbc'
190	b'bcbcbcbcbcbcbcbcbcbc20489df0b220019d90bbbcbcbcbcbcbcbcbcbcbcbcbcbc2048a580182001a580b0bcbcbcbcbcbcbcbc20484e8093200193c022204893'
191	b'200193c022204893bcbc20488400b120018410a72048ee808c2001ee80e8bcbcbcbcbcbcbcbcbcbcbcbcbcbcbcbcbcbcbcbcbcbcbcbcbcbcbcbcbcbcbcbcbcbc'
192	b'bcbcbcbcbcbcbcbcbcbc204839f0c620013910a1bcbcbcbcbcbcbcbcbcbcbcbcbcbcbcbcbcbcbcbcbcbcbcbcbcbcbcbcbcbcbcbcbcbcbcbc2048c080cb200120'
193	b'2048c080cb200120bc2080c32048a0a0872001a9e0b9bcbcbcbcbc204869802720006080abbcbcbcbcbcbcbcbcbcbcbcbcbcbcbcbcbcbcbcbcbcbcbcbcbcbcbc'
194	b'bcbcbcbcbcbcbcbcbcbc20489de0b520019d302abcbcbcbcbcbcbcbcbcbcbcbcbcbcbcbcbc2048c0809d2001c080e5bcbcbcbcbcbcbcbcbcbcbcbcbcbcbcbcbc'
195	b'bcbcbcbcbcbcbcbcbc2048a040d02001a0100520483d002a20013d00ac20481a405420011a4004bcbcbcbcbcbcbcbcbcbcbcbcbcbcbcbcbcbcbcbcbcbcbcbcbc'
196	b'bcbcbcbcbcbcbcbcbcbc2048a3209c2001a3505a2048b440bc20487a809f20017a2068bcbcbcbcbcbcbcbcbcbcbcbcbcbcbcbcbcbcbcbcbcbcbcbcbcbcbcbcbc'
197	b'bcbcbcbcbcbcbcbcbcbc204837a0e9200137702ebcbcbcbcbcbcbcbcbcbcbcbcbcbcbcbcbcbcbcbcbcbcbcbcbcbc20481d40da20011d4002bcbcbcbcbcbc2048'
198	b'bcbcbcbcbcbc2048bc604069204879b0e0200179a048bcbcbcbcbcbcbcbcbcbcbcbc2048e080ab2001e68073bcbcbcbcbcbcbcbcbcbcbcbcbcbcbcbcbcbcbcbc'
199	b'bcbcbcbcbcbcbcbcbcbc2048ca604a2001caf074bcbcbcbcbcbcbcbc20485e003720015e006bbcbc20480d80d320010d807dbcbcbcbcbcbcbcbcbcbcbcbcbcbc'
200	b'bcbcbcbcbcbcbcbcbcbc20489370e3200193606abcbcbcbcbcbcbcbcbcbcbcbcbc2048bc809a2001bc8032bcbcbcbcbcbcbcbcbcbcbcbcbcbcbcbcbcbcbc2048'
201	b'bcbcbcbcbcbc2048bcc0807020408980e020018910dbbcbcbcbcbcbcbcbcbcbcbcbcbcbcbcbcbcbcbcbcbc20486040362048d680c02001d6c039bcbcbcbcbcbc'
202	b'c039bcbcbcbcbcbcbcbc2048ea90012001ea70842048c880ba2001c880f2bcbcbcbcbcbcbcbcbcbcbcbcbcbcbcbcbcbcbcbcbcbcbcbcbcbcbcbcbcbcbcbcbcbc'
203	b'bcbcbcbcbcbcbcbcbcbc20486060222001603047bcbcbcbcbcbcbcbcbcbcbcbcbcbcbcbcbcbc20489a404a20019a40c2bcbcbcbcbcbcbcbcbcbcbcbcbcbcbcbc'
204	b'bcbcbcbcbcbcbcbcbcbc20481210dc2001128030bcbcbcbcbcbcbcbc2048bc00e72001bc005bbcbcbcbcbc20483380a020013300afbcbcbcbcbcbcbcbcbcbcbc'
205	b'bcbcbcbcbcbcbcbcbc40222040fbe0002001fbf0e6bcbcbcbcbcbcbcbcbcbc2048dc00f22001dc0042bcbcbcbcbcbcbcbcbcbcbcbcbcbcbcbcbcbcbcbcbcbcbc'
206	b'bcbcbcbcbcbcbcbcbcbc204888c0802001885072bcbcbcbcbcbcbcbcbcbcbcbcbcbc2048b780922001b7802cbcbcbcbcbcbcbcbcbcbcbcbcbcbcbcbcbcbcbcbc'
207	b'bcbcbcbcbcbcbcbcbcbc20485c505320015cc09cbcbcbcbcbc204859804f2048db008420015980e7bcbcbcbcbcbcbcbcbcbcbcbcbcbcbcbcbcbcbcbcbcbcbcbc'
208	b'bcbcbcbcbcbcbcbcbcbc204886d0a3200186c0e9bcbcbcbcbcbcbcbcbcbcbcbcbcbcbcbcbcbcbcbcbcbcbcbcbcbcbcbcbcbcbcbcbcbcbcbcbcbcbcbcbcbcbcbc'
209	b'bcbcbcbcbcbcbcbcbcbc204835a021200135d0dcbcbcbcbcbcbcbcbcbcbcbcbcbcbcbcbcbcbcbcbcbcbcbcbcbcbcbcbcbcbcbcbcbcbc20485680c3200156801d'
210	b'5680c3200156801dbcbc20481050902001107035bcbcbcbcbcbcbcbcbcbcbcbcbcbcbcbcbcbcbcbcbcbcbcbcbcbcbcbcbcbcbcbcbcbcbcbcbcbcbc2048b5406c'
211	b'bcbcbc2048b5406cbcbc2048bc80b32001bc20c3bcbcbcbcbcbcbcbcbcbcbcbcbcbcbcbcbcbcbcbcbcbcbcbcbcbcbcbc2048a080db2001a08073bcbcbcbcbcbc'
212	b'8073bcbcbcbcbcbcbcbc20489bc0c120019b705b2048b180112001b180eebcbcbcbcbcbcbcbcbcbcbcbcbcbcbcbcbcbcbcbcbcbcbcbcbcbcbcbcbcbcbcbcbcbc'
213	b'bcbcbcbcbcbcbcbcbcbc2048aaf0d12001aaa07120486200a72001620023bcbcbcbcbcbcbcbcbcbcbcbcbcbcbcbcbcbcbcbcbcbcbcbc2048ed80d92001ed80b1'
214	b'ed80d92001ed80b1bcbc40da40e02048cbb08b2048e080292001f18051bcbcbcbcbcbcbcbcbcbc20488d802620018d80b2bcbcbcbcbcbcbcbcbcbcbcbcbcbcbc'
215	b'bcbcbcbcbcbcbcbcbcbc40d48020204867f0c0bc2048f980c32001f980adbcbcbcbcbcbcbcbcbcbcbcbc2048ab80dd2001f8c0292048f840402048d880ee2001'
216	b'402048d880ee2001bcbc20483bf0c620013ba0ebbcbcbcbcbcbcbcbcbcbcbcbcbcbcbcbcbcbcbcbcbcbcbcbcbcbcbcbcbcbcbcbcbcbcbcbcbcbcbcbcbc204827'
217	b'bcbcbcbcbc204827bc806e204881503020018180fcbcbcbcbcbcbcbcbcbcbcbcbcbcbcbcbcbcbcbcbcbcbcbcbcbcbcbcbcbcbcbcbcbcbcbcbcbcbcbcbcbcbc20'
218	b'bcbcbcbcbcbcbc20bc20013cf0c420483ca045bcbcbcbcbcbcbcbcbcbc204880809d20014080592048be80e42001be80a8bcbcbcbcbcbc20483180a520013180'
219	b'483180a520013180bcbc20481ef02920011ea030bcbcbcbcbcbcbc20488e807a20018e806abcbcbcbcbcbcbcbcbcbcbcbcbcbcbcbcbcbcbcbcbcbcbcbcbcbcbc'
220	b'bcbcbcbcbcbcbcbcbcbc2048f3603d20010b30a9bcbcbcbcbcbcbcbcbcbcbcbcbcbcbcbcbcbcbcbcbcbcbcbcbcbcbcbcbcbcbcbc2048ac80202001ac00b7bcbc'
221	b'202001ac00b7bcbcbcbc2048ad108f2048c140fa2001c10091bcbcbcbcbcbcbcbcbcbcbcbcbcbcbcbcbcbcbcbcbcbcbc20485080272001508013bcbcbcbcbcbc'
222	b'8013bcbcbcbcbcbcbcbc204852c0e3200152b037bcbcbcbcbcbcbcbcbcbcbcbcbcbcbcbcbcbcbcbcbcbcbcbcbcbcbcbcbcbcbcbcbcbcbcbcbcbcbcbcbcbcbcbc'
223	b'bcbcbcbcbcbcbcbcbcbc2048e640112001e6d05720483040b42001304084bcbcbcbcbcbcbcbcbcbcbcbcbcbcbcbcbcbcbcbcbcbc20487e805e20017e80b62048'
224	b'5e20017e80b62048bc80806020487a50102000600052bcbcbcbcbcbcbcbcbcbcbcbcbcbcbcbc2048e680e02001e68058bcbcbcbcbcbcbcbcbcbcbcbcbcbcbcbc'
225	b'bcbcbcbcbcbcbcbcbcbc2048b1402b2001b1d09cbcbcbcbcbcbcbcbcbcbcbcbcbcbcbcbcbcbcbcbcbcbcbcbcbcbcbcbcbcbcbcbcbcbcbcbcbcbcbcbcbcbcbcbc'
226	b'bcbcbcbcbcbcbcbcbcbc2048cf504720012f00b5204882808220014280c0bcbcbcbcbcbcbcbcbcbcbcbcbcbcbcbc20483780fe20013780d620483180d6200131'
227	b'20483180d6200131bcbc204805f056200105a0a320484140d0200141803fbcbcbcbcbcbcbcbcbcbcbcbcbcbcbcbcbcbcbcbcbcbcbcbcbcbcbcbcbcbcbcbcbcbc'
228	b'bcbcbcbcbcbcbcbcbcbc20483cc0c820013c30b1bcbcbcbcbcbcbcbcbcbcbcbcbcbcbcbcbcbcbcbcbcbcbcbcbcbcbcbcbcbcbcbcbcbcbcbcbcbcbcbcbcbcbcbc'
229	b'bcbcbcbcbcbcbcbcbcbc2048ebc0dc2001ebb048bcbcbcbcbcbcbcbcbcbcbcbcbcbcbcbcbcbcbcbcbcbcbcbcbcbcbcbcbcbcbcbcbcbcbcbcbcbcbcbcbcbcbcbc'
230	b'bcbcbcbcbcbcbcbcbcbc20488c709d20018c60f6bcbcbcbcbcbcbcbcbcbcbcbcbcbcbcbcbcbcbcbcbcbcbcbcbcbcbcbcbcbcbcbcbcbcbcbcbcbcbcbcbc204848'
231	b'bcbcbcbcbc204848bc809a20488a70e320018ae0d5bcbcbcbcbcbcbcbcbcbcbcbcbcbcbcbcbcbcbcbcbcbcbcbcbcbcbcbcbcbcbcbcbcbcbcbcbcbcbcbcbcbcbc'
232	b'bcbcbcbcbcbcbcbcbcbc2048a260012001a270dfbcbcbcbcbcbcbcbcbcbcbcbcbcbcbcbcbcbcbcbcbcbcbcbcbcbcbcbcbcbcbcbcbcbcbcbcbcbcbcbcbcbcbc20'
233	b'bcbcbcbcbcbcbc20bc2001ed90f32048848093bcbcbcbcbcbcbcbcbcbcbcbcbcbcbcbcbcbcbcbcbcbcbcbcbcbcbcbcbcbcbcbcbcbcbcbcbcbcbcbcbcbcbc2048'
234	b'bcbcbcbcbcbc2048bc4080e92048c940c02001c9e051bcbcbcbcbcbcbcbcbcbcbcbcbcbc20485600d1200156001ebcbcbcbcbcbcbcbcbcbcbcbcbcbcbcbcbcbc'
235	b'bcbcbcbcbcbcbcbcbcbc20482370d020012310cf2048fc80092001fc80bebcbcbcbcbcbcbcbcbcbcbcbcbcbcbcbcbcbcbcbcbcbcbcbcbc204847808d20014780'
236	b'4847808d20014780bcbc2048cdc0d42001cd5006bcbcbcbcbcbcbcbcbcbcbcbcbcbcbcbcbcbcbcbcbcbcbcbcbcbcbcbcbcbcbcbcbcbcbcbcbcbcbcbcbcbcbcbc'
237	b'bcbcbcbcbcbcbcbcbcbc2048391048200139006bbcbcbcbcbcbcbcbcbcbcbcbcbcbcbcbcbcbcbcbcbcbcbcbcbcbcbcbcbcbc2048354090200135807fbcbcbcbc'
238	b'0135807fbcbcbcbcbcbc2048dd701b2001ddc013bcbcbcbcbcbcbcbcbcbcbcbcbcbcbcbc20489c00c720019c009bbcbcbcbcbcbcbcbcbcbcbcbcbcbcbcbcbcbc'
239	b'bcbcbcbcbcbcbcbcbcbc204891e011200151c07dbcbcbcbcbcbcbcbcbcbcbcbcbcbcbcbcbcbcbcbcbcbcbcbcbcbcbcbcbcbcbcbcbcbcbcbcbcbcbcbcbcbcbcbc'
240	b'bcbcbcbcbcbcbcbcbcbc20481df0de20011de03220485080d520488e806b20018ec036bc2048020057200102005bbcbcbcbcbcbcbcbcbcbcbcbcbcbcbcbcbcbc'
241	b'bcbcbcbcbcbcbcbcbcbc20487d208220017d505dbcbcbcbcbcbcbcbcbcbcbcbcbcbc204880009b20018000dd2048b140012001b140e6bcbcbcbcbcbcbcbcbcbc'
242	b'bcbcbcbcbcbcbcbcbcbc2048cfb0cf2001cf2073204897806c20019780c4bcbcbcbcbcbcbcbcbcbcbcbcbcbcbcbcbcbcbcbcbcbcbcbcbcbcbcbcbcbcbcbcbcbc'
243	b'bcbcbcbcbcbcbcbcbcbc204844505b20014440aabcbcbcbcbcbcbcbcbcbcbcbcbcbcbcbcbcbcbcbcbc2048bf80282001bf8000bcbcbcbcbcbcbcbcbcbcbcbcbc'
244	b'bcbcbcbcbcbcbcbcbcbc204829c0062001299043bcbcbcbcbcbcbcbcbcbcbcbcbcbcbcbcbcbcbcbcbcbcbcbcbcbcbcbcbcbcbcbcbcbcbcbcbcbcbcbcbcbcbcbc'
245	b'bcbcbcbcbcbcbcbcbcbc20485770bc20015760e7bcbcbcbcbcbcbcbcbcbcbcbcbcbcbcbcbcbcbcbcbcbcbcbcbcbcbcbcbcbcbc2048a74016200167406abcbcbc'
246	b'200167406abcbcbcbcbc2048e090042001e0806ebcbcbcbcbcbcbcbcbcbcbcbcbcbcbcbcbcbcbcbcbcbcbcbcbc20483380192001b38051bcbcbcbcbcbcbcbcbc'
247	b'bcbcbcbcbcbcbcbcbcbc2048cbd0872001cbc0e3bcbcbcbcbc20483a406a20013a4062bcbcbcbcbcbcbcbcbcbcbcbcbcbcbcbc20488080092001808081bcbcbc'
248	b'2001808081bcbcbcbcbc2048acd0cf2001ac4000bcbcbcbcbcbcbcbcbcbcbcbcbcbc2048694020200169806fbcbcbcbcbcbcbcbcbcbcbcbcbcbcbcbcbcbcbcbc'
249	b'bcbcbcbcbcbcbcbcbcbc20484b800220014be047bcbcbcbcbcbcbcbcbcbcbcbcbcbcbcbcbcbcbcbcbcbcbcbcbcbcbcbcbcbcbcbcbcbcbcbcbcbcbcbcbcbcbcbc'
250	b'bcbcbcbcbcbcbcbcbcbc20484050692001400058bcbcbcbcbcbcbcbcbcbcbcbcbcbcbcbcbcbcbcbc20482d80e820012d8040bcbcbcbcbcbcbcbcbcbcbcbcbcbc'
251	b'bcbcbcbcbcbcbcbcbcbc20489e804c20019e1011bcbcbcbcbcbcbcbcbcbcbcbcbcbcbcbcbcbcbcbcbcbcbcbcbcbcbcbcbcbcbcbcbcbcbcbcbcbcbcbcbcbcbcbc'
252	b'bcbcbcbcbcbcbcbcbcbc204877902d20017740d2bcbcbcbcbcbcbcbcbcbcbcbcbcbc2048a4409a2001a440b2bc20484200f520014200f9bcbcbcbcbcbcbcbcbc'
253	b'bcbcbcbcbcbcbcbcbcbc204815c0c020011510d9bcbcbcbcbcbcbcbcbcbcbcbcbcbcbcbcbcbcbcbcbcbcbcbcbc20488980f02001898080bcbcbcbcbcbcbcbcbc'
254	b'bcbcbcbcbcbcbcbcbcbc20487e501120017e006dbcbcbcbcbcbcbcbcbcbcbcbcbcbcbcbcbcbcbcbcbcbcbcbcbcbcbcbcbcbcbcbcbcbcbcbcbcbcbcbcbcbcbcbc'
255	b'bcbcbcbcbcbcbcbcbcbc204800a0e5200100f009bcbcbcbcbcbcbcbcbcbcbcbcbcbc2048528013200152801dbcbcbcbcbcbcbcbcbcbcbcbcbcbcbcbcbcbcbcbc'
256	b'bcbcbcbcbcbcbcbcbcbc204849a07d200149d092204817802420011780a8bcbcbcbcbcbcbcbcbcbcbcbcbcbcbcbcbcbcbcbc204898003d20019800f52048c800'
257	b'019800f52048c800bcc02048e500c02001e540e9bcbcbcbcbcbcbcbc20400c806020010c80b5bcbcbcbcbcbcbcbcbcbcbc2040f2806020010a805cbcbcbcbcbc'
258	b'0a805cbcbcbcbcbcbcbc204800c03e2001005074bcbcbcbcbcbcbcbcbcbcbcbcbcbcbcbcbcbcbcbcbcbcbcbcbcbcbcbcbcbcbcbcbcbcbcbcbcbcbcbcbcbcbcbc'
259	b'bcbcbcbcbcbcbcbcbc6040c920486770602001676066bcbcbcbcbc20401180802000008044bcbcbcbcbcbcbcbcbcbcbcbcbcbcbcbcbcbcbcbcbcbcbcbcbcbcbc'
260	b'bcbcbcbcbcbcbcbcbcbc2048fc20f22001fc9040bcbcbc204827400c20012740c4bcbcbcbcbcbcbcbcbcbcbcbcbcbcbcbcbcbcbcbcbcbcbcbcbcbcbcbcbcbcbc'
261	b'bcbcbcbcbcbcbcbcbcbc2048a1000c2001a160a0bcbcbcbcbcbcbcbcbcbcbcbcbcbcbcbcbcbcbcbcbcbcbcbcbcbcbcbcbcbcbcbcbcbcbcbcbcbcbcbcbcbcbcbc'
262	b'bcbcbcbcbcbcbcbcbcbc2048a310672001a38024bcbcbcbcbc2048e880f22001e880bcbcbcbcbcbcbc204845400e20014540eabcbcbcbcbcbcbcbcbcbcbcbcbc'
263	b'bcbcbcbcbcbcbcbcbcbc2048580095200158a0e520480f804320010f804dbcbcbcbcbcbcbcbcbcbcbcbcbcbcbcbcbcbcbcbcbcbcbcbcbcbcbcbcbcbcbcbcbcbc'
264	b'bcbcbcbcbcbcbcbcbcbc2048b070d22001b060e4bcbcbcbcbcbcbcbcbcbcbcbcbcbcbcbcbcbcbcbcbcbcbcbcbcbcbcbcbcbcbcbcbcbcbcbcbcbcbcbcbcbcbcbc'
265	b'bcbcbcbcbcbcbcbcbcbc204817a003200117d087bcbcbcbcbcbcbcbcbcbcbcbcbcbcbcbcbcbcbcbcbcbcbcbcbcbcbcbcbcbcbcbcbc20483380ae200133806abc'
266	b'80ae200133806abcbcbc20488300d5200183108bbcbcbcbcbcbcbcbcbcbcbcbcbcbc204872009220017200bcbcbcbcbcbcbcbcbcbcbcbcbcbcbcbcbcbcbcbcbc'
267	b'bcbcbcbcbcbcbcbcbc80a32048d7601e2001d70014bcbcbcbcbcbcbcbcbcbcbcbcbcbcbcbcbcbcbcbcbcbcbcbcbcbcbcbcbcbcbcbcbcbcbcbcbcbcbcbcbcbcbc'
268	b'bcbcbcbcbcbcbcbcbcbc20486030bd2001e0200bbcbcbcbcbcbcbcbcbcbcbcbc204871e0a2200171e03c204852801f20487b80db20017bc0cd20485900d22001'
269	b'cd20485900d22001bcbc204862402d2001e2905abcbcbcbcbcbcbcbcbcbcbcbcbcbcbcbcbcbcbcbcbcbc2048ec80552001ec807920483980f9200139807ebcbc'
270	b'f9200139807ebcbcbcbc204851b0562001512028bcbcbcbcbcbcbcbcbcbcbcbcbcbcbcbcbcbcbcbcbcbcbcbcbcbcbcbcbcbcbcbcbcbcbcbcbcbcbcbcbcbcbcbc'
271	b'bcbcbcbcbcbcbcbcbcbc2048ccf0372001cc6023bcbcbcbcbcbcbcbcbcbcbcbcbcbcbcbcbcbcbcbcbcbcbcbcbcbcbcbcbcbcbcbcbcbcbcbcbcbcbcbcbcbcbcbc'
272	b'bcbcbcbcbcbcbcbcbcbc2048f110322001f130a92048e640b02001e680bfbcbcbcbcbcbcbcbcbcbcbcbcbcbcbcbcbcbcbcbcbcbcbcbcbcbcbcbcbcbcbcbcbcbc'
273	b'bcbcbcbcbcbcbcbcbcbc204857d0c5200157c07cbc20482340042001234028bcbcbcbcbcbcbcbcbcbcbcbcbcbcbcbcbcbcbcbcbcbcbcbcbcbcbcbcbcbcbcbcbc'
274	b'bcbcbcbcbcbcbcbcbcbc20484810e4200148f0942048ae40022001ae400cbcbcbcbc2048ba80b5204831e02a2001311057bcbcbcbcbcbcbcbcbcbcbcbcbcbc20'
275	b'bcbcbcbcbcbcbc20bc20010e309f20480e400abcbcbcbcbcbcbcbcbcbcbcbcbcbcbcbcbc2048d280342001d280c4bcbcbcbcbcbcbcbcbcbcbcbcbcbcbcbcbcbc'
276	b'bcbcbcbcbcbcbcbcbcbc20489e807420019ee0a1bcbcbcbcbcbcbcbcbcbcbcbcbcbcbcbcbc2048d400bf2001d400eb2048b780c42001b78040204823800c2001'
277	b'40204823800c2001bcbc2048af30ff2001af8041bcbcbcbcbcbcbcbcbcbcbcbcbcbcbcbcbcbcbcbcbcbc20489180e92001918061bcbcbcbcbcbcbcbcbcbcbcbc'
278	b'bcbcbcbcbcbcbcbcbcbc20486e70b920016e4024bcbcbcbcbcbcbcbcbcbcbcbcbcbcbcbcbcbcbcbcbcbcbcbcbc20482980ef2001298097bcbcbcbcbcbcbcbcbc'
279	b'bcbcbcbcbcbcbcbcbcbc2048bcd0ee2001bc407a20486280f7200162800720486840052001684049bcbcbcbcbcbcbcbcbcbcbcbcbcbcbcbcbcbcbcbcbcbcbcbc'
280	b'bcbcbcbcbcbcbcbcbcbc204811008920011160d6bcbcbcbcbcbcbcbcbcbcbcbcbcbcbcbcbcbcbcbcbcbcbcbcbcbcbcbcbcbcbcbcbc2048fe80362001fe80dabc'
281	b'80362001fe80dabcbcbc20487820a4200178b0e9bcbcbcbcbcbcbcbcbcbcbcbcbcbcbcbcbcbcbcbcbcbcbcbcbcbcbcbcbcbcbcbcbcbcbcbcbcbcbcbcbcbcbcbc'
282	b'bcbcbcbcbcbcbcbcbcbc20482580ea200125e04dbc204892807d20019280d5bcbcbcbcbcbcbcbcbcbcbcbcbcbcbcbcbcbcbcbcbcbcbcbcbcbcbcbcbcbcbcbcbc'
283	b'bcbcbcbcbcbcbcbcbcbc2048faf0e12001fa6044bcbcbcbcbcbcbcbcbcbcbcbcbcbcbc20489e408920019e4021bcbcbcbcbcbcbcbcbcbcbcbcbcbcbcbcbcbcbc'
284	b'bcbcbcbcbcbcbcbcbcbc204854e0e8200154b006bcbcbcbcbcbcbcbcbcbcbcbcbcbcbcbcbcbcbcbcbcbc20483980f9403980e02048c78073bcbcbcbcbc2048a0'
285	b'bcbcbcbcbc2048a0bc807a204813b0612048db80aa2001dbe035bcbcbcbc2048f180782001f18070bcbcbcbcbcbcbcbcbcbcbcbcbcbcbcbcbcbcbcbcbcbcbcbc'
286	b'bcbcbcbcbcbcbcbcbcbc2048ba80462001bae0bf20480d80e020010d006f2048a640c62001a640eabcbcbcbcbcbcbcbcbcbcbcbcbcbcbcbcbcbcbcbcbcbcbcbc'
287	b'bcbcbcbcbcbcbcbcbcbc20489bb04420019b40fcbcbcbcbcbcbcbcbcbcbcbcbcbcbcbcbcbcbcbc2048e5007d2001e500eebcbcbcbcbcbcbcbcbcbcbcbcbcbcbc'
288	b'bcbcbcbcbcbcbcbcbcbc2048e150c72001e18074bc20480f80ce20010f80e6bcbcbcbcbcbcbcbcbcbcbcbcbcbcbcbc204889007a20018900a2bcbcbcbcbcbcbc'
289	b'a2bcbcbcbcbcbcbcbcbc20481fa08d20019fd077bcbcbcbcbcbcbc2048c180da2001c180b2bcbcbcbcbcbcbcbcbcbcbcbcbcbcbcbcbcbcbcbcbcbcbcbcbcbcbc'
290	b'bcbcbcbcbcbcbcbcbcbc20483700f0200137e049bcbcbcbcbcbcbcbcbcbcbcbcbcbcbcbcbcbcbcbcbcbcbcbcbcbcbcbcbcbcbcbcbcbcbcbcbcbcbcbcbcbcbcbc'
291	b'bcbcbcbcbcbcbcbcbcbc20482190242001a18074bcbcbcbcbcbcbcbcbcbcbcbcbcbcbcbcbcbcbcbcbcbcbcbcbcbcbcbcbcbcbcbcbcbcbcbcbcbcbcbcbcbcbcbc'
292	b'bcbcbcbcbcbcbcbcbcbc2048be40aa20017e905ebcbcbcbcbcbcbc2048ca000f2001ca00e7bcbcbcbcbcbcbcbcbc2048a48068200164007fbcbcbcbcbcbcbcbc'
293	b'bcbcbcbcbcbcbcbcbcbc2048b0f06b2001b0a019bcbcbcbcbcbcbcbcbc204888806320014880f5204877809a2001778092bcbcbcbcbcbcbcbcbcbcbcbcbcbcbc'
294	b'bcbcbcbcbcbcbcbcbcbc20485750602001d780febcbcbcbcbcbcbcbcbcbcbcbcbcbcbcbcbcbcbcbcbcbcbcbcbcbcbcbcbcbcbcbcbcbcbcbcbcbcbcbcbcbcbcbc'
295	b'bcbcbcbcbcbcbcbcbcbc204804e0aa200104b049bcbcbcbcbcbcbcbcbc2048aa80092001aa80c1bcbcbcbcbcbcbcbcbcbcbcbcbcbcbcbcbcbcbcbcbcbcbcbcbc'
296	b'bcbcbcbcbcbcbcbcbcbc204813a0c4200113e054bcbcbc2048ec40422001ec40acbcbcbcbcbcbcbcbcbcbcbcbcbcbcbcbcbcbcbcbcbcbcbcbcbcbcbcbcbcbcbc'
297	b'bcbcbcbcbcbcbcbcbcbc20486a207d20016ad055bcbcbcbcbcbcbcbcbcbcbcbcbcbcbcbcbcbcbcbc2048d400352001d4001120481c804120019c8092bcbcbcbc'
298	b'019c8092bcbcbcbcbcbc2048edb0fc2001ed20e5bcbcbcbcbcbcbcbcbcbcbcbcbcbcbcbcbcbcbcbcbcbcbcbcbcbcbcbcbcbcbcbcbcbcbcbcbcbcbcbcbcbcbcbc'
299	b'bcbcbcbcbcbcbcbcbcbc2048287034200128201fbcbcbcbcbcbcbcbcbcbcbcbcbcbcbcbcbcbcbcbcbcbcbcbcbcbcbcbcbcbcbcbcbcbcbcbcbcbcbcbcbcbcbcbc'
300	b'bcbcbcbcbcbcbcbcbcbc2048207029200120e011bcbcbcbcbcbcbcbcbcbcbcbcbcbcbcbcbcbcbcbcbcbcbcbcbcbcbcbcbcbcbcbcbcbcbcbcbcbcbcbcbcbcbcbc'
301	b'bcbcbcbcbcbcbcbcbcbc204838e0ab2001dc30c82048998001200159802abcbcbcbcbcbcbcbcbcbcbcbcbcbcbcbcbcbcbcbcbcbcbcbcbcbcbcbcbcbcbcbcbcbc'
302	b'bcbcbcbcbcbcbcbcbcbc20482b40a320012b90c8bcbcbcbcbcbcbcbcbcbcbcbcbcbcbcbcbcbcbcbcbc20481a806a20011a803cbcbcbcbcbcbcbcbcbcbc2048e6'
303	b'bcbcbcbcbc2048e6bc800020483a704020013a60debcbcbcbcbcbcbcbcbcbcbcbcbc2048db80db2001db804bbcbcbcbcbcbcbc2048d9807d2001d9808d204816'
304	b'2001d9808d204816bc404a20405680a0200156e0b4bcbcbcbcbcbcbcbcbcbcbcbcbcbcbcbcbcbcbcbcbcbcbcbcbcbcbcbcbcbcbcbcbcbcbcbcbcbcbcbcbcbcbc'
