Voltageboard settings: [1.1, 1, 0, 0, 1, 1.1, 0, 0]
Digital: {'interrupt_pushpull': 1, 'en_inj': 0, 'reset': 0, 'extrabits': 0}
Biasblock: {'DisHiDR': 0, 'q01': 0, 'qon0': 0, 'qon1': 1, 'qon2': 0, 'qon3': 1}
DAC: {'blres': 0, 'nu1': 0, 'vn1': 20, 'vnfb': 3, 'vnfoll': 10, 'nu5': 0, 'nu6': 0, 'nu7': 0, 'nu8': 0, 'vn2': 0, 'vnfoll2': 4, 'vnbias': 0, 'vpload': 5, 'nu13': 0, 'vncomp': 2, 'vpfoll': 60, 'nu16': 0, 'vprec': 60, 'vnrec': 30}
Receiver: {'col0': 68719476734, 'col1': 68719476734, 'col2': 68719476734, 'col3': 68719476734, 'col4': 68719476734, 'col5': 68719476734, 'col6': 68719476734, 'col7': 68719476734, 'col8': 68719476734, 'col9': 68719476734, 'col10': 68719476734, 'col11': 68719476734, 'col12': 68719476734, 'col13': 68719476734, 'col14': 68719476734, 'col15': 68719476734, 'col16': 68719476734, 'col17': 68719476734, 'col18': 68719476734, 'col19': 68719476734, 'col20': 68719476734, 'col21': 68719476734, 'col22': 137430564863, 'col23': 68719476734, 'col24': 68719476734, 'col25': 68719476734, 'col26': 68719476734, 'col27': 68719476734, 'col28': 68719476734, 'col29': 68719476734, 'col30': 68719476734, 'col31': 68719476734, 'col32': 68719476734, 'col33': 68719476734, 'col34': 68719476734}
Namespace(name='chip602_130V_15sInj_defaultDACs', outdir='../../kit-adl/cleanAstroPix/amanda_python/logInj/dacScan/pixScan/default/', yaml='config_none', saveascsv=True, inject=True, vinj=None, threshold=None, maxruns=None, maxtime=0.25)
0	b'bcbcbcbcbcbcbcbcbcbc206899a04c2069008050bcbcbcbcbcbcbcbcbcbcbcbcbcbcbcbcbcbcbcbcbcbcbcbcbcbcbcbcbcbcbcbcbcbcbcbcbcbcbcbc20686d40'
1	b'bcbcbcbc20686d40bcbc206878007f20690000792068134020bcbcbcbcbcbcbcbc2068f640cfbcbcbcbcbc2068e6c033bcbcbcbcbcbcbcbcbcbcbcbcbcbcbcbc'
2	b'bcbcbcbcbcbcbcbcbcbc2068f5407920691880b02068c3c0212068f940bc2068874091bcbcbcbcbcbcbcbc2068be40babc206844402fbcbcbcbcbcbcbc20683c'
3	b'bcbcbcbcbc20683cbcbc2068ca600d20691800b020685b409d20689640dd2068eb40c620683c4084206855a0c4206830409d20691800e4bcbcbcbcbcbcbcbcbc'
4	b'bcbcbcbcbcbcbcbcbcbc206855a00a2069180034bc2068e54068bcbcbcbcbcbcbcbcbcbcbc20684c406dbcbcbcbcbcbcbcbcbcbcbc206873008bbcbcbcbcbcbc'
5	b'008bbcbcbcbcbcbcbcbc206881609a2069cc0078206818a0c920689c4091bcbcbcbcbcbcbcbcbcbcbc206881c069bcbcbcbcbcbcbcbc2068f34027bcbcbcbcbc'
6	b'f34027bcbcbcbcbcbc40ef20606580172069d500602068214089bcbcbcbcbcbc206037c0822068e2401e2060ad408ebcbcbcbcbcbcbcbcbcbcbcbcbcbcbcbcbc'
7	b'bcbcbcbcbcbcbcbcbcbc20687b90ef20696000ffbcbcbcbcbcbcbcbcbcbc20687300c3bc206856c096bcbcbcbcbcbcbcbcbcbcbcbcbcbcbcbcbcbcbcbc206837'
8	b'bcbcbcbcbc206837bcbc2068e9c03720696000542068e600e2bcbcbcbcbcbcbcbcbcbcbcbcbcbcbcbcbcbcbcbcbcbcbcbcbcbcbcbcbcbcbcbcbcbcbcbc2068f0'
9	b'bcbcbcbcbc2068f0bcbc206896008920696000c6bcbc2068a74040bcbcbcbcbcbcbcbcbcbcbcbc20687120662068204062bc2068b5402fbcbcbcbcbcbcbcbcbc'
10	b'bcbcbcbcbcbcbcbcbcbc2068fee02560fee0252068e3c060bcbcbc2068e0a065bcbcbcbcbcbcbcbcbcbcbcbc206817c09abcbcbc20686bc0db20686cc0f2bcbc'
11	b'db20686cc0f2bcbcbcbc206876509f206926003220681240d0bcbcbcbcbcbcbcbc206850c0cabcbcbcbcbcbcbcbc20684680cbbcbcbcbcbcbcbcbcbcbcbcbcbc'
12	b'bcbcbcbcbcbcbcbcbcbc20685a105220697a0075bcbcbcbc2068abe0ecbcbcbcbcbcbcbcbcbcbcbcbcbcbcbcbcbcbcbcbcbcbcbcbcbcbcbcbcbcbcbcbcbcbcbc'
13	b'bcbcbcbcbcbcbcbcbcbc206870c0d020698a00dcbcbcbc20684cc0cdbcbcbcbcbcbcbcbcbcbcbc20681d4081bcbcbcbcbcbcbcbcbcbcbcbcbcbcbcbcbcbcbcbc'
14	b'bcbcbcbcbcbcbcbcbcbc2068df50d720692100bcbcbcbcbcbcbcbc2068a5c0ca2068884059bcbc206807408dbcbc206839c078bcbcbcbc2068ee20f6bcbcbcbc'
15	b'68ee20f6bcbcbcbcbcbc206886b0ce2069f500c9bcbcbcbcbcbcbcbcbcbcbcbcbcbcbcbcbcbcbcbcbcbcbc2068f080152068f9408abcbcbcbcbcbcbcbcbcbcbc'
16	b'bcbcbcbcbcbcbcbcbcbc206806a0c220690100d62068bfc099bcbcbcbcbcbcbcbcbcbcbcbcbcbcbcbcbcbcbcbcbcbcbcbcbcbcbcbcbcbcbcbcbcbcbcbc206816'
17	b'bcbcbcbcbc206816bcbc2068f7406d2069840012bcbcbcbcbcbcbcbcbcbcbcbcbcbcbcbcbcbcbcbcbcbcbcbc206876c0dc20689bc054bcbcbcbcbcbcbcbcbcbc'
18	b'bcbcbcbcbcbcbcbcbcbc2068d660fa20693600cebcbcbcbcbcbcbcbcbcbcbcbcbcbcbcbcbcbcbcbcbcbcbcbcbcbcbcbcbcbcbcbcbcbc20687b4072bcbcbcbcbc'
19	b'7b4072bcbcbcbcbcbcbc2068af00f020693600c82068a04074bcbcbcbcbcbcbcbcbcbcbcbcbcbcbcbcbcbcbcbcbcbcbcbcbcbcbcbcbcbcbcbcbcbcbcbcbcbcbc'
20	b'bcbcbcbcbcbcbcbcbc20689dd0492069b1007f2068edc0b5bcbcbcbcbcbcbcbcbc2068894089bcbcbcbcbcbcbcbcbcbcbcbcbcbcbcbcbcbcbcbcbc206818c0d0'
21	b'bcbcbc206818c0d0bc606d40862068aa00402069a00012bcbcbcbcbcbcbcbcbcbcbcbcbc2068b440cbbcbcbcbcbcbcbcbcbcbcbcbcbcbcbcbcbc206086409cbc'
22	b'bcbc206086409cbcbcbc20682210ca2068cf406120691b80e8bcbcbcbcbcbcbcbcbcbcbcbcbcbcbcbcbcbcbcbcbcbcbcbcbcbcbcbcbcbcbcbc20682ac0f0bcbc'
23	b'bc20682ac0f0bcbcbcbc20688210d020691b001220684a40dc2068814081bcbcbc206879c02cbcbcbcbcbcbcbcbcbcbcbcbcbcbcbcbcbcbcbcbcbcbcbc2068de'
24	b'bcbcbcbcbc2068debcc06920682030db683220db2068e480d12068e40008bcbcbcbcbcbcbcbcbcbcbcbcbcbcbcbcbcbcbcbcbcbcbcbcbcbcbcbcbcbcbcbcbcbc'
25	b'bcbcbcbcbcbcbcbcbcbc2068b73056206913004a20683d20debc2068a68010bcbcbc206814c0c8bcbcbcbc2068b0405ebc20681d40cbbc2068c24016bcbcbcbc'
26	b'68c24016bcbcbcbcbcbc2068b7a0032069740086bcbcbcbcbcbcbcbcbcbcbcbc206827c018bcbcbcbcbcbcbcbc206834c001bcbcbcbcbcbcbcbcbcbcbcbcbcbc'
27	b'bcbcbcbcbcbcbcbcbcbc20686ce0bb2069f300b7bcbcbcbcbcbcbcbcbcbcbcbcbcbcbcbcbcbc2068bb403fbcbcbcbcbcbcbcbcbcbcbcbcbcbcbcbcbcbcbcbcbc'
28	b'bcbcbcbcbcbcbcbcbc2068b140842068f6a018bcbcbcbcbcbcbcbcbcbcbcbcbcbcbcbcbcbcbcbcbcbcbcbcbcbcbcbcbcbcbcbcbcbcbcbcbcbc2068f7c084bcbc'
29	b'bc2068f7c084bcbcbcbc20684ca0812069d300febcbcbc2068488037206851c0a1bcbcbcbcbcbcbcbcbcbcbc2068f840ebbcbcbc20681f404a20684a4050bc20'
30	b'4a20684a4050bc20bcbc2068d950172069d30076bcbc20688c20d22068e62051bcbcbcbcbcbcbcbcbcbcbc20684a409dbcbcbcbcbcbcbcbcbcbcbcbcbcbcbcbc'
31	b'bcbcbcbcbcbcbcbcbcbc2068d3a0bb206967001abcbcbcbcbcbcbcbcbcbcbcbc20684fa080bc20680e40f5bcbcbcbcbc2068b6c0e2bcbcbcbcbcbcbcbcbcbcbc'
32	b'bcbcbcbcbcbcbcbcbcbc2068e800e120690d0079bcbcbcbcbcbcbcbcbcbcbcbcbcbcbcbcbcbcbcbcbcbcbcbcbcbcbcbcbcbcbcbcbcbcbcbcbcbcbcbcbcbcbcbc'
33	b'bcbcbcbcbcbcbcbcbcbc2068f390ce206835400520691600a6bcbcbcbcbcbcbcbcbcbcbcbcbcbcbcbcbcbcbcbcbcbcbcbcbcbcbcbcbcbcbcbcbcbcbcbcbcbcbc'
34	b'bcbcbcbcbcbcbcbcbcbc206840c0882069b500ae2068b02075bcbcbcbcbcbc2068a14021bcbcbcbcbcbcbcbcbcbc2068608063bcbcbcbcbcbcbcbcbcbcbcbcbc'
35	b'bcbcbcbcbcbcbcbcbc606b40112068e6c0342069e000bdbcbcbcbcbcbcbcbcbcbcbcbcbcbcbcbcbcbcbcbcbcbcbc20684bc008bcbcbcbcbcbcbcbcbcbcbcbcbc'
36	b'bcbcbcbcbcbcbcbcbcbc20685bc02120691200d2bcbcbcbcbcbcbcbcbcbcbcbcbcbcbcbcbcbcbcbcbc2068720066bcbcbcbcbcbc206816407abcbcbcbcbcbcbc'
37	b'7abcbcbcbcbcbcbcbcbc20689b50ba20696200da20682d40a2bcbcbcbcbcbcbcbcbcbcbc2068d54090bcbcbc2068fec020bcbcbcbcbcbcbcbcbcbcbcbcbcbcbc'
38	b'bcbcbcbcbcbcbcbcbcbc2068cc20ed206980002a2068c7404abcbcbcbcbcbcbcbcbcbcbcbcbcbcbcbcbcbcbcbcbcbcbcbcbcbcbcbcbcbcbcbcbcbcbcbcbcbc20'
39	b'bcbcbcbcbcbcbc20bcbc2068e5d081206980000abcbcbcbcbcbcbcbcbcbcbcbcbcbcbcbcbcbcbcbcbcbcbcbcbcbcbcbcbcbcbcbcbcbcbcbc2068fa00ffbcbcbc'
40	b'2068fa00ffbcbcbcbcbc2068bdf0ce206980000220682e408f206874404ebcbcbcbc20680a40f3bcbcbcbcbcbcbcbcbcbcbc2068e74067bcbcbcbcbcbcbcbcbc'
41	b'bcbcbcbcbcbcbcbcbcbc20688a701d2069b60046bcbc2068a9c00ebcbcbcbcbcbcbcbcbcbcbcbcbcbcbc2068b940c0bcbcbcbcbcbcbcbcbcbcbcbcbcbcbcbcbc'
42	b'bcbcbcbcbcbcbcbcbcbc2068fd00f820690200febcbcbcbcbcbcbcbcbcbcbcbcbcbcbcbcbc2068ea409bbc20684f80fabcbcbcbcbcbcbcbcbcbcbcbcbcbcbcbc'
43	b'bcbcbcbcbcbcbcbcbcbc20683e907d206902006820683e00b4bcbcbcbcbcbcbcbcbcbcbcbcbcbcbcbcbcbcbcbcbcbcbcbcbcbcbcbcbcbcbcbcbcbcbcbcbc2068'
44	b'bcbcbcbcbcbc2068bcbc20683cf03920698900532068d2800fbcbcbcbcbcbcbcbc20684020da206840a032bcbcbcbc2068dcc034bcbcbcbcbcbcbc20680e4044'
45	b'bcbcbc20680e4044bcbc206814b0f8206989005a2068c18043bcbcbcbcbcbcbcbcbcbcbcbcbcbcbcbcbcbcbcbcbcbc2068a4c01a20698900b420684f403c2068'
46	b'b420684f403c2068bcbc2068a220c720698900d6bcbcbcbcbcbcbcbcbcbcbcbcbcbc206816401c206887c0f8bcbcbcbcbcbcbcbcbcbcbcbcbcbcbcbcbcbcbcbc'
47	b'bcbcbcbcbcbcbcbcbcbc2068b3201d2069af00b62068104026bcbcbcbcbcbc206816c0542068994017bcbcbcbcbcbcbcbcbcbcbcbcbcbcbcbcbcbcbcbcbcbcbc'
48	b'bcbcbcbcbcbcbcbcbc20689b405a20689500222069af00e4bcbcbcbcbcbcbcbc20683c208320688980aebcbcbcbcbcbcbc206848c0eb20684820e9bcbcbcbcbc'
49	b'4820e9bcbcbcbcbcbcbc2068be20dc2069e300d2bcbcbcbcbcbcbcbc20688e4023bcbcbcbcbcbcbcbcbcbcbcbcbcbcbcbcbcbcbcbcbcbcbcbcbcbcbcbcbcbcbc'
50	b'bcbcbcbcbcbcbcbcbc60c840452068cf00202069370020bcbcbcbc2068a28000bcbcbcbcbcbcbcbcbcbcbcbcbcbcbcbcbcbcbcbcbcbcbcbcbc20685280a2bcbc'
51	b'bc20685280a2bcbcbcbc20689f40f12069230045bcbcbcbcbcbc20689940de2068b38089bcbcbcbcbcbcbcbcbcbcbcbcbcbcbcbcbcbcbcbcbcbcbcbcbcbc2068'
52	b'bcbcbcbcbcbc2068bcbc20689510712069230052bcbcbcbcbcbcbcbcbcbcbcbcbcbcbc2068f680312068e5c0eabcbcbcbcbcbcbcbcbcbcbcbcbcbcbcbcbcbcbc'
53	b'bcbcbcbcbcbcbcbcbcbc206831f06e2069e9009e206824401ebcbcbcbcbcbcbcbcbcbcbcbcbcbcbcbcbcbcbcbcbcbcbcbcbcbcbcbcbcbcbcbcbcbcbcbcbc2068'
54	b'bcbcbcbcbcbc2068bcbc20688f80fc20688f40bd206998002ebc206816801bbcbcbc20687440d7bcbcbcbcbcbcbcbcbcbcbcbcbcbcbcbcbcbcbcbcbcbcbcbcbc'
55	b'bcbcbcbcbcbcbcbcbcbc206800f0ab20696e0077bcbcbcbcbc2068e200d220686ec0d2bcbcbcbcbcbcbcbcbcbc2068ca4075206883805dbcbcbcbcbcbcbcbcbc'
56	b'bcbcbcbcbcbcbcbcbcbc2068c05090206854404d20691f00c220689a4053bcbcbcbcbcbcbcbcbcbcbcbcbcbcbcbcbcbcbcbcbcbcbc206854c08abc20680b40cb'
57	b'c08abc20680b40cbbcbc2068e4708e2069da00112068c880f3bcbcbcbcbcbcbcbcbcbcbcbcbcbcbcbcbcbcbcbcbcbcbcbcbcbcbcbcbcbcbcbcbcbcbcbcbcbcbc'
58	b'bcbcbcbcbcbcbcbcbcbc206818806320698900e920682380dd20685630bfbcbcbc206825c0c0bcbcbcbcbcbcbcbcbcbcbcbcbcbcbcbc2068334046bcbcbcbcbc'
59	b'334046bcbcbcbcbcbcbc206879e0e82069a4001e2068972038bcbcbcbcbcbcbcbcbcbcbcbcbcbcbcbcbcbcbcbcbcbcbcbcbcbcbcbc20688d807fbcbcbcbcbcbc'
60	b'807fbcbcbcbcbcbcbcbc2068c990432069fe000d2068854016bcbcbcbcbcbcbcbcbcbcbcbcbcbcbcbcbcbcbcbcbcbcbcbcbcbcbcbcbcbcbcbcbcbcbcbcbcbcbc'
61	b'bcbcbcbcbcbcbcbcbcbc20682d50ee206969006e20687d407dbcbcbcbcbcbcbcbcbcbcbcbcbcbcbcbcbcbcbcbcbcbcbcbcbcbcbcbcbcbcbcbcbcbc2068092015'
62	b'bcbcbc2068092015bcbc20685440672069690074bc20682f4062bcbcbc2068cba02bbcbcbcbcbcbcbcbcbcbcbcbcbc2068d1c065bcbcbc2068764048bcbcbcbc'
63	b'68764048bcbcbcbcbcbc2068c5f00420697d00c7bcbcbc2068e7409bbc206861c02ebcbcbcbcbcbcbcbcbcbcbcbcbcbcbcbcbcbcbcbc20689750f2bcbcbcbcbc'
64	b'9750f2bcbcbcbcbcbcbc20689d603e206905002bbcbcbcbcbcbcbcbcbcbcbcbcbcbcbcbcbcbcbc20687940d9bcbcbc20688180bf2068bfa0b92068bf60bcbcbc'
65	b'b92068bf60bcbcbcbcbc2068dfd022206959004bbcbcbcbcbcbcbcbcbcbcbcbcbcbcbcbcbcbcbcbcbcbcbcbcbcbcbcbcbcbcbcbcbc206851402cbcbcbcbcbcbc'
66	b'402cbcbcbcbcbcbcbcbc2068ebb096206918002abcbcbcbcbcbcbcbcbcbcbcbcbcbcbcbcbcbcbcbcbcbcbc20687c809b20689d802bbcbcbcbcbcbcbcbcbcbcbc'
67	b'bcbcbcbcbcbcbcbcbcbc2068eb70c62069a180d0bc2068b780c72068ea40cdbcbcbc206862c05cbcbcbcbcbcbcbcbcbcbcbcbcbcbcbcbcbcbc2068f1c0302068'
68	b'bc2068f1c0302068bcbc2068f1c03c2069ca006820680440b3bcbcbcbcbcbcbcbcbcbcbcbcbcbcbcbcbcbcbcbcbcbcbcbcbcbcbcbcbcbcbcbcbcbcbcbcbcbcbc'
69	b'bcbcbcbcbcbcbcbcbcbc20689960e920680b409e20697b8020bcbcbcbcbcbcbcbcbcbcbcbcbcbcbcbcbcbcbcbcbcbcbcbcbcbcbcbcbc2068f7c018bcbcbcbcbc'
70	b'f7c018bcbcbcbcbcbcbc206891e06d20697f009cbcbcbcbcbcbcbcbcbcbcbcbcbcbcbcbcbcbcbcbcbcbcbcbcbcbcbcbcbcbcbcbcbcbc2068d2c0002068c3c00b'
71	b'd2c0002068c3c00bbcbc20685ab00e2069c00091bcbcbcbcbcbcbcbcbcbcbcbcbcbcbcbcbcbcbcbcbcbcbcbcbcbcbcbcbcbcbcbcbcbcbcbcbcbcbcbcbcbc2068'
72	b'bcbcbcbcbcbc2068bcbc2068d5001920699b003520680fc078bcbcbcbcbc206881c0bdbcbcbcbcbcbcbcbcbc2068d7c0b52068aac0cabcbcbcbcbcbcbcbcbcbc'
73	b'bcbcbcbcbcbcbcbcbcbc20680110482068b9409220696b0039bcbcbcbcbcbcbcbcbcbcbcbcbcbcbcbcbcbc2068b5409dbcbcbcbcbcbcbcbcbcbcbcbc2068aac0'
74	b'bcbcbcbc2068aac0bcbc2068f9f0b52069290022206854c0792068b340cabcbcbcbcbcbcbcbcbcbcbcbcbcbcbcbcbcbc206828c03cbcbcbcbcbcbcbcbcbcbcbc'
75	b'bcbcbcbcbcbcbcbcbc20681340e22068d970be2069bf00f1bcbcbcbcbcbcbcbcbcbcbcbcbcbcbcbcbcbcbcbcbcbcbcbcbcbcbcbcbcbcbcbcbcbcbcbcbcbcbcbc'
76	b'bcbcbcbcbcbcbcbcbcbc2068e630fa20693c0065bcbc2068d04012bcbcbcbc2068df40b3bcbcbcbcbcbcbcbcbcbcbcbcbcbcbcbcbcbcbcbcbc2068798021bcbc'
77	b'bc2068798021bcbcbcbc2068ebf0122069d20095bcbcbcbcbcbcbcbcbcbcbcbcbcbcbcbcbcbc2068484021bc2068ad80edbcbcbcbcbcbcbcbcbcbcbcbcbcbcbc'
78	b'bcbcbcbcbcbcbcbcbcbc20682080bc2069ad0075bc2068544033bcbcbcbcbcbcbcbcbcbcbcbcbcbcbcbcbcbcbcbcbcbcbcbcbcbcbcbcbcbcbc2068a3409fbcbc'
79	b'bc2068a3409fbcbcbcbc206840403220694000bebcbcbc2068ee40e3bcbcbcbcbcbcbc20682540babcbcbcbcbcbcbcbcbcbcbcbcbcbcbcbcbcbcbcbcbcbcbcbc'
80	b'bcbcbcbcbcbcbcbcbcbc20682e807c206869c038bcbcbcbc2068d5407ebcbcbcbcbcbcbcbcbcbcbc20681a80cabcbcbcbcbcbcbcbcbcbcbcbcbcbcbcbcbcbcbc'
81	b'bcbcbcbcbcbcbcbcbcbc20689020412068902093206944008abcbcbc20684dc068bcbcbcbcbcbcbcbcbcbcbcbcbcbcbcbcbcbcbcbcbcbcbcbcbcbcbcbcbcbcbc'
82	b'bcbcbcbcbcbcbcbcbc607a4083206886601d20694000252068ee4041bcbc2068268050bcbcbcbcbcbcbcbcbcbc2068f74059bcbcbcbcbcbcbcbcbcbcbc2068f1'
83	b'bcbcbcbcbc2068f1bcbc20680660df20694000c5bcbcbcbcbcbcbcbcbcbcbcbcbcbcbcbcbcbcbcbcbcbcbcbcbcbcbcbcbcbcbcbcbcbcbcbcbcbcbcbcbcbcbcbc'
84	b'bcbcbcbcbcbcbcbcbcbc2068c300df20693c009dbc20684840fcbcbcbcbcbcbcbcbcbcbcbcbcbcbcbcbcbcbcbcbcbcbcbcbcbcbcbcbcbcbcbcbc2068d3c02cbc'
85	b'bcbc2068d3c02cbcbcbc2068ab903a2069f400182068d8405dbc206826c010bcbcbcbcbcbcbcbcbcbcbcbcbcbcbcbcbcbcbcbcbcbcbcbcbcbcbcbcbcbc20683b'
86	b'bcbcbcbcbc20683bbcbc20681a703d2069a6007420686f40122068fb4025bcbcbcbcbcbcbcbcbcbcbcbcbcbcbcbcbcbcbcbcbcbcbcbcbcbcbcbcbcbcbcbcbcbc'
87	b'bcbcbcbcbcbcbcbcbcbc2068e0506520694b00ebbcbcbcbcbcbcbcbcbcbcbcbcbcbcbcbcbcbcbcbcbcbcbcbcbcbcbcbcbcbcbcbc206877c0c5bcbcbc20687d00'
88	b'c5bcbcbc20687d00bcbc20682360662069c4001d2068fa40ab2068cb4077bcbcbcbcbcbcbcbcbcbcbcbcbcbc20681880cebcbcbcbcbcbcbcbcbcbcbcbcbcbcbc'
89	b'bcbcbcbcbcbcbcbcbcbc2068e090b520692700c920682fc039bcbcbcbcbcbcbc2068a580d1bcbcbcbcbcbcbcbcbcbcbcbcbcbcbcbcbcbcbcbcbcbcbcbcbcbcbc'
90	b'bcbcbcbcbcbcbcbcbcbc20680640f520694800da20681e406abcbcbc206819c02abcbcbcbcbcbcbcbcbcbcbcbcbcbcbcbcbcbcbcbcbcbcbcbcbcbcbcbcbcbcbc'
91	b'bcbcbcbcbcbcbcbcbcbc20680ed0bd2069ea00be2068224009bcbcbcbcbc206879407dbcbcbcbcbcbcbc206807807ebcbcbcbcbcbcbcbcbc2068624068bcbcbc'
92	b'2068624068bcbcbcbcbc206819106b20695c0072bcbcbcbcbcbcbc20686ec050bcbcbcbcbcbcbcbcbcbcbcbcbcbcbcbcbcbcbcbcbcbcbcbcbc2068ce8055bcbc'
93	b'bc2068ce8055bcbcbcbc2068cb003820693300c2bcbcbcbcbc206803404920680480a3bcbcbcbcbcbcbcbcbcbcbcbcbcbcbc20683c4065bcbcbcbcbcbcbcbcbc'
94	b'bcbcbcbcbcbcbcbcbcbc20685d701a2069850007bc206806b0f8bcbcbcbcbcbcbcbcbcbcbcbcbcbcbcbcbcbcbcbcbcbcbcbcbcbcbcbc2068fd40b3bcbcbcbcbc'
95	b'fd40b3bcbcbcbcbcbcbc2068e9000320698d0071bcbc2068a78073bcbcbcbcbcbcbcbcbcbcbcbcbcbcbcbcbcbcbcbcbcbcbcbcbcbcbcbcbcbcbcbcbcbcbcbc20'
96	b'bcbcbcbcbcbcbc20bcbc206895803820692a00b620684b400fbcbcbcbcbcbcbcbcbcbcbc2068de409120688b20a9bcbcbcbcbcbcbcbcbcbcbcbcbcbcbcbcbcbc'
97	b'bcbcbcbcbcbcbcbcbcbc206891a0532069db00f52068544018bcbcbcbcbcbcbcbcbcbcbcbcbcbcbcbcbcbcbcbcbcbcbcbcbcbcbcbcbcbcbcbcbcbcbcbcbcbcbc'
98	b'bcbcbcbcbcbcbcbcbcbc206894304d2069f100dabcbcbcbcbcbcbcbcbcbcbcbcbcbcbcbcbcbcbcbcbcbcbcbcbcbcbcbcbcbcbcbcbcbcbcbcbcbcbcbcbc2068d1'
99	b'bcbcbcbcbc2068d1bcbc2068d2b0892069f10051bcbcbcbcbcbcbcbc2068b7409dbcbcbcbcbc2068cf408ebcbcbcbcbc2068ff40d3bc206821401ebcbcbcbcbc'
100	b'21401ebcbcbcbcbcbcbc2068d960512069c40011bcbcbcbcbc206873c0ddbcbcbcbcbcbcbcbcbcbcbcbcbcbcbcbcbcbcbcbcbcbcbcbcbcbcbcbcbcbcbcbcbcbc'
101	b'bcbcbcbcbcbcbcbcbcbc2068cdb0352069c400542068658079bcbc2068674027bcbc20685940b8bcbc20688640c7bcbcbcbcbcbcbcbcbcbcbcbcbcbcbcbcbcbc'
102	b'bcbcbcbcbcbcbcbcbcbc20687c60dd20698800462068e440ba2068238066bcbc20687940de2068d0c088bcbcbcbc20681fc04f206862807fbcbcbcbcbcbcbcbc'
103	b'bcbcbcbcbcbcbcbcbcbc20687240422069e20017bcbcbcbcbcbcbcbc2068d840ccbcbcbcbcbcbcbcbcbcbcbcbcbcbcbcbcbcbcbcbcbcbcbcbc206877c0b22068'
104	b'bc206877c0b22068bcbc2068af60072069d900fcbcbcbcbcbcbcbcbcbcbcbcbcbcbcbcbc2068e3400bbcbcbcbcbcbcbcbcbcbcbcbcbcbcbcbcbcbcbcbcbcbcbc'
105	b'bcbcbcbcbcbcbcbcbcbc2068d420c920697b80282068e5c0a520680a20cfbcbcbcbcbcbc2068b3c01abcbcbcbcbcbcbcbcbcbc2068aa40d920687d8059bcbcbc'
106	b'20687d8059bcbcbcbcbc20686500582069d00072bcbcbcbcbcbcbcbc2068334099bcbcbcbcbcbcbcbcbcbcbcbcbcbcbcbcbcbcbcbcbcbcbcbcbcbcbcbcbcbc20'
107	b'bcbcbcbcbcbcbc20bc2068f660d620682340202069d680c1bcbcbcbcbcbcbcbcbcbcbcbcbcbcbcbcbcbcbcbcbcbcbcbcbcbcbcbcbc2068d64013bcbcbcbcbcbc'
108	b'4013bcbcbcbcbcbcbcbc20683210972069520079bcbcbcbcbcbcbcbcbcbcbcbcbcbcbcbcbcbcbcbcbcbcbcbcbcbcbcbcbcbc20686d401e20686da0d4bcbcbcbc'
109	b'686da0d4bcbcbcbcbcbc20685190292069f8003620681d408c2068f480b5bcbcbcbcbcbcbcbcbcbc2068ddc00fbcbcbcbcbc20687dc0d4bcbcbcbcbcbc206843'
110	b'bcbcbcbcbc206843bc80c0c02068d320dd206937808420688a8093bcbcbcbcbcbcbcbcbcbcbcbcbcbcbc2068d640fabc206818406a2068d14021bcbcbcbcbcbc'
111	b'4021bcbcbcbcbcbcbcbc2068a6a017206937009cbcbcbcbcbcbcbcbcbcbcbcbcbcbcbcbcbcbcbcbcbcbcbcbcbcbcbcbcbcbcbcbcbcbcbcbcbc206842c0922068'
112	b'bc206842c0922068bcbc2068e1600c2069b70089bcbcbcbcbcbcbcbcbcbcbcbcbcbcbcbcbcbcbcbcbcbcbc2068a340e7bcbcbcbcbcbcbcbcbcbcbcbcbcbcbcbc'
113	b'bcbcbcbcbcbcbcbcbcbc206800d06c2069b700be2068ed407c206898402ebcbcbcbcbcbcbcbcbcbcbcbcbcbcbcbcbcbcbcbcbcbcbcbcbcbcbcbcbcbcbcbcbcbc'
114	b'bcbcbcbcbcbcbcbcbcbc20684560cc2069b700802068a4c0c12068bf4000bcbcbcbcbcbc2068f8c040bcbcbcbcbcbcbcbcbcbcbcbcbcbcbcbc2068bca02dbcbc'
115	b'bc2068bca02dbcbcbc604f40022068de604e2068de001820684580122069b700ecbcbcbcbcbcbcbcbcbcbcbcbcbc2068ca4084bcbcbcbcbcbcbcbcbcbcbc2068'
116	b'bcbcbcbcbcbc2068bcbc206849701e20697e009620681f4087bc20680c80f1bcbcbcbcbcbcbcbcbcbcbcbcbcbcbcbcbcbcbcbcbcbcbcbcbcbcbcbcbcbcbcbcbc'
117	b'bcbcbcbcbcbcbcbcbcbc2068fb00362069f20006bcbcbcbcbcbcbcbcbcbcbcbcbcbcbcbcbcbcbcbcbcbcbcbcbc2068b0c0c5bcbcbcbcbcbcbcbcbc2068fe403d'
118	b'bcbcbc2068fe403dbcbc20689e401920696800f4bcbc2068cb400b20680a40e720684bc0b4bcbcbcbcbcbcbcbcbcbcbcbcbcbcbcbcbcbcbcbcbcbcbcbcbcbc20'
119	b'bcbcbcbcbcbcbc20bcbc2068f6c06a60f6c06a206811c0f72068e020e020689b402fbcbcbcbcbcbcbcbcbcbcbcbcbcbcbcbcbcbcbcbcbcbcbcbcbcbcbcbcbcbc'
120	b'bcbcbcbcbcbcbcbcbcbc2068fc80bb20696500febcbcbcbcbc206859c084bcbcbcbcbcbcbcbcbcbcbcbcbcbcbcbcbcbcbcbcbcbcbcbcbcbcbcbcbcbcbcbc2068'
121	b'bcbcbcbcbcbc2068bcbc2068e9200e20698300a2bcbcbcbcbcbcbcbcbcbcbcbcbcbcbcbcbcbcbcbcbcbcbcbcbcbcbcbcbcbcbcbc20689e405a2068e320f92068'
122	b'5a2068e320f92068bc00209820686880fe20689240032069830070bcbcbcbcbcbcbcbcbc2068014011bcbcbcbcbcbcbcbcbcbcbcbcbcbcbcbc206885c0e8bcbc'
123	b'bc206885c0e8bcbcbcbc206809f06c20698300b1bcbcbcbcbcbcbcbcbcbc2068180005bcbc2068134057bcbcbcbcbcbcbcbcbcbcbcbcbcbcbcbcbcbcbcbcbcbc'
124	b'bcbcbcbcbcbcbcbcbc2068d5c02b20693d00f520683ec093bcbcbcbcbcbcbcbcbcbcbc2068b180f6bcbcbcbcbcbcbcbcbcbcbcbcbcbcbcbcbcbcbcbcbcbcbcbc'
125	b'bcbcbcbcbcbcbcbcbcbc206850a0822069200073bcbcbcbcbcbcbcbcbcbcbcbcbcbcbcbcbcbc2068da80f22068b940f320687bc061bcbcbcbc2068624096bcbc'
126	b'bc2068624096bcbcbcbc20683b50522069b30033bcbcbcbcbcbcbcbcbcbcbcbcbcbcbc2068748007bcbcbcbcbcbcbcbcbcbc2068ed8006bcbcbcbcbcbcbcbcbc'
127	b'bcbcbcbcbcbcbcbcbcbc20684c104e2069620001bcbcbc206801001bbcbcbcbcbcbcbcbcbcbcbcbcbcbc2068a2c049bcbcbcbcbcbcbcbcbcbcbcbcbcbcbcbcbc'
128	b'bcbcbcbcbcbcbcbcbcbc2068ba10532069ce0057bcbcbc2068b4c0b2bcbcbcbcbcbc206822405cbcbc206880c06e20681640a3bcbcbcbcbcbcbcbcbcbcbcbcbc'
129	b'bcbcbcbcbcbcbcbcbcbc206823401f206860404f2068528069206840801e20682e40342069ce0021bcbcbcbcbcbcbcbcbcbcbcbcbcbcbcbcbcbcbcbcbcbcbcbc'
130	b'bcbcbcbcbcbcbcbcbc2068f060f5206929003abcbcbcbcbcbcbcbcbcbcbcbcbcbcbcbcbcbcbcbcbcbcbcbc2068454062bcbcbcbcbcbcbcbcbcbcbcbcbcbcbcbc'
131	b'bcbcbcbcbcbcbcbcbcbc2068a270652069290009bcbcbcbcbcbcbcbcbcbcbcbcbcbcbcbcbcbcbcbcbc20683dc0e9bcbcbcbc2068854081bcbcbcbcbcbcbcbcbc'
132	b'bcbcbcbcbcbcbcbcbcbc20685b70672069ba0055206863808320682f4008bcbcbcbcbcbcbcbcbcbcbcbcbcbcbcbcbcbcbcbcbcbcbcbcbcbc20680e4065bcbcbc'
133	b'20680e4065bcbcbcbc202068ea50a020698f00ebbcbcbcbcbc20682d800fbcbcbcbcbcbcbcbcbcbc2068b840bebcbcbcbcbcbcbcbcbcbcbcbcbcbcbcbcbcbcbc'
134	b'bcbcbcbcbcbcbcbcbcbc2068b3b0ad206973004e20682540062068b4c0c6bcbcbcbcbcbcbcbcbcbcbcbcbcbcbc206815c0c8bcbcbcbcbc206825c0f620691500'
135	b'6825c0f620691500bcbc20689de009206909804cbcbcbcbcbcbcbcbcbcbcbcbcbcbcbcbcbcbcbcbcbcbcbcbcbcbcbc2068bac094bcbcbc206864407bbcbcbcbc'
136	b'6864407bbcbcbcbcbcbc206865f02520693900222068d040acbcbc2068e080a5bcbcbc2068f340b520681cc094bcbcbcbcbcbcbcbcbcbcbcbcbcbcbcbcbcbcbc'
137	b'bcbcbcbcbcbcbcbcbcbc2068dc408f60dc408f2068f3c084bcbcbc2068e040e4bcbcbcbcbcbcbcbcbcbcbcbcbcbc2068844022bcbcbcbcbcbcbcbcbcbcbcbcbc'
138	b'bcbcbcbcbcbcbcbcbcbc20685db06d2069bd00fcbcbcbcbcbcbcbc20683620e0bcbcbcbcbcbcbcbcbcbcbcbc2068d4c061bcbc206880c089bcbcbcbcbcbcbcbc'
139	b'bcbcbcbcbcbcbcbcbcbc2068bb707e20690e000c2068ef4012bcbcbcbcbcbc2068cd40aebcbcbcbcbcbcbcbcbcbc20682280e6bcbc20687b409dbcbcbcbcbcbc'
140	b'409dbcbcbcbcbcbcbcbc2068d4e0a6206953007920682e40a1bcbcbcbcbcbcbcbcbcbcbcbcbcbcbcbcbcbcbcbcbcbcbcbcbc20688b2009bcbcbcbcbcbcbcbcbc'
141	b'bcbcbcbcbcbcbcbcbcbc20684d406520695d0081bcbcbcbcbcbcbcbcbcbcbcbcbcbc206813c019bcbcbcbcbcbcbc20685f40f92068ca4017bcbcbcbcbcbcbcbc'
142	b'bcbcbcbcbcbcbcbcbcbc2068a0c04b20693f00eabcbcbcbcbcbcbcbcbcbcbcbcbcbcbcbcbcbcbcbcbcbcbcbcbcbc20682d409520682dc0692068f8807dbcbcbc'
143	b'2068f8807dbcbcbcbcbc20683f80ad20693200462068af40ccbcbcbcbcbcbcbcbcbcbcbc2068a440a1bcbcbcbcbcbcbcbcbcbcbcbcbcbcbcbcbcbcbcbcbcbcbc'
144	b'bcbcbcbcbcbcbcbcbcbc206871003020698700e3bcbcbcbcbcbcbcbcbcbcbcbcbc2068c88065bcbcbcbcbcbcbcbcbcbcbcbcbcbcbcbcbcbc2068968063bcbcbc'
145	b'2068968063bcbcbcbcbc206830a05d20698a00f9bcbcbcbcbcbcbcbcbcbcbcbcbcbcbcbcbcbcbcbcbcbcbcbcbcbcbcbcbcbcbcbcbcbc2068b9400bbcbcbcbcbc'
146	b'b9400bbcbcbcbcbcbcbc206835c05020695c0049bcbcbcbcbcbcbc206811800120680740e5bcbcbcbcbcbcbcbcbcbcbcbcbc2068a340ef2068324089bcbcbcbc'
147	b'68324089bcbcbcbcbcbc20687d500c2069fc0024bcbcbcbcbcbc20689c401cbcbcbcbcbcbcbcbcbcbcbcbcbcbcbcbcbcbcbcbcbcbcbcbcbcbc206846407cbcbc'
148	b'bc206846407cbcbcbcbc2068c6509c2068c650eb206863c0942069fc000ebcbcbcbcbcbcbcbcbcbcbcbcbcbcbcbcbcbcbcbcbcbcbcbcbcbcbcbcbcbcbcbcbcbc'
149	b'bcbcbcbcbcbcbcbcbcbc20681810432069410036bcbcbcbcbcbcbcbcbcbcbcbc20683f40dabcbcbcbcbcbcbcbcbcbcbcbcbcbcbcbcbcbcbcbcbcbcbcbcbcbcbc'
150	b'bcbcbcbcbcbcbcbcbcbc2068fb20e620696500772068714084bcbcbcbcbcbcbcbcbcbcbcbcbcbcbcbcbcbcbcbcbcbc2068a94026bcbcbcbcbcbcbcbcbcbcbcbc'
151	b'bcbcbcbcbcbcbcbcbcbc2068c6408920694200a1bcbcbcbcbcbcbcbcbcbcbcbcbcbcbcbcbcbcbcbcbcbcbc2068df406fbcbcbcbcbcbcbc2068428038bcbcbcbc'
152	b'68428038bcbcbcbcbcbc2068dbb01abcbcbcbcbcbcbcbcbcbcbcbcbcbcbcbcbcbcbcbcbcbcbcbcbcbcbcbcbcbcbcbcbcbcbcbcbcbcbcbcbcbcbcbcbcbcbcbcbc'
153	b'bcbcbcbcbcbcbcbcbcbc206889d0dd2069070047bcbcbcbcbc2068c820bcbcbcbcbcbcbcbcbcbcbc206869c0cebcbcbcbcbcbcbcbcbcbcbcbcbcbcbcbcbcbcbc'
154	b'bcbcbcbcbcbcbcbcbcbc2068b2205220698f8046bcbcbcbcbcbcbcbcbcbcbcbcbcbcbcbcbcbcbcbcbcbcbcbcbcbcbcbcbcbcbcbcbcbcbcbcbcbcbcbcbcbcbcbc'
155	b'bcbcbcbcbcbcbcbcbcbc20681fa04220698f0011bcbcbcbcbcbcbcbcbcbcbcbcbcbcbcbcbcbcbcbcbc20683f4081bcbc20685540c5bcbcbcbcbcbcbcbc206890'
156	b'bcbcbcbcbc206890bc2068fa10292069b40057bcbcbcbcbcbcbcbcbcbcbcbcbcbcbcbcbcbcbcbcbcbcbcbcbcbcbcbcbcbcbcbcbcbcbcbcbcbcbcbcbcbc206842'
157	b'bcbcbcbcbc206842bcbc20686ab07320690c0078bcbcbcbcbcbcbcbcbcbcbcbcbcbcbcbcbcbcbcbcbcbcbc2068a940e6bcbcbcbcbcbcbcbcbcbcbcbcbcbcbcbc'
158	b'bcbcbcbcbcbcbcbcbc2068f340102068ac003c206977009520685ec075bcbcbcbcbcbcbcbcbcbcbcbcbcbcbcbcbcbcbcbcbcbcbcbcbcbcbcbcbcbcbcbcbc2068'
159	b'bcbcbcbcbcbc2068bcbc206892f0b82069ae00e6bcbcbcbcbcbcbcbcbcbcbcbcbcbcbcbcbcbcbcbcbcbcbcbcbc20683a40f3bcbcbcbcbcbcbcbcbcbcbcbcbcbc'
160	b'bcbcbcbcbcbcbcbcbcbc2068ad60b920696000e12068f280dbbcbcbcbcbcbcbcbcbcbc2068f2c002bcbcbc2068584045bcbcbcbcbcbcbcbcbcbcbcbcbcbcbcbc'
161	b'bcbcbcbcbcbcbcbcbcbc206881b00520696000babcbc20682c2022bcbcbcbcbcbcbcbcbc206849a04cbcbcbcbcbcbcbcbcbcbcbcbcbc206816201cbcbcbc2068'
162	b'16201cbcbcbc2068bcbc2068dc00022069cf0059bcbc20683bc008206896c08cbcbcbcbcbcbcbcbcbcbcbcbcbcbcbcbc20682ec018bcbcbcbcbcbcbcbcbcbcbc'
163	b'bcbcbcbcbcbcbcbcbcbc206873f0f12069cf00022068000095bcbcbc20685440f1206871c04abcbcbcbcbcbc2068db40c6bcbcbcbcbcbcbcbcbcbcbcbcbcbcbc'
164	b'bcbcbcbcbcbcbcbcbcbc20683010f42069d5009ebcbcbcbcbcbcbcbcbcbcbc206810c008bcbcbcbcbcbcbcbc20686240322068b3406bbcbcbcbcbcbc20688f80'
165	b'bcbcbcbc20688f80bcbc2068d860cb20693b00ed2068b24093bcbcbcbcbcbcbcbcbcbcbcbcbcbcbcbcbc206841c0eabcbcbcbcbcbcbcbcbcbcbcbcbcbcbcbcbc'
166	b'bcbcbcbcbcbcbcbcbcbc20689c500920693b0022bcbcbcbcbcbc2068b4c0142068b4a0982069b40098bcbcbcbcbcbcbcbcbcbcbcbcbcbcbcbcbcbcbcbcbcbcbc'
167	b'bcbcbcbcbcbcbcbcbcbc20681ed0de2069b4000c2068de804a2068cd4073bcbcbcbcbcbcbcbcbc20689e4029bcbcbcbcbcbcbcbcbcbcbcbcbcbcbcbcbcbc2068'
168	b'bcbcbcbcbcbc2068bcbc2068d3e0ed2069c28018bcbcbcbcbcbcbcbcbcbc2068066008bc2068c7c060bcbcbcbcbcbcbcbc2068fc00e9bcbcbcbcbcbcbcbcbcbc'
169	b'bcbcbcbcbcbcbcbcbcbc20684f20d22068ed40c42069ac00d92068ba4088bcbcbcbcbcbcbc206824c040bcbcbcbcbcbcbcbcbcbcbcbcbcbcbc206898c0e8bcbc'
170	b'bc206898c0e8bcbcbcbc2068b950fa2069d800b7bcbcbcbcbcbcbcbcbcbcbc2068e04022bcbcbc2068d3c030206802404fbcbcbcbcbcbcbcbcbcbcbcbcbcbcbc'
171	b'bcbcbcbcbcbcbcbcbcbc206871e0df20697c003abcbcbcbcbcbcbcbcbc206860c064bcbcbcbcbcbcbcbcbcbcbcbcbcbcbcbcbcbcbcbcbcbcbcbcbcbcbcbc2068'
172	b'bcbcbcbcbcbc2068bcbc20682e00d020696a0036bcbcbcbcbc20680940dabcbcbcbcbcbcbcbcbcbcbc20688440f9bcbcbcbcbcbcbcbcbcbcbcbcbcbcbcbcbcbc'
173	b'bcbcbcbcbcbcbcbcbcbc20688fe07c206966000e206852504f2068cce0c7bc2068c4402dbcbcbcbcbcbcbcbcbcbcbcbcbcbcbcbcbcbcbcbcbcbcbcbcbcbcbcbc'
174	b'bcbcbcbcbcbcbcbcbcbc2068f680212069ae00fa20682900dfbcbcbcbcbcbcbcbcbcbcbcbcbcbcbcbcbcbcbcbcbcbcbcbcbcbcbcbcbcbcbcbcbcbcbcbcbcbcbc'
175	b'bcbcbcbcbcbcbcbcbcbc2068e4a01a2069a40031bcbcbcbcbcbcbcbcbcbcbcbcbcbcbcbcbcbcbcbcbcbcbcbcbc2068db4052bcbcbcbcbcbcbcbcbcbcbcbcbcbc'
176	b'bcbcbcbcbcbcbcbcbcbc20688cc0db206970000ebcbcbcbcbcbcbcbcbcbcbcbcbcbcbcbcbcbcbcbcbcbcbcbcbcbcbcbcbcbcbcbcbcbcbcbcbcbc2068d8405cbc'
177	b'bcbc2068d8405cbcbcbc20685ee05720699500b6bcbcbcbcbcbcbcbcbcbcbcbcbcbcbcbcbcbcbcbcbcbcbcbcbcbcbc20687240ee20683140b92068974093bc20'
178	b'b92068974093bc20bc206995006a206875607fbcbcbcbcbcbcbc2068a3c046bcbcbcbcbcbcbcbcbcbcbcbcbcbcbcbcbcbcbcbcbcbcbcbcbcbc20689f2040bcbc'
179	b'bc20689f2040bcbcbcbc2068c960c22069fa004e20688240c5206868400fbcbcbcbcbcbcbcbcbcbcbcbcbcbcbcbcbcbcbcbcbcbcbcbcbcbcbcbcbcbcbcbcbcbc'
180	b'bcbcbcbcbcbcbcbcbcbc2068e8f0ce2069a50057bcbcbcbc20685c40fd20681e4039bcbcbcbcbcbcbcbcbcbcbcbcbcbcbcbcbcbcbcbcbcbcbcbcbcbcbcbcbcbc'
181	b'bcbcbcbcbcbcbcbcbcbc2068a190e920694500eabcbcbcbcbcbcbcbcbcbcbcbcbcbcbcbcbcbcbcbcbcbcbcbcbcbcbcbcbcbcbcbcbc2068f8c0d0206829c0ecbc'
182	b'c0d0206829c0ecbcbcbc20682ca0bb2069c5008e2068e640f7bcbcbcbcbcbc206837008ebcbcbcbcbcbcbcbcbcbcbcbcbcbcbcbcbcbcbcbcbcbcbcbc20689b40'
183	b'bcbcbcbc20689b40bcbc2068bbc0eb20699d009dbcbcbcbcbcbcbcbc20686a20c8bcbcbcbcbcbcbcbcbcbcbcbcbcbcbcbcbcbcbcbcbcbcbcbcbcbcbcbcbcbcbc'
184	b'bcbcbcbcbcbcbcbcbcbc2068c340fb206846802c20692800db2068f6c0b5bcbcbcbcbcbcbcbcbcbcbcbcbcbcbc2068a540c4bcbcbcbcbcbcbcbcbcbcbcbcbcbc'
185	b'bcbcbcbcbcbcbcbcbcbc2068be90e32069cf0095bcbcbcbcbcbcbcbcbcbcbcbcbcbcbcbcbcbcbcbcbcbcbcbcbcbc2068fb80bdbcbcbcbcbcbcbcbcbcbcbcbcbc'
186	b'bcbcbcbcbcbcbcbcbcbc20682000092069a000412068fbc042bcbcbcbcbcbcbcbcbcbcbcbcbcbcbcbcbcbcbcbcbcbcbcbcbcbcbcbcbcbcbcbcbcbcbc2068f140'
187	b'bcbcbcbc2068f140bcc0a420688030402069a0007bbcbcbcbcbcbc2068b18028bcbcbcbcbcbcbcbc2068b3c092bcbcbcbcbcbcbcbcbcbcbcbcbcbcbcbcbcbcbc'
188	b'bcbcbcbcbcbcbcbcbcbc206889a01a20694800312068244014bc2068ac4092bcbcbcbcbcbcbcbcbcbcbcbcbcbcbcbcbcbcbc2068a9c06cbcbcbc2068fa4048bc'
189	b'bcbc2068fa4048bcbcbc20687d7091607d70912068e9c044206820c04e2069a000c4bcbcbcbcbcbcbcbcbcbcbcbcbcbcbc2068ec801cbcbcbc206840c073bcbc'
190	b'bc206840c073bcbcbcbc206881b0bd2069b40068bcbcbcbcbcbcbcbc2068594019bcbcbcbcbcbcbcbcbcbcbcbcbcbcbcbcbcbcbcbcbcbcbcbcbcbcbcbcbcbcbc'
191	b'bcbcbcbcbcbcbcbcbcbc20687dd02020692a008abcbc206847803fbcbcbcbcbcbcbcbcbcbcbcbcbcbcbcbc20686fc0b1bcbcbcbcbcbcbcbcbcbcbcbcbcbcbcbc'
192	b'bcbcbcbcbcbcbcbcbcbc20682ab00e2069a9004ebcbcbcbcbcbc20686680c5bcbcbcbcbcbcbc2068d1c00cbc2068b840c5bcbcbcbcbcbcbcbcbcbcbcbcbcbcbc'
193	b'bcbcbcbcbcbcbcbcbcbc20683cd0432069a900f82068c2409d2068f2c0c3bcbcbcbcbcbcbcbcbcbcbcbcbcbcbcbcbcbcbcbc20681bc008bcbcbcbcbcbcbcbcbc'
194	b'bcbcbcbcbcbcbcbcbcbc2068d2c0c120690400f1bcbcbc206850c0e4bcbcbcbcbcbcbcbcbcbcbcbcbcbcbcbc2068cac0152068caa0b3bc2068ca0088bcbcbcbc'
195	b'68ca0088bcbcbcbcbcbc20687980e0206997001ebcbcbcbcbcbcbcbcbcbcbcbc20685c804ebcbcbcbcbcbcbcbcbcbcbcbcbcbcbcbcbcbcbcbcbcbcbcbcbcbcbc'
196	b'bcbcbcbcbcbcbcbcbcbc206830c008206926000ebcbcbcbcbcbcbc20686f40ee2068dc40f8bcbcbcbcbcbcbcbcbcbcbcbcbcbcbcbcbcbcbcbcbcbcbcbcbcbcbc'
197	b'bcbcbcbcbcbcbcbcbcbc20681cd0dc20695400b1bc2068094043bcbcbcbcbcbcbcbcbcbcbcbcbcbcbc206865a0f7206954000cbcbcbcbcbcbcbcbcbcbcbcbcbc'
198	b'bcbcbcbcbcbcbcbcbcbc206898504a20693400c72068694042bcbcbcbcbcbcbcbcbcbcbcbcbcbcbcbcbcbcbcbc20689a80ed20683dc02fbcbcbcbcbcbcbcbcbc'
199	b'bcbcbcbcbcbcbcbcbcbc2068b4b09360b4b093206845c061bcbc20686080b620685cc0a0bcbcbcbcbcbcbcbcbcbcbc206850c08dbcbcbc20681b4049bcbcbcbc'
200	b'681b4049bcbcbcbcbcbc2068bbf0542069e500742068f640a2206828409a20688140ddbcbcbcbcbcbcbcbc2068074036bcbc2068f140e3bcbcbcbcbcbcbcbcbc'
201	b'bcbcbcbcbcbcbcbcbcbc206858802b20698500dfbcbcbcbcbcbcbcbcbcbcbcbcbcbcbc206875006720686740a620682940b6bcbcbcbcbcbcbcbcbcbcbcbcbcbc'
202	b'bcbcbcbcbcbcbcbcbcbc2068ad50022069b00066bcbcbcbcbcbcbcbcbcbcbcbc20686f40862068bc8006206851408fbc2068f1400fbcbcbcbcbcbcbcbc20684b'
203	b'bcbcbcbcbc20684bbcbc2068bfd0402069310002bcbcbcbcbcbcbcbc2068f04053bcbcbcbcbcbcbcbcbcbcbcbcbcbcbcbcbcbcbcbcbcbcbcbcbcbcbcbc20688e'
204	b'bcbcbcbcbc20688ebcbc20685a00852069670083bcbcbc2068a4c0fabcbcbcbcbcbcbcbcbcbc20686dc00cbcbcbcbcbcbcbcbcbcbcbcbcbcbcbcbcbcbcbcbc20'
205	b'bcbcbcbcbcbcbc20bcbc2068b320962069e300c720681920e9bcbcbcbcbcbc2068a440662068d580b1bcbcbcbcbcbcbcbcbcbc20682440d3bcbcbcbcbcbcbcbc'
206	b'bcbcbcbcbcbcbcbcbcbc206804e0c92069d100e9bcbcbcbcbcbc206803b04e2068f4808abcbcbcbcbcbcbcbcbcbcbc2068a040d5bcbcbcbcbcbcbcbcbcbcbcbc'
207	b'bcbcbcbcbcbcbcbcbcbc2068f0107c20690e003e20686e40f7bcbcbcbcbcbcbcbcbcbcbcbcbcbcbcbcbcbc2068e840a5bcbcbcbcbcbcbcbcbcbcbcbcbcbcbcbc'
208	b'bcbcbcbcbcbcbcbcbcbc2068acc0792069c3003cbcbcbcbcbc206887204dbcbcbcbcbcbcbcbcbcbcbcbcbcbc2068eb4089bcbcbcbcbcbcbcbc20686440ab2068'
209	b'bc20686440ab2068bcbc20683e00d42069c300a22068fdd058bcbcbcbcbcbcbcbcbcbcbcbcbcbcbcbcbcbcbcbcbcbcbcbcbcbcbcbcbcbcbcbcbcbcbcbcbcbcbc'
210	b'bcbcbcbcbcbcbcbcbcbc206890107f2069f0007ebcbcbcbcbcbcbcbc2068c080dfbcbcbcbcbcbcbcbc20683a8083bcbcbcbcbcbcbcbcbcbcbcbcbcbcbc20682a'
211	b'bcbcbcbcbc20682abcbc20688930b62069f00043bcbcbcbcbcbcbcbcbcbcbcbcbcbcbcbcbcbcbcbcbcbcbcbcbcbcbcbcbcbcbcbcbcbcbcbcbcbcbcbcbcbcbcbc'
212	b'bcbcbcbcbcbcbcbcbcbc20682400d220695300622068efc0a02068a140f62068ac40b3bcbcbcbcbcbcbcbcbcbcbcbcbcbcbcbcbcbcbcbcbcbcbcbcbcbcbcbcbc'
213	b'bcbcbcbcbcbcbcbcbc00406420601f20802069530000bcbcbcbcbcbcbcbcbcbcbcbcbcbcbcbcbcbcbc20683a20a72068234063bcbcbcbcbcbcbcbcbcbc2068d4'
214	b'bcbcbcbcbc2068d4bc80d12068636014206835807620692900eebcbcbcbcbcbcbcbcbcbcbcbcbcbc2068b680febcbcbcbcbcbcbcbcbcbcbcbcbcbcbcbcbc2068'
215	b'bcbcbcbcbcbc2068bcbc2068f5108260f510822068ed40762060f6c030bc206876c08cbcbcbcbcbcbcbcbcbcbcbcbcbcbcbcbcbcbcbcbcbcbcbc206840405ebc'
216	b'bcbc206840405ebcbcbc206889000220699e0019bcbcbcbcbcbcbcbcbcbcbcbcbcbcbcbcbcbcbcbcbcbcbcbcbcbcbcbcbc20681d40b32068df4041bcbcbcbcbc'
217	b'df4041bcbcbcbcbcbcbc206868f0ca206958006520681180d3bcbcbcbcbcbcbcbcbcbcbcbcbcbcbc206818c0652068a14020bcbcbcbcbcbcbcbcbcbcbcbcbcbc'
218	b'bcbcbcbcbcbcbcbcbcbc2068a7f0592069aa008cbcbcbcbcbcbcbcbcbcbcbcbcbcbcbcbcbcbcbcbcbcbcbcbc20687d8053bcbcbcbcbcbcbcbcbcbcbcbcbcbcbc'
219	b'bcbcbcbcbcbcbcbcbcbc2068e750712069db0069bcbcbcbcbcbcbcbcbcbcbcbcbcbcbcbcbcbcbcbcbcbcbcbcbcbcbcbcbcbcbcbcbcbcbcbcbcbcbcbcbcbcbcbc'
220	b'bcbcbcbcbcbcbcbcbcbc20687ea09d20690a0096bcbcbcbcbcbcbcbcbcbcbcbcbcbcbc2068e7405abcbcbcbcbcbcbcbcbcbcbcbcbcbcbcbcbcbcbcbcbcbcbcbc'
221	b'bcbcbcbcbcbcbcbcbcbc20686fb06f2069360006bcbcbcbcbcbcbcbcbc20685fc0c9bcbcbcbcbcbcbcbcbcbcbcbcbcbcbcbcbcbcbcbcbcbcbcbcbcbcbcbcbcbc'
222	b'bcbcbcbcbcbcbcbcbcbc2068549074206989809dbcbcbcbc2068a9805cbcbcbcbcbcbcbcbcbcbcbcbcbcbcbcbcbcbcbcbcbcbcbcbcbcbcbcbcbcbcbcbcbcbcbc'
223	b'bcbcbcbcbcbcbcbcbc8073206859a09f20698900dcbcbcbcbcbcbcbcbc20684fc067bcbcbcbcbcbcbcbcbcbcbcbcbc20684720b1bcbcbcbcbcbcbcbcbcbcbcbc'
224	b'bcbcbcbcbcbcbcbcbcbc20688be00c2069bd005520684240eb206867c09ebcbcbc2068384048bcbcbcbcbcbcbcbcbcbcbcbcbcbcbcbcbcbcbcbcbcbcbcbcbcbc'
225	b'bcbcbcbcbcbcbcbcbcbc2068a9b0fb206990006abcbcbcbcbcbcbcbcbcbcbcbcbcbcbcbcbcbcbcbcbcbcbcbcbcbc2068ebc020bcbcbcbcbcbcbcbcbcbcbcbcbc'
226	b'bcbcbcbcbcbcbcbcbcbc20689f203c20689f202e2069bf00e1bcbcbcbcbcbcbcbcbcbcbcbcbcbcbcbcbcbcbcbcbcbcbcbcbcbcbcbcbcbcbcbcbcbcbcbcbcbcbc'
227	b'bcbcbcbcbcbcbcbcbcbc20688f10bc2069c5006a20680100a5bcbcbcbcbcbcbcbcbcbcbcbc2068fd40dabcbcbcbcbcbcbcbcbcbcbcbcbcbcbc2068e3806fbcbc'
228	b'bc2068e3806fbcbcbcbc20682780912069c5002cbcbc2068bb402dbcbcbcbcbcbcbcbcbcbcbcbcbcbcbcbcbcbcbcbcbcbc2068b94010bcbcbcbcbcbcbcbcbcbc'
229	b'bcbcbcbcbcbcbcbcbcbc20683640532069ee00ddbcbcbcbcbcbcbc20689f80bb20680cc0972068404057bcbcbcbcbcbcbcbcbcbcbcbcbcbcbcbcbcbcbcbcbcbc'
230	b'bcbcbcbcbcbcbcbcbcbc206884d0172069ee0042bcbcbcbcbcbc2068aac045bcbcbcbcbcbcbcbcbcbcbcbcbcbcbcbcbcbcbcbcbcbcbcbcbcbcbc20681940bfbc'
231	b'bcbc20681940bfbcbcbc20689250d920694700debcbcbcbcbcbcbcbcbcbcbcbcbcbcbcbcbcbcbcbcbcbc20686a80cfbcbcbc20686a80cfbcbc8021206810402fbcbc206890c02120699000c2bcbcbcbcffffffffffffffffffffffffffffffffffffffffffffffffffffffffffffffffffffffffffffffffffffffffffffffff'
232	b'699000c2bcbcbcbcbcbc2068db204e2069e800dfbcbcbc206872c071bc20687740aa2068c440c8bcbcbcbcbcbcbcbcbc2068fd20d0bcbcbcbcbcbcbcbcbcbcbc'
233	b'bcbcbcbcbcbcbcbcbcbc2068d530bc20694e80ecbcbcbcbcbcbcbcbcbcbcbcbcbcbcbcbcbcbcbcbcbcbcbcbcbcbcbcbcbc2068c140f4bcbcbcbcbcbc206841c0'
234	b'bcbcbcbc206841c0bcbc20684900fc20694e005abcbcbcbcbcbcbcbcbcbcbcbcbcbcbcbcbcbcbcbcbcbcbcbcbcbcbcbcbcbcbcbcbc2068564055bcbcbcbcbcbc'
235	b'4055bcbcbcbcbcbcbcbc206859f04420696400de2068b9c061206870c000206855c0422068484077bcbcbcbcbcbcbcbcbcbcbcbcbcbcbcbcbcbcbcbcbcbcbcbc'
236	b'bcbcbcbcbcbcbcbcbc2068ca408b206818c03320690900952068c520f4bcbcbcbcbcbcbcbcbc2068f2c0babc2068fb804fbcbcbcbcbcbcbcbcbcbcbcbcbcbcbc'
237	b'bcbcbcbcbcbcbcbcbca020ba2068d4c0d42069a08034bcbc2068258067bcbcbcbcbcbcbcbcbcbcbcbcbcbcbcbcbcbcbcbcbcbcbcbcbcbcbc2068edd0f02069a9'
238	b'2068edd0f02069a9bcbc20689820fe2069b80091206801c058bcbcbcbcbcbcbcbcbcbcbcbcbcbcbcbcbcbcbcbcbcbcbcbcbcbcbcbcbcbcbcbcbc2068008003bc'
239	b'bcbc2068008003bcbcbc2068b7605220699f009abcbcbcbcbcbcbcbc206884c0ee2068ea40ffbcbcbcbcbcbcbcbcbcbcbcbc2068fa406c20689b401dbcbcbcbc'
240	b'689b401dbcbcbcbcbcbc2068d3801520693600a620689440bbbcbcbcbcbcbcbcbcbcbcbcbcbcbcbcbcbcbcbcbcbcbcbcbcbc2068bbc0f0bcbcbcbcbcbcbcbcbc'
241	b'bcbcbcbcbcbcbcbcbcbc2068a6206820699600eabc2068c180a5bcbcbcbcbcbcbcbcbcbcbcbcbcbcbcbcbcbcbcbcbcbcbcbcbcbcbcbcbcbc20683f8088bcbcbc'
242	b'20683f8088bcbcbcbcbc206887302d2069a400a5bcbcbcbcbcbcbcbcbcbcbcbcbcbcbcbcbc2068e74092bcbcbcbcbcbcbcbcbcbcbcbcbc20685d4066bcbcbcbc'
243	b'685d4066bcbcbcbcbcbc2068adb0f520690b0001bcbcbcbcbcbcbcbcbcbcbcbcbcbcbcbcbcbcbcbcbcbcbc20683a40242068c5c08cbcbcbcbc2068b30045bcbc'
244	b'bc2068b30045bcbcbcbc2068d8d06e20690b009cbcbcbcbcbcbcbcbcbcbcbcbcbcbc2068d240d920684d40d6bcbcbcbcbcbcbcbcbcbc2068d2c0a8bcbcbcbcbc'
245	b'd2c0a8bcbcbcbcbcbcbc2068d990dd20698700febcbcbcbcbcbcbcbcbcbcbcbcbcbcbcbcbcbcbcbcbcbcbcbcbcbcbcbcbcbcbcbcbcbc2068df80adbc20682920'
246	b'df80adbc20682920bc202068f710802060520092bcbcbcbcbcbcbcbcbcbcbcbcbcbcbcbcbcbcbcbcbcbcbcbcbcbcbcbcbcbcbcbcbcbc20686240372060518070'
247	b'6240372060518070bcbc2068b530e220693900c6bcbcbcbcbcbcbcbcbc2068e40053bcbcbcbcbcbcbcbcbcbcbc2068e38083bcbcbcbcbcbcbcbcbcbcbcbcbcbc'
248	b'bcbcbcbcbcbcbcbcbcbc206810b0a0206996004bbcbcbcbcbcbcbcbcbc20681ec0a4bcbc20683440ecbcbcbcbcbcbcbcbc20687ec07dbcbcbc2068b24068bcbc'
249	b'bc2068b24068bcbcbcbc20685a1035206910004ebcbcbcbcbc2068944010bcbcbcbcbcbcbcbcbcbc20684540b520683f600620683f60972068dba025bcbc2068'
250	b'68dba025bcbc2068bcc040b820600800a4206808402e20605e00a3bcbcbcbcbcbcbcbcbcbcbcbcbcbcbcbcbcbcbcbcbcbcbcbcbc2068bf4096bcbcbcbcbcbcbc'
251	b'96bcbcbcbcbcbcbcbcbc2068ee50fe2069160086bcbcbcbcbcbcbcbcbcbc2068fd802dbcbcbcbcbcbcbcbcbcbcbcbcbcbcbcbcbcbcbcbcbc2068368072bcbcbc'
252	b'2068368072bcbcbcbcbc20689f304220690f00a9bcbcbcbcbcbcbc20688b401d2068ff40d9bcbcbcbcbcbcbc2068594047bcbcbcbcbcbc206805208020686780'
253	b'6805208020686780bcbc20684580cf20697000542068d7401abcbcbcbcbcbcbcbcbcbcbcbcbcbcbcbcbcbcbcbcbcbcbcbcbcbcbcbc2068c9c02dbcbc2068f240'
254	b'c02dbcbc2068f240bcbc2068ac00a020691b0074bc2068acc0bfbcbcbc20683fc05cbcbcbcbcbcbcbcbcbcbcbcbcbcbcbcbcbcbcbcbc2068494041bcbcbcbcbc'
255	b'494041bcbcbcbcbcbcbc20686230472069ef00abbcbcbcbcbcbcbcbcbcbcbcbcbcbcbcbcbcbcbcbcbcbcbcbcbc2068f6c056bcbcbcbcbcbcbcbcbcbcbcbcbcbc'
256	b'bcbcbcbcbcbcbcbcbc20680dc04420690100cabcbcbcbcbcbcbcbcbcbcbcbcbcbcbcbcbcbcbcbcbcbcbcbcbcbcbcbcbcbcbcbcbcbcbcbcbcbcbcbcbcbcbcbc20'
257	b'bcbcbcbcbcbcbc20bcbc2068fb107820694900a1bcbcbcbcbcbcbcbcbcbcbcbcbcbcbcbcbcbcbcbcbcbcbcbcbcbcbcbcbcbcbcbcbcbcbcbcbcbcbcbcbc2068a6'
258	b'bcbcbcbcbc2068a6bcbc20689e403520696a0061bcbcbcbc206881c0c0bcbcbcbcbcbcbcbcbcbcbcbcbcbcbcbcbcbcbcbcbcbcbc20688a80a3bcbcbcbcbcbcbc'
259	b'a3bcbcbcbcbcbcbcbcbc2068f120dd20693100d720684120e6bcbcbcbcbcbcbcbcbc20684f4055bcbcbcbcbcbcbc206864408dbcbcbcbcbcbcbcbcbcbcbcbcbc'
260	b'bcbcbcbcbcbcbcbcbcbc2068eee05e2069ca008a20684c0016bcbcbcbcbcbcbcbcbcbcbcbcbcbcbcbcbcbcbcbcbcbcbcbcbcbc2068fec0e4bcbcbcbcbcbcbcbc'
261	b'bcbcbcbcbcbcbcbcbcbc206849603f2069ca0028bcbcbcbcbcbcbcbcbcbcbcbcbcbcbcbcbcbcbcbcbcbcbcbcbcbcbcbcbc20680e004720681540e5bcbcbcbcbc'
262	b'1540e5bcbcbcbcbcbcbc2068d9909a20690900bdbcbcbcbcbcbcbcbcbcbcbcbcbcbcbcbcbcbcbcbcbcbcbcbcbcbcbcbcbcbcbcbcbcbcbcbcbcbcbcbcbcbcbcbc'
263	b'bcbcbcbcbcbcbcbcbcbc206859c0b92069820091bcbcbcbcbcbcbcbcbcbcbcbcbcbc2068c240eebcbcbcbcbcbcbc2068f6c055bc206808c030bcbcbcbcbcbcbc'
264	b'30bcbcbcbcbcbcbcbcbc20686d90412069dc8044bcbcbcbcbc20681bc0f4bcbcbcbcbcbcbcbcbcbcbcbcbcbcbcbcbcbcbcbcbcbcbcbcbcbcbcbcbcbcbcbcbcbc'
265	b'bcbcbcbcbcbcbcbcbcbc206882804b2069da8084bcbcbcbcbcbcbcbcbcbcbc2068bd80d7bcbcbcbcbcbcbcbcbcbcbcbcbcbcbcbcbcbcbcbcbcbcbcbcbcbcbcbc'
266	b'bcbcbcbcbcbcbcbcbcbc20680580132069c30019bcbcbcbcbcbcbcbcbc2068c9403abcbcbcbcbcbcbcbcbcbcbc20686440efbcbcbcbcbcbcbcbcbcbcbcbcbcbc'
267	b'bcbcbcbcbcbcbcbcbcbc206868a0ae2069c70059bcbcbcbc20681b801f2068d24081bcbcbcbcbcbcbcbcbcbcbcbcbcbcbcbcbc2068d1c0a72068eb80d3bcbcbc'
268	b'2068eb80d3bcbcbcbcbc2068fbd0f12069de00c4bcbcbcbcbcbcbcbcbcbcbcbcbcbc2068c08090bcbcbcbcbcbcbcbcbcbcbcbcbcbcbcbcbcbcbcbcbcbcbcbcbc'
269	b'bcbcbcbcbcbcbcbcbcbc206875b0932069c800d5bcbcbcbcbcbcbcbcbcbcbcbcbcbcbcbcbcbcbcbcbc2068fa8085206803c099bcbcbcbcbcbcbcbcbcbcbcbcbc'
270	b'bcbcbcbcbcbcbcbcbcbc20684f70252068ad40552069ec002dbcbcbcbcbcbcbcbc2068edc044bcbcbcbcbcbcbcbc20685840e7bcbcbcbcbcbcbcbcbcbcbcbcbc'
271	b'bcbcbcbcbcbcbcbcbcbc2068f5e01220691f8004bcbcbc206843c018bcbcbcbcbcbcbcbcbcbcbcbcbcbcbcbcbcbcbcbcbcbcbcbcbcbc20683740dfbcbcbcbcbc'
272	b'3740dfbcbcbcbcbcbcbc2068eb305e2069260047206891408bbcbcbcbcbcbcbcbcbcbcbcbcbcbcbcbcbcbcbcbcbcbcbcbcbcbcbcbcbcbcbcbcbcbcbcbc20686f'
273	b'bcbcbcbcbc20686fbcbc2068ca80912069860041bcbcbcbcbcbcbcbcbcbcbcbcbcbcbcbcbcbcbcbcbcbcbcbcbc2068e4801dbcbcbcbcbcbc20681240b5bcbcbc'
274	b'20681240b5bcbcbcbcbc20686100a420695e004fbcbcbcbcbcbcbcbcbcbcbcbcbcbcbcbc2068c4c04cbcbcbcbcbcbcbcbcbcbcbcbcbcbcbcbcbcbcbcbcbcbcbc'
275	b'bcbcbcbcbcbcbcbcbcbc20681fd0882069d90061206847803f2068f2c08dbcbcbcbcbcbcbcbcbcbcbcbcbcbcbcbcbcbcbcbcbcbcbcbcbcbcbcbcbcbcbc20683c'
276	b'bcbcbcbcbc20683cbc409e2060ca606320698600e0bcbc20682b203c2068c04017bcbcbcbcbcbcbcbcbcbcbcbcbcbcbcbcbcbcbcbcbcbcbcbcbcbcbcbcbcbcbc'
277	b'bcbcbcbcbcbcbcbcbcbc20681d10f22069f6003620687220b420688c8033bcbcbcbcbcbcbcbcbcbcbcbcbcbcbcbcbcbcbcbcbcbcbcbcbcbc206832001bbc2068'
278	b'206832001bbc2068bcbc20683140a520698600adbcbcbcbcbcbcbcbcbcbcbcbcbcbcbcbcbc20681280adbcbcbcbcbc2068c240d8bcbcbcbcbcbcbcbcbcbcbcbc'
279	b'bcbcbcbcbcbcbcbcbcbc206872a0cc2069d100b12068bd8056bcbcbcbcbc206878c0e9bcbcbcbcbcbcbc20686ac0b5bcbcbcbcbcbcbcbcbcbcbcbcbc2068b8c0'
280	b'bcbcbcbc2068b8c0bcbc206822b028206943002dbc20680d40c9bcbcbcbcbcbcbcbcbcbcbc2068ca4051bcbcbcbcbcbcbcbcbcbcbcbcbc2068d4a025bcbcbcbc'
281	b'68d4a025bcbcbcbcbcbc20686b70e520690b802cbcbcbcbcbcbcbcbcbcbcbcbcbcbcbcbcbcbcbcbcbcbcbcbcbcbcbcbcbc2068cf40babcbcbcbcbcbcbcbcbcbc'
282	b'bcbcbcbcbcbcbcbcbcbc20681750552069b100ce20681b80f5bcbcbcbc206870c05b2068da405dbcbcbcbcbcbcbcbcbcbcbcbcbcbcbcbcbcbcbcbcbcbcbcbcbc'
283	b'bcbcbcbcbcbcbcbcbcbc20685220942069ba003ebcbcbcbc20685a405c20688b401c20685820102068e1801420681840ea20685680dbbcbc206851c0a8bcbcbc'
284	b'206851c0a8bcbcbcbcbc2068cd40ad20694a800c20685d4006bcbcbcbcbcbc206864403abcbcbcbcbcbcbc2068aa8093bcbcbcbcbcbcbcbcbc206843c04abcbc'
285	b'bc206843c04abcbcbc2068a4e076206975008dbcbcbcbcbc2068078060bcbcbcbcbcbcbcbcbcbcbcbcbcbcbc20688bc07120683440f7bcbcbc206828c03dbcbc'
286	b'bc206828c03dbcbcbcbc2068a1c0b82069f6009dbcbcbcbcbcbcbcbcbcbcbcbcbcbcbcbcbcbcbcbcbcbcbcbcbcbcbcbcbcbcbcbcbcbcbcbcbcbcbcbcbcbcbcbc'
287	b'bcbcbcbcbcbcbcbcbcbc2068f540022069000018bcbc20683b4006bcbcbcbcbc206807c02cbcbcbcbcbcbcbcbcbcbcbcbcbcbcbcbcbcbcbcbcbcbcbcbcbcbcbc'
288	b'bcbcbcbcbcbcbcbcbcbc20682980912069de0021bcbcbcbcbcbcbcbcbcbcbcbcbcbcbcbcbcbcbc2068a080e1bcbcbcbcbcbcbcbcbcbcbcbcbcbcbc2068a84011'
289	b'bcbcbc2068a84011bc20681c20c9601c20c92068814018bcbcbcbcbcbcbcbcbcbcbcbcbcbc2060008037bcbcbcbcbcbcbcbcbcbcbcbcbcbcbcbcbcbcbcbcbcbc'
290	b'bcbcbcbcbcbcbcbcbcbc206827705520698400c52068b820dabc2068dc4062bcbcbcbcbcbcbcbcbcbcbcbcbcbcbcbc20684a40e920681d8077bcbcbcbcbcbcbc'
291	b'77bcbcbcbcbcbcbcbcbc206837408820696e0095bcbcbcbcbcbcbcbcbcbcbcbcbcbcbcbcbcbcbcbcbcbcbcbcbcbcbcbcbcbcbcbcbcbcbcbc2068e5c006bcbcbc'
292	b'2068e5c006bcbcbcbcbc20685b900e20696e006420687d40cebcbcbcbcbcbcbcbcbcbcbcbcbcbcbcbcbcbcbcbcbcbcbcbcbc206812c082bcbcbcbcbc20688ac0'
293	b'bcbcbcbc20688ac0bc002068aa00f820691e009a206859408cbcbcbcbcbcbcbcbcbcbcbcbcbcbcbcbcbcbcbcbcbcbc20681a40f7bc206817809ebcbcbcbcbcbc'
294	b'809ebcbcbcbcbcbcbcbc2068cdd02d2069cc00512068a14004bcbcbcbcbcbcbcbcbcbcbcbcbcbcbcbcbcbcbcbcbcbcbcbcbcbcbcbcbcbcbcbcbcbcbcbcbcbcbc'
295	b'bcbcbcbcbcbcbcbcbcbc20689ea0ab2069f10005bcbcbcbcbcbcbcbcbcbcbcbcbcbcbcbc206872c0b4bcbcbcbcbcbc20680e4084bcbcbcbcbcbcbcbcbcbcbcbc'
296	b'bcbcbcbcbcbcbcbcbcbc2068f6a0bc2069de002e20686ec07cbcbcbcbcbcbcbcbcbcbcbcbcbc20685540fdbcbcbcbcbcbcbcbcbcbcbcbcbcbcbcbcbcbcbcbcbc'
297	b'bcbcbcbcbcbcbcbcbcbc2068a5602a2069a1004bbcbcbcbcbcbcbcbcbcbcbcbcbcbcbcbcbcbcbcbcbcbc2068eec0a1bcbcbcbcbcbcbc2068f5c0c4bcbcbcbcbc'
298	b'f5c0c4bcbcbcbcbcbcbc20682f20ae2069a100a82068464032bcbcbcbcbcbcbcbcbcbc20686aa059bcbcbc20684cc0babcbcbcbcbcbcbcbcbcbcbcbcbcbcbcbc'
299	b'bcbcbcbcbcbcbcbcbcbc2068a6902020695d000dbcbcbcbcbcbcbcbcbcbcbcbcbcbc20684640f4bcbcbcbcbcbcbcbcbcbcbcbcbcbcbcbcbcbcbcbcbcbcbcbcbc'
300	b'bcbcbcbcbcbcbcbcbcbc20681a70c62069fd008e2068c4c0102068f1c0a6bcbcbcbcbcbcbcbcbcbcbcbcbcbcbcbcbcbcbcbcbcbcbcbcbcbcbcbcbcbcbcbcbcbc'
301	b'bcbcbcbcbcbcbcbcbcbc2068a6601020695f00e8bcbcbcbcbcbcbcbcbcbcbcbcbcbcbcbcbcbcbcbcbcbcbcbcbcbcbcbcbcbcbcbcbcbcbcbcbcbcbcbcbcbcbcbc'
302	b'bcbcbcbcbcbcbcbcbcbc206893c02720694e0056bcbc2068be80d92068fbc09dbcbcbcbcbcbcbcbcbcbcbcbcbcbcbcbcbcbcbcbcbcbcbc2068397070bcbcbcbc'
303	b'68397070bcbcbcbcbcbc20685e103c206906005520684280b32068c3206dbcbcbcbcbcbcbcbcbcbcbcbcbc20684380fdbcbcbcbc2068f580ccbcbcbcbc206805'
304	b'ccbcbcbcbc206805bcbc20687e602120690600462068c9601cbcbc2068f980492068c4a08220682c90912068f380b2bcbcbcbcbcbcbcbcbc2068c9c0d1bcbcbc'
