Voltageboard settings: [1.1, 1, 0, 0, 1, 1.1, 0, 0]
Digital: {'interrupt_pushpull': 1, 'en_inj': 0, 'reset': 0, 'extrabits': 0}
Biasblock: {'DisHiDR': 0, 'q01': 0, 'qon0': 0, 'qon1': 1, 'qon2': 0, 'qon3': 1}
DAC: {'blres': 0, 'nu1': 0, 'vn1': 20, 'vnfb': 3, 'vnfoll': 10, 'nu5': 0, 'nu6': 0, 'nu7': 0, 'nu8': 0, 'vn2': 0, 'vnfoll2': 4, 'vnbias': 0, 'vpload': 5, 'nu13': 0, 'vncomp': 2, 'vpfoll': 60, 'nu16': 0, 'vprec': 60, 'vnrec': 30}
Receiver: {'col0': 68719476734, 'col1': 68719476734, 'col2': 68719476734, 'col3': 68719476734, 'col4': 68719476734, 'col5': 68719476734, 'col6': 68719476734, 'col7': 68719476734, 'col8': 137405399038, 'col9': 68719476734, 'col10': 68719476734, 'col11': 68719476734, 'col12': 68719476734, 'col13': 68719476734, 'col14': 68719476734, 'col15': 68719476734, 'col16': 68719476734, 'col17': 68719476734, 'col18': 68719476734, 'col19': 68719476734, 'col20': 68719476734, 'col21': 68719476734, 'col22': 68719476734, 'col23': 68719476734, 'col24': 68719476735, 'col25': 68719476734, 'col26': 68719476734, 'col27': 68719476734, 'col28': 68719476734, 'col29': 68719476734, 'col30': 68719476734, 'col31': 68719476734, 'col32': 68719476734, 'col33': 68719476734, 'col34': 68719476734}
Namespace(name='chip602_130V_15sInj_defaultDACs', outdir='../../kit-adl/cleanAstroPix/amanda_python/logInj/dacScan/pixScan/default/', yaml='config_none', saveascsv=True, inject=True, vinj=None, threshold=None, maxruns=None, maxtime=0.25)
0	b'bcbcbcbcbcbcbcbcbcbc201865e0bd2011a5e03fbcbcbcbcbcbcbcbcbcbcbcbcbcbcbcbcbcbcbcbcbcbcbcbcbcbcbcbcbcbcbcbcbcbcbcbcbcbcbcbcbcbcbcbc'
1	b'bcbcbcbcbcbcbcbcbcbc201864e0a12011a4e003bcbcbcbcbcbcbcbcbcbcbcbcbcbcbcbcbcbcbcbcbcbcbcbcbcbcbcbcbcbcbcbcbcbcbcbcbcbcbcbcbcbcbcbc'
2	b'bcbcbcbcbcbcbcbcbcbc2018a5e0fd2011a5e0efbcbcbcbcbcbcbcbcbcbcbcbcbcbcbcbcbcbcbcbcbcbcbcbcbcbcbcbcbcbcbcbcbcbcbcbcbcbcbcbcbcbcbcbc'
3	b'bcbcbcbcbcbcbcbcbcbc2018a4e0ca201124e009bcbcbcbcbcbcbcbcbcbcbcbcbcbcbcbcbcbcbcbcbcbcbcbcbcbcbcbcbcbcbcbcbcbcbcbcbcbcbcbcbcbcbcbc'
4	b'bcbcbcbcbcbcbcbcbcbc201825e065201125e07bbcbcbcbcbcbcbcbcbcbcbcbcbcbcbcbcbcbcbcbcbcbcbcbcbcbcbcbcbcbcbcbcbcbcbcbcbcbcbcbcbcbcbcbc'
5	b'bcbcbcbcbcbcbcbcbcbc201824e0812011c4e003bcbcbcbcbcbcbcbcbcbcbcbcbcbcbcbcbcbcbcbcbcbcbcbcbcbcbcbcbcbcbcbcbcbcbcbcbcbcbcbcbcbcbcbc'
6	b'bcbcbcbcbcbcbcbcbcbc2018c5e0652011c5e03bbcbcbcbcbcbcbcbcbcbcbcbcbcbcbcbcbcbcbcbcbcbcbcbcbcbcbcbcbcbcbcbcbcbcbcbcbcbcbcbcbcbcbcbc'
7	b'bcbcbcbcbcbcbcbcbcbc2018c4e0d9201144e06bbcbcbcbcbcbcbcbcbcbcbcbcbcbcbcbcbcbcbcbcbcbcbcbcbcbcbcbcbcbcbcbcbcbcbcbcbcbcbcbcbcbcbcbc'
8	b'bcbcbcbcbcbcbcbcbcbc201845e06a201145e009bcbcbcbcbcbcbcbcbcbcbcbcbcbcbcbcbcbcbcbcbcbcbcbcbcbcbcbcbcbcbcbcbcbcbcbcbcbcbcbcbcbcbcbc'
9	b'bcbcbcbcbcbcbcbcbcbc201844e0f6201184e095bcbcbcbcbcbcbcbcbcbcbcbcbcbcbcbcbcbcbcbcbcbcbcbcbcbcbcbcbcbcbcbcbcbcbcbcbcbcbcbcbcbcbcbc'
10	b'bcbcbcbcbcbcbcbcbcbc201845e0d1201185e053bcbcbcbcbcbcbcbcbcbcbcbcbcbcbcbcbcbcbcbcbcbcbcbcbcbcbcbcbcbcbcbcbcbcbcbcbcbcbcbcbcbcbcbc'
11	b'bcbcbcbcbcbcbcbcbcbc201884e0c9201184e033bcbcbcbcbcbcbcbcbcbcbcbcbcbcbcbcbcbcbcbcbcbcbcbcbcbcbcbcbcbcbcbcbcbcbcbcbcbcbcbcbcbcbcbc'
12	b'bcbcbcbcbcbcbcbcbcbc201885e0ce201105e08dbcbcbcbcbcbcbcbcbcbcbcbcbcbcbcbcbcbcbcbcbcbcbcbcbcbcbcbcbcbcbcbcbcbcbcbcbcbcbcbcbcbcbcbc'
13	b'bcbcbcbcbcbcbcbcbcbc201804e095201104e067bcbcbcbcbcbcbcbcbcbcbcbcbcbcbcbcbcbcbcbcbcbcbcbcbcbcbcbcbcbcbcbcbcbcbcbcbcbcbcbcbcbcbcbc'
14	b'bcbcbcbcbcbcbcbcbcbc201805e0dc2011f9e01ebcbcbcbcbcbcbcbcbcbcbcbcbcbcbcbcbcbcbcbcbcbcbcbcbcbcbcbcbcbcbcbcbcbcbcbcbcbcbcbcbcbcbcbc'
15	b'bcbcbcbcbcbcbcbcbcbc2018f8e0862011f8e059bcbcbcbcbcbcbcbcbcbcbcbcbcbcbcbcbcbcbcbcbcbcbcbcbcbcbcbcbcbcbcbcbcbcbcbcbcbcbcbcbcbcbcbc'
16	b'bcbcbcbcbcbcbcbcbcbc2018f9e04a201179e0f1bcbcbcbcbcbcbcbcbcbcbcbcbcbcbcbcbcbcbcbcbcbcbcbcbcbcbcbcbcbcbcbcbcbcbcbcbcbcbcbcbcbcbcbc'
17	b'bcbcbcbcbcbcbcbcbcbc201878e0a1201178e07dbcbcbcbcbcbcbcbcbcbcbcbcbcbcbcbcbcbcbcbcbcbcbcbcbcbcbcbcbcbcbcbcbcbcbcbcbcbcbcbcbcbcbcbc'
18	b'bcbcbcbcbcbcbcbcbcbc201879e04a2011b9e009bcbcbcbcbcbcbcbcbcbcbcbcbcbcbcbcbcbcbcbcbcbcbcbcbcbcbcbcbcbcbcbcbcbcbcbcbcbcbcbcbcbcbcbc'
19	b'bcbcbcbcbcbcbcbcbcbc201878e0262011b8e085bcbcbcbcbcbcbcbcbcbcbcbcbcbcbcbcbcbcbcbcbcbcbcbcbcbcbcbcbcbcbcbcbcbcbcbcbcbcbcbcbcbcbcbc'
20	b'bcbcbcbcbcbcbcbcbcbc2018b9e0dd201139e06fbcbcbcbcbcbcbcbcbcbcbcbcbcbcbcbcbcbcbcbcbcbcbcbcbcbcbcbcbcbcbcbcbcbcbcbcbcbcbcbcbcbcbcbc'
21	b'bcbcbcbcbcbcbcbcbcbc2018b8e045201138e09bbcbcbcbcbcbcbcbcbcbcbcbcbcbcbcbcbcbcbcbcbcbcbcbcbcbcbcbcbcbcbcbcbcbcbcbcbcbcbcbcbcbcbcbc'
22	b'bcbcbcbcbcbcbcbcbcbc201839e049201139e00bbcbcbcbcbcbcbcbcbcbcbcbcbcbcbcbcbcbcbcbcbcbcbcbcbcbcbcbcbcbcbcbcbcbcbcbcbcbcbcbcbcbcbcbc'
23	b'bcbcbcbcbcbcbcbcbcbc201838e0ee2011d8e08dbcbcbcbcbcbcbcbcbcbcbcbcbcbcbcbcbcbcbcbcbcbcbcbcbcbcbcbcbcbcbcbcbcbcbcbcbcbcbcbcbcbcbcbc'
24	b'bcbcbcbcbcbcbcbcbcbc2018d9e0d12011d9e063bcbcbcbcbcbcbcbcbcbcbcbcbcbcbcbcbcbcbcbcbcbcbcbcbcbcbcbcbcbcbcbcbcbcbcbcbcbcbcbcbcbcbcbc'
25	b'bcbcbcbcbcbcbcbcbcbc2018d8e066201158e0f9bcbcbcbcbcbcbcbcbcbcbcbcbcbcbcbcbcbcbcbcbcbcbcbcbcbcbcbcbcbcbcbcbcbcbcbcbcbcbcbcbcbcbcbc'
26	b'bcbcbcbcbcbcbcbcbcbc201859e061201159e023bcbcbcbcbcbcbcbcbcbcbcbcbcbcbcbcbcbcbcbcbcbcbcbcbcbcbcbcbcbcbcbcbcbcbcbcbcbcbcbcbcbcbcbc'
27	b'bcbcbcbcbcbcbcbcbcbc201858e029201198e0b3bcbcbcbcbcbcbcbcbcbcbcbcbcbcbcbcbcbcbcbcbcbcbcbcbcbcbcbcbcbcbcbcbcbcbcbcbcbcbcbcbcbcbcbc'
28	b'bcbcbcbcbcbcbcbcbcbc201899e0e2201199e0febcbcbcbcbcbcbcbcbcbcbcbcbcbcbcbcbcbcbcbcbcbcbcbcbcbcbcbcbcbcbcbcbcbcbcbcbcbcbcbcbcbcbcbc'
29	b'bcbcbcbcbcbcbcbcbcbc201898e031201118e013bcbcbcbcbcbcbcbcbcbcbcbcbcbcbcbcbcbcbcbcbcbcbcbcbcbcbcbcbcbcbcbcbcbcbcbcbcbcbcbcbcbcbcbc'
30	b'bcbcbcbcbcbcbcbcbcbc201899e0a2201119e041bcbcbcbcbcbcbcbcbcbcbcbcbcbcbcbcbcbcbcbcbcbcbcbcbcbcbcbcbcbcbcbcbcbcbcbcbcbcbcbcbcbcbcbc'
31	b'bcbcbcbcbcbcbcbcbcbc201818e08e201119e095bcbcbcbcbcbcbcbcbcbcbcbcbcbcbcbcbcbcbcbcbcbcbcbcbcbcbcbcbcbcbcbcbcbcbcbcbcbcbcbcbcbcbcbc'
32	b'bcbcbcbcbcbcbcbcbcbc201819e0d22011e9e011bcbcbcbcbcbcbcbcbcbcbcbcbcbcbcbcbcbcbcbcbcbcbcbcbcbcbcbcbcbcbcbcbcbcbcbcbcbcbcbcbcbcbcbc'
33	b'bcbcbcbcbcbcbcbcbcbc2018e8e04e2011e8e08dbcbcbcbcbcbcbcbcbcbcbcbcbcbcbcbcbcbcbcbcbcbcbcbcbcbcbcbcbcbcbcbcbcbcbcbcbcbcbcbcbcbcbcbc'
34	b'bcbcbcbcbcbcbcbcbcbc2018e9e0ba201169e0a9bcbcbcbcbcbcbcbcbcbcbcbcbcbcbcbcbcbcbcbcbcbcbcbcbcbcbcbcbcbcbcbcbcbcbcbcbcbcbcbcbcbcbcbc'
35	b'bcbcbcbcbcbcbcbcbcbc201868e0ea201168e089bcbcbcbcbcbcbcbcbcbcbcbcbcbcbcbcbcbcbcbcbcbcbcbcbcbcbcbcbcbcbcbcbcbcbcbcbcbcbcbcbcbcbcbc'
36	b'bcbcbcbcbcbcbcbcbcbc201869e0612011a9e0fdbcbcbcbcbcbcbcbcbcbcbcbcbcbcbcbcbcbcbcbcbcbcbcbcbcbcbcbcbcbcbcbcbcbcbcbcbcbcbcbcbcbcbcbc'
37	b'bcbcbcbcbcbcbcbcbcbc2018a8e04e2011a8e075bcbcbcbcbcbcbcbcbcbcbcbcbcbcbcbcbcbcbcbcbcbcbcbcbcbcbcbcbcbcbcbcbcbcbcbcbcbcbcbcbcbcbcbc'
38	b'bcbcbcbcbcbcbcbcbcbc2018a9e0a9201129e0cbbcbcbcbcbcbcbcbcbcbcbcbcbcbcbcbcbcbcbcbcbcbcbcbcbcbcbcbcbcbcbcbcbcbcbcbcbcbcbcbcbcbcbcbc'
39	b'bcbcbcbcbcbcbcbcbcbc201828e043201128e01fbcbcbcbcbcbcbcbcbcbcbcbcbcbcbcbcbcbcbcbcbcbcbcbcbcbcbcbcbcbcbcbcbcbcbcbcbcbcbcbcbcbcbcbc'
40	b'bcbcbcbcbcbcbcbcbcbc201829e0de2011c9e06dbcbcbcbcbcbcbcbcbcbcbcbcbcbcbcbcbcbcbcbcbcbcbcbcbcbcbcbcbcbcbcbcbcbcbcbcbcbcbcbcbcbcbcbc'
41	b'bcbcbcbcbcbcbcbcbcbc201828e0ae2011c8e0b5bcbcbcbcbcbcbcbcbcbcbcbcbcbcbcbcbcbcbcbcbcbcbcbcbcbcbcbcbcbcbcbcbcbcbcbcbcbcbcbcbcbcbcbc'
42	b'bcbcbcbcbcbcbcbcbcbc2018c9e0662011c9e005bcbcbcbcbcbcbcbcbcbcbcbcbcbcbcbcbcbcbcbcbcbcbcbcbcbcbcbcbcbcbcbcbcbcbcbcbcbcbcbcbcbcbcbc'
43	b'bcbcbcbcbcbcbcbcbcbc2018c8e0ea201148e029bcbcbcbcbcbcbcbcbcbcbcbcbcbcbcbcbcbcbcbcbcbcbcbcbcbcbcbcbcbcbcbcbcbcbcbcbcbcbcbcbcbcbcbc'
44	b'bcbcbcbcbcbcbcbcbcbc201849e0f9201149e09bbcbcbcbcbcbcbcbcbcbcbcbcbcbcbcbcbcbcbcbcbcbcbcbcbcbcbcbcbcbcbcbcbcbcbcbcbcbcbcbcbcbcbcbc'
45	b'bcbcbcbcbcbcbcbcbcbc201848e0d2201188e0e1bcbcbcbcbcbcbcbcbcbcbcbcbcbcbcbcbcbcbcbcbcbcbcbcbcbcbcbcbcbcbcbcbcbcbcbcbcbcbcbcbcbcbcbc'
46	b'bcbcbcbcbcbcbcbcbcbc201889e0c6201189e085bcbcbcbcbcbcbcbcbcbcbcbcbcbcbcbcbcbcbcbcbcbcbcbcbcbcbcbcbcbcbcbcbcbcbcbcbcbcbcbcbcbcbcbc'
47	b'bcbcbcbcbcbcbcbcbcbc201888e0d6201108e0a5bcbcbcbcbcbcbcbcbcbcbcbcbcbcbcbcbcbcbcbcbcbcbcbcbcbcbcbcbcbcbcbcbcbcbcbcbcbcbcbcbcbcbcbc'
48	b'bcbcbcbcbcbcbcbcbcbc201809e09e201109e0cdbcbcbcbcbcbcbcbcbcbcbcbcbcbcbcbcbcbcbcbcbcbcbcbcbcbcbcbcbcbcbcbcbcbcbcbcbcbcbcbcbcbcbcbc'
49	b'bcbcbcbcbcbcbcbcbcbc201808e0212011f0e07dbcbcbcbcbcbcbcbcbcbcbcbcbcbcbcbcbcbcbcbcbcbcbcbcbcbcbcbcbcbcbcbcbcbcbcbcbcbcbcbcbcbcbcbc'
50	b'bcbcbcbcbcbcbcbcbcbc201809e0192011f1e02bbcbcbcbcbcbcbcbcbcbcbcbcbcbcbcbcbcbcbcbcbcbcbcbcbcbcbcbcbcbcbcbcbcbcbcbcbcbcbcbcbcbcbcbc'
51	b'bcbcbcbcbcbcbcbcbcbc2018f0e0b62011f0e035bcbcbcbcbcbcbcbcbcbcbcbcbcbcbcbcbcbcbcbcbcbcbcbcbcbcbcbcbcbcbcbcbcbcbcbcbcbcbcbcbcbcbcbc'
52	b'bcbcbcbcbcbcbcbcbcbc2018f1e0a5201171e007bcbcbcbcbcbcbcbcbcbcbcbcbcbcbcbcbcbcbcbcbcbcbcbcbcbcbcbcbcbcbcbcbcbcbcbcbcbcbcbcbcbcbcbc'
53	b'bcbcbcbcbcbcbcbcbcbc201870e04a201170e051bcbcbcbcbcbcbcbcbcbcbcbcbcbcbcbcbcbcbcbcbcbcbcbcbcbcbcbcbcbcbcbcbcbcbcbcbcbcbcbcbcbcbcbc'
54	b'bcbcbcbcbcbcbcbcbcbc201871e02e2011b1e08dbcbcbcbcbcbcbcbcbcbcbcbcbcbcbcbcbcbcbcbcbcbcbcbcbcbcbcbcbcbcbcbcbcbcbcbcbcbcbcbcbcbcbcbc'
55	b'bcbcbcbcbcbcbcbcbcbc2018b0e0f92011b0e01bbcbcbcbcbcbcbcbcbcbcbcbcbcbcbcbcbcbcbcbcbcbcbcbcbcbcbcbcbcbcbcbcbcbcbcbcbcbcbcbcbcbcbcbc'
56	b'bcbcbcbcbcbcbcbcbcbc2018b1e09e201131e01dbcbcbcbcbcbcbcbcbcbcbcbcbcbcbcbcbcbcbcbcbcbcbcbcbcbcbcbcbcbcbcbcbcbcbcbcbcbcbcbcbcbcbcbc'
57	b'bcbcbcbcbcbcbcbcbcbc201830e04e201130e0d5bcbcbcbcbcbcbcbcbcbcbcbcbcbcbcbcbcbcbcbcbcbcbcbcbcbcbcbcbcbcbcbcbcbcbcbcbcbcbcbcbcbcbcbc'
58	b'bcbcbcbcbcbcbcbcbcbc201831e0962011d1e035bcbcbcbcbcbcbcbcbcbcbcbcbcbcbcbcbcbcbcbcbcbcbcbcbcbcbcbcbcbcbcbcbcbcbcbcbcbcbcbcbcbcbcbc'
59	b'bcbcbcbcbcbcbcbcbcbc201830e0212011d0e0fdbcbcbcbcbcbcbcbcbcbcbcbcbcbcbcbcbcbcbcbcbcbcbcbcbcbcbcbcbcbcbcbcbcbcbcbcbcbcbcbcbcbcbcbc'
60	b'bcbcbcbcbcbcbcbcbcbc2018d1e06e201151e02dbcbcbcbcbcbcbcbcbcbcbcbcbcbcbcbcbcbcbcbcbcbcbcbcbcbcbcbcbcbcbcbcbcbcbcbcbcbcbcbcbcbcbcbc'
61	b'bcbcbcbcbcbcbcbcbcbc2018d0e0e6201150e0a5bcbcbcbcbcbcbcbcbcbcbcbcbcbcbcbcbcbcbcbcbcbcbcbcbcbcbcbcbcbcbcbcbcbcbcbcbcbcbcbcbcbcbcbc'
62	b'bcbcbcbcbcbcbcbcbcbc201851e081201151e0fdbcbcbcbcbcbcbcbcbcbcbcbcbcbcbcbcbcbcbcbcbcbcbcbcbcbcbcbcbcbcbcbcbcbcbcbcbcbcbcbcbcbcbcbc'
63	b'bcbcbcbcbcbcbcbcbcbc201850e081201190e05dbcbcbcbcbcbcbcbcbcbcbcbcbcbcbcbcbcbcbcbcbcbcbcbcbcbcbcbcbcbcbcbcbcbcbcbcbcbcbcbcbcbcbcbc'
64	b'bcbcbcbcbcbcbcbcbcbc201891e041201191e0ddbcbcbcbcbcbcbcbcbcbcbcbcbcbcbcbcbcbcbcbcbcbcbcbcbcbcbcbcbcbcbcbcbcbcbcbcbcbcbcbcbcbcbcbc'
65	b'bcbcbcbcbcbcbcbcbcbc201890e0b5201110e097bcbcbcbcbcbcbcbcbcbcbcbcbcbcbcbcbcbcbcbcbcbcbcbcbcbcbcbcbcbcbcbcbcbcbcbcbcbcbcbcbcbcbcbc'
66	b'bcbcbcbcbcbcbcbcbcbc201811e0a9201111e073bcbcbcbcbcbcbcbcbcbcbcbcbcbcbcbcbcbcbcbcbcbcbcbcbcbcbcbcbcbcbcbcbcbcbcbcbcbcbcbcbcbcbcbc'
67	b'bcbcbcbcbcbcbcbcbcbc201810e0432011e0e0dfbcbcbcbcbcbcbcbcbcbcbcbcbcbcbcbcbcbcbcbcbcbcbcbcbcbcbcbcbcbcbcbcbcbcbcbcbcbcbcbcbcbcbcbc'
68	b'bcbcbcbcbcbcbcbcbcbc201811e0ce2011e1e00dbcbcbcbcbcbcbcbcbcbcbcbcbcbcbcbcbcbcbcbcbcbcbcbcbcbcbcbcbcbcbcbcbcbcbcbcbcbcbcbcbcbcbcbc'
69	b'bcbcbcbcbcbcbcbcbcbc2018e0e055201160e0e7bcbcbcbcbcbcbcbcbcbcbcbcbcbcbcbcbcbcbcbcbcbcbcbcbcbcbcbcbcbcbcbcbcbcbcbcbcbcbcbcbcbcbcbc'
70	b'bcbcbcbcbcbcbcbcbcbc2018e1e0d9201161e0dbbcbcbcbcbcbcbcbcbcbcbcbcbcbcbcbcbcbcbcbcbcbcbcbcbcbcbcbcbcbcbcbcbcbcbcbcbcbcbcbcbcbcbcbc'
71	b'bcbcbcbcbcbcbcbcbcbc201860e0452011a0e0bbbcbcbcbcbcbcbcbcbcbcbcbcbcbcbcbcbcbcbcbcbcbcbcbcbcbcbcbcbcbcbcbcbcbcbcbcbcbcbcbcbcbcbcbc'
72	b'bcbcbcbcbcbcbcbcbcbc201861e0212011a1e0c3bcbcbcbcbcbcbcbcbcbcbcbcbcbcbcbcbcbcbcbcbcbcbcbcbcbcbcbcbcbcbcbcbcbcbcbcbcbcbcbcbcbcbcbc'
73	b'bcbcbcbcbcbcbcbcbcbc2018a0e0f62011a0e0b5bcbcbcbcbcbcbcbcbcbcbcbcbcbcbcbcbcbcbcbcbcbcbcbcbcbcbcbcbcbcbcbcbcbcbcbcbcbcbcbcbcbcbcbc'
74	b'bcbcbcbcbcbcbcbcbcbc2018a1e08d201121e0d7bcbcbcbcbcbcbcbcbcbcbcbcbcbcbcbcbcbcbcbcbcbcbcbcbcbcbcbcbcbcbcbcbcbcbcbcbcbcbcbcbcbcbcbc'
75	b'bcbcbcbcbcbcbcbcbcbc201820e0e1201120e013bcbcbcbcbcbcbcbcbcbcbcbcbcbcbcbcbcbcbcbcbcbcbcbcbcbcbcbcbcbcbcbcbcbcbcbcbcbcbcbcbcbcbcbc'
76	b'bcbcbcbcbcbcbcbcbcbc201821e0512011c1e093bcbcbcbcbcbcbcbcbcbcbcbcbcbcbcbcbcbcbcbcbcbcbcbcbcbcbcbcbcbcbcbcbcbcbcbcbcbcbcbcbcbcbcbc'
77	b'bcbcbcbcbcbcbcbcbcbc2018c0e0e12011c0e063bcbcbcbcbcbcbcbcbcbcbcbcbcbcbcbcbcbcbcbcbcbcbcbcbcbcbcbcbcbcbcbcbcbcbcbcbcbcbcbcbcbcbcbc'
78	b'bcbcbcbcbcbcbcbcbcbc2018c1e015201141e0e7bcbcbcbcbcbcbcbcbcbcbcbcbcbcbcbcbcbcbcbcbcbcbcbcbcbcbcbcbcbcbcbcbcbcbcbcbcbcbcbcbcbcbcbc'
79	b'bcbcbcbcbcbcbcbcbcbc2018c0e002201140e05ebcbcbcbcbcbcbcbcbcbcbcbcbcbcbcbcbcbcbcbcbcbcbcbcbcbcbcbcbcbcbcbcbcbcbcbcbcbcbcbcbcbcbcbc'
80	b'bcbcbcbcbcbcbcbcbcbc201841e0b6201181e095bcbcbcbcbcbcbcbcbcbcbcbcbcbcbcbcbcbcbcbcbcbcbcbcbcbcbcbcbcbcbcbcbcbcbcbcbcbcbcbcbcbcbcbc'
81	b'bcbcbcbcbcbcbcbcbcbc201840e0f9201180e09bbcbcbcbcbcbcbcbcbcbcbcbcbcbcbcbcbcbcbcbcbcbcbcbcbcbcbcbcbcbcbcbcbcbcbcbcbcbcbcbcbcbcbcbc'
82	b'bcbcbcbcbcbcbcbcbcbc201881e046201181e085bcbcbcbcbcbcbcbcbcbcbcbcbcbcbcbcbcbcbcbcbcbcbcbcbcbcbcbcbcbcbcbcbcbcbcbcbcbcbcbcbcbcbcbc'
83	b'bcbcbcbcbcbcbcbcbcbc201880e03a201100e0a9bcbcbcbcbcbcbcbcbcbcbcbcbcbcbcbcbcbcbcbcbcbcbcbcbcbcbcbcbcbcbcbcbcbcbcbcbcbcbcbcbcbcbcbc'
84	b'bcbcbcbcbcbcbcbcbcbc201801e0d1201101e053bcbcbcbcbcbcbcbcbcbcbcbcbcbcbcbcbcbcbcbcbcbcbcbcbcbcbcbcbcbcbcbcbcbcbcbcbcbcbcbcbcbcbcbc'
85	b'bcbcbcbcbcbcbcbcbcbc201800e0ee2011ffe0cdbcbcbcbcbcbcbcbcbcbcbcbcbcbcbcbcbcbcbcbcbcbcbcbcbcbcbcbcbcbcbcbcbcbcbcbcbcbcbcbcbcbcbcbc'
86	b'bcbcbcbcbcbcbcbcbcbc2018fee02e2011fee08dbcbcbcbcbcbcbcbcbcbcbcbcbcbcbcbcbcbcbcbcbcbcbcbcbcbcbcbcbcbcbcbcbcbcbcbcbcbcbcbcbcbcbcbc'
87	b'bcbcbcbcbcbcbcbcbcbc2018ffe02c20117fe0cebcbcbcbcbcbcbcbcbcbcbcbcbcbcbcbcbcbcbcbcbcbcbcbcbcbcbcbcbcbcbcbcbcbcbcbcbcbcbcbcbcbcbcbc'
88	b'bcbcbcbcbcbcbcbcbcbc2018fee0fe20117ee07dbcbcbcbcbcbcbcbcbcbcbcbcbcbcbcbcbcbcbcbcbcbcbcbcbcbcbcbcbcbcbcbcbcbcbcbcbcbcbcbcbcbcbcbc'
89	b'bcbcbcbcbcbcbcbcbcbc20187fe0ab2011bf10b0bcbcbcbcbcbcbcbcbcbcbcbcbcbcbcbcbcbcbcbcbcbcbcbcbcbcbcbcbcbcbcbcbcbcbcbcbcbcbcbcbcbcbcbc'
90	b'bcbcbcbcbcbcbcbcbcbc20187ee0e42011bee0c6bcbcbcbcbcbcbcbcbcbcbcbcbcbcbcbcbcbcbcbcbcbcbcbcbcbcbcbcbcbcbcbcbcbcbcbcbcbcbcbcbcbcbcbc'
91	b'bcbcbcbcbcbcbcbcbcbc2018bfe0a320113fe07fbcbcbcbcbcbcbcbcbcbcbcbcbcbcbcbcbcbcbcbcbcbcbcbcbcbcbcbcbcbcbcbcbcbcbcbcbcbcbcbcbcbcbcbc'
92	b'bcbcbcbcbcbcbcbcbcbc2018bee0ad20113ee077bcbcbcbcbcbcbcbcbcbcbcbcbcbcbcbcbcbcbcbcbcbcbcbcbcbcbcbcbcbcbcbcbcbcbcbcbcbcbcbcbcbcbcbc'
93	b'bcbcbcbcbcbcbcbcbcbc20183fe0ca20113fe0b1bcbcbcbcbcbcbcbcbcbcbcbcbcbcbcbcbcbcbcbcbcbcbcbcbcbcbcbcbcbcbcbcbcbcbcbcbcbcbcbcbcbcbcbc'
94	b'bcbcbcbcbcbcbcbcbcbc20183ee0952011dee047bcbcbcbcbcbcbcbcbcbcbcbcbcbcbcbcbcbcbcbcbcbcbcbcbcbcbcbcbcbcbcbcbcbcbcbcbcbcbcbcbcbcbcbc'
95	b'bcbcbcbcbcbcbcbcbcbc2018dfe0112011dfe0c3bcbcbcbcbcbcbcbcbcbcbcbcbcbcbcbcbcbcbcbcbcbcbcbcbcbcbcbcbcbcbcbcbcbcbcbcbcbcbcbcbcbcbcbc'
96	b'bcbcbcbcbcbcbcbcbcbc2018dee07620115ee015bcbcbcbcbcbcbcbcbcbcbcbcbcbcbcbcbcbcbcbcbcbcbcbcbcbcbcbcbcbcbcbcbcbcbcbcbcbcbcbcbcbcbcbc'
97	b'bcbcbcbcbcbcbcbcbcbc20185fe0ad20115fe0cfbcbcbcbcbcbcbcbcbcbcbcbcbcbcbcbcbcbcbcbcbcbcbcbcbcbcbcbcbcbcbcbcbcbcbcbcbcbcbcbcbcbcbcbc'
98	b'bcbcbcbcbcbcbcbcbcbc20185ee02220119ee041bcbcbcbcbcbcbcbcbcbcbcbcbcbcbcbcbcbcbcbcbcbcbcbcbcbcbcbcbcbcbcbcbcbcbcbcbcbcbcbcbcbcbcbc'
99	b'bcbcbcbcbcbcbcbcbcbc20185fe0ee20119fe0adbcbcbcbcbcbcbcbcbcbcbcbcbcbcbcbcbcbcbcbcbcbcbcbcbcbcbcbcbcbcbcbcbcbcbcbcbcbcbcbcbcbcbcbc'
100	b'bcbcbcbcbcbcbcbcbcbc20189ee0fa20111ee059bcbcbcbcbcbcbcbcbcbcbcbcbcbcbcbcbcbcbcbcbcbcbcbcbcbcbcbcbcbcbcbcbcbcbcbcbcbcbcbcbcbcbcbc'
101	b'bcbcbcbcbcbcbcbcbcbc20189fe08320111fe03fbcbcbcbcbcbcbcbcbcbcbcbcbcbcbcbcbcbcbcbcbcbcbcbcbcbcbcbcbcbcbcbcbcbcbcbcbcbcbcbcbcbcbcbc'
102	b'bcbcbcbcbcbcbcbcbcbc20181ee0bd20111ee0efbcbcbcbcbcbcbcbcbcbcbcbcbcbcbcbcbcbcbcbcbcbcbcbcbcbcbcbcbcbcbcbcbcbcbcbcbcbcbcbcbcbcbcbc'
103	b'bcbcbcbcbcbcbcbcbcbc20181fe0de2011efe09dbcbcbcbcbcbcbcbcbcbcbcbcbcbcbcbcbcbcbcbcbcbcbcbcbcbcbcbcbcbcbcbcbcbcbcbcbcbcbcbcbcbcbcbc'
104	b'bcbcbcbcbcbcbcbcbcbc2018eee0d52011eee047bcbcbcbcbcbcbcbcbcbcbcbcbcbcbcbcbcbcbcbcbcbcbcbcbcbcbcbcbcbcbcbcbcbcbcbcbcbcbcbcbcbcbcbc'
105	b'bcbcbcbcbcbcbcbcbcbc2018efe0e620116fe045bcbcbcbcbcbcbcbcbcbcbcbcbcbcbcbcbcbcbcbcbcbcbcbcbcbcbcbcbcbcbcbcbcbcbcbcbcbcbcbcbcbcbcbc'
106	b'bcbcbcbcbcbcbcbcbcbc20186ee0dd20116ee0cfbcbcbcbcbcbcbcbcbcbcbcbcbcbcbcbcbcbcbcbcbcbcbcbcbcbcbcbcbcbcbcbcbcbcbcbcbcbcbcbcbcbcbcbc'
107	b'bcbcbcbcbcbcbcbcbcbc20186fe0292011afe00bbcbcbcbcbcbcbcbcbcbcbcbcbcbcbcbcbcbcbcbcbcbcbcbcbcbcbcbcbcbcbcbcbcbcbcbcbcbcbcbcbcbcbcbc'
108	b'bcbcbcbcbcbcbcbcbcbc2018aee0172011ae10f8bcbcbcbcbcbcbcbcbcbcbcbcbcbcbcbcbcbcbcbcbcbcbcbcbcbcbcbcbcbcbcbcbcbcbcbcbcbcbcbcbcbcbcbc'
109	b'bcbcbcbcbcbcbcbcbcbc2018afe0d520112fe027bcbcbcbcbcbcbcbcbcbcbcbcbcbcbcbcbcbcbcbcbcbcbcbcbcbcbcbcbcbcbcbcbcbcbcbcbcbcbcbcbcbcbcbc'
110	b'bcbcbcbcbcbcbcbcbcbc2018aee02220112ee041bcbcbcbcbcbcbcbcbcbcbcbcbcbcbcbcbcbcbcbcbcbcbcbcbcbcbcbcbcbcbcbcbcbcbcbcbcbcbcbcbcbcbcbc'
111	b'bcbcbcbcbcbcbcbcbcbc20182fe06620112fe025bcbcbcbcbcbcbcbcbcbcbcbcbcbcbcbcbcbcbcbcbcbcbcbcbcbcbcbcbcbcbcbcbcbcbcbcbcbcbcbcbcbcbcbc'
112	b'bcbcbcbcbcbcbcbcbcbc20182ee07c2011cee05ebcbcbcbcbcbcbcbcbcbcbcbcbcbcbcbcbcbcbcbcbcbcbcbcbcbcbcbcbcbcbcbcbcbcbcbcbcbcbcbcbcbcbcbc'
113	b'bcbcbcbcbcbcbcbcbcbc2018cfe0942011cfe0c6bcbcbcbcbcbcbcbcbcbcbcbcbcbcbcbcbcbcbcbcbcbcbcbcbcbcbcbcbcbcbcbcbcbcbcbcbcbcbcbcbcbcbcbc'
114	b'bcbcbcbcbcbcbcbcbcbc2018cee0e120114ee0c3bcbcbcbcbcbcbcbcbcbcbcbcbcbcbcbcbcbcbcbcbcbcbcbcbcbcbcbcbcbcbcbcbcbcbcbcbcbcbcbcbcbcbcbc'
115	b'bcbcbcbcbcbcbcbcbcbc20184fe0ba20114fe0a9bcbcbcbcbcbcbcbcbcbcbcbcbcbcbcbcbcbcbcbcbcbcbcbcbcbcbcbcbcbcbcbcbcbcbcbcbcbcbcbcbcbcbcbc'
116	b'bcbcbcbcbcbcbcbcbcbc20184ee03920118ee01bbcbcbcbcbcbcbcbcbcbcbcbcbcbcbcbcbcbcbcbcbcbcbcbcbcbcbcbcbcbcbcbcbcbcbcbcbcbcbcbcbcbcbcbc'
117	b'bcbcbcbcbcbcbcbcbcbc20188fe01920118fe0cbbcbcbcbcbcbcbcbcbcbcbcbcbcbcbcbcbcbcbcbcbcbcbcbcbcbcbcbcbcbcbcbcbcbcbcbcbcbcbcbcbcbcbcbc'
118	b'bcbcbcbcbcbcbcbcbcbc20188ee0ea20110ee0a9bcbcbcbcbcbcbcbcbcbcbcbcbcbcbcbcbcbcbcbcbcbcbcbcbcbcbcbcbcbcbcbcbcbcbcbcbcbcbcbcbcbcbcbc'
119	b'bcbcbcbcbcbcbcbcbcbc20180fe0ca20110fe031bcbcbcbcbcbcbcbcbcbcbcbcbcbcbcbcbcbcbcbcbcbcbcbcbcbcbcbcbcbcbcbcbcbcbcbcbcbcbcbcbcbcbcbc'
120	b'bcbcbcbcbcbcbcbcbcbc20180ee06d2011f6e04fbcbcbcbcbcbcbcbcbcbcbcbcbcbcbcbcbcbcbcbcbcbcbcbcbcbcbcbcbcbcbcbcbcbcbcbcbcbcbcbcbcbcbcbc'
121	b'bcbcbcbcbcbcbcbcbcbc20180fe0432011f7e09fbcbcbcbcbcbcbcbcbcbcbcbcbcbcbcbcbcbcbcbcbcbcbcbcbcbcbcbcbcbcbcbcbcbcbcbcbcbcbcbcbcbcbcbc'
122	b'bcbcbcbcbcbcbcbcbcbc2018f6e0912011f6e0a3bcbcbcbcbcbcbcbcbcbcbcbcbcbcbcbcbcbcbcbcbcbcbcbcbcbcbcbcbcbcbcbcbcbcbcbcbcbcbcbcbcbcbcbc'
123	b'bcbcbcbcbcbcbcbcbcbc2018f7e029201177e0cbbcbcbcbcbcbcbcbcbcbcbcbcbcbcbcbcbcbcbcbcbcbcbcbcbcbcbcbcbcbcbcbcbcbcbcbcbcbcbcbcbcbcbcbc'
124	b'bcbcbcbcbcbcbcbcbcbc201876e04e201176e075bcbcbcbcbcbcbcbcbcbcbcbcbcbcbcbcbcbcbcbcbcbcbcbcbcbcbcbcbcbcbcbcbcbcbcbcbcbcbcbcbcbcbcbc'
125	b'bcbcbcbcbcbcbcbcbcbc201877e0252011b7e007bcbcbcbcbcbcbcbcbcbcbcbcbcbcbcbcbcbcbcbcbcbcbcbcbcbcbcbcbcbcbcbcbcbcbcbcbcbcbcbcbcbcbcbc'
126	b'bcbcbcbcbcbcbcbcbcbc2018b6e0fe2011b6e0edbcbcbcbcbcbcbcbcbcbcbcbcbcbcbcbcbcbcbcbcbcbcbcbcbcbcbcbcbcbcbcbcbcbcbcbcbcbcbcbcbcbcbcbc'
127	b'bcbcbcbcbcbcbcbcbcbc2018b7e09a201137e0a9bcbcbcbcbcbcbcbcbcbcbcbcbcbcbcbcbcbcbcbcbcbcbcbcbcbcbcbcbcbcbcbcbcbcbcbcbcbcbcbcbcbcbcbc'
128	b'bcbcbcbcbcbcbcbcbcbc201836e02a201136e071bcbcbcbcbcbcbcbcbcbcbcbcbcbcbcbcbcbcbcbcbcbcbcbcbcbcbcbcbcbcbcbcbcbcbcbcbcbcbcbcbcbcbcbc'
129	b'bcbcbcbcbcbcbcbcbcbc201837e0d52011d7e067bcbcbcbcbcbcbcbcbcbcbcbcbcbcbcbcbcbcbcbcbcbcbcbcbcbcbcbcbcbcbcbcbcbcbcbcbcbcbcbcbcbcbcbc'
130	b'bcbcbcbcbcbcbcbcbcbc201836e0c12011d6e0fdbcbcbcbcbcbcbcbcbcbcbcbcbcbcbcbcbcbcbcbcbcbcbcbcbcbcbcbcbcbcbcbcbcbcbcbcbcbcbcbcbcbcbcbc'
131	b'bcbcbcbcbcbcbcbcbcbc2018d7e0632011d71000bcbcbcbcbcbcbcbcbcbcbcbcbcbcbcbcbcbcbcbcbcbcbcbcbcbcbcbcbcbcbcbcbcbcbcbcbcbcbcbcbcbcbcbcbcbcbcbcbcbcbcbcbcbcbcbcbcbcbcbcffffffffffffffffffffffffffffffffffffffffffffffffffffffffffffffffffffffffffffffffffffffffffffffff'
132	b'bcbcbcbcbcbcbcbcbcbc2018d6e07e201156e01dbcbcbcbcbcbcbcbcbcbcbcbcbcbcbcbcbcbcbcbcbcbcbcbcbcbcbcbcbcbcbcbcbcbcbcbcbcbcbcbcbcbcbcbc'
133	b'bcbcbcbcbcbcbcbcbcbc201857e07e201157e01dbcbcbcbcbcbcbcbcbcbcbcbcbcbcbcbcbcbcbcbcbcbcbcbcbcbcbcbcbcbcbcbcbcbcbcbcbcbcbcbcbcbcbcbc'
134	b'bcbcbcbcbcbcbcbcbcbc201856e0c1201196e0bdbcbcbcbcbcbcbcbcbcbcbcbcbcbcbcbcbcbcbcbcbcbcbcbcbcbcbcbcbcbcbcbcbcbcbcbcbcbcbcbcbcbcbcbc'
135	b'bcbcbcbcbcbcbcbcbcbc201897e0e1201197e063bcbcbcbcbcbcbcbcbcbcbcbcbcbcbcbcbcbcbcbcbcbcbcbcbcbcbcbcbcbcbcbcbcbcbcbcbcbcbcbcbcbcbcbc'
136	b'bcbcbcbcbcbcbcbcbcbc201896e061201116e023bcbcbcbcbcbcbcbcbcbcbcbcbcbcbcbcbcbcbcbcbcbcbcbcbcbcbcbcbcbcbcbcbcbcbcbcbcbcbcbcbcbcbcbc'
137	b'bcbcbcbcbcbcbcbcbcbc201817e0e6201117e0b9bcbcbcbcbcbcbcbcbcbcbcbcbcbcbcbcbcbcbcbcbcbcbcbcbcbcbcbcbcbcbcbcbcbcbcbcbcbcbcbcbcbcbcbc'
138	b'bcbcbcbcbcbcbcbcbcbc201816e0392011e6e0ebbcbcbcbcbcbcbcbcbcbcbcbcbcbcbcbcbcbcbcbcbcbcbcbcbcbcbcbcbcbcbcbcbcbcbcbcbcbcbcbcbcbcbcbc'
139	b'bcbcbcbcbcbcbcbcbcbc201817e0762011e7e015bcbcbcbcbcbcbcbcbcbcbcbcbcbcbcbcbcbcbcbcbcbcbcbcbcbcbcbcbcbcbcbcbcbcbcbcbcbcbcbcbcbcbcbc'
140	b'bcbcbcbcbcbcbcbcbcbc2018e6e07c201166e0eebcbcbcbcbcbcbcbcbcbcbcbcbcbcbcbcbcbcbcbcbcbcbcbcbcbcbcbcbcbcbcbcbcbcbcbcbcbcbcbcbcbcbcbc'
141	b'bcbcbcbcbcbcbcbcbcbc2018e7e0ae201167e0cdbcbcbcbcbcbcbcbcbcbcbcbcbcbcbcbcbcbcbcbcbcbcbcbcbcbcbcbcbcbcbcbcbcbcbcbcbcbcbcbcbcbcbcbc'
142	b'bcbcbcbcbcbcbcbcbcbc201866e05e201166e0adbcbcbcbcbcbcbcbcbcbcbcbcbcbcbcbcbcbcbcbcbcbcbcbcbcbcbcbcbcbcbcbcbcbcbcbcbcbcbcbcbcbcbcbc'
143	b'bcbcbcbcbcbcbcbcbcbc201867e0132011a71080bcbcbcbcbcbcbcbcbcbcbcbcbcbcbcbcbcbcbcbcbcbcbcbcbcbcbcbcbcbcbcbcbcbcbcbcbcbcbcbcbcbcbcbc'
144	b'bcbcbcbcbcbcbcbcbcbc2018a6e09a2011a6e069bcbcbcbcbcbcbcbcbcbcbcbcbcbcbcbcbcbcbcbcbcbcbcbcbcbcbcbcbcbcbcbcbcbcbcbcbcbcbcbcbcbcbcbc'
145	b'bcbcbcbcbcbcbcbcbcbc2018a7e09e201127e0adbcbcbcbcbcbcbcbcbcbcbcbcbcbcbcbcbcbcbcbcbcbcbcbcbcbcbcbcbcbcbcbcbcbcbcbcbcbcbcbcbcbcbcbc'
146	b'bcbcbcbcbcbcbcbcbcbc201826e0332011261010bcbcbcbcbcbcbcbcbcbcbcbcbcbcbcbcbcbcbcbcbcbcbcbcbcbcbcbcbcbcbcbcbcbcbcbcbcbcbcbcbcbcbcbc'
147	b'bcbcbcbcbcbcbcbcbcbc201827e0122011c7e041bcbcbcbcbcbcbcbcbcbcbcbcbcbcbcbcbcbcbcbcbcbcbcbcbcbcbcbcbcbcbcbcbcbcbcbcbcbcbcbcbcbcbcbc'
148	b'bcbcbcbcbcbcbcbcbcbc2018c6e0b92011c6e0abbcbcbcbcbcbcbcbcbcbcbcbcbcbcbcbcbcbcbcbcbcbcbcbcbcbcbcbcbcbcbcbcbcbcbcbcbcbcbcbcbcbcbcbc'
149	b'bcbcbcbcbcbcbcbcbcbc2018c7e0fa201147e0d9bcbcbcbcbcbcbcbcbcbcbcbcbcbcbcbcbcbcbcbcbcbcbcbcbcbcbcbcbcbcbcbcbcbcbcbcbcbcbcbcbcbcbcbc'
150	b'bcbcbcbcbcbcbcbcbcbc2018c6e0bc201146e0debcbcbcbcbcbcbcbcbcbcbcbcbcbcbcbcbcbcbcbcbcbcbcbcbcbcbcbcbcbcbcbcbcbcbcbcbcbcbcbcbcbcbcbc'
151	b'bcbcbcbcbcbcbcbcbcbc201847e076201147e0a5bcbcbcbcbcbcbcbcbcbcbcbcbcbcbcbcbcbcbcbcbcbcbcbcbcbcbcbcbcbcbcbcbcbcbcbcbcbcbcbcbcbcbcbc'
152	b'bcbcbcbcbcbcbcbcbcbc201846e0a3201186e0ffbcbcbcbcbcbcbcbcbcbcbcbcbcbcbcbcbcbcbcbcbcbcbcbcbcbcbcbcbcbcbcbcbcbcbcbcbcbcbcbcbcbcbcbc'
153	b'bcbcbcbcbcbcbcbcbcbc201887e05a201187e069bcbcbcbcbcbcbcbcbcbcbcbcbcbcbcbcbcbcbcbcbcbcbcbcbcbcbcbcbcbcbcbcbcbcbcbcbcbcbcbcbcbcbcbc'
154	b'bcbcbcbcbcbcbcbcbcbc201886e0ee201106e04dbcbcbcbcbcbcbcbcbcbcbcbcbcbcbcbcbcbcbcbcbcbcbcbcbcbcbcbcbcbcbcbcbcbcbcbcbcbcbcbcbcbcbcbc'
155	b'bcbcbcbcbcbcbcbcbcbc201807e096201107e025bcbcbcbcbcbcbcbcbcbcbcbcbcbcbcbcbcbcbcbcbcbcbcbcbcbcbcbcbcbcbcbcbcbcbcbcbcbcbcbcbcbcbcbc'
156	b'bcbcbcbcbcbcbcbcbcbc201806e0de2011fae09dbcbcbcbcbcbcbcbcbcbcbcbcbcbcbcbcbcbcbcbcbcbcbcbcbcbcbcbcbcbcbcbcbcbcbcbcbcbcbcbcbcbcbcbc'
157	b'bcbcbcbcbcbcbcbcbcbc2018fbe0ee2011fbe0cdbcbcbcbcbcbcbcbcbcbcbcbcbcbcbcbcbcbcbcbcbcbcbcbcbcbcbcbcbcbcbcbcbcbcbcbcbcbcbcbcbcbcbcbc'
158	b'bcbcbcbcbcbcbcbcbcbc2018fae09120117ae0c3bcbcbcbcbcbcbcbcbcbcbcbcbcbcbcbcbcbcbcbcbcbcbcbcbcbcbcbcbcbcbcbcbcbcbcbcbcbcbcbcbcbcbcbc'
159	b'bcbcbcbcbcbcbcbcbcbc2018fbe0c620117be005bcbcbcbcbcbcbcbcbcbcbcbcbcbcbcbcbcbcbcbcbcbcbcbcbcbcbcbcbcbcbcbcbcbcbcbcbcbcbcbcbcbcbcbc'
160	b'bcbcbcbcbcbcbcbcbcbc20187ae01e2011bae04dbcbcbcbcbcbcbcbcbcbcbcbcbcbcbcbcbcbcbcbcbcbcbcbcbcbcbcbcbcbcbcbcbcbcbcbcbcbcbcbcbcbcbcbc'
161	b'bcbcbcbcbcbcbcbcbcbc20187be0b92011bbe06bbcbcbcbcbcbcbcbcbcbcbcbcbcbcbcbcbcbcbcbcbcbcbcbcbcbcbcbcbcbcbcbcbcbcbcbcbcbcbcbcbcbcbcbc'
162	b'bcbcbcbcbcbcbcbcbcbc2018bae0d92011bae02bbcbcbcbcbcbcbcbcbcbcbcbcbcbcbcbcbcbcbcbcbcbcbcbcbcbcbcbcbcbcbcbcbcbcbcbcbcbcbcbcbcbcbcbc'
163	b'bcbcbcbcbcbcbcbcbcbc2018bbe00d20113be077bcbcbcbcbcbcbcbcbcbcbcbcbcbcbcbcbcbcbcbcbcbcbcbcbcbcbcbcbcbcbcbcbcbcbcbcbcbcbcbcbcbcbcbc'
164	b'bcbcbcbcbcbcbcbcbcbc20183ae0e520113ae0e7bcbcbcbcbcbcbcbcbcbcbcbcbcbcbcbcbcbcbcbcbcbcbcbcbcbcbcbcbcbcbcbcbcbcbcbcbcbcbcbcbcbcbcbc'
165	b'bcbcbcbcbcbcbcbcbcbc20183be0e62011dbe065bcbcbcbcbcbcbcbcbcbcbcbcbcbcbcbcbcbcbcbcbcbcbcbcbcbcbcbcbcbcbcbcbcbcbcbcbcbcbcbcbcbcbcbc'
166	b'bcbcbcbcbcbcbcbcbcbc2018dae0292011dae0abbcbcbcbcbcbcbcbcbcbcbcbcbcbcbcbcbcbcbcbcbcbcbcbcbcbcbcbcbcbcbcbcbcbcbcbcbcbcbcbcbcbcbcbc'
167	b'bcbcbcbcbcbcbcbcbcbc2018dbe08520115be0ebbcbcbcbcbcbcbcbcbcbcbcbcbcbcbcbcbcbcbcbcbcbcbcbcbcbcbcbcbcbcbcbcbcbcbcbcbcbcbcbcbcbcbcbc'
168	b'bcbcbcbcbcbcbcbcbcbc20185ae06e20115ae0f5bcbcbcbcbcbcbcbcbcbcbcbcbcbcbcbcbcbcbcbcbcbcbcbcbcbcbcbcbcbcbcbcbcbcbcbcbcbcbcbcbcbcbcbc'
169	b'bcbcbcbcbcbcbcbcbcbc20185be09120119be0e3bcbcbcbcbcbcbcbcbcbcbcbcbcbcbcbcbcbcbcbcbcbcbcbcbcbcbcbcbcbcbcbcbcbcbcbcbcbcbcbcbcbcbcbc'
170	b'bcbcbcbcbcbcbcbcbcbc20185ae06b20119a1070bcbcbcbcbcbcbcbcbcbcbcbcbcbcbcbcbcbcbcbcbcbcbcbcbcbcbcbcbcbcbcbcbcbcbcbcbcbcbcbcbcbcbcbc'
171	b'bcbcbcbcbcbcbcbcbcbc20189be0b920119ae0ebbcbcbcbcbcbcbcbcbcbcbcbcbcbcbcbcbcbcbcbcbcbcbcbcbcbcbcbcbcbcbcbcbcbcbcbcbcbcbcbcbcbcbcbc'
172	b'bcbcbcbcbcbcbcbcbcbc20189ae09e20111ae0edbcbcbcbcbcbcbcbcbcbcbcbcbcbcbcbcbcbcbcbcbcbcbcbcbcbcbcbcbcbcbcbcbcbcbcbcbcbcbcbcbcbcbcbc'
173	b'bcbcbcbcbcbcbcbcbcbc20181be05920111be0cbbcbcbcbcbcbcbcbcbcbcbcbcbcbcbcbcbcbcbcbcbcbcbcbcbcbcbcbcbcbcbcbcbcbcbcbcbcbcbcbcbcbcbcbc'
174	b'bcbcbcbcbcbcbcbcbcbc20181ae0562011eae045bcbcbcbcbcbcbcbcbcbcbcbcbcbcbcbcbcbcbcbcbcbcbcbcbcbcbcbcbcbcbcbcbcbcbcbcbcbcbcbcbcbcbcbc'
175	b'bcbcbcbcbcbcbcbcbcbc2018ebe0512011ebe013bcbcbcbcbcbcbcbcbcbcbcbcbcbcbcbcbcbcbcbcbcbcbcbcbcbcbcbcbcbcbcbcbcbcbcbcbcbcbcbcbcbcbcbc'
176	b'bcbcbcbcbcbcbcbcbcbc2018eae06520116ae087bcbcbcbcbcbcbcbcbcbcbcbcbcbcbcbcbcbcbcbcbcbcbcbcbcbcbcbcbcbcbcbcbcbcbcbcbcbcbcbcbcbcbcbc'
177	b'bcbcbcbcbcbcbcbcbcbc20186be02120116be003bcbcbcbcbcbcbcbcbcbcbcbcbcbcbcbcbcbcbcbcbcbcbcbcbcbcbcbcbcbcbcbcbcbcbcbcbcbcbcbcbcbcbcbc'
178	b'bcbcbcbcbcbcbcbcbcbc20186ae0f52011aae097bcbcbcbcbcbcbcbcbcbcbcbcbcbcbcbcbcbcbcbcbcbcbcbcbcbcbcbcbcbcbcbcbcbcbcbcbcbcbcbcbcbcbcbc'
179	b'bcbcbcbcbcbcbcbcbcbc20186be0052011abe01bbcbcbcbcbcbcbcbcbcbcbcbcbcbcbcbcbcbcbcbcbcbcbcbcbcbcbcbcbcbcbcbcbcbcbcbcbcbcbcbcbcbcbcbc'
180	b'bcbcbcbcbcbcbcbcbcbc2018aae02c20112ae076bcbcbcbcbcbcbcbcbcbcbcbcbcbcbcbcbcbcbcbcbcbcbcbcbcbcbcbcbcbcbcbcbcbcbcbcbcbcbcbcbcbcbcbc'
181	b'bcbcbcbcbcbcbcbcbcbc2018abe09d20112be0cfbcbcbcbcbcbcbcbcbcbcbcbcbcbcbcbcbcbcbcbcbcbcbcbcbcbcbcbcbcbcbcbcbcbcbcbcbcbcbcbcbcbcbcbc'
182	b'bcbcbcbcbcbcbcbcbcbc20182ae0de20112ae02dbcbcbcbcbcbcbcbcbcbcbcbcbcbcbcbcbcbcbcbcbcbcbcbcbcbcbcbcbcbcbcbcbcbcbcbcbcbcbcbcbcbcbcbc'
183	b'bcbcbcbcbcbcbcbcbcbc20182be0b22011cbe021bcbcbcbcbcbcbcbcbcbcbcbcbcbcbcbcbcbcbcbcbcbcbcbcbcbcbcbcbcbcbcbcbcbcbcbcbcbcbcbcbcbcbcbc'
184	b'bcbcbcbcbcbcbcbcbcbc2018cae0812011cae05dbcbcbcbcbcbcbcbcbcbcbcbcbcbcbcbcbcbcbcbcbcbcbcbcbcbcbcbcbcbcbcbcbcbcbcbcbcbcbcbcbcbcbcbc'
185	b'bcbcbcbcbcbcbcbcbcbc2018cbe0de20114be01dbcbcbcbcbcbcbcbcbcbcbcbcbcbcbcbcbcbcbcbcbcbcbcbcbcbcbcbcbcbcbcbcbcbcbcbcbcbcbcbcbcbcbcbc'
186	b'bcbcbcbcbcbcbcbcbcbc20184ae06920114ae073bcbcbcbcbcbcbcbcbcbcbcbcbcbcbcbcbcbcbcbcbcbcbcbcbcbcbcbcbcbcbcbcbcbcbcbcbcbcbcbcbcbcbcbc'
187	b'bcbcbcbcbcbcbcbcbcbc20184be0e920118be0f3bcbcbcbcbcbcbcbcbcbcbcbcbcbcbcbcbcbcbcbcbcbcbcbcbcbcbcbcbcbcbcbcbcbcbcbcbcbcbcbcbcbcbcbc'
188	b'bcbcbcbcbcbcbcbcbcbc20184ae0b320118a10d0bcbcbcbcbcbcbcbcbcbcbcbcbcbcbcbcbcbcbcbcbcbcbcbcbcbcbcbcbcbcbcbcbcbcbcbcbcbcbcbcbcbcbcbc'
189	b'bcbcbcbcbcbcbcbcbcbc20188be0c520110be0bbbcbcbcbcbcbcbcbcbcbcbcbcbcbcbcbcbcbcbcbcbcbcbcbcbcbcbcbcbcbcbcbcbcbcbcbcbcbcbcbcbcbcbcbc'
190	b'bcbcbcbcbcbcbcbcbcbc20188ae0bd20110ae06fbcbcbcbcbcbcbcbcbcbcbcbcbcbcbcbcbcbcbcbcbcbcbcbcbcbcbcbcbcbcbcbcbcbcbcbcbcbcbcbcbcbcbcbc'
191	b'bcbcbcbcbcbcbcbcbcbc20180be07620110be015bcbcbcbcbcbcbcbcbcbcbcbcbcbcbcbcbcbcbcbcbcbcbcbcbcbcbcbcbcbcbcbcbcbcbcbcbcbcbcbcbcbcbcbc'
192	b'bcbcbcbcbcbcbcbcbcbc20180ae0c62011f2e059bcbcbcbcbcbcbcbcbcbcbcbcbcbcbcbcbcbcbcbcbcbcbcbcbcbcbcbcbcbcbcbcbcbcbcbcbcbcbcbcbcbcbcbc'
193	b'bcbcbcbcbcbcbcbcbcbc2018f3e09e2011f3e02dbcbcbcbcbcbcbcbcbcbcbcbcbcbcbcbcbcbcbcbcbcbcbcbcbcbcbcbcbcbcbcbcbcbcbcbcbcbcbcbcbcbcbcbc'
